[19.797s] Invoking command in 'C:\Users\SSAFY\Desktop\ros2_ws\src\c208_package': PYTHONPATH=C:\Users\SSAFY\Desktop\ros2_ws\build\c208_package\prefix_override;c:\python37\lib\site-packages\colcon_core\task\python\colcon_distutils_commands;C:\Users\SSAFY\Desktop\ros2_ws\install\c208_package\Lib\site-packages;%PYTHONPATH% installDir=%installDir%
IntelliJ IDEA=C:\Program Files\JetBrains\IntelliJ IDEA 2024.1.4\bin; c:\python37\python.exe -W ignore:setup.py install is deprecated setup.py egg_info --egg-base ..\..\build\c208_package build --build-base C:\Users\SSAFY\Desktop\ros2_ws\build\c208_package\build install --record C:\Users\SSAFY\Desktop\ros2_ws\build\c208_package\install.log --install-scripts $base/lib/c208_package --single-version-externally-managed install_data
[23.562s] running egg_info
[23.562s] writing ..\..\build\c208_package\c208_package.egg-info\PKG-INFO
[23.578s] writing dependency_links to ..\..\build\c208_package\c208_package.egg-info\dependency_links.txt
[23.578s] writing entry points to ..\..\build\c208_package\c208_package.egg-info\entry_points.txt
[23.578s] writing requirements to ..\..\build\c208_package\c208_package.egg-info\requires.txt
[23.578s] writing top-level names to ..\..\build\c208_package\c208_package.egg-info\top_level.txt
[23.781s] reading manifest file '..\..\build\c208_package\c208_package.egg-info\SOURCES.txt'
[23.812s] writing manifest file '..\..\build\c208_package\c208_package.egg-info\SOURCES.txt'
[23.812s] running build
[23.812s] running build_py
[23.828s] running install
[23.828s] running install_lib
[23.844s] running install_data
[23.859s] running install_egg_info
[23.890s] removing 'C:\Users\SSAFY\Desktop\ros2_ws\install\c208_package\Lib\site-packages\c208_package-0.0.0-py3.7.egg-info' (and everything under it)
[23.906s] Copying ..\..\build\c208_package\c208_package.egg-info to C:\Users\SSAFY\Desktop\ros2_ws\install\c208_package\Lib\site-packages\c208_package-0.0.0-py3.7.egg-info
[24.015s] running install_scripts
[24.172s] Installing c208_node-script.py script to C:\Users\SSAFY\Desktop\ros2_ws\install\c208_package\lib\c208_package
[24.172s] Installing c208_node.exe script to C:\Users\SSAFY\Desktop\ros2_ws\install\c208_package\lib\c208_package
[24.187s] writing list of installed files to 'C:\Users\SSAFY\Desktop\ros2_ws\build\c208_package\install.log'
[24.469s] Invoked command in 'C:\Users\SSAFY\Desktop\ros2_ws\src\c208_package' returned '0': PYTHONPATH=C:\Users\SSAFY\Desktop\ros2_ws\build\c208_package\prefix_override;c:\python37\lib\site-packages\colcon_core\task\python\colcon_distutils_commands;C:\Users\SSAFY\Desktop\ros2_ws\install\c208_package\Lib\site-packages;%PYTHONPATH% installDir=%installDir%
IntelliJ IDEA=C:\Program Files\JetBrains\IntelliJ IDEA 2024.1.4\bin; c:\python37\python.exe -W ignore:setup.py install is deprecated setup.py egg_info --egg-base ..\..\build\c208_package build --build-base C:\Users\SSAFY\Desktop\ros2_ws\build\c208_package\build install --record C:\Users\SSAFY\Desktop\ros2_ws\build\c208_package\install.log --install-scripts $base/lib/c208_package --single-version-externally-managed install_data
