[4.891s] Invoking command in 'C:\Users\SSAFY\Desktop\ros2_ws\src\c208_package': PYTHONPATH=C:\Users\SSAFY\Desktop\ros2_ws\build\c208_package\prefix_override;c:\python37\lib\site-packages\colcon_core\task\python\colcon_distutils_commands;C:\Users\SSAFY\Desktop\ros2_ws\install\c208_package\Lib\site-packages;%PYTHONPATH% installDir=%installDir%
IntelliJ IDEA=C:\Program Files\JetBrains\IntelliJ IDEA 2024.1.4\bin; c:\python37\python.exe -W ignore:setup.py install is deprecated setup.py egg_info --egg-base ..\..\build\c208_package build --build-base C:\Users\SSAFY\Desktop\ros2_ws\build\c208_package\build install --record C:\Users\SSAFY\Desktop\ros2_ws\build\c208_package\install.log --install-scripts $base/lib/c208_package --single-version-externally-managed install_data
[6.594s] running egg_info
[6.594s] writing ..\..\build\c208_package\c208_package.egg-info\PKG-INFO
[6.594s] writing dependency_links to ..\..\build\c208_package\c208_package.egg-info\dependency_links.txt
[6.594s] writing entry points to ..\..\build\c208_package\c208_package.egg-info\entry_points.txt
[6.610s] writing requirements to ..\..\build\c208_package\c208_package.egg-info\requires.txt
[6.610s] writing top-level names to ..\..\build\c208_package\c208_package.egg-info\top_level.txt
[6.688s] reading manifest file '..\..\build\c208_package\c208_package.egg-info\SOURCES.txt'
[6.719s] writing manifest file '..\..\build\c208_package\c208_package.egg-info\SOURCES.txt'
[6.719s] running build
[6.719s] running build_py
[6.719s] running install
[6.719s] running install_lib
[6.735s] running install_data
[6.735s] running install_egg_info
[6.750s] removing 'C:\Users\SSAFY\Desktop\ros2_ws\install\c208_package\Lib\site-packages\c208_package-0.0.0-py3.7.egg-info' (and everything under it)
[6.750s] Copying ..\..\build\c208_package\c208_package.egg-info to C:\Users\SSAFY\Desktop\ros2_ws\install\c208_package\Lib\site-packages\c208_package-0.0.0-py3.7.egg-info
[6.813s] running install_scripts
[6.891s] Installing c208_node-script.py script to C:\Users\SSAFY\Desktop\ros2_ws\install\c208_package\lib\c208_package
[6.907s] Installing c208_node.exe script to C:\Users\SSAFY\Desktop\ros2_ws\install\c208_package\lib\c208_package
[6.907s] writing list of installed files to 'C:\Users\SSAFY\Desktop\ros2_ws\build\c208_package\install.log'
[6.969s] Invoked command in 'C:\Users\SSAFY\Desktop\ros2_ws\src\c208_package' returned '0': PYTHONPATH=C:\Users\SSAFY\Desktop\ros2_ws\build\c208_package\prefix_override;c:\python37\lib\site-packages\colcon_core\task\python\colcon_distutils_commands;C:\Users\SSAFY\Desktop\ros2_ws\install\c208_package\Lib\site-packages;%PYTHONPATH% installDir=%installDir%
IntelliJ IDEA=C:\Program Files\JetBrains\IntelliJ IDEA 2024.1.4\bin; c:\python37\python.exe -W ignore:setup.py install is deprecated setup.py egg_info --egg-base ..\..\build\c208_package build --build-base C:\Users\SSAFY\Desktop\ros2_ws\build\c208_package\build install --record C:\Users\SSAFY\Desktop\ros2_ws\build\c208_package\install.log --install-scripts $base/lib/c208_package --single-version-externally-managed install_data
