[3.047s] Invoking command in 'C:\Users\SSAFY\Desktop\ros2_ws\src\ssafy_bridge': PYTHONPATH=C:\Users\SSAFY\Desktop\ros2_ws\build\ssafy_bridge\prefix_override;c:\python37\lib\site-packages\colcon_core\task\python\colcon_distutils_commands;C:\Users\SSAFY\Desktop\ros2_ws\install\ssafy_bridge\Lib\site-packages;%PYTHONPATH% installDir=%installDir%
IntelliJ IDEA=C:\Program Files\JetBrains\IntelliJ IDEA 2024.1.4\bin; c:\python37\python.exe -W ignore:setup.py install is deprecated setup.py egg_info --egg-base ..\..\build\ssafy_bridge build --build-base C:\Users\SSAFY\Desktop\ros2_ws\build\ssafy_bridge\build install --record C:\Users\SSAFY\Desktop\ros2_ws\build\ssafy_bridge\install.log --install-scripts $base/lib/ssafy_bridge --single-version-externally-managed install_data
[3.453s] running egg_info
[3.453s] creating ..\..\build\ssafy_bridge\ssafy_bridge.egg-info
[3.453s] writing ..\..\build\ssafy_bridge\ssafy_bridge.egg-info\PKG-INFO
[3.453s] writing dependency_links to ..\..\build\ssafy_bridge\ssafy_bridge.egg-info\dependency_links.txt
[3.453s] writing entry points to ..\..\build\ssafy_bridge\ssafy_bridge.egg-info\entry_points.txt
[3.453s] writing requirements to ..\..\build\ssafy_bridge\ssafy_bridge.egg-info\requires.txt
[3.453s] writing top-level names to ..\..\build\ssafy_bridge\ssafy_bridge.egg-info\top_level.txt
[3.453s] writing manifest file '..\..\build\ssafy_bridge\ssafy_bridge.egg-info\SOURCES.txt'
[3.484s] reading manifest file '..\..\build\ssafy_bridge\ssafy_bridge.egg-info\SOURCES.txt'
[3.484s] writing manifest file '..\..\build\ssafy_bridge\ssafy_bridge.egg-info\SOURCES.txt'
[3.484s] running build
[3.484s] running build_py
[3.484s] creating C:\Users\SSAFY\Desktop\ros2_ws\build\ssafy_bridge\build
[3.484s] creating C:\Users\SSAFY\Desktop\ros2_ws\build\ssafy_bridge\build\lib
[3.484s] creating C:\Users\SSAFY\Desktop\ros2_ws\build\ssafy_bridge\build\lib\ssafy_bridge
[3.484s] copying ssafy_bridge\cam_viewer.py -> C:\Users\SSAFY\Desktop\ros2_ws\build\ssafy_bridge\build\lib\ssafy_bridge
[3.484s] copying ssafy_bridge\ssafy_udp_parser.py -> C:\Users\SSAFY\Desktop\ros2_ws\build\ssafy_bridge\build\lib\ssafy_bridge
[3.484s] copying ssafy_bridge\sub_to_udp.py -> C:\Users\SSAFY\Desktop\ros2_ws\build\ssafy_bridge\build\lib\ssafy_bridge
[3.484s] copying ssafy_bridge\udp_to_cam.py -> C:\Users\SSAFY\Desktop\ros2_ws\build\ssafy_bridge\build\lib\ssafy_bridge
[3.484s] copying ssafy_bridge\udp_to_laser.py -> C:\Users\SSAFY\Desktop\ros2_ws\build\ssafy_bridge\build\lib\ssafy_bridge
[3.500s] copying ssafy_bridge\udp_to_pub.py -> C:\Users\SSAFY\Desktop\ros2_ws\build\ssafy_bridge\build\lib\ssafy_bridge
[3.500s] copying ssafy_bridge\utils.py -> C:\Users\SSAFY\Desktop\ros2_ws\build\ssafy_bridge\build\lib\ssafy_bridge
[3.500s] copying ssafy_bridge\__init__.py -> C:\Users\SSAFY\Desktop\ros2_ws\build\ssafy_bridge\build\lib\ssafy_bridge
[3.500s] running install
[3.500s] running install_lib
[3.500s] creating C:\Users\SSAFY\Desktop\ros2_ws\install\ssafy_bridge\Lib\site-packages\ssafy_bridge
[3.500s] copying C:\Users\SSAFY\Desktop\ros2_ws\build\ssafy_bridge\build\lib\ssafy_bridge\cam_viewer.py -> C:\Users\SSAFY\Desktop\ros2_ws\install\ssafy_bridge\Lib\site-packages\ssafy_bridge
[3.500s] copying C:\Users\SSAFY\Desktop\ros2_ws\build\ssafy_bridge\build\lib\ssafy_bridge\ssafy_udp_parser.py -> C:\Users\SSAFY\Desktop\ros2_ws\install\ssafy_bridge\Lib\site-packages\ssafy_bridge
[3.500s] copying C:\Users\SSAFY\Desktop\ros2_ws\build\ssafy_bridge\build\lib\ssafy_bridge\sub_to_udp.py -> C:\Users\SSAFY\Desktop\ros2_ws\install\ssafy_bridge\Lib\site-packages\ssafy_bridge
[3.500s] copying C:\Users\SSAFY\Desktop\ros2_ws\build\ssafy_bridge\build\lib\ssafy_bridge\udp_to_cam.py -> C:\Users\SSAFY\Desktop\ros2_ws\install\ssafy_bridge\Lib\site-packages\ssafy_bridge
[3.515s] copying C:\Users\SSAFY\Desktop\ros2_ws\build\ssafy_bridge\build\lib\ssafy_bridge\udp_to_laser.py -> C:\Users\SSAFY\Desktop\ros2_ws\install\ssafy_bridge\Lib\site-packages\ssafy_bridge
[3.515s] copying C:\Users\SSAFY\Desktop\ros2_ws\build\ssafy_bridge\build\lib\ssafy_bridge\udp_to_pub.py -> C:\Users\SSAFY\Desktop\ros2_ws\install\ssafy_bridge\Lib\site-packages\ssafy_bridge
[3.515s] copying C:\Users\SSAFY\Desktop\ros2_ws\build\ssafy_bridge\build\lib\ssafy_bridge\utils.py -> C:\Users\SSAFY\Desktop\ros2_ws\install\ssafy_bridge\Lib\site-packages\ssafy_bridge
[3.515s] copying C:\Users\SSAFY\Desktop\ros2_ws\build\ssafy_bridge\build\lib\ssafy_bridge\__init__.py -> C:\Users\SSAFY\Desktop\ros2_ws\install\ssafy_bridge\Lib\site-packages\ssafy_bridge
[3.515s] byte-compiling C:\Users\SSAFY\Desktop\ros2_ws\install\ssafy_bridge\Lib\site-packages\ssafy_bridge\cam_viewer.py to cam_viewer.cpython-37.pyc
[3.515s] byte-compiling C:\Users\SSAFY\Desktop\ros2_ws\install\ssafy_bridge\Lib\site-packages\ssafy_bridge\ssafy_udp_parser.py to ssafy_udp_parser.cpython-37.pyc
[3.531s] byte-compiling C:\Users\SSAFY\Desktop\ros2_ws\install\ssafy_bridge\Lib\site-packages\ssafy_bridge\sub_to_udp.py to sub_to_udp.cpython-37.pyc
[3.531s] byte-compiling C:\Users\SSAFY\Desktop\ros2_ws\install\ssafy_bridge\Lib\site-packages\ssafy_bridge\udp_to_cam.py to udp_to_cam.cpython-37.pyc
[3.531s] byte-compiling C:\Users\SSAFY\Desktop\ros2_ws\install\ssafy_bridge\Lib\site-packages\ssafy_bridge\udp_to_laser.py to udp_to_laser.cpython-37.pyc
[3.547s] byte-compiling C:\Users\SSAFY\Desktop\ros2_ws\install\ssafy_bridge\Lib\site-packages\ssafy_bridge\udp_to_pub.py to udp_to_pub.cpython-37.pyc
[3.547s] byte-compiling C:\Users\SSAFY\Desktop\ros2_ws\install\ssafy_bridge\Lib\site-packages\ssafy_bridge\utils.py to utils.cpython-37.pyc
[3.547s] byte-compiling C:\Users\SSAFY\Desktop\ros2_ws\install\ssafy_bridge\Lib\site-packages\ssafy_bridge\__init__.py to __init__.cpython-37.pyc
[3.547s] running install_data
[3.547s] creating C:\Users\SSAFY\Desktop\ros2_ws\install\ssafy_bridge\share\ament_index
[3.547s] creating C:\Users\SSAFY\Desktop\ros2_ws\install\ssafy_bridge\share\ament_index\resource_index
[3.547s] creating C:\Users\SSAFY\Desktop\ros2_ws\install\ssafy_bridge\share\ament_index\resource_index\packages
[3.547s] copying resource\ssafy_bridge -> C:\Users\SSAFY\Desktop\ros2_ws\install\ssafy_bridge\share\ament_index\resource_index\packages
[3.547s] copying package.xml -> C:\Users\SSAFY\Desktop\ros2_ws\install\ssafy_bridge\share\ssafy_bridge
[3.547s] running install_egg_info
[3.547s] Copying ..\..\build\ssafy_bridge\ssafy_bridge.egg-info to C:\Users\SSAFY\Desktop\ros2_ws\install\ssafy_bridge\Lib\site-packages\ssafy_bridge-0.0.0-py3.7.egg-info
[3.562s] running install_scripts
[3.578s] Installing cam_viewer-script.py script to C:\Users\SSAFY\Desktop\ros2_ws\install\ssafy_bridge\lib\ssafy_bridge
[3.578s] Installing cam_viewer.exe script to C:\Users\SSAFY\Desktop\ros2_ws\install\ssafy_bridge\lib\ssafy_bridge
[3.578s] Installing sub_to_udp-script.py script to C:\Users\SSAFY\Desktop\ros2_ws\install\ssafy_bridge\lib\ssafy_bridge
[3.578s] Installing sub_to_udp.exe script to C:\Users\SSAFY\Desktop\ros2_ws\install\ssafy_bridge\lib\ssafy_bridge
[3.594s] Installing udp_to_cam-script.py script to C:\Users\SSAFY\Desktop\ros2_ws\install\ssafy_bridge\lib\ssafy_bridge
[3.609s] Installing udp_to_cam.exe script to C:\Users\SSAFY\Desktop\ros2_ws\install\ssafy_bridge\lib\ssafy_bridge
[3.609s] Installing udp_to_laser-script.py script to C:\Users\SSAFY\Desktop\ros2_ws\install\ssafy_bridge\lib\ssafy_bridge
[3.609s] Installing udp_to_laser.exe script to C:\Users\SSAFY\Desktop\ros2_ws\install\ssafy_bridge\lib\ssafy_bridge
[3.609s] Installing udp_to_pub-script.py script to C:\Users\SSAFY\Desktop\ros2_ws\install\ssafy_bridge\lib\ssafy_bridge
[3.609s] Installing udp_to_pub.exe script to C:\Users\SSAFY\Desktop\ros2_ws\install\ssafy_bridge\lib\ssafy_bridge
[3.609s] writing list of installed files to 'C:\Users\SSAFY\Desktop\ros2_ws\build\ssafy_bridge\install.log'
[3.609s] Invoked command in 'C:\Users\SSAFY\Desktop\ros2_ws\src\ssafy_bridge' returned '0': PYTHONPATH=C:\Users\SSAFY\Desktop\ros2_ws\build\ssafy_bridge\prefix_override;c:\python37\lib\site-packages\colcon_core\task\python\colcon_distutils_commands;C:\Users\SSAFY\Desktop\ros2_ws\install\ssafy_bridge\Lib\site-packages;%PYTHONPATH% installDir=%installDir%
IntelliJ IDEA=C:\Program Files\JetBrains\IntelliJ IDEA 2024.1.4\bin; c:\python37\python.exe -W ignore:setup.py install is deprecated setup.py egg_info --egg-base ..\..\build\ssafy_bridge build --build-base C:\Users\SSAFY\Desktop\ros2_ws\build\ssafy_bridge\build install --record C:\Users\SSAFY\Desktop\ros2_ws\build\ssafy_bridge\install.log --install-scripts $base/lib/ssafy_bridge --single-version-externally-managed install_data
