[8.016s] Invoking command in 'C:\Users\SSAFY\Desktop\ros2_ws\src\ssafy_bridge': INCLUDE=%INCLUDE%
IntelliJ IDEA=C:\Program Files\JetBrains\IntelliJ IDEA 2024.1.4\bin; PYTHONPATH=C:\Users\SSAFY\Desktop\ros2_ws\build\ssafy_bridge\prefix_override;c:\python37\lib\site-packages\colcon_core\task\python\colcon_distutils_commands;C:\Users\SSAFY\Desktop\ros2_ws\install\ssafy_bridge\Lib\site-packages; c:\python37\python.exe -W ignore:setup.py install is deprecated setup.py egg_info --egg-base ..\..\build\ssafy_bridge build --build-base C:\Users\SSAFY\Desktop\ros2_ws\build\ssafy_bridge\build install --record C:\Users\SSAFY\Desktop\ros2_ws\build\ssafy_bridge\install.log --install-scripts $base/lib/ssafy_bridge --single-version-externally-managed install_data
[9.828s] running egg_info
[9.828s] writing ..\..\build\ssafy_bridge\ssafy_bridge.egg-info\PKG-INFO
[9.844s] writing dependency_links to ..\..\build\ssafy_bridge\ssafy_bridge.egg-info\dependency_links.txt
[9.844s] writing entry points to ..\..\build\ssafy_bridge\ssafy_bridge.egg-info\entry_points.txt
[9.844s] writing requirements to ..\..\build\ssafy_bridge\ssafy_bridge.egg-info\requires.txt
[9.844s] writing top-level names to ..\..\build\ssafy_bridge\ssafy_bridge.egg-info\top_level.txt
[10.031s] reading manifest file '..\..\build\ssafy_bridge\ssafy_bridge.egg-info\SOURCES.txt'
[10.063s] writing manifest file '..\..\build\ssafy_bridge\ssafy_bridge.egg-info\SOURCES.txt'
[10.063s] running build
[10.063s] running build_py
[10.078s] running install
[10.078s] running install_lib
[10.141s] running install_data
[10.141s] running install_egg_info
[10.172s] removing 'C:\Users\SSAFY\Desktop\ros2_ws\install\ssafy_bridge\Lib\site-packages\ssafy_bridge-0.0.0-py3.7.egg-info' (and everything under it)
[10.313s] Copying ..\..\build\ssafy_bridge\ssafy_bridge.egg-info to C:\Users\SSAFY\Desktop\ros2_ws\install\ssafy_bridge\Lib\site-packages\ssafy_bridge-0.0.0-py3.7.egg-info
[10.313s] running install_scripts
[10.469s] Installing cam_viewer-script.py script to C:\Users\SSAFY\Desktop\ros2_ws\install\ssafy_bridge\lib\ssafy_bridge
[10.469s] Installing cam_viewer.exe script to C:\Users\SSAFY\Desktop\ros2_ws\install\ssafy_bridge\lib\ssafy_bridge
[10.469s] Installing sub_to_udp-script.py script to C:\Users\SSAFY\Desktop\ros2_ws\install\ssafy_bridge\lib\ssafy_bridge
[10.485s] Installing sub_to_udp.exe script to C:\Users\SSAFY\Desktop\ros2_ws\install\ssafy_bridge\lib\ssafy_bridge
[10.485s] Installing udp_to_cam-script.py script to C:\Users\SSAFY\Desktop\ros2_ws\install\ssafy_bridge\lib\ssafy_bridge
[10.485s] Installing udp_to_cam.exe script to C:\Users\SSAFY\Desktop\ros2_ws\install\ssafy_bridge\lib\ssafy_bridge
[10.485s] Installing udp_to_laser-script.py script to C:\Users\SSAFY\Desktop\ros2_ws\install\ssafy_bridge\lib\ssafy_bridge
[10.485s] Installing udp_to_laser.exe script to C:\Users\SSAFY\Desktop\ros2_ws\install\ssafy_bridge\lib\ssafy_bridge
[10.500s] Installing udp_to_pub-script.py script to C:\Users\SSAFY\Desktop\ros2_ws\install\ssafy_bridge\lib\ssafy_bridge
[10.500s] Installing udp_to_pub.exe script to C:\Users\SSAFY\Desktop\ros2_ws\install\ssafy_bridge\lib\ssafy_bridge
[10.500s] writing list of installed files to 'C:\Users\SSAFY\Desktop\ros2_ws\build\ssafy_bridge\install.log'
[10.672s] Invoked command in 'C:\Users\SSAFY\Desktop\ros2_ws\src\ssafy_bridge' returned '0': INCLUDE=%INCLUDE%
IntelliJ IDEA=C:\Program Files\JetBrains\IntelliJ IDEA 2024.1.4\bin; PYTHONPATH=C:\Users\SSAFY\Desktop\ros2_ws\build\ssafy_bridge\prefix_override;c:\python37\lib\site-packages\colcon_core\task\python\colcon_distutils_commands;C:\Users\SSAFY\Desktop\ros2_ws\install\ssafy_bridge\Lib\site-packages; c:\python37\python.exe -W ignore:setup.py install is deprecated setup.py egg_info --egg-base ..\..\build\ssafy_bridge build --build-base C:\Users\SSAFY\Desktop\ros2_ws\build\ssafy_bridge\build install --record C:\Users\SSAFY\Desktop\ros2_ws\build\ssafy_bridge\install.log --install-scripts $base/lib/ssafy_bridge --single-version-externally-managed install_data
