[14.734s] Invoking command in 'C:\Users\SSAFY\Desktop\ros2_ws\src\c208_package': INCLUDE=%INCLUDE%
IntelliJ IDEA=C:\Program Files\JetBrains\IntelliJ IDEA 2024.1.4\bin; PYTHONPATH=C:\Users\SSAFY\Desktop\ros2_ws\build\c208_package\prefix_override;c:\python37\lib\site-packages\colcon_core\task\python\colcon_distutils_commands;C:\Users\SSAFY\Desktop\ros2_ws\install\c208_package\Lib\site-packages; c:\python37\python.exe -W ignore:setup.py install is deprecated setup.py egg_info --egg-base ..\..\build\c208_package build --build-base C:\Users\SSAFY\Desktop\ros2_ws\build\c208_package\build install --record C:\Users\SSAFY\Desktop\ros2_ws\build\c208_package\install.log --install-scripts $base/lib/c208_package --single-version-externally-managed install_data
[18.047s] running egg_info
[18.063s] writing ..\..\build\c208_package\c208_package.egg-info\PKG-INFO
[18.063s] writing dependency_links to ..\..\build\c208_package\c208_package.egg-info\dependency_links.txt
[18.063s] writing entry points to ..\..\build\c208_package\c208_package.egg-info\entry_points.txt
[18.063s] writing requirements to ..\..\build\c208_package\c208_package.egg-info\requires.txt
[18.063s] writing top-level names to ..\..\build\c208_package\c208_package.egg-info\top_level.txt
[18.297s] reading manifest file '..\..\build\c208_package\c208_package.egg-info\SOURCES.txt'
[18.359s] writing manifest file '..\..\build\c208_package\c208_package.egg-info\SOURCES.txt'
[18.359s] running build
[18.359s] running build_py
[18.359s] running install
[18.359s] running install_lib
[18.484s] running install_data
[18.500s] running install_egg_info
[18.500s] removing 'C:\Users\SSAFY\Desktop\ros2_ws\install\c208_package\Lib\site-packages\c208_package-0.0.0-py3.7.egg-info' (and everything under it)
[18.516s] Copying ..\..\build\c208_package\c208_package.egg-info to C:\Users\SSAFY\Desktop\ros2_ws\install\c208_package\Lib\site-packages\c208_package-0.0.0-py3.7.egg-info
[18.859s] running install_scripts
[19.047s] Installing c208_node-script.py script to C:\Users\SSAFY\Desktop\ros2_ws\install\c208_package\lib\c208_package
[19.063s] Installing c208_node.exe script to C:\Users\SSAFY\Desktop\ros2_ws\install\c208_package\lib\c208_package
[19.063s] writing list of installed files to 'C:\Users\SSAFY\Desktop\ros2_ws\build\c208_package\install.log'
[19.219s] Invoked command in 'C:\Users\SSAFY\Desktop\ros2_ws\src\c208_package' returned '0': INCLUDE=%INCLUDE%
IntelliJ IDEA=C:\Program Files\JetBrains\IntelliJ IDEA 2024.1.4\bin; PYTHONPATH=C:\Users\SSAFY\Desktop\ros2_ws\build\c208_package\prefix_override;c:\python37\lib\site-packages\colcon_core\task\python\colcon_distutils_commands;C:\Users\SSAFY\Desktop\ros2_ws\install\c208_package\Lib\site-packages; c:\python37\python.exe -W ignore:setup.py install is deprecated setup.py egg_info --egg-base ..\..\build\c208_package build --build-base C:\Users\SSAFY\Desktop\ros2_ws\build\c208_package\build install --record C:\Users\SSAFY\Desktop\ros2_ws\build\c208_package\install.log --install-scripts $base/lib/c208_package --single-version-externally-managed install_data
