[29.625s] Invoking command in 'C:\Users\SSAFY\Desktop\ros2_ws\src\security_service': PYTHONPATH=C:\Users\SSAFY\Desktop\ros2_ws\build\security_service\prefix_override;c:\python37\lib\site-packages\colcon_core\task\python\colcon_distutils_commands;C:\Users\SSAFY\Desktop\ros2_ws\install\security_service\Lib\site-packages;%PYTHONPATH% installDir=%installDir%
IntelliJ IDEA=C:\Program Files\JetBrains\IntelliJ IDEA 2024.1.4\bin; c:\python37\python.exe -W ignore:setup.py install is deprecated setup.py egg_info --egg-base ..\..\build\security_service build --build-base C:\Users\SSAFY\Desktop\ros2_ws\build\security_service\build install --record C:\Users\SSAFY\Desktop\ros2_ws\build\security_service\install.log --install-scripts $base/lib/security_service --single-version-externally-managed install_data
[33.750s] running egg_info
[33.750s] writing ..\..\build\security_service\security_service.egg-info\PKG-INFO
[33.750s] writing dependency_links to ..\..\build\security_service\security_service.egg-info\dependency_links.txt
[33.750s] writing entry points to ..\..\build\security_service\security_service.egg-info\entry_points.txt
[33.750s] writing requirements to ..\..\build\security_service\security_service.egg-info\requires.txt
[33.750s] writing top-level names to ..\..\build\security_service\security_service.egg-info\top_level.txt
[33.750s] reading manifest file '..\..\build\security_service\security_service.egg-info\SOURCES.txt'
[33.750s] writing manifest file '..\..\build\security_service\security_service.egg-info\SOURCES.txt'
[33.766s] running build
[33.766s] running build_py
[33.766s] running install
[33.766s] running install_lib
[33.781s] running install_data
[33.781s] running install_egg_info
[33.828s] removing 'C:\Users\SSAFY\Desktop\ros2_ws\install\security_service\Lib\site-packages\security_service-0.0.0-py3.7.egg-info' (and everything under it)
[33.828s] Copying ..\..\build\security_service\security_service.egg-info to C:\Users\SSAFY\Desktop\ros2_ws\install\security_service\Lib\site-packages\security_service-0.0.0-py3.7.egg-info
[33.938s] running install_scripts
[34.109s] Installing intruder_detector_client-script.py script to C:\Users\SSAFY\Desktop\ros2_ws\install\security_service\lib\security_service
[34.109s] Installing intruder_detector_client.exe script to C:\Users\SSAFY\Desktop\ros2_ws\install\security_service\lib\security_service
[34.125s] Installing make_path-script.py script to C:\Users\SSAFY\Desktop\ros2_ws\install\security_service\lib\security_service
[34.125s] Installing make_path.exe script to C:\Users\SSAFY\Desktop\ros2_ws\install\security_service\lib\security_service
[34.125s] Installing odom-script.py script to C:\Users\SSAFY\Desktop\ros2_ws\install\security_service\lib\security_service
[34.141s] Installing odom.exe script to C:\Users\SSAFY\Desktop\ros2_ws\install\security_service\lib\security_service
[34.141s] Installing path_pub-script.py script to C:\Users\SSAFY\Desktop\ros2_ws\install\security_service\lib\security_service
[34.141s] Installing path_pub.exe script to C:\Users\SSAFY\Desktop\ros2_ws\install\security_service\lib\security_service
[34.141s] Installing path_tracking-script.py script to C:\Users\SSAFY\Desktop\ros2_ws\install\security_service\lib\security_service
[34.156s] Installing path_tracking.exe script to C:\Users\SSAFY\Desktop\ros2_ws\install\security_service\lib\security_service
[34.156s] Installing patrol_client-script.py script to C:\Users\SSAFY\Desktop\ros2_ws\install\security_service\lib\security_service
[34.156s] Installing patrol_client.exe script to C:\Users\SSAFY\Desktop\ros2_ws\install\security_service\lib\security_service
[34.172s] writing list of installed files to 'C:\Users\SSAFY\Desktop\ros2_ws\build\security_service\install.log'
[37.563s] Invoked command in 'C:\Users\SSAFY\Desktop\ros2_ws\src\security_service' returned '0': PYTHONPATH=C:\Users\SSAFY\Desktop\ros2_ws\build\security_service\prefix_override;c:\python37\lib\site-packages\colcon_core\task\python\colcon_distutils_commands;C:\Users\SSAFY\Desktop\ros2_ws\install\security_service\Lib\site-packages;%PYTHONPATH% installDir=%installDir%
IntelliJ IDEA=C:\Program Files\JetBrains\IntelliJ IDEA 2024.1.4\bin; c:\python37\python.exe -W ignore:setup.py install is deprecated setup.py egg_info --egg-base ..\..\build\security_service build --build-base C:\Users\SSAFY\Desktop\ros2_ws\build\security_service\build install --record C:\Users\SSAFY\Desktop\ros2_ws\build\security_service\install.log --install-scripts $base/lib/security_service --single-version-externally-managed install_data
