[6.421s] Invoking command in 'C:\Users\SSAFY\Desktop\ros2_ws\src\c208_package': INCLUDE=%INCLUDE%
IntelliJ IDEA=C:\Program Files\JetBrains\IntelliJ IDEA 2024.1.4\bin; PYTHONPATH=C:\Users\SSAFY\Desktop\ros2_ws\build\c208_package\prefix_override;c:\python37\lib\site-packages\colcon_core\task\python\colcon_distutils_commands;C:\Users\SSAFY\Desktop\ros2_ws\install\c208_package\Lib\site-packages; c:\python37\python.exe -W ignore:setup.py install is deprecated setup.py egg_info --egg-base ..\..\build\c208_package build --build-base C:\Users\SSAFY\Desktop\ros2_ws\build\c208_package\build install --record C:\Users\SSAFY\Desktop\ros2_ws\build\c208_package\install.log --install-scripts $base/lib/c208_package --single-version-externally-managed install_data
[8.640s] running egg_info
[8.656s] writing ..\..\build\c208_package\c208_package.egg-info\PKG-INFO
[8.656s] writing dependency_links to ..\..\build\c208_package\c208_package.egg-info\dependency_links.txt
[8.656s] writing entry points to ..\..\build\c208_package\c208_package.egg-info\entry_points.txt
[8.656s] writing requirements to ..\..\build\c208_package\c208_package.egg-info\requires.txt
[8.656s] writing top-level names to ..\..\build\c208_package\c208_package.egg-info\top_level.txt
[8.828s] reading manifest file '..\..\build\c208_package\c208_package.egg-info\SOURCES.txt'
[8.859s] writing manifest file '..\..\build\c208_package\c208_package.egg-info\SOURCES.txt'
[8.859s] running build
[8.859s] running build_py
[8.859s] running install
[8.859s] running install_lib
[8.890s] running install_data
[8.890s] running install_egg_info
[8.921s] removing 'C:\Users\SSAFY\Desktop\ros2_ws\install\c208_package\Lib\site-packages\c208_package-0.0.0-py3.7.egg-info' (and everything under it)
[8.937s] Copying ..\..\build\c208_package\c208_package.egg-info to C:\Users\SSAFY\Desktop\ros2_ws\install\c208_package\Lib\site-packages\c208_package-0.0.0-py3.7.egg-info
[9.046s] running install_scripts
[9.250s] Installing c208_node-script.py script to C:\Users\SSAFY\Desktop\ros2_ws\install\c208_package\lib\c208_package
[9.250s] Installing c208_node.exe script to C:\Users\SSAFY\Desktop\ros2_ws\install\c208_package\lib\c208_package
[9.250s] writing list of installed files to 'C:\Users\SSAFY\Desktop\ros2_ws\build\c208_package\install.log'
[9.421s] Invoked command in 'C:\Users\SSAFY\Desktop\ros2_ws\src\c208_package' returned '0': INCLUDE=%INCLUDE%
IntelliJ IDEA=C:\Program Files\JetBrains\IntelliJ IDEA 2024.1.4\bin; PYTHONPATH=C:\Users\SSAFY\Desktop\ros2_ws\build\c208_package\prefix_override;c:\python37\lib\site-packages\colcon_core\task\python\colcon_distutils_commands;C:\Users\SSAFY\Desktop\ros2_ws\install\c208_package\Lib\site-packages; c:\python37\python.exe -W ignore:setup.py install is deprecated setup.py egg_info --egg-base ..\..\build\c208_package build --build-base C:\Users\SSAFY\Desktop\ros2_ws\build\c208_package\build install --record C:\Users\SSAFY\Desktop\ros2_ws\build\c208_package\install.log --install-scripts $base/lib/c208_package --single-version-externally-managed install_data
