[0.239s] [34mcolcon[0m [1;30mDEBUG[0m [32mCommand line arguments: ['C:\\Python37\\Scripts\\colcon', 'build'][0m
[0.239s] [34mcolcon[0m [1;30mDEBUG[0m [32mParsed command line arguments: Namespace(ament_cmake_args=None, base_paths=['.'], build_base='build', catkin_cmake_args=None, catkin_skip_building_tests=False, cmake_args=None, cmake_clean_cache=False, cmake_clean_first=False, cmake_force_configure=False, cmake_target=None, cmake_target_skip_unavailable=False, continue_on_error=False, event_handlers=None, executor='parallel', ignore_user_meta=False, install_base='install', log_base=None, log_level=None, main=<bound method BuildVerb.main of <colcon_core.verb.build.BuildVerb object at 0x0000026DFFCB41C8>>, merge_install=False, metas=['./colcon.meta'], packages_above=None, packages_above_and_dependencies=None, packages_above_depth=None, packages_end=None, packages_ignore=None, packages_ignore_regex=None, packages_select=None, packages_select_build_failed=False, packages_select_by_dep=None, packages_select_regex=None, packages_select_test_failures=False, packages_skip=None, packages_skip_build_finished=False, packages_skip_by_dep=None, packages_skip_regex=None, packages_skip_test_passed=False, packages_skip_up_to=None, packages_start=None, packages_up_to=None, packages_up_to_regex=None, parallel_workers=12, paths=None, symlink_install=False, test_result_base=None, verb_extension=<colcon_core.verb.build.BuildVerb object at 0x0000026DFFCB41C8>, verb_name='build', verb_parser=<colcon_defaults.argument_parser.defaults.DefaultArgumentsDecorator object at 0x0000026DFFCC2688>)[0m
[0.382s] [34mcolcon.colcon_core.package_discovery[0m [1;30mLevel 1[0m discover_packages(colcon_meta) check parameters
[0.382s] [34mcolcon.colcon_core.package_discovery[0m [1;30mLevel 1[0m discover_packages(recursive) check parameters
[0.382s] [34mcolcon.colcon_core.package_discovery[0m [1;30mLevel 1[0m discover_packages(ignore) check parameters
[0.382s] [34mcolcon.colcon_core.package_discovery[0m [1;30mLevel 1[0m discover_packages(path) check parameters
[0.382s] [34mcolcon.colcon_core.package_discovery[0m [1;30mLevel 1[0m discover_packages(colcon_meta) discover
[0.382s] [34mcolcon.colcon_core.package_discovery[0m [1;30mLevel 1[0m discover_packages(recursive) discover
[0.382s] [34mcolcon.colcon_core.package_discovery[0m [1;30mINFO[0m Crawling recursively for packages in 'C:\Users\SSAFY\Desktop\ros2_ws'
[0.382s] [34mcolcon.colcon_core.package_identification[0m [1;30mLevel 1[0m _identify(.) by extensions ['ignore', 'ignore_ament_install']
[0.383s] [34mcolcon.colcon_core.package_identification[0m [1;30mLevel 1[0m _identify(.) by extension 'ignore'
[0.383s] [34mcolcon.colcon_core.package_identification[0m [1;30mLevel 1[0m _identify(.) by extension 'ignore_ament_install'
[0.383s] [34mcolcon.colcon_core.package_identification[0m [1;30mLevel 1[0m _identify(.) by extensions ['colcon_pkg']
[0.383s] [34mcolcon.colcon_core.package_identification[0m [1;30mLevel 1[0m _identify(.) by extension 'colcon_pkg'
[0.383s] [34mcolcon.colcon_core.package_identification[0m [1;30mLevel 1[0m _identify(.) by extensions ['colcon_meta']
[0.383s] [34mcolcon.colcon_core.package_identification[0m [1;30mLevel 1[0m _identify(.) by extension 'colcon_meta'
[0.383s] [34mcolcon.colcon_core.package_identification[0m [1;30mLevel 1[0m _identify(.) by extensions ['ros']
[0.383s] [34mcolcon.colcon_core.package_identification[0m [1;30mLevel 1[0m _identify(.) by extension 'ros'
[0.410s] [34mcolcon.colcon_core.package_identification[0m [1;30mLevel 1[0m _identify(.) by extensions ['cmake', 'python']
[0.410s] [34mcolcon.colcon_core.package_identification[0m [1;30mLevel 1[0m _identify(.) by extension 'cmake'
[0.410s] [34mcolcon.colcon_core.package_identification[0m [1;30mLevel 1[0m _identify(.) by extension 'python'
[0.410s] [34mcolcon.colcon_core.package_identification[0m [1;30mLevel 1[0m _identify(.) by extensions ['python_setup_py']
[0.410s] [34mcolcon.colcon_core.package_identification[0m [1;30mLevel 1[0m _identify(.) by extension 'python_setup_py'
[0.410s] [34mcolcon.colcon_core.package_identification[0m [1;30mLevel 1[0m _identify(build) by extensions ['ignore', 'ignore_ament_install']
[0.410s] [34mcolcon.colcon_core.package_identification[0m [1;30mLevel 1[0m _identify(build) by extension 'ignore'
[0.410s] [34mcolcon.colcon_core.package_identification[0m [1;30mLevel 1[0m _identify(build) ignored
[0.410s] [34mcolcon.colcon_core.package_identification[0m [1;30mLevel 1[0m _identify(install) by extensions ['ignore', 'ignore_ament_install']
[0.411s] [34mcolcon.colcon_core.package_identification[0m [1;30mLevel 1[0m _identify(install) by extension 'ignore'
[0.411s] [34mcolcon.colcon_core.package_identification[0m [1;30mLevel 1[0m _identify(install) ignored
[0.412s] [34mcolcon.colcon_core.package_identification[0m [1;30mLevel 1[0m _identify(log) by extensions ['ignore', 'ignore_ament_install']
[0.412s] [34mcolcon.colcon_core.package_identification[0m [1;30mLevel 1[0m _identify(log) by extension 'ignore'
[0.412s] [34mcolcon.colcon_core.package_identification[0m [1;30mLevel 1[0m _identify(log) ignored
[0.412s] [34mcolcon.colcon_core.package_identification[0m [1;30mLevel 1[0m _identify(src) by extensions ['ignore', 'ignore_ament_install']
[0.412s] [34mcolcon.colcon_core.package_identification[0m [1;30mLevel 1[0m _identify(src) by extension 'ignore'
[0.412s] [34mcolcon.colcon_core.package_identification[0m [1;30mLevel 1[0m _identify(src) by extension 'ignore_ament_install'
[0.412s] [34mcolcon.colcon_core.package_identification[0m [1;30mLevel 1[0m _identify(src) by extensions ['colcon_pkg']
[0.412s] [34mcolcon.colcon_core.package_identification[0m [1;30mLevel 1[0m _identify(src) by extension 'colcon_pkg'
[0.413s] [34mcolcon.colcon_core.package_identification[0m [1;30mLevel 1[0m _identify(src) by extensions ['colcon_meta']
[0.413s] [34mcolcon.colcon_core.package_identification[0m [1;30mLevel 1[0m _identify(src) by extension 'colcon_meta'
[0.413s] [34mcolcon.colcon_core.package_identification[0m [1;30mLevel 1[0m _identify(src) by extensions ['ros']
[0.413s] [34mcolcon.colcon_core.package_identification[0m [1;30mLevel 1[0m _identify(src) by extension 'ros'
[0.413s] [34mcolcon.colcon_core.package_identification[0m [1;30mLevel 1[0m _identify(src) by extensions ['cmake', 'python']
[0.413s] [34mcolcon.colcon_core.package_identification[0m [1;30mLevel 1[0m _identify(src) by extension 'cmake'
[0.413s] [34mcolcon.colcon_core.package_identification[0m [1;30mLevel 1[0m _identify(src) by extension 'python'
[0.413s] [34mcolcon.colcon_core.package_identification[0m [1;30mLevel 1[0m _identify(src) by extensions ['python_setup_py']
[0.413s] [34mcolcon.colcon_core.package_identification[0m [1;30mLevel 1[0m _identify(src) by extension 'python_setup_py'
[0.413s] [34mcolcon.colcon_core.package_identification[0m [1;30mLevel 1[0m _identify(src\advanced) by extensions ['ignore', 'ignore_ament_install']
[0.413s] [34mcolcon.colcon_core.package_identification[0m [1;30mLevel 1[0m _identify(src\advanced) by extension 'ignore'
[0.413s] [34mcolcon.colcon_core.package_identification[0m [1;30mLevel 1[0m _identify(src\advanced) by extension 'ignore_ament_install'
[0.414s] [34mcolcon.colcon_core.package_identification[0m [1;30mLevel 1[0m _identify(src\advanced) by extensions ['colcon_pkg']
[0.414s] [34mcolcon.colcon_core.package_identification[0m [1;30mLevel 1[0m _identify(src\advanced) by extension 'colcon_pkg'
[0.414s] [34mcolcon.colcon_core.package_identification[0m [1;30mLevel 1[0m _identify(src\advanced) by extensions ['colcon_meta']
[0.414s] [34mcolcon.colcon_core.package_identification[0m [1;30mLevel 1[0m _identify(src\advanced) by extension 'colcon_meta'
[0.414s] [34mcolcon.colcon_core.package_identification[0m [1;30mLevel 1[0m _identify(src\advanced) by extensions ['ros']
[0.414s] [34mcolcon.colcon_core.package_identification[0m [1;30mLevel 1[0m _identify(src\advanced) by extension 'ros'
[0.418s] [34mcolcon.colcon_core.package_identification[0m [1;30mDEBUG[0m [32mPackage 'src\advanced' with type 'ros.ament_python' and name 'advanced'[0m
[0.418s] [34mcolcon.colcon_core.package_identification[0m [1;30mLevel 1[0m _identify(src\c208_package) by extensions ['ignore', 'ignore_ament_install']
[0.418s] [34mcolcon.colcon_core.package_identification[0m [1;30mLevel 1[0m _identify(src\c208_package) by extension 'ignore'
[0.418s] [34mcolcon.colcon_core.package_identification[0m [1;30mLevel 1[0m _identify(src\c208_package) by extension 'ignore_ament_install'
[0.418s] [34mcolcon.colcon_core.package_identification[0m [1;30mLevel 1[0m _identify(src\c208_package) by extensions ['colcon_pkg']
[0.418s] [34mcolcon.colcon_core.package_identification[0m [1;30mLevel 1[0m _identify(src\c208_package) by extension 'colcon_pkg'
[0.418s] [34mcolcon.colcon_core.package_identification[0m [1;30mLevel 1[0m _identify(src\c208_package) by extensions ['colcon_meta']
[0.419s] [34mcolcon.colcon_core.package_identification[0m [1;30mLevel 1[0m _identify(src\c208_package) by extension 'colcon_meta'
[0.419s] [34mcolcon.colcon_core.package_identification[0m [1;30mLevel 1[0m _identify(src\c208_package) by extensions ['ros']
[0.419s] [34mcolcon.colcon_core.package_identification[0m [1;30mLevel 1[0m _identify(src\c208_package) by extension 'ros'
[0.419s] [34mcolcon.colcon_core.package_identification[0m [1;30mDEBUG[0m [32mPackage 'src\c208_package' with type 'ros.ament_python' and name 'c208_package'[0m
[0.420s] [34mcolcon.colcon_core.package_identification[0m [1;30mLevel 1[0m _identify(src\custom_game) by extensions ['ignore', 'ignore_ament_install']
[0.420s] [34mcolcon.colcon_core.package_identification[0m [1;30mLevel 1[0m _identify(src\custom_game) by extension 'ignore'
[0.420s] [34mcolcon.colcon_core.package_identification[0m [1;30mLevel 1[0m _identify(src\custom_game) by extension 'ignore_ament_install'
[0.420s] [34mcolcon.colcon_core.package_identification[0m [1;30mLevel 1[0m _identify(src\custom_game) by extensions ['colcon_pkg']
[0.420s] [34mcolcon.colcon_core.package_identification[0m [1;30mLevel 1[0m _identify(src\custom_game) by extension 'colcon_pkg'
[0.420s] [34mcolcon.colcon_core.package_identification[0m [1;30mLevel 1[0m _identify(src\custom_game) by extensions ['colcon_meta']
[0.420s] [34mcolcon.colcon_core.package_identification[0m [1;30mLevel 1[0m _identify(src\custom_game) by extension 'colcon_meta'
[0.420s] [34mcolcon.colcon_core.package_identification[0m [1;30mLevel 1[0m _identify(src\custom_game) by extensions ['ros']
[0.420s] [34mcolcon.colcon_core.package_identification[0m [1;30mLevel 1[0m _identify(src\custom_game) by extension 'ros'
[0.421s] [34mcolcon.colcon_core.package_identification[0m [1;30mDEBUG[0m [32mPackage 'src\custom_game' with type 'ros.ament_python' and name 'custom_game'[0m
[0.421s] [34mcolcon.colcon_core.package_identification[0m [1;30mLevel 1[0m _identify(src\security_service) by extensions ['ignore', 'ignore_ament_install']
[0.422s] [34mcolcon.colcon_core.package_identification[0m [1;30mLevel 1[0m _identify(src\security_service) by extension 'ignore'
[0.422s] [34mcolcon.colcon_core.package_identification[0m [1;30mLevel 1[0m _identify(src\security_service) by extension 'ignore_ament_install'
[0.422s] [34mcolcon.colcon_core.package_identification[0m [1;30mLevel 1[0m _identify(src\security_service) by extensions ['colcon_pkg']
[0.422s] [34mcolcon.colcon_core.package_identification[0m [1;30mLevel 1[0m _identify(src\security_service) by extension 'colcon_pkg'
[0.422s] [34mcolcon.colcon_core.package_identification[0m [1;30mLevel 1[0m _identify(src\security_service) by extensions ['colcon_meta']
[0.422s] [34mcolcon.colcon_core.package_identification[0m [1;30mLevel 1[0m _identify(src\security_service) by extension 'colcon_meta'
[0.422s] [34mcolcon.colcon_core.package_identification[0m [1;30mLevel 1[0m _identify(src\security_service) by extensions ['ros']
[0.422s] [34mcolcon.colcon_core.package_identification[0m [1;30mLevel 1[0m _identify(src\security_service) by extension 'ros'
[0.423s] [34mcolcon.colcon_core.package_identification[0m [1;30mDEBUG[0m [32mPackage 'src\security_service' with type 'ros.ament_python' and name 'security_service'[0m
[0.423s] [34mcolcon.colcon_core.package_identification[0m [1;30mLevel 1[0m _identify(src\ssafy_bridge) by extensions ['ignore', 'ignore_ament_install']
[0.423s] [34mcolcon.colcon_core.package_identification[0m [1;30mLevel 1[0m _identify(src\ssafy_bridge) by extension 'ignore'
[0.423s] [34mcolcon.colcon_core.package_identification[0m [1;30mLevel 1[0m _identify(src\ssafy_bridge) by extension 'ignore_ament_install'
[0.423s] [34mcolcon.colcon_core.package_identification[0m [1;30mLevel 1[0m _identify(src\ssafy_bridge) by extensions ['colcon_pkg']
[0.424s] [34mcolcon.colcon_core.package_identification[0m [1;30mLevel 1[0m _identify(src\ssafy_bridge) by extension 'colcon_pkg'
[0.424s] [34mcolcon.colcon_core.package_identification[0m [1;30mLevel 1[0m _identify(src\ssafy_bridge) by extensions ['colcon_meta']
[0.424s] [34mcolcon.colcon_core.package_identification[0m [1;30mLevel 1[0m _identify(src\ssafy_bridge) by extension 'colcon_meta'
[0.424s] [34mcolcon.colcon_core.package_identification[0m [1;30mLevel 1[0m _identify(src\ssafy_bridge) by extensions ['ros']
[0.424s] [34mcolcon.colcon_core.package_identification[0m [1;30mLevel 1[0m _identify(src\ssafy_bridge) by extension 'ros'
[0.425s] [34mcolcon.colcon_core.package_identification[0m [1;30mDEBUG[0m [32mPackage 'src\ssafy_bridge' with type 'ros.ament_python' and name 'ssafy_bridge'[0m
[0.425s] [34mcolcon.colcon_core.package_identification[0m [1;30mLevel 1[0m _identify(src\ssafy_msgs) by extensions ['ignore', 'ignore_ament_install']
[0.425s] [34mcolcon.colcon_core.package_identification[0m [1;30mLevel 1[0m _identify(src\ssafy_msgs) by extension 'ignore'
[0.425s] [34mcolcon.colcon_core.package_identification[0m [1;30mLevel 1[0m _identify(src\ssafy_msgs) by extension 'ignore_ament_install'
[0.425s] [34mcolcon.colcon_core.package_identification[0m [1;30mLevel 1[0m _identify(src\ssafy_msgs) by extensions ['colcon_pkg']
[0.425s] [34mcolcon.colcon_core.package_identification[0m [1;30mLevel 1[0m _identify(src\ssafy_msgs) by extension 'colcon_pkg'
[0.425s] [34mcolcon.colcon_core.package_identification[0m [1;30mLevel 1[0m _identify(src\ssafy_msgs) by extensions ['colcon_meta']
[0.425s] [34mcolcon.colcon_core.package_identification[0m [1;30mLevel 1[0m _identify(src\ssafy_msgs) by extension 'colcon_meta'
[0.425s] [34mcolcon.colcon_core.package_identification[0m [1;30mLevel 1[0m _identify(src\ssafy_msgs) by extensions ['ros']
[0.425s] [34mcolcon.colcon_core.package_identification[0m [1;30mLevel 1[0m _identify(src\ssafy_msgs) by extension 'ros'
[0.426s] [34mcolcon.colcon_core.package_identification[0m [1;30mDEBUG[0m [32mPackage 'src\ssafy_msgs' with type 'ros.ament_cmake' and name 'ssafy_msgs'[0m
[0.426s] [34mcolcon.colcon_core.package_identification[0m [1;30mLevel 1[0m _identify(src\sub1) by extensions ['ignore', 'ignore_ament_install']
[0.426s] [34mcolcon.colcon_core.package_identification[0m [1;30mLevel 1[0m _identify(src\sub1) by extension 'ignore'
[0.427s] [34mcolcon.colcon_core.package_identification[0m [1;30mLevel 1[0m _identify(src\sub1) by extension 'ignore_ament_install'
[0.427s] [34mcolcon.colcon_core.package_identification[0m [1;30mLevel 1[0m _identify(src\sub1) by extensions ['colcon_pkg']
[0.427s] [34mcolcon.colcon_core.package_identification[0m [1;30mLevel 1[0m _identify(src\sub1) by extension 'colcon_pkg'
[0.427s] [34mcolcon.colcon_core.package_identification[0m [1;30mLevel 1[0m _identify(src\sub1) by extensions ['colcon_meta']
[0.427s] [34mcolcon.colcon_core.package_identification[0m [1;30mLevel 1[0m _identify(src\sub1) by extension 'colcon_meta'
[0.427s] [34mcolcon.colcon_core.package_identification[0m [1;30mLevel 1[0m _identify(src\sub1) by extensions ['ros']
[0.427s] [34mcolcon.colcon_core.package_identification[0m [1;30mLevel 1[0m _identify(src\sub1) by extension 'ros'
[0.428s] [34mcolcon.colcon_core.package_identification[0m [1;30mDEBUG[0m [32mPackage 'src\sub1' with type 'ros.ament_python' and name 'sub1'[0m
[0.428s] [34mcolcon.colcon_core.package_identification[0m [1;30mLevel 1[0m _identify(src\sub2) by extensions ['ignore', 'ignore_ament_install']
[0.429s] [34mcolcon.colcon_core.package_identification[0m [1;30mLevel 1[0m _identify(src\sub2) by extension 'ignore'
[0.429s] [34mcolcon.colcon_core.package_identification[0m [1;30mLevel 1[0m _identify(src\sub2) by extension 'ignore_ament_install'
[0.429s] [34mcolcon.colcon_core.package_identification[0m [1;30mLevel 1[0m _identify(src\sub2) by extensions ['colcon_pkg']
[0.429s] [34mcolcon.colcon_core.package_identification[0m [1;30mLevel 1[0m _identify(src\sub2) by extension 'colcon_pkg'
[0.429s] [34mcolcon.colcon_core.package_identification[0m [1;30mLevel 1[0m _identify(src\sub2) by extensions ['colcon_meta']
[0.429s] [34mcolcon.colcon_core.package_identification[0m [1;30mLevel 1[0m _identify(src\sub2) by extension 'colcon_meta'
[0.429s] [34mcolcon.colcon_core.package_identification[0m [1;30mLevel 1[0m _identify(src\sub2) by extensions ['ros']
[0.429s] [34mcolcon.colcon_core.package_identification[0m [1;30mLevel 1[0m _identify(src\sub2) by extension 'ros'
[0.430s] [34mcolcon.colcon_core.package_identification[0m [1;30mDEBUG[0m [32mPackage 'src\sub2' with type 'ros.ament_python' and name 'sub2'[0m
[0.430s] [34mcolcon.colcon_core.package_identification[0m [1;30mLevel 1[0m _identify(src\sub3) by extensions ['ignore', 'ignore_ament_install']
[0.431s] [34mcolcon.colcon_core.package_identification[0m [1;30mLevel 1[0m _identify(src\sub3) by extension 'ignore'
[0.431s] [34mcolcon.colcon_core.package_identification[0m [1;30mLevel 1[0m _identify(src\sub3) by extension 'ignore_ament_install'
[0.431s] [34mcolcon.colcon_core.package_identification[0m [1;30mLevel 1[0m _identify(src\sub3) by extensions ['colcon_pkg']
[0.431s] [34mcolcon.colcon_core.package_identification[0m [1;30mLevel 1[0m _identify(src\sub3) by extension 'colcon_pkg'
[0.431s] [34mcolcon.colcon_core.package_identification[0m [1;30mLevel 1[0m _identify(src\sub3) by extensions ['colcon_meta']
[0.431s] [34mcolcon.colcon_core.package_identification[0m [1;30mLevel 1[0m _identify(src\sub3) by extension 'colcon_meta'
[0.431s] [34mcolcon.colcon_core.package_identification[0m [1;30mLevel 1[0m _identify(src\sub3) by extensions ['ros']
[0.431s] [34mcolcon.colcon_core.package_identification[0m [1;30mLevel 1[0m _identify(src\sub3) by extension 'ros'
[0.432s] [34mcolcon.colcon_core.package_identification[0m [1;30mDEBUG[0m [32mPackage 'src\sub3' with type 'ros.ament_python' and name 'sub3'[0m
[0.432s] [34mcolcon.colcon_core.package_discovery[0m [1;30mLevel 1[0m discover_packages(recursive) using defaults
[0.432s] [34mcolcon.colcon_core.package_discovery[0m [1;30mLevel 1[0m discover_packages(ignore) discover
[0.432s] [34mcolcon.colcon_core.package_discovery[0m [1;30mLevel 1[0m discover_packages(ignore) using defaults
[0.432s] [34mcolcon.colcon_core.package_discovery[0m [1;30mLevel 1[0m discover_packages(path) discover
[0.432s] [34mcolcon.colcon_core.package_discovery[0m [1;30mLevel 1[0m discover_packages(path) using defaults
[0.457s] [34mcolcon.colcon_core.verb[0m [1;30mLevel 5[0m set package 'c208_package' build argument 'cmake_args' from command line to 'None'
[0.457s] [34mcolcon.colcon_core.verb[0m [1;30mLevel 5[0m set package 'c208_package' build argument 'cmake_target' from command line to 'None'
[0.457s] [34mcolcon.colcon_core.verb[0m [1;30mLevel 5[0m set package 'c208_package' build argument 'cmake_target_skip_unavailable' from command line to 'False'
[0.457s] [34mcolcon.colcon_core.verb[0m [1;30mLevel 5[0m set package 'c208_package' build argument 'cmake_clean_cache' from command line to 'False'
[0.458s] [34mcolcon.colcon_core.verb[0m [1;30mLevel 5[0m set package 'c208_package' build argument 'cmake_clean_first' from command line to 'False'
[0.458s] [34mcolcon.colcon_core.verb[0m [1;30mLevel 5[0m set package 'c208_package' build argument 'cmake_force_configure' from command line to 'False'
[0.458s] [34mcolcon.colcon_core.verb[0m [1;30mLevel 5[0m set package 'c208_package' build argument 'ament_cmake_args' from command line to 'None'
[0.458s] [34mcolcon.colcon_core.verb[0m [1;30mLevel 5[0m set package 'c208_package' build argument 'catkin_cmake_args' from command line to 'None'
[0.458s] [34mcolcon.colcon_core.verb[0m [1;30mLevel 5[0m set package 'c208_package' build argument 'catkin_skip_building_tests' from command line to 'False'
[0.458s] [34mcolcon.colcon_core.verb[0m [1;30mDEBUG[0m [32mBuilding package 'c208_package' with the following arguments: {'ament_cmake_args': None, 'build_base': 'C:\\Users\\SSAFY\\Desktop\\ros2_ws\\build\\c208_package', 'catkin_cmake_args': None, 'catkin_skip_building_tests': False, 'cmake_args': None, 'cmake_clean_cache': False, 'cmake_clean_first': False, 'cmake_force_configure': False, 'cmake_target': None, 'cmake_target_skip_unavailable': False, 'install_base': 'C:\\Users\\SSAFY\\Desktop\\ros2_ws\\install\\c208_package', 'merge_install': False, 'path': 'C:\\Users\\SSAFY\\Desktop\\ros2_ws\\src\\c208_package', 'symlink_install': False, 'test_result_base': None}[0m
[0.458s] [34mcolcon.colcon_core.verb[0m [1;30mLevel 5[0m set package 'security_service' build argument 'cmake_args' from command line to 'None'
[0.458s] [34mcolcon.colcon_core.verb[0m [1;30mLevel 5[0m set package 'security_service' build argument 'cmake_target' from command line to 'None'
[0.458s] [34mcolcon.colcon_core.verb[0m [1;30mLevel 5[0m set package 'security_service' build argument 'cmake_target_skip_unavailable' from command line to 'False'
[0.458s] [34mcolcon.colcon_core.verb[0m [1;30mLevel 5[0m set package 'security_service' build argument 'cmake_clean_cache' from command line to 'False'
[0.458s] [34mcolcon.colcon_core.verb[0m [1;30mLevel 5[0m set package 'security_service' build argument 'cmake_clean_first' from command line to 'False'
[0.458s] [34mcolcon.colcon_core.verb[0m [1;30mLevel 5[0m set package 'security_service' build argument 'cmake_force_configure' from command line to 'False'
[0.458s] [34mcolcon.colcon_core.verb[0m [1;30mLevel 5[0m set package 'security_service' build argument 'ament_cmake_args' from command line to 'None'
[0.458s] [34mcolcon.colcon_core.verb[0m [1;30mLevel 5[0m set package 'security_service' build argument 'catkin_cmake_args' from command line to 'None'
[0.458s] [34mcolcon.colcon_core.verb[0m [1;30mLevel 5[0m set package 'security_service' build argument 'catkin_skip_building_tests' from command line to 'False'
[0.458s] [34mcolcon.colcon_core.verb[0m [1;30mDEBUG[0m [32mBuilding package 'security_service' with the following arguments: {'ament_cmake_args': None, 'build_base': 'C:\\Users\\SSAFY\\Desktop\\ros2_ws\\build\\security_service', 'catkin_cmake_args': None, 'catkin_skip_building_tests': False, 'cmake_args': None, 'cmake_clean_cache': False, 'cmake_clean_first': False, 'cmake_force_configure': False, 'cmake_target': None, 'cmake_target_skip_unavailable': False, 'install_base': 'C:\\Users\\SSAFY\\Desktop\\ros2_ws\\install\\security_service', 'merge_install': False, 'path': 'C:\\Users\\SSAFY\\Desktop\\ros2_ws\\src\\security_service', 'symlink_install': False, 'test_result_base': None}[0m
[0.459s] [34mcolcon.colcon_core.verb[0m [1;30mLevel 5[0m set package 'ssafy_bridge' build argument 'cmake_args' from command line to 'None'
[0.459s] [34mcolcon.colcon_core.verb[0m [1;30mLevel 5[0m set package 'ssafy_bridge' build argument 'cmake_target' from command line to 'None'
[0.459s] [34mcolcon.colcon_core.verb[0m [1;30mLevel 5[0m set package 'ssafy_bridge' build argument 'cmake_target_skip_unavailable' from command line to 'False'
[0.459s] [34mcolcon.colcon_core.verb[0m [1;30mLevel 5[0m set package 'ssafy_bridge' build argument 'cmake_clean_cache' from command line to 'False'
[0.459s] [34mcolcon.colcon_core.verb[0m [1;30mLevel 5[0m set package 'ssafy_bridge' build argument 'cmake_clean_first' from command line to 'False'
[0.459s] [34mcolcon.colcon_core.verb[0m [1;30mLevel 5[0m set package 'ssafy_bridge' build argument 'cmake_force_configure' from command line to 'False'
[0.459s] [34mcolcon.colcon_core.verb[0m [1;30mLevel 5[0m set package 'ssafy_bridge' build argument 'ament_cmake_args' from command line to 'None'
[0.459s] [34mcolcon.colcon_core.verb[0m [1;30mLevel 5[0m set package 'ssafy_bridge' build argument 'catkin_cmake_args' from command line to 'None'
[0.459s] [34mcolcon.colcon_core.verb[0m [1;30mLevel 5[0m set package 'ssafy_bridge' build argument 'catkin_skip_building_tests' from command line to 'False'
[0.459s] [34mcolcon.colcon_core.verb[0m [1;30mDEBUG[0m [32mBuilding package 'ssafy_bridge' with the following arguments: {'ament_cmake_args': None, 'build_base': 'C:\\Users\\SSAFY\\Desktop\\ros2_ws\\build\\ssafy_bridge', 'catkin_cmake_args': None, 'catkin_skip_building_tests': False, 'cmake_args': None, 'cmake_clean_cache': False, 'cmake_clean_first': False, 'cmake_force_configure': False, 'cmake_target': None, 'cmake_target_skip_unavailable': False, 'install_base': 'C:\\Users\\SSAFY\\Desktop\\ros2_ws\\install\\ssafy_bridge', 'merge_install': False, 'path': 'C:\\Users\\SSAFY\\Desktop\\ros2_ws\\src\\ssafy_bridge', 'symlink_install': False, 'test_result_base': None}[0m
[0.460s] [34mcolcon.colcon_core.verb[0m [1;30mLevel 5[0m set package 'ssafy_msgs' build argument 'cmake_args' from command line to 'None'
[0.460s] [34mcolcon.colcon_core.verb[0m [1;30mLevel 5[0m set package 'ssafy_msgs' build argument 'cmake_target' from command line to 'None'
[0.460s] [34mcolcon.colcon_core.verb[0m [1;30mLevel 5[0m set package 'ssafy_msgs' build argument 'cmake_target_skip_unavailable' from command line to 'False'
[0.460s] [34mcolcon.colcon_core.verb[0m [1;30mLevel 5[0m set package 'ssafy_msgs' build argument 'cmake_clean_cache' from command line to 'False'
[0.460s] [34mcolcon.colcon_core.verb[0m [1;30mLevel 5[0m set package 'ssafy_msgs' build argument 'cmake_clean_first' from command line to 'False'
[0.460s] [34mcolcon.colcon_core.verb[0m [1;30mLevel 5[0m set package 'ssafy_msgs' build argument 'cmake_force_configure' from command line to 'False'
[0.460s] [34mcolcon.colcon_core.verb[0m [1;30mLevel 5[0m set package 'ssafy_msgs' build argument 'ament_cmake_args' from command line to 'None'
[0.460s] [34mcolcon.colcon_core.verb[0m [1;30mLevel 5[0m set package 'ssafy_msgs' build argument 'catkin_cmake_args' from command line to 'None'
[0.460s] [34mcolcon.colcon_core.verb[0m [1;30mLevel 5[0m set package 'ssafy_msgs' build argument 'catkin_skip_building_tests' from command line to 'False'
[0.460s] [34mcolcon.colcon_core.verb[0m [1;30mDEBUG[0m [32mBuilding package 'ssafy_msgs' with the following arguments: {'ament_cmake_args': None, 'build_base': 'C:\\Users\\SSAFY\\Desktop\\ros2_ws\\build\\ssafy_msgs', 'catkin_cmake_args': None, 'catkin_skip_building_tests': False, 'cmake_args': None, 'cmake_clean_cache': False, 'cmake_clean_first': False, 'cmake_force_configure': False, 'cmake_target': None, 'cmake_target_skip_unavailable': False, 'install_base': 'C:\\Users\\SSAFY\\Desktop\\ros2_ws\\install\\ssafy_msgs', 'merge_install': False, 'path': 'C:\\Users\\SSAFY\\Desktop\\ros2_ws\\src\\ssafy_msgs', 'symlink_install': False, 'test_result_base': None}[0m
[0.460s] [34mcolcon.colcon_core.verb[0m [1;30mLevel 5[0m set package 'sub1' build argument 'cmake_args' from command line to 'None'
[0.460s] [34mcolcon.colcon_core.verb[0m [1;30mLevel 5[0m set package 'sub1' build argument 'cmake_target' from command line to 'None'
[0.460s] [34mcolcon.colcon_core.verb[0m [1;30mLevel 5[0m set package 'sub1' build argument 'cmake_target_skip_unavailable' from command line to 'False'
[0.460s] [34mcolcon.colcon_core.verb[0m [1;30mLevel 5[0m set package 'sub1' build argument 'cmake_clean_cache' from command line to 'False'
[0.460s] [34mcolcon.colcon_core.verb[0m [1;30mLevel 5[0m set package 'sub1' build argument 'cmake_clean_first' from command line to 'False'
[0.460s] [34mcolcon.colcon_core.verb[0m [1;30mLevel 5[0m set package 'sub1' build argument 'cmake_force_configure' from command line to 'False'
[0.460s] [34mcolcon.colcon_core.verb[0m [1;30mLevel 5[0m set package 'sub1' build argument 'ament_cmake_args' from command line to 'None'
[0.460s] [34mcolcon.colcon_core.verb[0m [1;30mLevel 5[0m set package 'sub1' build argument 'catkin_cmake_args' from command line to 'None'
[0.460s] [34mcolcon.colcon_core.verb[0m [1;30mLevel 5[0m set package 'sub1' build argument 'catkin_skip_building_tests' from command line to 'False'
[0.460s] [34mcolcon.colcon_core.verb[0m [1;30mDEBUG[0m [32mBuilding package 'sub1' with the following arguments: {'ament_cmake_args': None, 'build_base': 'C:\\Users\\SSAFY\\Desktop\\ros2_ws\\build\\sub1', 'catkin_cmake_args': None, 'catkin_skip_building_tests': False, 'cmake_args': None, 'cmake_clean_cache': False, 'cmake_clean_first': False, 'cmake_force_configure': False, 'cmake_target': None, 'cmake_target_skip_unavailable': False, 'install_base': 'C:\\Users\\SSAFY\\Desktop\\ros2_ws\\install\\sub1', 'merge_install': False, 'path': 'C:\\Users\\SSAFY\\Desktop\\ros2_ws\\src\\sub1', 'symlink_install': False, 'test_result_base': None}[0m
[0.461s] [34mcolcon.colcon_core.verb[0m [1;30mLevel 5[0m set package 'sub2' build argument 'cmake_args' from command line to 'None'
[0.461s] [34mcolcon.colcon_core.verb[0m [1;30mLevel 5[0m set package 'sub2' build argument 'cmake_target' from command line to 'None'
[0.461s] [34mcolcon.colcon_core.verb[0m [1;30mLevel 5[0m set package 'sub2' build argument 'cmake_target_skip_unavailable' from command line to 'False'
[0.461s] [34mcolcon.colcon_core.verb[0m [1;30mLevel 5[0m set package 'sub2' build argument 'cmake_clean_cache' from command line to 'False'
[0.461s] [34mcolcon.colcon_core.verb[0m [1;30mLevel 5[0m set package 'sub2' build argument 'cmake_clean_first' from command line to 'False'
[0.461s] [34mcolcon.colcon_core.verb[0m [1;30mLevel 5[0m set package 'sub2' build argument 'cmake_force_configure' from command line to 'False'
[0.461s] [34mcolcon.colcon_core.verb[0m [1;30mLevel 5[0m set package 'sub2' build argument 'ament_cmake_args' from command line to 'None'
[0.461s] [34mcolcon.colcon_core.verb[0m [1;30mLevel 5[0m set package 'sub2' build argument 'catkin_cmake_args' from command line to 'None'
[0.461s] [34mcolcon.colcon_core.verb[0m [1;30mLevel 5[0m set package 'sub2' build argument 'catkin_skip_building_tests' from command line to 'False'
[0.461s] [34mcolcon.colcon_core.verb[0m [1;30mDEBUG[0m [32mBuilding package 'sub2' with the following arguments: {'ament_cmake_args': None, 'build_base': 'C:\\Users\\SSAFY\\Desktop\\ros2_ws\\build\\sub2', 'catkin_cmake_args': None, 'catkin_skip_building_tests': False, 'cmake_args': None, 'cmake_clean_cache': False, 'cmake_clean_first': False, 'cmake_force_configure': False, 'cmake_target': None, 'cmake_target_skip_unavailable': False, 'install_base': 'C:\\Users\\SSAFY\\Desktop\\ros2_ws\\install\\sub2', 'merge_install': False, 'path': 'C:\\Users\\SSAFY\\Desktop\\ros2_ws\\src\\sub2', 'symlink_install': False, 'test_result_base': None}[0m
[0.462s] [34mcolcon.colcon_core.verb[0m [1;30mLevel 5[0m set package 'sub3' build argument 'cmake_args' from command line to 'None'
[0.462s] [34mcolcon.colcon_core.verb[0m [1;30mLevel 5[0m set package 'sub3' build argument 'cmake_target' from command line to 'None'
[0.462s] [34mcolcon.colcon_core.verb[0m [1;30mLevel 5[0m set package 'sub3' build argument 'cmake_target_skip_unavailable' from command line to 'False'
[0.462s] [34mcolcon.colcon_core.verb[0m [1;30mLevel 5[0m set package 'sub3' build argument 'cmake_clean_cache' from command line to 'False'
[0.462s] [34mcolcon.colcon_core.verb[0m [1;30mLevel 5[0m set package 'sub3' build argument 'cmake_clean_first' from command line to 'False'
[0.462s] [34mcolcon.colcon_core.verb[0m [1;30mLevel 5[0m set package 'sub3' build argument 'cmake_force_configure' from command line to 'False'
[0.462s] [34mcolcon.colcon_core.verb[0m [1;30mLevel 5[0m set package 'sub3' build argument 'ament_cmake_args' from command line to 'None'
[0.462s] [34mcolcon.colcon_core.verb[0m [1;30mLevel 5[0m set package 'sub3' build argument 'catkin_cmake_args' from command line to 'None'
[0.462s] [34mcolcon.colcon_core.verb[0m [1;30mLevel 5[0m set package 'sub3' build argument 'catkin_skip_building_tests' from command line to 'False'
[0.462s] [34mcolcon.colcon_core.verb[0m [1;30mDEBUG[0m [32mBuilding package 'sub3' with the following arguments: {'ament_cmake_args': None, 'build_base': 'C:\\Users\\SSAFY\\Desktop\\ros2_ws\\build\\sub3', 'catkin_cmake_args': None, 'catkin_skip_building_tests': False, 'cmake_args': None, 'cmake_clean_cache': False, 'cmake_clean_first': False, 'cmake_force_configure': False, 'cmake_target': None, 'cmake_target_skip_unavailable': False, 'install_base': 'C:\\Users\\SSAFY\\Desktop\\ros2_ws\\install\\sub3', 'merge_install': False, 'path': 'C:\\Users\\SSAFY\\Desktop\\ros2_ws\\src\\sub3', 'symlink_install': False, 'test_result_base': None}[0m
[0.462s] [34mcolcon.colcon_core.verb[0m [1;30mLevel 5[0m set package 'advanced' build argument 'cmake_args' from command line to 'None'
[0.462s] [34mcolcon.colcon_core.verb[0m [1;30mLevel 5[0m set package 'advanced' build argument 'cmake_target' from command line to 'None'
[0.462s] [34mcolcon.colcon_core.verb[0m [1;30mLevel 5[0m set package 'advanced' build argument 'cmake_target_skip_unavailable' from command line to 'False'
[0.462s] [34mcolcon.colcon_core.verb[0m [1;30mLevel 5[0m set package 'advanced' build argument 'cmake_clean_cache' from command line to 'False'
[0.462s] [34mcolcon.colcon_core.verb[0m [1;30mLevel 5[0m set package 'advanced' build argument 'cmake_clean_first' from command line to 'False'
[0.462s] [34mcolcon.colcon_core.verb[0m [1;30mLevel 5[0m set package 'advanced' build argument 'cmake_force_configure' from command line to 'False'
[0.462s] [34mcolcon.colcon_core.verb[0m [1;30mLevel 5[0m set package 'advanced' build argument 'ament_cmake_args' from command line to 'None'
[0.463s] [34mcolcon.colcon_core.verb[0m [1;30mLevel 5[0m set package 'advanced' build argument 'catkin_cmake_args' from command line to 'None'
[0.463s] [34mcolcon.colcon_core.verb[0m [1;30mLevel 5[0m set package 'advanced' build argument 'catkin_skip_building_tests' from command line to 'False'
[0.463s] [34mcolcon.colcon_core.verb[0m [1;30mDEBUG[0m [32mBuilding package 'advanced' with the following arguments: {'ament_cmake_args': None, 'build_base': 'C:\\Users\\SSAFY\\Desktop\\ros2_ws\\build\\advanced', 'catkin_cmake_args': None, 'catkin_skip_building_tests': False, 'cmake_args': None, 'cmake_clean_cache': False, 'cmake_clean_first': False, 'cmake_force_configure': False, 'cmake_target': None, 'cmake_target_skip_unavailable': False, 'install_base': 'C:\\Users\\SSAFY\\Desktop\\ros2_ws\\install\\advanced', 'merge_install': False, 'path': 'C:\\Users\\SSAFY\\Desktop\\ros2_ws\\src\\advanced', 'symlink_install': False, 'test_result_base': None}[0m
[0.463s] [34mcolcon.colcon_core.verb[0m [1;30mLevel 5[0m set package 'custom_game' build argument 'cmake_args' from command line to 'None'
[0.463s] [34mcolcon.colcon_core.verb[0m [1;30mLevel 5[0m set package 'custom_game' build argument 'cmake_target' from command line to 'None'
[0.463s] [34mcolcon.colcon_core.verb[0m [1;30mLevel 5[0m set package 'custom_game' build argument 'cmake_target_skip_unavailable' from command line to 'False'
[0.463s] [34mcolcon.colcon_core.verb[0m [1;30mLevel 5[0m set package 'custom_game' build argument 'cmake_clean_cache' from command line to 'False'
[0.463s] [34mcolcon.colcon_core.verb[0m [1;30mLevel 5[0m set package 'custom_game' build argument 'cmake_clean_first' from command line to 'False'
[0.463s] [34mcolcon.colcon_core.verb[0m [1;30mLevel 5[0m set package 'custom_game' build argument 'cmake_force_configure' from command line to 'False'
[0.463s] [34mcolcon.colcon_core.verb[0m [1;30mLevel 5[0m set package 'custom_game' build argument 'ament_cmake_args' from command line to 'None'
[0.463s] [34mcolcon.colcon_core.verb[0m [1;30mLevel 5[0m set package 'custom_game' build argument 'catkin_cmake_args' from command line to 'None'
[0.463s] [34mcolcon.colcon_core.verb[0m [1;30mLevel 5[0m set package 'custom_game' build argument 'catkin_skip_building_tests' from command line to 'False'
[0.463s] [34mcolcon.colcon_core.verb[0m [1;30mDEBUG[0m [32mBuilding package 'custom_game' with the following arguments: {'ament_cmake_args': None, 'build_base': 'C:\\Users\\SSAFY\\Desktop\\ros2_ws\\build\\custom_game', 'catkin_cmake_args': None, 'catkin_skip_building_tests': False, 'cmake_args': None, 'cmake_clean_cache': False, 'cmake_clean_first': False, 'cmake_force_configure': False, 'cmake_target': None, 'cmake_target_skip_unavailable': False, 'install_base': 'C:\\Users\\SSAFY\\Desktop\\ros2_ws\\install\\custom_game', 'merge_install': False, 'path': 'C:\\Users\\SSAFY\\Desktop\\ros2_ws\\src\\custom_game', 'symlink_install': False, 'test_result_base': None}[0m
[0.463s] [34mcolcon.colcon_core.executor[0m [1;30mINFO[0m Executing jobs using 'parallel' executor
[0.466s] [34mcolcon.colcon_parallel_executor.executor.parallel[0m [1;30mDEBUG[0m [32mrun_until_complete[0m
[0.466s] [34mcolcon.colcon_ros.task.ament_cmake.build[0m [1;30mINFO[0m Building ROS package in 'C:\Users\SSAFY\Desktop\ros2_ws\src\ssafy_msgs' with build type 'ament_cmake'
[0.466s] [34mcolcon.colcon_cmake.task.cmake.build[0m [1;30mINFO[0m Building CMake package in 'C:\Users\SSAFY\Desktop\ros2_ws\src\ssafy_msgs'
[0.468s] [34mcolcon.colcon_core.plugin_system[0m [1;30mINFO[0m Skipping extension 'colcon_core.shell.sh': Not used on Windows systems
[0.468s] [34mcolcon.colcon_core.shell[0m [1;30mINFO[0m Skip shell extension 'powershell' for command environment: Not usable outside of PowerShell
[0.479s] [34mcolcon.colcon_ros.task.ament_python.build[0m [1;30mINFO[0m Building ROS package in 'C:\Users\SSAFY\Desktop\ros2_ws\src\c208_package' with build type 'ament_python'
[0.479s] [34mcolcon.colcon_core.shell[0m [1;30mLevel 1[0m create_environment_hook('c208_package', 'ament_prefix_path')
[0.479s] [34mcolcon.colcon_core.shell[0m [1;30mINFO[0m Creating environment hook 'C:\Users\SSAFY\Desktop\ros2_ws\install\c208_package\share\c208_package\hook\ament_prefix_path.ps1'
[0.480s] [34mcolcon.colcon_core.shell[0m [1;30mINFO[0m Creating environment hook 'C:\Users\SSAFY\Desktop\ros2_ws\install\c208_package\share\c208_package\hook\ament_prefix_path.bat'
[0.482s] [34mcolcon.colcon_core.shell[0m [1;30mINFO[0m Creating environment descriptor 'C:\Users\SSAFY\Desktop\ros2_ws\install\c208_package\share\c208_package\hook\ament_prefix_path.dsv'
[0.483s] [34mcolcon.colcon_core.shell[0m [1;30mINFO[0m Skip shell extension 'powershell' for command environment: Not usable outside of PowerShell
[0.491s] [34mcolcon.colcon_ros.task.ament_python.build[0m [1;30mINFO[0m Building ROS package in 'C:\Users\SSAFY\Desktop\ros2_ws\src\security_service' with build type 'ament_python'
[0.491s] [34mcolcon.colcon_core.shell[0m [1;30mLevel 1[0m create_environment_hook('security_service', 'ament_prefix_path')
[0.491s] [34mcolcon.colcon_core.shell[0m [1;30mINFO[0m Creating environment hook 'C:\Users\SSAFY\Desktop\ros2_ws\install\security_service\share\security_service\hook\ament_prefix_path.ps1'
[0.492s] [34mcolcon.colcon_core.shell[0m [1;30mINFO[0m Creating environment hook 'C:\Users\SSAFY\Desktop\ros2_ws\install\security_service\share\security_service\hook\ament_prefix_path.bat'
[0.492s] [34mcolcon.colcon_core.shell[0m [1;30mINFO[0m Creating environment descriptor 'C:\Users\SSAFY\Desktop\ros2_ws\install\security_service\share\security_service\hook\ament_prefix_path.dsv'
[0.493s] [34mcolcon.colcon_core.shell[0m [1;30mINFO[0m Skip shell extension 'powershell' for command environment: Not usable outside of PowerShell
[0.502s] [34mcolcon.colcon_ros.task.ament_python.build[0m [1;30mINFO[0m Building ROS package in 'C:\Users\SSAFY\Desktop\ros2_ws\src\ssafy_bridge' with build type 'ament_python'
[0.502s] [34mcolcon.colcon_core.shell[0m [1;30mLevel 1[0m create_environment_hook('ssafy_bridge', 'ament_prefix_path')
[0.502s] [34mcolcon.colcon_core.shell[0m [1;30mINFO[0m Creating environment hook 'C:\Users\SSAFY\Desktop\ros2_ws\install\ssafy_bridge\share\ssafy_bridge\hook\ament_prefix_path.ps1'
[0.503s] [34mcolcon.colcon_core.shell[0m [1;30mINFO[0m Creating environment hook 'C:\Users\SSAFY\Desktop\ros2_ws\install\ssafy_bridge\share\ssafy_bridge\hook\ament_prefix_path.bat'
[0.504s] [34mcolcon.colcon_core.shell[0m [1;30mINFO[0m Creating environment descriptor 'C:\Users\SSAFY\Desktop\ros2_ws\install\ssafy_bridge\share\ssafy_bridge\hook\ament_prefix_path.dsv'
[0.505s] [34mcolcon.colcon_core.shell[0m [1;30mINFO[0m Skip shell extension 'powershell' for command environment: Not usable outside of PowerShell
[0.512s] [34mcolcon.colcon_ros.task.ament_python.build[0m [1;30mINFO[0m Building ROS package in 'C:\Users\SSAFY\Desktop\ros2_ws\src\sub1' with build type 'ament_python'
[0.513s] [34mcolcon.colcon_core.shell[0m [1;30mLevel 1[0m create_environment_hook('sub1', 'ament_prefix_path')
[0.513s] [34mcolcon.colcon_core.shell[0m [1;30mINFO[0m Creating environment hook 'C:\Users\SSAFY\Desktop\ros2_ws\install\sub1\share\sub1\hook\ament_prefix_path.ps1'
[0.514s] [34mcolcon.colcon_core.shell[0m [1;30mINFO[0m Creating environment hook 'C:\Users\SSAFY\Desktop\ros2_ws\install\sub1\share\sub1\hook\ament_prefix_path.bat'
[0.515s] [34mcolcon.colcon_core.shell[0m [1;30mINFO[0m Creating environment descriptor 'C:\Users\SSAFY\Desktop\ros2_ws\install\sub1\share\sub1\hook\ament_prefix_path.dsv'
[0.516s] [34mcolcon.colcon_core.shell[0m [1;30mINFO[0m Skip shell extension 'powershell' for command environment: Not usable outside of PowerShell
[0.524s] [34mcolcon.colcon_ros.task.ament_python.build[0m [1;30mINFO[0m Building ROS package in 'C:\Users\SSAFY\Desktop\ros2_ws\src\sub2' with build type 'ament_python'
[0.524s] [34mcolcon.colcon_core.shell[0m [1;30mLevel 1[0m create_environment_hook('sub2', 'ament_prefix_path')
[0.525s] [34mcolcon.colcon_core.shell[0m [1;30mINFO[0m Creating environment hook 'C:\Users\SSAFY\Desktop\ros2_ws\install\sub2\share\sub2\hook\ament_prefix_path.ps1'
[0.526s] [34mcolcon.colcon_core.shell[0m [1;30mINFO[0m Creating environment hook 'C:\Users\SSAFY\Desktop\ros2_ws\install\sub2\share\sub2\hook\ament_prefix_path.bat'
[0.527s] [34mcolcon.colcon_core.shell[0m [1;30mINFO[0m Creating environment descriptor 'C:\Users\SSAFY\Desktop\ros2_ws\install\sub2\share\sub2\hook\ament_prefix_path.dsv'
[0.528s] [34mcolcon.colcon_core.shell[0m [1;30mINFO[0m Skip shell extension 'powershell' for command environment: Not usable outside of PowerShell
[0.535s] [34mcolcon.colcon_ros.task.ament_python.build[0m [1;30mINFO[0m Building ROS package in 'C:\Users\SSAFY\Desktop\ros2_ws\src\sub3' with build type 'ament_python'
[0.535s] [34mcolcon.colcon_core.shell[0m [1;30mLevel 1[0m create_environment_hook('sub3', 'ament_prefix_path')
[0.536s] [34mcolcon.colcon_core.shell[0m [1;30mINFO[0m Creating environment hook 'C:\Users\SSAFY\Desktop\ros2_ws\install\sub3\share\sub3\hook\ament_prefix_path.ps1'
[0.537s] [34mcolcon.colcon_core.shell[0m [1;30mINFO[0m Creating environment hook 'C:\Users\SSAFY\Desktop\ros2_ws\install\sub3\share\sub3\hook\ament_prefix_path.bat'
[0.538s] [34mcolcon.colcon_core.shell[0m [1;30mINFO[0m Creating environment descriptor 'C:\Users\SSAFY\Desktop\ros2_ws\install\sub3\share\sub3\hook\ament_prefix_path.dsv'
[0.539s] [34mcolcon.colcon_core.shell[0m [1;30mINFO[0m Skip shell extension 'powershell' for command environment: Not usable outside of PowerShell
[0.924s] [34mcolcon.colcon_core.task.python.build[0m [1;30mINFO[0m Building Python package in 'C:\Users\SSAFY\Desktop\ros2_ws\src\ssafy_bridge'
[0.925s] [34mcolcon.colcon_core.shell[0m [1;30mINFO[0m Skip shell extension 'powershell' for command environment: Not usable outside of PowerShell
[1.318s] [34mcolcon.colcon_core.task.python.build[0m [1;30mINFO[0m Building Python package in 'C:\Users\SSAFY\Desktop\ros2_ws\src\security_service'
[1.318s] [34mcolcon.colcon_core.shell[0m [1;30mINFO[0m Skip shell extension 'powershell' for command environment: Not usable outside of PowerShell
[1.732s] [34mcolcon.colcon_core.task.python.build[0m [1;30mINFO[0m Building Python package in 'C:\Users\SSAFY\Desktop\ros2_ws\src\c208_package'
[1.733s] [34mcolcon.colcon_core.shell[0m [1;30mINFO[0m Skip shell extension 'powershell' for command environment: Not usable outside of PowerShell
[2.166s] [34mcolcon.colcon_core.task.python.build[0m [1;30mINFO[0m Building Python package in 'C:\Users\SSAFY\Desktop\ros2_ws\src\sub1'
[2.166s] [34mcolcon.colcon_core.shell[0m [1;30mINFO[0m Skip shell extension 'powershell' for command environment: Not usable outside of PowerShell
[2.564s] [34mcolcon.colcon_core.task.python.build[0m [1;30mINFO[0m Building Python package in 'C:\Users\SSAFY\Desktop\ros2_ws\src\sub2'
[2.564s] [34mcolcon.colcon_core.shell[0m [1;30mINFO[0m Skip shell extension 'powershell' for command environment: Not usable outside of PowerShell
[2.598s] [34mcolcon.colcon_core.event_handler.log_command[0m [1;30mDEBUG[0m [32mInvoking command in 'C:\Users\SSAFY\Desktop\ros2_ws\build\ssafy_msgs': CL=/MP INCLUDE=%INCLUDE%
IntelliJ IDEA=C:\Program Files\JetBrains\IntelliJ IDEA 2024.1.4\bin; C:\Program Files\CMake\bin\cmake.EXE --build C:\Users\SSAFY\Desktop\ros2_ws\build\ssafy_msgs --config Release[0m
[3.331s] [34mcolcon.colcon_core.task.python.build[0m [1;30mINFO[0m Building Python package in 'C:\Users\SSAFY\Desktop\ros2_ws\src\sub3'
[3.332s] [34mcolcon.colcon_core.shell[0m [1;30mINFO[0m Skip shell extension 'powershell' for command environment: Not usable outside of PowerShell
[3.734s] [34mcolcon.colcon_core.event_handler.log_command[0m [1;30mDEBUG[0m [32mInvoking command in 'C:\Users\SSAFY\Desktop\ros2_ws\src\sub1': INCLUDE=%INCLUDE%
IntelliJ IDEA=C:\Program Files\JetBrains\IntelliJ IDEA 2024.1.4\bin; PYTHONPATH=C:\Users\SSAFY\Desktop\ros2_ws\build\sub1\prefix_override;c:\python37\lib\site-packages\colcon_core\task\python\colcon_distutils_commands;C:\Users\SSAFY\Desktop\ros2_ws\install\sub1\Lib\site-packages; c:\python37\python.exe -W ignore:setup.py install is deprecated setup.py egg_info --egg-base ..\..\build\sub1 build --build-base C:\Users\SSAFY\Desktop\ros2_ws\build\sub1\build install --record C:\Users\SSAFY\Desktop\ros2_ws\build\sub1\install.log --install-scripts $base/lib/sub1 --single-version-externally-managed install_data[0m
[3.800s] [34mcolcon.colcon_core.event_handler.log_command[0m [1;30mDEBUG[0m [32mInvoking command in 'C:\Users\SSAFY\Desktop\ros2_ws\src\sub2': INCLUDE=%INCLUDE%
IntelliJ IDEA=C:\Program Files\JetBrains\IntelliJ IDEA 2024.1.4\bin; PYTHONPATH=C:\Users\SSAFY\Desktop\ros2_ws\build\sub2\prefix_override;c:\python37\lib\site-packages\colcon_core\task\python\colcon_distutils_commands;C:\Users\SSAFY\Desktop\ros2_ws\install\sub2\Lib\site-packages; c:\python37\python.exe -W ignore:setup.py install is deprecated setup.py egg_info --egg-base ..\..\build\sub2 build --build-base C:\Users\SSAFY\Desktop\ros2_ws\build\sub2\build install --record C:\Users\SSAFY\Desktop\ros2_ws\build\sub2\install.log --install-scripts $base/lib/sub2 --single-version-externally-managed install_data[0m
[3.907s] [34mcolcon.colcon_core.event_handler.log_command[0m [1;30mDEBUG[0m [32mInvoking command in 'C:\Users\SSAFY\Desktop\ros2_ws\src\ssafy_bridge': INCLUDE=%INCLUDE%
IntelliJ IDEA=C:\Program Files\JetBrains\IntelliJ IDEA 2024.1.4\bin; PYTHONPATH=C:\Users\SSAFY\Desktop\ros2_ws\build\ssafy_bridge\prefix_override;c:\python37\lib\site-packages\colcon_core\task\python\colcon_distutils_commands;C:\Users\SSAFY\Desktop\ros2_ws\install\ssafy_bridge\Lib\site-packages; c:\python37\python.exe -W ignore:setup.py install is deprecated setup.py egg_info --egg-base ..\..\build\ssafy_bridge build --build-base C:\Users\SSAFY\Desktop\ros2_ws\build\ssafy_bridge\build install --record C:\Users\SSAFY\Desktop\ros2_ws\build\ssafy_bridge\install.log --install-scripts $base/lib/ssafy_bridge --single-version-externally-managed install_data[0m
[6.043s] [34mcolcon.colcon_core.event_handler.log_command[0m [1;30mDEBUG[0m [32mInvoking command in 'C:\Users\SSAFY\Desktop\ros2_ws\src\sub3': INCLUDE=%INCLUDE%
IntelliJ IDEA=C:\Program Files\JetBrains\IntelliJ IDEA 2024.1.4\bin; PYTHONPATH=C:\Users\SSAFY\Desktop\ros2_ws\build\sub3\prefix_override;c:\python37\lib\site-packages\colcon_core\task\python\colcon_distutils_commands;C:\Users\SSAFY\Desktop\ros2_ws\install\sub3\Lib\site-packages; c:\python37\python.exe -W ignore:setup.py install is deprecated setup.py egg_info --egg-base ..\..\build\sub3 build --build-base C:\Users\SSAFY\Desktop\ros2_ws\build\sub3\build install --record C:\Users\SSAFY\Desktop\ros2_ws\build\sub3\install.log --install-scripts $base/lib/sub3 --single-version-externally-managed install_data[0m
[6.085s] [34mcolcon.colcon_core.event_handler.log_command[0m [1;30mDEBUG[0m [32mInvoking command in 'C:\Users\SSAFY\Desktop\ros2_ws\src\security_service': INCLUDE=%INCLUDE%
IntelliJ IDEA=C:\Program Files\JetBrains\IntelliJ IDEA 2024.1.4\bin; PYTHONPATH=C:\Users\SSAFY\Desktop\ros2_ws\build\security_service\prefix_override;c:\python37\lib\site-packages\colcon_core\task\python\colcon_distutils_commands;C:\Users\SSAFY\Desktop\ros2_ws\install\security_service\Lib\site-packages; c:\python37\python.exe -W ignore:setup.py install is deprecated setup.py egg_info --egg-base ..\..\build\security_service build --build-base C:\Users\SSAFY\Desktop\ros2_ws\build\security_service\build install --record C:\Users\SSAFY\Desktop\ros2_ws\build\security_service\install.log --install-scripts $base/lib/security_service --single-version-externally-managed install_data[0m
[6.118s] [34mcolcon.colcon_core.event_handler.log_command[0m [1;30mDEBUG[0m [32mInvoking command in 'C:\Users\SSAFY\Desktop\ros2_ws\src\c208_package': INCLUDE=%INCLUDE%
IntelliJ IDEA=C:\Program Files\JetBrains\IntelliJ IDEA 2024.1.4\bin; PYTHONPATH=C:\Users\SSAFY\Desktop\ros2_ws\build\c208_package\prefix_override;c:\python37\lib\site-packages\colcon_core\task\python\colcon_distutils_commands;C:\Users\SSAFY\Desktop\ros2_ws\install\c208_package\Lib\site-packages; c:\python37\python.exe -W ignore:setup.py install is deprecated setup.py egg_info --egg-base ..\..\build\c208_package build --build-base C:\Users\SSAFY\Desktop\ros2_ws\build\c208_package\build install --record C:\Users\SSAFY\Desktop\ros2_ws\build\c208_package\install.log --install-scripts $base/lib/c208_package --single-version-externally-managed install_data[0m
[6.442s] [34mcolcon.colcon_core.event_handler.log_command[0m [1;30mDEBUG[0m [32mInvoked command in 'C:\Users\SSAFY\Desktop\ros2_ws\src\sub1' returned '1': INCLUDE=%INCLUDE%
IntelliJ IDEA=C:\Program Files\JetBrains\IntelliJ IDEA 2024.1.4\bin; PYTHONPATH=C:\Users\SSAFY\Desktop\ros2_ws\build\sub1\prefix_override;c:\python37\lib\site-packages\colcon_core\task\python\colcon_distutils_commands;C:\Users\SSAFY\Desktop\ros2_ws\install\sub1\Lib\site-packages; c:\python37\python.exe -W ignore:setup.py install is deprecated setup.py egg_info --egg-base ..\..\build\sub1 build --build-base C:\Users\SSAFY\Desktop\ros2_ws\build\sub1\build install --record C:\Users\SSAFY\Desktop\ros2_ws\build\sub1\install.log --install-scripts $base/lib/sub1 --single-version-externally-managed install_data[0m
[14.272s] [34mcolcon.colcon_parallel_executor.executor.parallel[0m [1;30mDEBUG[0m [32mskipping loop closure[0m
[14.272s] [34mcolcon.colcon_parallel_executor.executor.parallel[0m [1;30mDEBUG[0m [32mrun_until_complete finished with '1'[0m
[14.272s] [34mcolcon.colcon_core.event_reactor[0m [1;30mDEBUG[0m [32mjoining thread[0m
[14.283s] [34mcolcon.colcon_core.plugin_system[0m [1;30mINFO[0m Skipping extension 'colcon_notification.desktop_notification.notify2': 'notify2' not found
[14.283s] [34mcolcon.colcon_core.plugin_system[0m [1;30mINFO[0m Skipping extension 'colcon_notification.desktop_notification.notify_send': Not used on non-Linux systems
[14.283s] [34mcolcon.colcon_core.plugin_system[0m [1;30mINFO[0m Skipping extension 'colcon_notification.desktop_notification.terminal_notifier': Not used on non-Darwin systems
[14.284s] [34mcolcon.colcon_notification.desktop_notification[0m [1;30mINFO[0m Sending desktop notification using 'win32'
[19.339s] [34mcolcon.colcon_core.event_reactor[0m [1;30mDEBUG[0m [32mjoined thread[0m
[19.339s] [34mcolcon.colcon_core.shell[0m [1;30mINFO[0m Creating prefix script 'C:\Users\SSAFY\Desktop\ros2_ws\install\local_setup.ps1'
[19.340s] [34mcolcon.colcon_core.shell[0m [1;30mINFO[0m Creating prefix util module 'C:\Users\SSAFY\Desktop\ros2_ws\install\_local_setup_util_ps1.py'
[19.342s] [34mcolcon.colcon_core.shell[0m [1;30mINFO[0m Creating prefix chain script 'C:\Users\SSAFY\Desktop\ros2_ws\install\setup.ps1'
[19.343s] [34mcolcon.colcon_core.shell[0m [1;30mINFO[0m Creating prefix script 'C:\Users\SSAFY\Desktop\ros2_ws\install\local_setup.bat'
[19.344s] [34mcolcon.colcon_core.shell[0m [1;30mINFO[0m Creating prefix util module 'C:\Users\SSAFY\Desktop\ros2_ws\install\_local_setup_util_bat.py'
[19.345s] [34mcolcon.colcon_core.shell[0m [1;30mINFO[0m Creating prefix chain script 'C:\Users\SSAFY\Desktop\ros2_ws\install\setup.bat'
