[15.188s] Invoking command in 'C:\Users\SSAFY\Desktop\ros2_ws\src\ssafy_bridge': INCLUDE=%INCLUDE%
IntelliJ IDEA=C:\Program Files\JetBrains\IntelliJ IDEA 2024.1.4\bin; PYTHONPATH=C:\Users\SSAFY\Desktop\ros2_ws\build\ssafy_bridge\prefix_override;c:\python37\lib\site-packages\colcon_core\task\python\colcon_distutils_commands;C:\Users\SSAFY\Desktop\ros2_ws\install\ssafy_bridge\Lib\site-packages; c:\python37\python.exe -W ignore:setup.py install is deprecated setup.py egg_info --egg-base ..\..\build\ssafy_bridge build --build-base C:\Users\SSAFY\Desktop\ros2_ws\build\ssafy_bridge\build install --record C:\Users\SSAFY\Desktop\ros2_ws\build\ssafy_bridge\install.log --install-scripts $base/lib/ssafy_bridge --single-version-externally-managed install_data
[18.500s] running egg_info
[18.500s] writing ..\..\build\ssafy_bridge\ssafy_bridge.egg-info\PKG-INFO
[18.500s] writing dependency_links to ..\..\build\ssafy_bridge\ssafy_bridge.egg-info\dependency_links.txt
[18.516s] writing entry points to ..\..\build\ssafy_bridge\ssafy_bridge.egg-info\entry_points.txt
[18.516s] writing requirements to ..\..\build\ssafy_bridge\ssafy_bridge.egg-info\requires.txt
[18.516s] writing top-level names to ..\..\build\ssafy_bridge\ssafy_bridge.egg-info\top_level.txt
[18.766s] reading manifest file '..\..\build\ssafy_bridge\ssafy_bridge.egg-info\SOURCES.txt'
[18.829s] writing manifest file '..\..\build\ssafy_bridge\ssafy_bridge.egg-info\SOURCES.txt'
[18.829s] running build
[18.829s] running build_py
[18.860s] copying ssafy_bridge\utils.py -> C:\Users\SSAFY\Desktop\ros2_ws\build\ssafy_bridge\build\lib\ssafy_bridge
[18.875s] running install
[18.891s] running install_lib
[18.907s] copying C:\Users\SSAFY\Desktop\ros2_ws\build\ssafy_bridge\build\lib\ssafy_bridge\utils.py -> C:\Users\SSAFY\Desktop\ros2_ws\install\ssafy_bridge\Lib\site-packages\ssafy_bridge
[18.985s] byte-compiling C:\Users\SSAFY\Desktop\ros2_ws\install\ssafy_bridge\Lib\site-packages\ssafy_bridge\utils.py to utils.cpython-37.pyc
[19.016s] running install_data
[19.016s] running install_egg_info
[19.047s] removing 'C:\Users\SSAFY\Desktop\ros2_ws\install\ssafy_bridge\Lib\site-packages\ssafy_bridge-0.0.0-py3.7.egg-info' (and everything under it)
[19.079s] Copying ..\..\build\ssafy_bridge\ssafy_bridge.egg-info to C:\Users\SSAFY\Desktop\ros2_ws\install\ssafy_bridge\Lib\site-packages\ssafy_bridge-0.0.0-py3.7.egg-info
[19.375s] running install_scripts
[19.407s] Installing cam_viewer-script.py script to C:\Users\SSAFY\Desktop\ros2_ws\install\ssafy_bridge\lib\ssafy_bridge
[19.422s] Installing cam_viewer.exe script to C:\Users\SSAFY\Desktop\ros2_ws\install\ssafy_bridge\lib\ssafy_bridge
[19.422s] Installing sub_to_udp-script.py script to C:\Users\SSAFY\Desktop\ros2_ws\install\ssafy_bridge\lib\ssafy_bridge
[19.422s] Installing sub_to_udp.exe script to C:\Users\SSAFY\Desktop\ros2_ws\install\ssafy_bridge\lib\ssafy_bridge
[19.438s] Installing udp_to_cam-script.py script to C:\Users\SSAFY\Desktop\ros2_ws\install\ssafy_bridge\lib\ssafy_bridge
[19.438s] Installing udp_to_cam.exe script to C:\Users\SSAFY\Desktop\ros2_ws\install\ssafy_bridge\lib\ssafy_bridge
[19.438s] Installing udp_to_laser-script.py script to C:\Users\SSAFY\Desktop\ros2_ws\install\ssafy_bridge\lib\ssafy_bridge
[19.454s] Installing udp_to_laser.exe script to C:\Users\SSAFY\Desktop\ros2_ws\install\ssafy_bridge\lib\ssafy_bridge
[19.454s] Installing udp_to_pub-script.py script to C:\Users\SSAFY\Desktop\ros2_ws\install\ssafy_bridge\lib\ssafy_bridge
[19.469s] Installing udp_to_pub.exe script to C:\Users\SSAFY\Desktop\ros2_ws\install\ssafy_bridge\lib\ssafy_bridge
[19.469s] writing list of installed files to 'C:\Users\SSAFY\Desktop\ros2_ws\build\ssafy_bridge\install.log'
[19.672s] Invoked command in 'C:\Users\SSAFY\Desktop\ros2_ws\src\ssafy_bridge' returned '0': INCLUDE=%INCLUDE%
IntelliJ IDEA=C:\Program Files\JetBrains\IntelliJ IDEA 2024.1.4\bin; PYTHONPATH=C:\Users\SSAFY\Desktop\ros2_ws\build\ssafy_bridge\prefix_override;c:\python37\lib\site-packages\colcon_core\task\python\colcon_distutils_commands;C:\Users\SSAFY\Desktop\ros2_ws\install\ssafy_bridge\Lib\site-packages; c:\python37\python.exe -W ignore:setup.py install is deprecated setup.py egg_info --egg-base ..\..\build\ssafy_bridge build --build-base C:\Users\SSAFY\Desktop\ros2_ws\build\ssafy_bridge\build install --record C:\Users\SSAFY\Desktop\ros2_ws\build\ssafy_bridge\install.log --install-scripts $base/lib/ssafy_bridge --single-version-externally-managed install_data
