[3.297s] Invoking command in 'C:\Users\SSAFY\Desktop\ros2_ws\build\ssafy_msgs': CL=/MP CMAKE_PREFIX_PATH=%CMAKE_PREFIX_PATH%;C:\Users\SSAFY\Desktop\ros2_ws\install\sub3;C:\Users\SSAFY\Desktop\ros2_ws\install\sub2;C:\Users\SSAFY\Desktop\ros2_ws\install\sub1;C:\Users\SSAFY\Desktop\ros2_ws\install\custom_game;C:\Users\SSAFY\Desktop\ros2_ws\install\advanced;C:\Users\SSAFY\Desktop\ros2_ws\install\ssafy_bridge;C:\Users\SSAFY\Desktop\ros2_ws\install\security_service;C:\Users\SSAFY\Desktop\ros2_ws\install\c208_package installDir=%installDir%
IntelliJ IDEA=C:\Program Files\JetBrains\IntelliJ IDEA 2024.1.4\bin; C:\Program Files\CMake\bin\cmake.EXE --build C:\Users\SSAFY\Desktop\ros2_ws\build\ssafy_msgs --config Release
[21.969s] msbuild 버전 17.10.4+10fbfbf2e(.NET Framework용)
[21.969s] 
[21.985s]   1>Checking Build System
[21.985s]   Building Custom Rule C:/Users/SSAFY/Desktop/ros2_ws/src/ssafy_msgs/CMakeLists.txt
[21.985s]   Building Custom Rule C:/Users/SSAFY/Desktop/ros2_ws/src/ssafy_msgs/CMakeLists.txt
[21.985s]   ssafy_msgs__rosidl_generator_c.vcxproj -> C:\Users\SSAFY\Desktop\ros2_ws\build\ssafy_msgs\Release\ssafy_msgs__rosidl_generator_c.dll
[21.985s]   Building Custom Rule C:/Users/SSAFY/Desktop/ros2_ws/src/ssafy_msgs/CMakeLists.txt
[21.985s]   ssafy_msgs__rosidl_typesupport_c.vcxproj -> C:\Users\SSAFY\Desktop\ros2_ws\build\ssafy_msgs\Release\ssafy_msgs__rosidl_typesupport_c.dll
[21.985s]   Building Custom Rule C:/Users/SSAFY/Desktop/ros2_ws/src/ssafy_msgs/CMakeLists.txt
[21.985s]   Building Custom Rule C:/Users/SSAFY/Desktop/ros2_ws/src/ssafy_msgs/CMakeLists.txt
[21.985s]   ssafy_msgs__rosidl_typesupport_connext_cpp.vcxproj -> C:\Users\SSAFY\Desktop\ros2_ws\build\ssafy_msgs\Release\ssafy_msgs__rosidl_typesupport_connext_cpp.dll
[21.985s]   Building Custom Rule C:/Users/SSAFY/Desktop/ros2_ws/src/ssafy_msgs/CMakeLists.txt
[21.985s]   ssafy_msgs__rosidl_typesupport_connext_c.vcxproj -> C:\Users\SSAFY\Desktop\ros2_ws\build\ssafy_msgs\Release\ssafy_msgs__rosidl_typesupport_connext_c.dll
[21.985s]   Building Custom Rule C:/Users/SSAFY/Desktop/ros2_ws/src/ssafy_msgs/CMakeLists.txt
[21.985s]   ssafy_msgs__rosidl_typesupport_cpp.vcxproj -> C:\Users\SSAFY\Desktop\ros2_ws\build\ssafy_msgs\Release\ssafy_msgs__rosidl_typesupport_cpp.dll
[21.985s]   Building Custom Rule C:/Users/SSAFY/Desktop/ros2_ws/src/ssafy_msgs/CMakeLists.txt
[21.985s]   ssafy_msgs__rosidl_typesupport_fastrtps_cpp.vcxproj -> C:\Users\SSAFY\Desktop\ros2_ws\build\ssafy_msgs\Release\ssafy_msgs__rosidl_typesupport_fastrtps_cpp.dll
[21.985s]   Building Custom Rule C:/Users/SSAFY/Desktop/ros2_ws/src/ssafy_msgs/CMakeLists.txt
[21.985s]   ssafy_msgs__rosidl_typesupport_fastrtps_c.vcxproj -> C:\Users\SSAFY\Desktop\ros2_ws\build\ssafy_msgs\Release\ssafy_msgs__rosidl_typesupport_fastrtps_c.dll
[21.985s]   Building Custom Rule C:/Users/SSAFY/Desktop/ros2_ws/src/ssafy_msgs/CMakeLists.txt
[21.985s]   ssafy_msgs__rosidl_typesupport_introspection_c.vcxproj -> C:\Users\SSAFY\Desktop\ros2_ws\build\ssafy_msgs\Release\ssafy_msgs__rosidl_typesupport_introspection_c.dll
[21.985s]   Building Custom Rule C:/Users/SSAFY/Desktop/ros2_ws/src/ssafy_msgs/CMakeLists.txt
[21.985s]   ssafy_msgs__rosidl_typesupport_introspection_cpp.vcxproj -> C:\Users\SSAFY\Desktop\ros2_ws\build\ssafy_msgs\Release\ssafy_msgs__rosidl_typesupport_introspection_cpp.dll
[22.000s]   Building Custom Rule C:/Users/SSAFY/Desktop/ros2_ws/src/ssafy_msgs/CMakeLists.txt
[22.000s]   Building Custom Rule C:/Users/SSAFY/Desktop/ros2_ws/src/ssafy_msgs/CMakeLists.txt
[22.000s]   ssafy_msgs__rosidl_typesupport_opensplice_cpp.vcxproj -> C:\Users\SSAFY\Desktop\ros2_ws\build\ssafy_msgs\Release\ssafy_msgs__rosidl_typesupport_opensplice_cpp.dll
[22.000s]   Building Custom Rule C:/Users/SSAFY/Desktop/ros2_ws/src/ssafy_msgs/CMakeLists.txt
[22.000s]   ssafy_msgs__rosidl_typesupport_opensplice_c.vcxproj -> C:\Users\SSAFY\Desktop\ros2_ws\build\ssafy_msgs\Release\ssafy_msgs__rosidl_typesupport_opensplice_c.dll
[22.000s]   Building Custom Rule C:/Users/SSAFY/Desktop/ros2_ws/src/ssafy_msgs/CMakeLists.txt
[26.063s]   Building Custom Rule C:/Users/SSAFY/Desktop/ros2_ws/src/ssafy_msgs/CMakeLists.txt
[26.063s]   ssafy_msgs__python.vcxproj -> C:\Users\SSAFY\Desktop\ros2_ws\build\ssafy_msgs\rosidl_generator_py\ssafy_msgs\ssafy_msgs__python.dll
[26.063s]   Building Custom Rule C:/Users/SSAFY/Desktop/ros2_ws/src/ssafy_msgs/CMakeLists.txt
[26.063s]   ssafy_msgs__rosidl_typesupport_c__pyext.vcxproj -> C:\Users\SSAFY\Desktop\ros2_ws\build\ssafy_msgs\rosidl_generator_py\ssafy_msgs\ssafy_msgs_s__rosidl_typesupport_c.pyd
[26.063s]   Building Custom Rule C:/Users/SSAFY/Desktop/ros2_ws/src/ssafy_msgs/CMakeLists.txt
[26.078s]   ssafy_msgs__rosidl_typesupport_connext_c__pyext.vcxproj -> C:\Users\SSAFY\Desktop\ros2_ws\build\ssafy_msgs\rosidl_generator_py\ssafy_msgs\ssafy_msgs_s__rosidl_typesupport_connext_c.pyd
[26.078s]   Building Custom Rule C:/Users/SSAFY/Desktop/ros2_ws/src/ssafy_msgs/CMakeLists.txt
[26.235s]   ssafy_msgs__rosidl_typesupport_fastrtps_c__pyext.vcxproj -> C:\Users\SSAFY\Desktop\ros2_ws\build\ssafy_msgs\rosidl_generator_py\ssafy_msgs\ssafy_msgs_s__rosidl_typesupport_fastrtps_c.pyd
[27.063s]   Building Custom Rule C:/Users/SSAFY/Desktop/ros2_ws/src/ssafy_msgs/CMakeLists.txt
[27.594s]   ssafy_msgs__rosidl_typesupport_introspection_c__pyext.vcxproj -> C:\Users\SSAFY\Desktop\ros2_ws\build\ssafy_msgs\rosidl_generator_py\ssafy_msgs\ssafy_msgs_s__rosidl_typesupport_introspection_c.pyd
[28.500s]   Building Custom Rule C:/Users/SSAFY/Desktop/ros2_ws/src/ssafy_msgs/CMakeLists.txt
[29.235s]   ssafy_msgs__rosidl_typesupport_opensplice_c__pyext.vcxproj -> C:\Users\SSAFY\Desktop\ros2_ws\build\ssafy_msgs\rosidl_generator_py\ssafy_msgs\ssafy_msgs_s__rosidl_typesupport_opensplice_c.pyd
[29.735s]   Building Custom Rule C:/Users/SSAFY/Desktop/ros2_ws/src/ssafy_msgs/CMakeLists.txt
[30.656s] Invoked command in 'C:\Users\SSAFY\Desktop\ros2_ws\build\ssafy_msgs' returned '0': CL=/MP CMAKE_PREFIX_PATH=%CMAKE_PREFIX_PATH%;C:\Users\SSAFY\Desktop\ros2_ws\install\sub3;C:\Users\SSAFY\Desktop\ros2_ws\install\sub2;C:\Users\SSAFY\Desktop\ros2_ws\install\sub1;C:\Users\SSAFY\Desktop\ros2_ws\install\custom_game;C:\Users\SSAFY\Desktop\ros2_ws\install\advanced;C:\Users\SSAFY\Desktop\ros2_ws\install\ssafy_bridge;C:\Users\SSAFY\Desktop\ros2_ws\install\security_service;C:\Users\SSAFY\Desktop\ros2_ws\install\c208_package installDir=%installDir%
IntelliJ IDEA=C:\Program Files\JetBrains\IntelliJ IDEA 2024.1.4\bin; C:\Program Files\CMake\bin\cmake.EXE --build C:\Users\SSAFY\Desktop\ros2_ws\build\ssafy_msgs --config Release
[30.906s] Invoking command in 'C:\Users\SSAFY\Desktop\ros2_ws\build\ssafy_msgs': CMAKE_PREFIX_PATH=%CMAKE_PREFIX_PATH%;C:\Users\SSAFY\Desktop\ros2_ws\install\sub3;C:\Users\SSAFY\Desktop\ros2_ws\install\sub2;C:\Users\SSAFY\Desktop\ros2_ws\install\sub1;C:\Users\SSAFY\Desktop\ros2_ws\install\custom_game;C:\Users\SSAFY\Desktop\ros2_ws\install\advanced;C:\Users\SSAFY\Desktop\ros2_ws\install\ssafy_bridge;C:\Users\SSAFY\Desktop\ros2_ws\install\security_service;C:\Users\SSAFY\Desktop\ros2_ws\install\c208_package installDir=%installDir%
IntelliJ IDEA=C:\Program Files\JetBrains\IntelliJ IDEA 2024.1.4\bin; C:\Program Files\CMake\bin\cmake.EXE --install C:\Users\SSAFY\Desktop\ros2_ws\build\ssafy_msgs --config Release
[31.063s] -- Up-to-date: C:/Users/SSAFY/Desktop/ros2_ws/install/ssafy_msgs/share/ament_index/resource_index/rosidl_interfaces/ssafy_msgs
[31.063s] -- Up-to-date: C:/Users/SSAFY/Desktop/ros2_ws/install/ssafy_msgs/lib/ssafy_msgs__rosidl_typesupport_c.lib
[31.063s] -- Up-to-date: C:/Users/SSAFY/Desktop/ros2_ws/install/ssafy_msgs/bin/ssafy_msgs__rosidl_typesupport_c.dll
[31.063s] -- Up-to-date: C:/Users/SSAFY/Desktop/ros2_ws/install/ssafy_msgs/lib/ssafy_msgs__rosidl_typesupport_cpp.lib
[31.078s] -- Up-to-date: C:/Users/SSAFY/Desktop/ros2_ws/install/ssafy_msgs/bin/ssafy_msgs__rosidl_typesupport_cpp.dll
[31.078s] -- Up-to-date: C:/Users/SSAFY/Desktop/ros2_ws/install/ssafy_msgs/include/ssafy_msgs
[31.094s] -- Up-to-date: C:/Users/SSAFY/Desktop/ros2_ws/install/ssafy_msgs/include/ssafy_msgs/msg
[31.094s] -- Up-to-date: C:/Users/SSAFY/Desktop/ros2_ws/install/ssafy_msgs/include/ssafy_msgs/msg/b_box__rosidl_typesupport_connext_c.h
[31.094s] -- Up-to-date: C:/Users/SSAFY/Desktop/ros2_ws/install/ssafy_msgs/include/ssafy_msgs/msg/custom_object_info__rosidl_typesupport_connext_c.h
[31.110s] -- Up-to-date: C:/Users/SSAFY/Desktop/ros2_ws/install/ssafy_msgs/include/ssafy_msgs/msg/dds_connext
[31.110s] -- Up-to-date: C:/Users/SSAFY/Desktop/ros2_ws/install/ssafy_msgs/include/ssafy_msgs/msg/enviroment_status__rosidl_typesupport_connext_c.h
[31.110s] -- Up-to-date: C:/Users/SSAFY/Desktop/ros2_ws/install/ssafy_msgs/include/ssafy_msgs/msg/hand_control__rosidl_typesupport_connext_c.h
[31.110s] -- Up-to-date: C:/Users/SSAFY/Desktop/ros2_ws/install/ssafy_msgs/include/ssafy_msgs/msg/num__rosidl_typesupport_connext_c.h
[31.125s] -- Up-to-date: C:/Users/SSAFY/Desktop/ros2_ws/install/ssafy_msgs/include/ssafy_msgs/msg/object_info__rosidl_typesupport_connext_c.h
[31.125s] -- Up-to-date: C:/Users/SSAFY/Desktop/ros2_ws/install/ssafy_msgs/include/ssafy_msgs/msg/rosidl_typesupport_connext_c__visibility_control.h
[31.125s] -- Up-to-date: C:/Users/SSAFY/Desktop/ros2_ws/install/ssafy_msgs/include/ssafy_msgs/msg/turtlebot_status__rosidl_typesupport_connext_c.h
[31.125s] -- Up-to-date: C:/Users/SSAFY/Desktop/ros2_ws/install/ssafy_msgs/lib/ssafy_msgs__rosidl_typesupport_connext_c.lib
[31.141s] -- Up-to-date: C:/Users/SSAFY/Desktop/ros2_ws/install/ssafy_msgs/bin/ssafy_msgs__rosidl_typesupport_connext_c.dll
[31.141s] -- Up-to-date: C:/Users/SSAFY/Desktop/ros2_ws/install/ssafy_msgs/include/ssafy_msgs
[31.141s] -- Up-to-date: C:/Users/SSAFY/Desktop/ros2_ws/install/ssafy_msgs/include/ssafy_msgs/msg
[31.141s] -- Up-to-date: C:/Users/SSAFY/Desktop/ros2_ws/install/ssafy_msgs/include/ssafy_msgs/msg/b_box.h
[31.141s] -- Up-to-date: C:/Users/SSAFY/Desktop/ros2_ws/install/ssafy_msgs/include/ssafy_msgs/msg/b_box__functions.c
[31.156s] -- Up-to-date: C:/Users/SSAFY/Desktop/ros2_ws/install/ssafy_msgs/include/ssafy_msgs/msg/b_box__functions.h
[31.156s] -- Up-to-date: C:/Users/SSAFY/Desktop/ros2_ws/install/ssafy_msgs/include/ssafy_msgs/msg/b_box__struct.h
[31.156s] -- Up-to-date: C:/Users/SSAFY/Desktop/ros2_ws/install/ssafy_msgs/include/ssafy_msgs/msg/b_box__type_support.h
[31.172s] -- Up-to-date: C:/Users/SSAFY/Desktop/ros2_ws/install/ssafy_msgs/include/ssafy_msgs/msg/custom_object_info.h
[31.172s] -- Up-to-date: C:/Users/SSAFY/Desktop/ros2_ws/install/ssafy_msgs/include/ssafy_msgs/msg/custom_object_info__functions.c
[31.172s] -- Up-to-date: C:/Users/SSAFY/Desktop/ros2_ws/install/ssafy_msgs/include/ssafy_msgs/msg/custom_object_info__functions.h
[31.188s] -- Up-to-date: C:/Users/SSAFY/Desktop/ros2_ws/install/ssafy_msgs/include/ssafy_msgs/msg/custom_object_info__struct.h
[31.188s] -- Up-to-date: C:/Users/SSAFY/Desktop/ros2_ws/install/ssafy_msgs/include/ssafy_msgs/msg/custom_object_info__type_support.h
[31.188s] -- Up-to-date: C:/Users/SSAFY/Desktop/ros2_ws/install/ssafy_msgs/include/ssafy_msgs/msg/enviroment_status.h
[31.188s] -- Up-to-date: C:/Users/SSAFY/Desktop/ros2_ws/install/ssafy_msgs/include/ssafy_msgs/msg/enviroment_status__functions.c
[31.188s] -- Up-to-date: C:/Users/SSAFY/Desktop/ros2_ws/install/ssafy_msgs/include/ssafy_msgs/msg/enviroment_status__functions.h
[31.203s] -- Up-to-date: C:/Users/SSAFY/Desktop/ros2_ws/install/ssafy_msgs/include/ssafy_msgs/msg/enviroment_status__struct.h
[31.203s] -- Up-to-date: C:/Users/SSAFY/Desktop/ros2_ws/install/ssafy_msgs/include/ssafy_msgs/msg/enviroment_status__type_support.h
[31.203s] -- Up-to-date: C:/Users/SSAFY/Desktop/ros2_ws/install/ssafy_msgs/include/ssafy_msgs/msg/hand_control.h
[31.219s] -- Up-to-date: C:/Users/SSAFY/Desktop/ros2_ws/install/ssafy_msgs/include/ssafy_msgs/msg/hand_control__functions.c
[31.219s] -- Up-to-date: C:/Users/SSAFY/Desktop/ros2_ws/install/ssafy_msgs/include/ssafy_msgs/msg/hand_control__functions.h
[31.219s] -- Up-to-date: C:/Users/SSAFY/Desktop/ros2_ws/install/ssafy_msgs/include/ssafy_msgs/msg/hand_control__struct.h
[31.219s] -- Up-to-date: C:/Users/SSAFY/Desktop/ros2_ws/install/ssafy_msgs/include/ssafy_msgs/msg/hand_control__type_support.h
[31.235s] -- Up-to-date: C:/Users/SSAFY/Desktop/ros2_ws/install/ssafy_msgs/include/ssafy_msgs/msg/num.h
[31.235s] -- Up-to-date: C:/Users/SSAFY/Desktop/ros2_ws/install/ssafy_msgs/include/ssafy_msgs/msg/num__functions.c
[31.235s] -- Up-to-date: C:/Users/SSAFY/Desktop/ros2_ws/install/ssafy_msgs/include/ssafy_msgs/msg/num__functions.h
[31.235s] -- Up-to-date: C:/Users/SSAFY/Desktop/ros2_ws/install/ssafy_msgs/include/ssafy_msgs/msg/num__struct.h
[31.250s] -- Up-to-date: C:/Users/SSAFY/Desktop/ros2_ws/install/ssafy_msgs/include/ssafy_msgs/msg/num__type_support.h
[31.281s] -- Up-to-date: C:/Users/SSAFY/Desktop/ros2_ws/install/ssafy_msgs/include/ssafy_msgs/msg/object_info.h
[31.281s] -- Up-to-date: C:/Users/SSAFY/Desktop/ros2_ws/install/ssafy_msgs/include/ssafy_msgs/msg/object_info__functions.c
[31.281s] -- Up-to-date: C:/Users/SSAFY/Desktop/ros2_ws/install/ssafy_msgs/include/ssafy_msgs/msg/object_info__functions.h
[31.297s] -- Up-to-date: C:/Users/SSAFY/Desktop/ros2_ws/install/ssafy_msgs/include/ssafy_msgs/msg/object_info__struct.h
[31.297s] -- Up-to-date: C:/Users/SSAFY/Desktop/ros2_ws/install/ssafy_msgs/include/ssafy_msgs/msg/object_info__type_support.h
[31.297s] -- Up-to-date: C:/Users/SSAFY/Desktop/ros2_ws/install/ssafy_msgs/include/ssafy_msgs/msg/rosidl_generator_c__visibility_control.h
[31.313s] -- Up-to-date: C:/Users/SSAFY/Desktop/ros2_ws/install/ssafy_msgs/include/ssafy_msgs/msg/turtlebot_status.h
[31.313s] -- Up-to-date: C:/Users/SSAFY/Desktop/ros2_ws/install/ssafy_msgs/include/ssafy_msgs/msg/turtlebot_status__functions.c
[31.313s] -- Up-to-date: C:/Users/SSAFY/Desktop/ros2_ws/install/ssafy_msgs/include/ssafy_msgs/msg/turtlebot_status__functions.h
[31.313s] -- Up-to-date: C:/Users/SSAFY/Desktop/ros2_ws/install/ssafy_msgs/include/ssafy_msgs/msg/turtlebot_status__struct.h
[31.328s] -- Up-to-date: C:/Users/SSAFY/Desktop/ros2_ws/install/ssafy_msgs/include/ssafy_msgs/msg/turtlebot_status__type_support.h
[31.328s] -- Up-to-date: C:/Users/SSAFY/Desktop/ros2_ws/install/ssafy_msgs/lib/ssafy_msgs__rosidl_generator_c.lib
[31.328s] -- Up-to-date: C:/Users/SSAFY/Desktop/ros2_ws/install/ssafy_msgs/bin/ssafy_msgs__rosidl_generator_c.dll
[31.344s] -- Up-to-date: C:/Users/SSAFY/Desktop/ros2_ws/install/ssafy_msgs/share/ssafy_msgs/msg/dds_connext
[31.344s] -- Up-to-date: C:/Users/SSAFY/Desktop/ros2_ws/install/ssafy_msgs/share/ssafy_msgs/msg/dds_connext/BBox_.idl
[31.344s] -- Up-to-date: C:/Users/SSAFY/Desktop/ros2_ws/install/ssafy_msgs/share/ssafy_msgs/msg/dds_connext/CustomObjectInfo_.idl
[31.344s] -- Up-to-date: C:/Users/SSAFY/Desktop/ros2_ws/install/ssafy_msgs/share/ssafy_msgs/msg/dds_connext/EnviromentStatus_.idl
[31.360s] -- Up-to-date: C:/Users/SSAFY/Desktop/ros2_ws/install/ssafy_msgs/share/ssafy_msgs/msg/dds_connext/HandControl_.idl
[31.360s] -- Up-to-date: C:/Users/SSAFY/Desktop/ros2_ws/install/ssafy_msgs/share/ssafy_msgs/msg/dds_connext/Num_.idl
[31.360s] -- Up-to-date: C:/Users/SSAFY/Desktop/ros2_ws/install/ssafy_msgs/share/ssafy_msgs/msg/dds_connext/ObjectInfo_.idl
[31.375s] -- Up-to-date: C:/Users/SSAFY/Desktop/ros2_ws/install/ssafy_msgs/share/ssafy_msgs/msg/dds_connext/TurtlebotStatus_.idl
[31.375s] -- Up-to-date: C:/Users/SSAFY/Desktop/ros2_ws/install/ssafy_msgs/include/ssafy_msgs
[31.375s] -- Up-to-date: C:/Users/SSAFY/Desktop/ros2_ws/install/ssafy_msgs/include/ssafy_msgs/msg
[31.375s] -- Up-to-date: C:/Users/SSAFY/Desktop/ros2_ws/install/ssafy_msgs/include/ssafy_msgs/msg/b_box__rosidl_typesupport_connext_cpp.hpp
[31.391s] -- Up-to-date: C:/Users/SSAFY/Desktop/ros2_ws/install/ssafy_msgs/include/ssafy_msgs/msg/custom_object_info__rosidl_typesupport_connext_cpp.hpp
[31.391s] -- Up-to-date: C:/Users/SSAFY/Desktop/ros2_ws/install/ssafy_msgs/include/ssafy_msgs/msg/dds_connext
[31.406s] -- Up-to-date: C:/Users/SSAFY/Desktop/ros2_ws/install/ssafy_msgs/include/ssafy_msgs/msg/dds_connext/BBox_.cxx
[31.422s] -- Up-to-date: C:/Users/SSAFY/Desktop/ros2_ws/install/ssafy_msgs/include/ssafy_msgs/msg/dds_connext/BBox_.h
[31.422s] -- Up-to-date: C:/Users/SSAFY/Desktop/ros2_ws/install/ssafy_msgs/include/ssafy_msgs/msg/dds_connext/BBox_Plugin.cxx
[31.438s] -- Up-to-date: C:/Users/SSAFY/Desktop/ros2_ws/install/ssafy_msgs/include/ssafy_msgs/msg/dds_connext/BBox_Plugin.h
[31.438s] -- Up-to-date: C:/Users/SSAFY/Desktop/ros2_ws/install/ssafy_msgs/include/ssafy_msgs/msg/dds_connext/BBox_Support.cxx
[31.453s] -- Up-to-date: C:/Users/SSAFY/Desktop/ros2_ws/install/ssafy_msgs/include/ssafy_msgs/msg/dds_connext/BBox_Support.h
[31.485s] -- Up-to-date: C:/Users/SSAFY/Desktop/ros2_ws/install/ssafy_msgs/include/ssafy_msgs/msg/dds_connext/CustomObjectInfo_.cxx
[31.500s] -- Up-to-date: C:/Users/SSAFY/Desktop/ros2_ws/install/ssafy_msgs/include/ssafy_msgs/msg/dds_connext/CustomObjectInfo_.h
[31.500s] -- Up-to-date: C:/Users/SSAFY/Desktop/ros2_ws/install/ssafy_msgs/include/ssafy_msgs/msg/dds_connext/CustomObjectInfo_Plugin.cxx
[31.500s] -- Up-to-date: C:/Users/SSAFY/Desktop/ros2_ws/install/ssafy_msgs/include/ssafy_msgs/msg/dds_connext/CustomObjectInfo_Plugin.h
[31.500s] -- Up-to-date: C:/Users/SSAFY/Desktop/ros2_ws/install/ssafy_msgs/include/ssafy_msgs/msg/dds_connext/CustomObjectInfo_Support.cxx
[31.500s] -- Up-to-date: C:/Users/SSAFY/Desktop/ros2_ws/install/ssafy_msgs/include/ssafy_msgs/msg/dds_connext/CustomObjectInfo_Support.h
[31.500s] -- Up-to-date: C:/Users/SSAFY/Desktop/ros2_ws/install/ssafy_msgs/include/ssafy_msgs/msg/dds_connext/EnviromentStatus_.cxx
[31.500s] -- Up-to-date: C:/Users/SSAFY/Desktop/ros2_ws/install/ssafy_msgs/include/ssafy_msgs/msg/dds_connext/EnviromentStatus_.h
[31.500s] -- Up-to-date: C:/Users/SSAFY/Desktop/ros2_ws/install/ssafy_msgs/include/ssafy_msgs/msg/dds_connext/EnviromentStatus_Plugin.cxx
[31.500s] -- Up-to-date: C:/Users/SSAFY/Desktop/ros2_ws/install/ssafy_msgs/include/ssafy_msgs/msg/dds_connext/EnviromentStatus_Plugin.h
[31.500s] -- Up-to-date: C:/Users/SSAFY/Desktop/ros2_ws/install/ssafy_msgs/include/ssafy_msgs/msg/dds_connext/EnviromentStatus_Support.cxx
[31.500s] -- Up-to-date: C:/Users/SSAFY/Desktop/ros2_ws/install/ssafy_msgs/include/ssafy_msgs/msg/dds_connext/EnviromentStatus_Support.h
[31.500s] -- Up-to-date: C:/Users/SSAFY/Desktop/ros2_ws/install/ssafy_msgs/include/ssafy_msgs/msg/dds_connext/HandControl_.cxx
[31.500s] -- Up-to-date: C:/Users/SSAFY/Desktop/ros2_ws/install/ssafy_msgs/include/ssafy_msgs/msg/dds_connext/HandControl_.h
[31.500s] -- Up-to-date: C:/Users/SSAFY/Desktop/ros2_ws/install/ssafy_msgs/include/ssafy_msgs/msg/dds_connext/HandControl_Plugin.cxx
[31.500s] -- Up-to-date: C:/Users/SSAFY/Desktop/ros2_ws/install/ssafy_msgs/include/ssafy_msgs/msg/dds_connext/HandControl_Plugin.h
[31.516s] -- Up-to-date: C:/Users/SSAFY/Desktop/ros2_ws/install/ssafy_msgs/include/ssafy_msgs/msg/dds_connext/HandControl_Support.cxx
[31.516s] -- Up-to-date: C:/Users/SSAFY/Desktop/ros2_ws/install/ssafy_msgs/include/ssafy_msgs/msg/dds_connext/HandControl_Support.h
[31.547s] -- Up-to-date: C:/Users/SSAFY/Desktop/ros2_ws/install/ssafy_msgs/include/ssafy_msgs/msg/dds_connext/Num_.cxx
[31.547s] -- Up-to-date: C:/Users/SSAFY/Desktop/ros2_ws/install/ssafy_msgs/include/ssafy_msgs/msg/dds_connext/Num_.h
[31.563s] -- Up-to-date: C:/Users/SSAFY/Desktop/ros2_ws/install/ssafy_msgs/include/ssafy_msgs/msg/dds_connext/Num_Plugin.cxx
[31.563s] -- Up-to-date: C:/Users/SSAFY/Desktop/ros2_ws/install/ssafy_msgs/include/ssafy_msgs/msg/dds_connext/Num_Plugin.h
[31.563s] -- Up-to-date: C:/Users/SSAFY/Desktop/ros2_ws/install/ssafy_msgs/include/ssafy_msgs/msg/dds_connext/Num_Support.cxx
[31.563s] -- Up-to-date: C:/Users/SSAFY/Desktop/ros2_ws/install/ssafy_msgs/include/ssafy_msgs/msg/dds_connext/Num_Support.h
[31.578s] -- Up-to-date: C:/Users/SSAFY/Desktop/ros2_ws/install/ssafy_msgs/include/ssafy_msgs/msg/dds_connext/ObjectInfo_.cxx
[31.578s] -- Up-to-date: C:/Users/SSAFY/Desktop/ros2_ws/install/ssafy_msgs/include/ssafy_msgs/msg/dds_connext/ObjectInfo_.h
[31.594s] -- Up-to-date: C:/Users/SSAFY/Desktop/ros2_ws/install/ssafy_msgs/include/ssafy_msgs/msg/dds_connext/ObjectInfo_Plugin.cxx
[31.641s] -- Up-to-date: C:/Users/SSAFY/Desktop/ros2_ws/install/ssafy_msgs/include/ssafy_msgs/msg/dds_connext/ObjectInfo_Plugin.h
[31.641s] -- Up-to-date: C:/Users/SSAFY/Desktop/ros2_ws/install/ssafy_msgs/include/ssafy_msgs/msg/dds_connext/ObjectInfo_Support.cxx
[31.641s] -- Up-to-date: C:/Users/SSAFY/Desktop/ros2_ws/install/ssafy_msgs/include/ssafy_msgs/msg/dds_connext/ObjectInfo_Support.h
[31.641s] -- Up-to-date: C:/Users/SSAFY/Desktop/ros2_ws/install/ssafy_msgs/include/ssafy_msgs/msg/dds_connext/TurtlebotStatus_.cxx
[31.641s] -- Up-to-date: C:/Users/SSAFY/Desktop/ros2_ws/install/ssafy_msgs/include/ssafy_msgs/msg/dds_connext/TurtlebotStatus_.h
[31.641s] -- Up-to-date: C:/Users/SSAFY/Desktop/ros2_ws/install/ssafy_msgs/include/ssafy_msgs/msg/dds_connext/TurtlebotStatus_Plugin.cxx
[31.641s] -- Up-to-date: C:/Users/SSAFY/Desktop/ros2_ws/install/ssafy_msgs/include/ssafy_msgs/msg/dds_connext/TurtlebotStatus_Plugin.h
[31.641s] -- Up-to-date: C:/Users/SSAFY/Desktop/ros2_ws/install/ssafy_msgs/include/ssafy_msgs/msg/dds_connext/TurtlebotStatus_Support.cxx
[31.641s] -- Up-to-date: C:/Users/SSAFY/Desktop/ros2_ws/install/ssafy_msgs/include/ssafy_msgs/msg/dds_connext/TurtlebotStatus_Support.h
[31.641s] -- Up-to-date: C:/Users/SSAFY/Desktop/ros2_ws/install/ssafy_msgs/include/ssafy_msgs/msg/enviroment_status__rosidl_typesupport_connext_cpp.hpp
[31.641s] -- Up-to-date: C:/Users/SSAFY/Desktop/ros2_ws/install/ssafy_msgs/include/ssafy_msgs/msg/hand_control__rosidl_typesupport_connext_cpp.hpp
[31.656s] -- Up-to-date: C:/Users/SSAFY/Desktop/ros2_ws/install/ssafy_msgs/include/ssafy_msgs/msg/num__rosidl_typesupport_connext_cpp.hpp
[31.656s] -- Up-to-date: C:/Users/SSAFY/Desktop/ros2_ws/install/ssafy_msgs/include/ssafy_msgs/msg/object_info__rosidl_typesupport_connext_cpp.hpp
[31.656s] -- Up-to-date: C:/Users/SSAFY/Desktop/ros2_ws/install/ssafy_msgs/include/ssafy_msgs/msg/rosidl_typesupport_connext_cpp__visibility_control.h
[31.656s] -- Up-to-date: C:/Users/SSAFY/Desktop/ros2_ws/install/ssafy_msgs/include/ssafy_msgs/msg/turtlebot_status__rosidl_typesupport_connext_cpp.hpp
[31.656s] -- Up-to-date: C:/Users/SSAFY/Desktop/ros2_ws/install/ssafy_msgs/lib/ssafy_msgs__rosidl_typesupport_connext_cpp.lib
[31.656s] -- Up-to-date: C:/Users/SSAFY/Desktop/ros2_ws/install/ssafy_msgs/bin/ssafy_msgs__rosidl_typesupport_connext_cpp.dll
[31.656s] -- Up-to-date: C:/Users/SSAFY/Desktop/ros2_ws/install/ssafy_msgs/include/ssafy_msgs
[31.672s] -- Up-to-date: C:/Users/SSAFY/Desktop/ros2_ws/install/ssafy_msgs/include/ssafy_msgs/msg
[31.688s] -- Up-to-date: C:/Users/SSAFY/Desktop/ros2_ws/install/ssafy_msgs/include/ssafy_msgs/msg/b_box.hpp
[31.688s] -- Up-to-date: C:/Users/SSAFY/Desktop/ros2_ws/install/ssafy_msgs/include/ssafy_msgs/msg/b_box__struct.hpp
[31.688s] -- Up-to-date: C:/Users/SSAFY/Desktop/ros2_ws/install/ssafy_msgs/include/ssafy_msgs/msg/b_box__traits.hpp
[31.688s] -- Up-to-date: C:/Users/SSAFY/Desktop/ros2_ws/install/ssafy_msgs/include/ssafy_msgs/msg/custom_object_info.hpp
[31.703s] -- Up-to-date: C:/Users/SSAFY/Desktop/ros2_ws/install/ssafy_msgs/include/ssafy_msgs/msg/custom_object_info__struct.hpp
[31.703s] -- Up-to-date: C:/Users/SSAFY/Desktop/ros2_ws/install/ssafy_msgs/include/ssafy_msgs/msg/custom_object_info__traits.hpp
[31.703s] -- Up-to-date: C:/Users/SSAFY/Desktop/ros2_ws/install/ssafy_msgs/include/ssafy_msgs/msg/enviroment_status.hpp
[31.750s] -- Up-to-date: C:/Users/SSAFY/Desktop/ros2_ws/install/ssafy_msgs/include/ssafy_msgs/msg/enviroment_status__struct.hpp
[31.750s] -- Up-to-date: C:/Users/SSAFY/Desktop/ros2_ws/install/ssafy_msgs/include/ssafy_msgs/msg/enviroment_status__traits.hpp
[31.750s] -- Up-to-date: C:/Users/SSAFY/Desktop/ros2_ws/install/ssafy_msgs/include/ssafy_msgs/msg/hand_control.hpp
[31.766s] -- Up-to-date: C:/Users/SSAFY/Desktop/ros2_ws/install/ssafy_msgs/include/ssafy_msgs/msg/hand_control__struct.hpp
[31.766s] -- Up-to-date: C:/Users/SSAFY/Desktop/ros2_ws/install/ssafy_msgs/include/ssafy_msgs/msg/hand_control__traits.hpp
[31.766s] -- Up-to-date: C:/Users/SSAFY/Desktop/ros2_ws/install/ssafy_msgs/include/ssafy_msgs/msg/num.hpp
[31.766s] -- Up-to-date: C:/Users/SSAFY/Desktop/ros2_ws/install/ssafy_msgs/include/ssafy_msgs/msg/num__struct.hpp
[31.766s] -- Up-to-date: C:/Users/SSAFY/Desktop/ros2_ws/install/ssafy_msgs/include/ssafy_msgs/msg/num__traits.hpp
[31.766s] -- Up-to-date: C:/Users/SSAFY/Desktop/ros2_ws/install/ssafy_msgs/include/ssafy_msgs/msg/object_info.hpp
[31.766s] -- Up-to-date: C:/Users/SSAFY/Desktop/ros2_ws/install/ssafy_msgs/include/ssafy_msgs/msg/object_info__struct.hpp
[31.813s] -- Up-to-date: C:/Users/SSAFY/Desktop/ros2_ws/install/ssafy_msgs/include/ssafy_msgs/msg/object_info__traits.hpp
[31.813s] -- Up-to-date: C:/Users/SSAFY/Desktop/ros2_ws/install/ssafy_msgs/include/ssafy_msgs/msg/turtlebot_status.hpp
[31.813s] -- Up-to-date: C:/Users/SSAFY/Desktop/ros2_ws/install/ssafy_msgs/include/ssafy_msgs/msg/turtlebot_status__struct.hpp
[31.813s] -- Up-to-date: C:/Users/SSAFY/Desktop/ros2_ws/install/ssafy_msgs/include/ssafy_msgs/msg/turtlebot_status__traits.hpp
[31.813s] -- Up-to-date: C:/Users/SSAFY/Desktop/ros2_ws/install/ssafy_msgs/include/ssafy_msgs
[31.813s] -- Up-to-date: C:/Users/SSAFY/Desktop/ros2_ws/install/ssafy_msgs/include/ssafy_msgs/msg
[31.813s] -- Up-to-date: C:/Users/SSAFY/Desktop/ros2_ws/install/ssafy_msgs/include/ssafy_msgs/msg/b_box__rosidl_typesupport_fastrtps_c.h
[31.813s] -- Up-to-date: C:/Users/SSAFY/Desktop/ros2_ws/install/ssafy_msgs/include/ssafy_msgs/msg/custom_object_info__rosidl_typesupport_fastrtps_c.h
[31.828s] -- Up-to-date: C:/Users/SSAFY/Desktop/ros2_ws/install/ssafy_msgs/include/ssafy_msgs/msg/enviroment_status__rosidl_typesupport_fastrtps_c.h
[31.828s] -- Up-to-date: C:/Users/SSAFY/Desktop/ros2_ws/install/ssafy_msgs/include/ssafy_msgs/msg/hand_control__rosidl_typesupport_fastrtps_c.h
[31.860s] -- Up-to-date: C:/Users/SSAFY/Desktop/ros2_ws/install/ssafy_msgs/include/ssafy_msgs/msg/num__rosidl_typesupport_fastrtps_c.h
[31.860s] -- Up-to-date: C:/Users/SSAFY/Desktop/ros2_ws/install/ssafy_msgs/include/ssafy_msgs/msg/object_info__rosidl_typesupport_fastrtps_c.h
[31.875s] -- Up-to-date: C:/Users/SSAFY/Desktop/ros2_ws/install/ssafy_msgs/include/ssafy_msgs/msg/rosidl_typesupport_fastrtps_c__visibility_control.h
[31.875s] -- Up-to-date: C:/Users/SSAFY/Desktop/ros2_ws/install/ssafy_msgs/include/ssafy_msgs/msg/turtlebot_status__rosidl_typesupport_fastrtps_c.h
[31.875s] -- Up-to-date: C:/Users/SSAFY/Desktop/ros2_ws/install/ssafy_msgs/lib/ssafy_msgs__rosidl_typesupport_fastrtps_c.lib
[31.875s] -- Up-to-date: C:/Users/SSAFY/Desktop/ros2_ws/install/ssafy_msgs/bin/ssafy_msgs__rosidl_typesupport_fastrtps_c.dll
[31.875s] -- Up-to-date: C:/Users/SSAFY/Desktop/ros2_ws/install/ssafy_msgs/include/ssafy_msgs
[31.875s] -- Up-to-date: C:/Users/SSAFY/Desktop/ros2_ws/install/ssafy_msgs/include/ssafy_msgs/msg
[31.875s] -- Up-to-date: C:/Users/SSAFY/Desktop/ros2_ws/install/ssafy_msgs/include/ssafy_msgs/msg/b_box__rosidl_typesupport_fastrtps_cpp.hpp
[31.875s] -- Up-to-date: C:/Users/SSAFY/Desktop/ros2_ws/install/ssafy_msgs/include/ssafy_msgs/msg/custom_object_info__rosidl_typesupport_fastrtps_cpp.hpp
[31.891s] -- Up-to-date: C:/Users/SSAFY/Desktop/ros2_ws/install/ssafy_msgs/include/ssafy_msgs/msg/dds_fastrtps
[31.906s] -- Up-to-date: C:/Users/SSAFY/Desktop/ros2_ws/install/ssafy_msgs/include/ssafy_msgs/msg/enviroment_status__rosidl_typesupport_fastrtps_cpp.hpp
[31.906s] -- Up-to-date: C:/Users/SSAFY/Desktop/ros2_ws/install/ssafy_msgs/include/ssafy_msgs/msg/hand_control__rosidl_typesupport_fastrtps_cpp.hpp
[31.906s] -- Up-to-date: C:/Users/SSAFY/Desktop/ros2_ws/install/ssafy_msgs/include/ssafy_msgs/msg/num__rosidl_typesupport_fastrtps_cpp.hpp
[31.922s] -- Up-to-date: C:/Users/SSAFY/Desktop/ros2_ws/install/ssafy_msgs/include/ssafy_msgs/msg/object_info__rosidl_typesupport_fastrtps_cpp.hpp
[31.938s] -- Up-to-date: C:/Users/SSAFY/Desktop/ros2_ws/install/ssafy_msgs/include/ssafy_msgs/msg/rosidl_typesupport_fastrtps_cpp__visibility_control.h
[31.938s] -- Up-to-date: C:/Users/SSAFY/Desktop/ros2_ws/install/ssafy_msgs/include/ssafy_msgs/msg/turtlebot_status__rosidl_typesupport_fastrtps_cpp.hpp
[31.938s] -- Up-to-date: C:/Users/SSAFY/Desktop/ros2_ws/install/ssafy_msgs/lib/ssafy_msgs__rosidl_typesupport_fastrtps_cpp.lib
[31.953s] -- Up-to-date: C:/Users/SSAFY/Desktop/ros2_ws/install/ssafy_msgs/bin/ssafy_msgs__rosidl_typesupport_fastrtps_cpp.dll
[31.953s] -- Up-to-date: C:/Users/SSAFY/Desktop/ros2_ws/install/ssafy_msgs/include/ssafy_msgs
[32.000s] -- Up-to-date: C:/Users/SSAFY/Desktop/ros2_ws/install/ssafy_msgs/include/ssafy_msgs/msg
[32.000s] -- Up-to-date: C:/Users/SSAFY/Desktop/ros2_ws/install/ssafy_msgs/include/ssafy_msgs/msg/b_box__rosidl_typesupport_introspection_c.h
[32.000s] -- Up-to-date: C:/Users/SSAFY/Desktop/ros2_ws/install/ssafy_msgs/include/ssafy_msgs/msg/b_box__type_support.c
[32.000s] -- Up-to-date: C:/Users/SSAFY/Desktop/ros2_ws/install/ssafy_msgs/include/ssafy_msgs/msg/custom_object_info__rosidl_typesupport_introspection_c.h
[32.000s] -- Up-to-date: C:/Users/SSAFY/Desktop/ros2_ws/install/ssafy_msgs/include/ssafy_msgs/msg/custom_object_info__type_support.c
[32.000s] -- Up-to-date: C:/Users/SSAFY/Desktop/ros2_ws/install/ssafy_msgs/include/ssafy_msgs/msg/enviroment_status__rosidl_typesupport_introspection_c.h
[32.000s] -- Up-to-date: C:/Users/SSAFY/Desktop/ros2_ws/install/ssafy_msgs/include/ssafy_msgs/msg/enviroment_status__type_support.c
[32.000s] -- Up-to-date: C:/Users/SSAFY/Desktop/ros2_ws/install/ssafy_msgs/include/ssafy_msgs/msg/hand_control__rosidl_typesupport_introspection_c.h
[32.016s] -- Up-to-date: C:/Users/SSAFY/Desktop/ros2_ws/install/ssafy_msgs/include/ssafy_msgs/msg/hand_control__type_support.c
[32.016s] -- Up-to-date: C:/Users/SSAFY/Desktop/ros2_ws/install/ssafy_msgs/include/ssafy_msgs/msg/num__rosidl_typesupport_introspection_c.h
[32.016s] -- Up-to-date: C:/Users/SSAFY/Desktop/ros2_ws/install/ssafy_msgs/include/ssafy_msgs/msg/num__type_support.c
[32.016s] -- Up-to-date: C:/Users/SSAFY/Desktop/ros2_ws/install/ssafy_msgs/include/ssafy_msgs/msg/object_info__rosidl_typesupport_introspection_c.h
[32.016s] -- Up-to-date: C:/Users/SSAFY/Desktop/ros2_ws/install/ssafy_msgs/include/ssafy_msgs/msg/object_info__type_support.c
[32.016s] -- Up-to-date: C:/Users/SSAFY/Desktop/ros2_ws/install/ssafy_msgs/include/ssafy_msgs/msg/rosidl_typesupport_introspection_c__visibility_control.h
[32.016s] -- Up-to-date: C:/Users/SSAFY/Desktop/ros2_ws/install/ssafy_msgs/include/ssafy_msgs/msg/turtlebot_status__rosidl_typesupport_introspection_c.h
[32.016s] -- Up-to-date: C:/Users/SSAFY/Desktop/ros2_ws/install/ssafy_msgs/include/ssafy_msgs/msg/turtlebot_status__type_support.c
[32.016s] -- Up-to-date: C:/Users/SSAFY/Desktop/ros2_ws/install/ssafy_msgs/lib/ssafy_msgs__rosidl_typesupport_introspection_c.lib
[32.031s] -- Up-to-date: C:/Users/SSAFY/Desktop/ros2_ws/install/ssafy_msgs/bin/ssafy_msgs__rosidl_typesupport_introspection_c.dll
[32.031s] -- Up-to-date: C:/Users/SSAFY/Desktop/ros2_ws/install/ssafy_msgs/include/ssafy_msgs
[32.047s] -- Up-to-date: C:/Users/SSAFY/Desktop/ros2_ws/install/ssafy_msgs/include/ssafy_msgs/msg
[32.047s] -- Up-to-date: C:/Users/SSAFY/Desktop/ros2_ws/install/ssafy_msgs/include/ssafy_msgs/msg/b_box__rosidl_typesupport_opensplice_c.h
[32.047s] -- Up-to-date: C:/Users/SSAFY/Desktop/ros2_ws/install/ssafy_msgs/include/ssafy_msgs/msg/custom_object_info__rosidl_typesupport_opensplice_c.h
[32.047s] -- Up-to-date: C:/Users/SSAFY/Desktop/ros2_ws/install/ssafy_msgs/include/ssafy_msgs/msg/dds_opensplice_c
[32.063s] -- Up-to-date: C:/Users/SSAFY/Desktop/ros2_ws/install/ssafy_msgs/include/ssafy_msgs/msg/enviroment_status__rosidl_typesupport_opensplice_c.h
[32.063s] -- Up-to-date: C:/Users/SSAFY/Desktop/ros2_ws/install/ssafy_msgs/include/ssafy_msgs/msg/hand_control__rosidl_typesupport_opensplice_c.h
[32.063s] -- Up-to-date: C:/Users/SSAFY/Desktop/ros2_ws/install/ssafy_msgs/include/ssafy_msgs/msg/num__rosidl_typesupport_opensplice_c.h
[32.063s] -- Up-to-date: C:/Users/SSAFY/Desktop/ros2_ws/install/ssafy_msgs/include/ssafy_msgs/msg/object_info__rosidl_typesupport_opensplice_c.h
[32.078s] -- Up-to-date: C:/Users/SSAFY/Desktop/ros2_ws/install/ssafy_msgs/include/ssafy_msgs/msg/rosidl_typesupport_opensplice_c__visibility_control.h
[32.078s] -- Up-to-date: C:/Users/SSAFY/Desktop/ros2_ws/install/ssafy_msgs/include/ssafy_msgs/msg/turtlebot_status__rosidl_typesupport_opensplice_c.h
[32.094s] -- Up-to-date: C:/Users/SSAFY/Desktop/ros2_ws/install/ssafy_msgs/lib/ssafy_msgs__rosidl_typesupport_opensplice_c.lib
[32.094s] -- Up-to-date: C:/Users/SSAFY/Desktop/ros2_ws/install/ssafy_msgs/bin/ssafy_msgs__rosidl_typesupport_opensplice_c.dll
[32.110s] -- Up-to-date: C:/Users/SSAFY/Desktop/ros2_ws/install/ssafy_msgs/share/ssafy_msgs/msg/dds_opensplice
[32.125s] -- Up-to-date: C:/Users/SSAFY/Desktop/ros2_ws/install/ssafy_msgs/share/ssafy_msgs/msg/dds_opensplice/BBox_.idl
[32.125s] -- Up-to-date: C:/Users/SSAFY/Desktop/ros2_ws/install/ssafy_msgs/share/ssafy_msgs/msg/dds_opensplice/CustomObjectInfo_.idl
[32.141s] -- Up-to-date: C:/Users/SSAFY/Desktop/ros2_ws/install/ssafy_msgs/share/ssafy_msgs/msg/dds_opensplice/EnviromentStatus_.idl
[32.141s] -- Up-to-date: C:/Users/SSAFY/Desktop/ros2_ws/install/ssafy_msgs/share/ssafy_msgs/msg/dds_opensplice/HandControl_.idl
[32.156s] -- Up-to-date: C:/Users/SSAFY/Desktop/ros2_ws/install/ssafy_msgs/share/ssafy_msgs/msg/dds_opensplice/Num_.idl
[32.156s] -- Up-to-date: C:/Users/SSAFY/Desktop/ros2_ws/install/ssafy_msgs/share/ssafy_msgs/msg/dds_opensplice/ObjectInfo_.idl
[32.172s] -- Up-to-date: C:/Users/SSAFY/Desktop/ros2_ws/install/ssafy_msgs/share/ssafy_msgs/msg/dds_opensplice/TurtlebotStatus_.idl
[32.172s] -- Up-to-date: C:/Users/SSAFY/Desktop/ros2_ws/install/ssafy_msgs/include/ssafy_msgs
[32.188s] -- Up-to-date: C:/Users/SSAFY/Desktop/ros2_ws/install/ssafy_msgs/include/ssafy_msgs/msg
[32.188s] -- Up-to-date: C:/Users/SSAFY/Desktop/ros2_ws/install/ssafy_msgs/include/ssafy_msgs/msg/b_box__rosidl_typesupport_opensplice_cpp.hpp
[32.188s] -- Up-to-date: C:/Users/SSAFY/Desktop/ros2_ws/install/ssafy_msgs/include/ssafy_msgs/msg/custom_object_info__rosidl_typesupport_opensplice_cpp.hpp
[32.203s] -- Up-to-date: C:/Users/SSAFY/Desktop/ros2_ws/install/ssafy_msgs/include/ssafy_msgs/msg/dds_opensplice
[32.203s] -- Up-to-date: C:/Users/SSAFY/Desktop/ros2_ws/install/ssafy_msgs/include/ssafy_msgs/msg/dds_opensplice/BBox_.h
[32.203s] -- Up-to-date: C:/Users/SSAFY/Desktop/ros2_ws/install/ssafy_msgs/include/ssafy_msgs/msg/dds_opensplice/BBox_Dcps.h
[32.219s] -- Up-to-date: C:/Users/SSAFY/Desktop/ros2_ws/install/ssafy_msgs/include/ssafy_msgs/msg/dds_opensplice/BBox_Dcps_impl.h
[32.219s] -- Up-to-date: C:/Users/SSAFY/Desktop/ros2_ws/install/ssafy_msgs/include/ssafy_msgs/msg/dds_opensplice/BBox_SplDcps.h
[32.235s] -- Up-to-date: C:/Users/SSAFY/Desktop/ros2_ws/install/ssafy_msgs/include/ssafy_msgs/msg/dds_opensplice/ccpp_BBox_.h
[32.235s] -- Up-to-date: C:/Users/SSAFY/Desktop/ros2_ws/install/ssafy_msgs/include/ssafy_msgs/msg/dds_opensplice/ccpp_CustomObjectInfo_.h
[32.250s] -- Up-to-date: C:/Users/SSAFY/Desktop/ros2_ws/install/ssafy_msgs/include/ssafy_msgs/msg/dds_opensplice/ccpp_EnviromentStatus_.h
[32.250s] -- Up-to-date: C:/Users/SSAFY/Desktop/ros2_ws/install/ssafy_msgs/include/ssafy_msgs/msg/dds_opensplice/ccpp_HandControl_.h
[32.266s] -- Up-to-date: C:/Users/SSAFY/Desktop/ros2_ws/install/ssafy_msgs/include/ssafy_msgs/msg/dds_opensplice/ccpp_Num_.h
[32.266s] -- Up-to-date: C:/Users/SSAFY/Desktop/ros2_ws/install/ssafy_msgs/include/ssafy_msgs/msg/dds_opensplice/ccpp_ObjectInfo_.h
[32.266s] -- Up-to-date: C:/Users/SSAFY/Desktop/ros2_ws/install/ssafy_msgs/include/ssafy_msgs/msg/dds_opensplice/ccpp_TurtlebotStatus_.h
[32.266s] -- Up-to-date: C:/Users/SSAFY/Desktop/ros2_ws/install/ssafy_msgs/include/ssafy_msgs/msg/dds_opensplice/CustomObjectInfo_.h
[32.281s] -- Up-to-date: C:/Users/SSAFY/Desktop/ros2_ws/install/ssafy_msgs/include/ssafy_msgs/msg/dds_opensplice/CustomObjectInfo_Dcps.h
[32.281s] -- Up-to-date: C:/Users/SSAFY/Desktop/ros2_ws/install/ssafy_msgs/include/ssafy_msgs/msg/dds_opensplice/CustomObjectInfo_Dcps_impl.h
[32.281s] -- Up-to-date: C:/Users/SSAFY/Desktop/ros2_ws/install/ssafy_msgs/include/ssafy_msgs/msg/dds_opensplice/CustomObjectInfo_SplDcps.h
[32.297s] -- Up-to-date: C:/Users/SSAFY/Desktop/ros2_ws/install/ssafy_msgs/include/ssafy_msgs/msg/dds_opensplice/EnviromentStatus_.h
[32.297s] -- Up-to-date: C:/Users/SSAFY/Desktop/ros2_ws/install/ssafy_msgs/include/ssafy_msgs/msg/dds_opensplice/EnviromentStatus_Dcps.h
[32.297s] -- Up-to-date: C:/Users/SSAFY/Desktop/ros2_ws/install/ssafy_msgs/include/ssafy_msgs/msg/dds_opensplice/EnviromentStatus_Dcps_impl.h
[32.313s] -- Up-to-date: C:/Users/SSAFY/Desktop/ros2_ws/install/ssafy_msgs/include/ssafy_msgs/msg/dds_opensplice/EnviromentStatus_SplDcps.h
[32.313s] -- Up-to-date: C:/Users/SSAFY/Desktop/ros2_ws/install/ssafy_msgs/include/ssafy_msgs/msg/dds_opensplice/HandControl_.h
[32.313s] -- Up-to-date: C:/Users/SSAFY/Desktop/ros2_ws/install/ssafy_msgs/include/ssafy_msgs/msg/dds_opensplice/HandControl_Dcps.h
[32.313s] -- Up-to-date: C:/Users/SSAFY/Desktop/ros2_ws/install/ssafy_msgs/include/ssafy_msgs/msg/dds_opensplice/HandControl_Dcps_impl.h
[32.328s] -- Up-to-date: C:/Users/SSAFY/Desktop/ros2_ws/install/ssafy_msgs/include/ssafy_msgs/msg/dds_opensplice/HandControl_SplDcps.h
[32.328s] -- Up-to-date: C:/Users/SSAFY/Desktop/ros2_ws/install/ssafy_msgs/include/ssafy_msgs/msg/dds_opensplice/Num_.h
[32.328s] -- Up-to-date: C:/Users/SSAFY/Desktop/ros2_ws/install/ssafy_msgs/include/ssafy_msgs/msg/dds_opensplice/Num_Dcps.h
[32.328s] -- Up-to-date: C:/Users/SSAFY/Desktop/ros2_ws/install/ssafy_msgs/include/ssafy_msgs/msg/dds_opensplice/Num_Dcps_impl.h
[32.344s] -- Up-to-date: C:/Users/SSAFY/Desktop/ros2_ws/install/ssafy_msgs/include/ssafy_msgs/msg/dds_opensplice/Num_SplDcps.h
[32.344s] -- Up-to-date: C:/Users/SSAFY/Desktop/ros2_ws/install/ssafy_msgs/include/ssafy_msgs/msg/dds_opensplice/ObjectInfo_.h
[32.360s] -- Up-to-date: C:/Users/SSAFY/Desktop/ros2_ws/install/ssafy_msgs/include/ssafy_msgs/msg/dds_opensplice/ObjectInfo_Dcps.h
[32.360s] -- Up-to-date: C:/Users/SSAFY/Desktop/ros2_ws/install/ssafy_msgs/include/ssafy_msgs/msg/dds_opensplice/ObjectInfo_Dcps_impl.h
[32.360s] -- Up-to-date: C:/Users/SSAFY/Desktop/ros2_ws/install/ssafy_msgs/include/ssafy_msgs/msg/dds_opensplice/ObjectInfo_SplDcps.h
[32.375s] -- Up-to-date: C:/Users/SSAFY/Desktop/ros2_ws/install/ssafy_msgs/include/ssafy_msgs/msg/dds_opensplice/TurtlebotStatus_.h
[32.375s] -- Up-to-date: C:/Users/SSAFY/Desktop/ros2_ws/install/ssafy_msgs/include/ssafy_msgs/msg/dds_opensplice/TurtlebotStatus_Dcps.h
[32.375s] -- Up-to-date: C:/Users/SSAFY/Desktop/ros2_ws/install/ssafy_msgs/include/ssafy_msgs/msg/dds_opensplice/TurtlebotStatus_Dcps_impl.h
[32.375s] -- Up-to-date: C:/Users/SSAFY/Desktop/ros2_ws/install/ssafy_msgs/include/ssafy_msgs/msg/dds_opensplice/TurtlebotStatus_SplDcps.h
[32.375s] -- Up-to-date: C:/Users/SSAFY/Desktop/ros2_ws/install/ssafy_msgs/include/ssafy_msgs/msg/enviroment_status__rosidl_typesupport_opensplice_cpp.hpp
[32.391s] -- Up-to-date: C:/Users/SSAFY/Desktop/ros2_ws/install/ssafy_msgs/include/ssafy_msgs/msg/hand_control__rosidl_typesupport_opensplice_cpp.hpp
[32.406s] -- Up-to-date: C:/Users/SSAFY/Desktop/ros2_ws/install/ssafy_msgs/include/ssafy_msgs/msg/num__rosidl_typesupport_opensplice_cpp.hpp
[32.406s] -- Up-to-date: C:/Users/SSAFY/Desktop/ros2_ws/install/ssafy_msgs/include/ssafy_msgs/msg/object_info__rosidl_typesupport_opensplice_cpp.hpp
[32.406s] -- Up-to-date: C:/Users/SSAFY/Desktop/ros2_ws/install/ssafy_msgs/include/ssafy_msgs/msg/rosidl_typesupport_opensplice_cpp__visibility_control.h
[32.422s] -- Up-to-date: C:/Users/SSAFY/Desktop/ros2_ws/install/ssafy_msgs/include/ssafy_msgs/msg/turtlebot_status__rosidl_typesupport_opensplice_cpp.hpp
[32.422s] -- Up-to-date: C:/Users/SSAFY/Desktop/ros2_ws/install/ssafy_msgs/lib/ssafy_msgs__rosidl_typesupport_opensplice_cpp.lib
[32.422s] -- Up-to-date: C:/Users/SSAFY/Desktop/ros2_ws/install/ssafy_msgs/bin/ssafy_msgs__rosidl_typesupport_opensplice_cpp.dll
[32.453s] -- Up-to-date: C:/Users/SSAFY/Desktop/ros2_ws/install/ssafy_msgs/include/ssafy_msgs
[32.453s] -- Up-to-date: C:/Users/SSAFY/Desktop/ros2_ws/install/ssafy_msgs/include/ssafy_msgs/msg
[32.453s] -- Up-to-date: C:/Users/SSAFY/Desktop/ros2_ws/install/ssafy_msgs/include/ssafy_msgs/msg/b_box__rosidl_typesupport_introspection_cpp.hpp
[32.469s] -- Up-to-date: C:/Users/SSAFY/Desktop/ros2_ws/install/ssafy_msgs/include/ssafy_msgs/msg/b_box__type_support.cpp
[32.469s] -- Up-to-date: C:/Users/SSAFY/Desktop/ros2_ws/install/ssafy_msgs/include/ssafy_msgs/msg/custom_object_info__rosidl_typesupport_introspection_cpp.hpp
[32.469s] -- Up-to-date: C:/Users/SSAFY/Desktop/ros2_ws/install/ssafy_msgs/include/ssafy_msgs/msg/custom_object_info__type_support.cpp
[32.469s] -- Up-to-date: C:/Users/SSAFY/Desktop/ros2_ws/install/ssafy_msgs/include/ssafy_msgs/msg/enviroment_status__rosidl_typesupport_introspection_cpp.hpp
[32.485s] -- Up-to-date: C:/Users/SSAFY/Desktop/ros2_ws/install/ssafy_msgs/include/ssafy_msgs/msg/enviroment_status__type_support.cpp
[32.485s] -- Up-to-date: C:/Users/SSAFY/Desktop/ros2_ws/install/ssafy_msgs/include/ssafy_msgs/msg/hand_control__rosidl_typesupport_introspection_cpp.hpp
[32.500s] -- Up-to-date: C:/Users/SSAFY/Desktop/ros2_ws/install/ssafy_msgs/include/ssafy_msgs/msg/hand_control__type_support.cpp
[32.500s] -- Up-to-date: C:/Users/SSAFY/Desktop/ros2_ws/install/ssafy_msgs/include/ssafy_msgs/msg/num__rosidl_typesupport_introspection_cpp.hpp
[32.516s] -- Up-to-date: C:/Users/SSAFY/Desktop/ros2_ws/install/ssafy_msgs/include/ssafy_msgs/msg/num__type_support.cpp
[32.516s] -- Up-to-date: C:/Users/SSAFY/Desktop/ros2_ws/install/ssafy_msgs/include/ssafy_msgs/msg/object_info__rosidl_typesupport_introspection_cpp.hpp
[32.516s] -- Up-to-date: C:/Users/SSAFY/Desktop/ros2_ws/install/ssafy_msgs/include/ssafy_msgs/msg/object_info__type_support.cpp
[32.531s] -- Up-to-date: C:/Users/SSAFY/Desktop/ros2_ws/install/ssafy_msgs/include/ssafy_msgs/msg/turtlebot_status__rosidl_typesupport_introspection_cpp.hpp
[32.531s] -- Up-to-date: C:/Users/SSAFY/Desktop/ros2_ws/install/ssafy_msgs/include/ssafy_msgs/msg/turtlebot_status__type_support.cpp
[32.531s] -- Up-to-date: C:/Users/SSAFY/Desktop/ros2_ws/install/ssafy_msgs/lib/ssafy_msgs__rosidl_typesupport_introspection_cpp.lib
[32.547s] -- Up-to-date: C:/Users/SSAFY/Desktop/ros2_ws/install/ssafy_msgs/bin/ssafy_msgs__rosidl_typesupport_introspection_cpp.dll
[32.547s] -- Up-to-date: C:/Users/SSAFY/Desktop/ros2_ws/install/ssafy_msgs/share/ssafy_msgs/environment/pythonpath.bat
[32.547s] -- Up-to-date: C:/Users/SSAFY/Desktop/ros2_ws/install/ssafy_msgs/share/ssafy_msgs/environment/pythonpath.dsv
[32.563s] -- Up-to-date: C:/Users/SSAFY/Desktop/ros2_ws/install/ssafy_msgs/Lib/site-packages/ssafy_msgs/__init__.py
[33.281s] -- Up-to-date: C:/Users/SSAFY/Desktop/ros2_ws/install/ssafy_msgs/Lib/site-packages/ssafy_msgs/msg
[33.297s] -- Up-to-date: C:/Users/SSAFY/Desktop/ros2_ws/install/ssafy_msgs/Lib/site-packages/ssafy_msgs/msg/_b_box.py
[33.297s] -- Up-to-date: C:/Users/SSAFY/Desktop/ros2_ws/install/ssafy_msgs/Lib/site-packages/ssafy_msgs/msg/_b_box_s.c
[33.297s] -- Up-to-date: C:/Users/SSAFY/Desktop/ros2_ws/install/ssafy_msgs/Lib/site-packages/ssafy_msgs/msg/_custom_object_info.py
[33.297s] -- Up-to-date: C:/Users/SSAFY/Desktop/ros2_ws/install/ssafy_msgs/Lib/site-packages/ssafy_msgs/msg/_custom_object_info_s.c
[33.313s] -- Up-to-date: C:/Users/SSAFY/Desktop/ros2_ws/install/ssafy_msgs/Lib/site-packages/ssafy_msgs/msg/_enviroment_status.py
[33.313s] -- Up-to-date: C:/Users/SSAFY/Desktop/ros2_ws/install/ssafy_msgs/Lib/site-packages/ssafy_msgs/msg/_enviroment_status_s.c
[33.313s] -- Up-to-date: C:/Users/SSAFY/Desktop/ros2_ws/install/ssafy_msgs/Lib/site-packages/ssafy_msgs/msg/_hand_control.py
[33.328s] -- Up-to-date: C:/Users/SSAFY/Desktop/ros2_ws/install/ssafy_msgs/Lib/site-packages/ssafy_msgs/msg/_hand_control_s.c
[33.328s] -- Up-to-date: C:/Users/SSAFY/Desktop/ros2_ws/install/ssafy_msgs/Lib/site-packages/ssafy_msgs/msg/_num.py
[33.328s] -- Up-to-date: C:/Users/SSAFY/Desktop/ros2_ws/install/ssafy_msgs/Lib/site-packages/ssafy_msgs/msg/_num_s.c
[33.328s] -- Up-to-date: C:/Users/SSAFY/Desktop/ros2_ws/install/ssafy_msgs/Lib/site-packages/ssafy_msgs/msg/_object_info.py
[33.344s] -- Up-to-date: C:/Users/SSAFY/Desktop/ros2_ws/install/ssafy_msgs/Lib/site-packages/ssafy_msgs/msg/_object_info_s.c
[33.344s] -- Up-to-date: C:/Users/SSAFY/Desktop/ros2_ws/install/ssafy_msgs/Lib/site-packages/ssafy_msgs/msg/_turtlebot_status.py
[33.344s] -- Up-to-date: C:/Users/SSAFY/Desktop/ros2_ws/install/ssafy_msgs/Lib/site-packages/ssafy_msgs/msg/_turtlebot_status_s.c
[33.344s] -- Up-to-date: C:/Users/SSAFY/Desktop/ros2_ws/install/ssafy_msgs/Lib/site-packages/ssafy_msgs/msg/__init__.py
[33.344s] -- Up-to-date: C:/Users/SSAFY/Desktop/ros2_ws/install/ssafy_msgs/Lib/site-packages/ssafy_msgs/ssafy_msgs_s__rosidl_typesupport_c.lib
[33.360s] -- Up-to-date: C:/Users/SSAFY/Desktop/ros2_ws/install/ssafy_msgs/Lib/site-packages/ssafy_msgs/ssafy_msgs_s__rosidl_typesupport_c.pyd
[33.375s] -- Up-to-date: C:/Users/SSAFY/Desktop/ros2_ws/install/ssafy_msgs/Lib/site-packages/ssafy_msgs/ssafy_msgs_s__rosidl_typesupport_connext_c.lib
[33.375s] -- Up-to-date: C:/Users/SSAFY/Desktop/ros2_ws/install/ssafy_msgs/Lib/site-packages/ssafy_msgs/ssafy_msgs_s__rosidl_typesupport_connext_c.pyd
[33.375s] -- Up-to-date: C:/Users/SSAFY/Desktop/ros2_ws/install/ssafy_msgs/Lib/site-packages/ssafy_msgs/ssafy_msgs_s__rosidl_typesupport_introspection_c.lib
[33.375s] -- Up-to-date: C:/Users/SSAFY/Desktop/ros2_ws/install/ssafy_msgs/Lib/site-packages/ssafy_msgs/ssafy_msgs_s__rosidl_typesupport_introspection_c.pyd
[33.391s] -- Up-to-date: C:/Users/SSAFY/Desktop/ros2_ws/install/ssafy_msgs/Lib/site-packages/ssafy_msgs/ssafy_msgs_s__rosidl_typesupport_fastrtps_c.lib
[33.391s] -- Up-to-date: C:/Users/SSAFY/Desktop/ros2_ws/install/ssafy_msgs/Lib/site-packages/ssafy_msgs/ssafy_msgs_s__rosidl_typesupport_fastrtps_c.pyd
[33.406s] -- Up-to-date: C:/Users/SSAFY/Desktop/ros2_ws/install/ssafy_msgs/Lib/site-packages/ssafy_msgs/ssafy_msgs_s__rosidl_typesupport_opensplice_c.lib
[33.406s] -- Up-to-date: C:/Users/SSAFY/Desktop/ros2_ws/install/ssafy_msgs/Lib/site-packages/ssafy_msgs/ssafy_msgs_s__rosidl_typesupport_opensplice_c.pyd
[33.406s] -- Up-to-date: C:/Users/SSAFY/Desktop/ros2_ws/install/ssafy_msgs/lib/ssafy_msgs__python.lib
[33.406s] -- Up-to-date: C:/Users/SSAFY/Desktop/ros2_ws/install/ssafy_msgs/bin/ssafy_msgs__python.dll
[33.422s] -- Up-to-date: C:/Users/SSAFY/Desktop/ros2_ws/install/ssafy_msgs/share/ssafy_msgs/msg/Num.idl
[33.438s] -- Up-to-date: C:/Users/SSAFY/Desktop/ros2_ws/install/ssafy_msgs/share/ssafy_msgs/msg/EnviromentStatus.idl
[33.438s] -- Up-to-date: C:/Users/SSAFY/Desktop/ros2_ws/install/ssafy_msgs/share/ssafy_msgs/msg/TurtlebotStatus.idl
[33.438s] -- Up-to-date: C:/Users/SSAFY/Desktop/ros2_ws/install/ssafy_msgs/share/ssafy_msgs/msg/BBox.idl
[33.438s] -- Up-to-date: C:/Users/SSAFY/Desktop/ros2_ws/install/ssafy_msgs/share/ssafy_msgs/msg/ObjectInfo.idl
[33.438s] -- Up-to-date: C:/Users/SSAFY/Desktop/ros2_ws/install/ssafy_msgs/share/ssafy_msgs/msg/HandControl.idl
[33.453s] -- Up-to-date: C:/Users/SSAFY/Desktop/ros2_ws/install/ssafy_msgs/share/ssafy_msgs/msg/CustomObjectInfo.idl
[33.453s] -- Up-to-date: C:/Users/SSAFY/Desktop/ros2_ws/install/ssafy_msgs/share/ssafy_msgs/msg/Num.msg
[33.453s] -- Up-to-date: C:/Users/SSAFY/Desktop/ros2_ws/install/ssafy_msgs/share/ssafy_msgs/msg/EnviromentStatus.msg
[33.469s] -- Up-to-date: C:/Users/SSAFY/Desktop/ros2_ws/install/ssafy_msgs/share/ssafy_msgs/msg/TurtlebotStatus.msg
[33.469s] -- Up-to-date: C:/Users/SSAFY/Desktop/ros2_ws/install/ssafy_msgs/share/ssafy_msgs/msg/BBox.msg
[33.469s] -- Up-to-date: C:/Users/SSAFY/Desktop/ros2_ws/install/ssafy_msgs/share/ssafy_msgs/msg/ObjectInfo.msg
[33.469s] -- Up-to-date: C:/Users/SSAFY/Desktop/ros2_ws/install/ssafy_msgs/share/ssafy_msgs/msg/HandControl.msg
[33.469s] -- Up-to-date: C:/Users/SSAFY/Desktop/ros2_ws/install/ssafy_msgs/share/ssafy_msgs/msg/CustomObjectInfo.msg
[33.485s] -- Up-to-date: C:/Users/SSAFY/Desktop/ros2_ws/install/ssafy_msgs/share/ament_index/resource_index/package_run_dependencies/ssafy_msgs
[33.485s] -- Up-to-date: C:/Users/SSAFY/Desktop/ros2_ws/install/ssafy_msgs/share/ament_index/resource_index/parent_prefix_path/ssafy_msgs
[33.485s] -- Up-to-date: C:/Users/SSAFY/Desktop/ros2_ws/install/ssafy_msgs/share/ssafy_msgs/environment/ament_prefix_path.bat
[33.500s] -- Up-to-date: C:/Users/SSAFY/Desktop/ros2_ws/install/ssafy_msgs/share/ssafy_msgs/environment/ament_prefix_path.dsv
[33.500s] -- Up-to-date: C:/Users/SSAFY/Desktop/ros2_ws/install/ssafy_msgs/share/ssafy_msgs/environment/path.bat
[33.516s] -- Up-to-date: C:/Users/SSAFY/Desktop/ros2_ws/install/ssafy_msgs/share/ssafy_msgs/environment/path.dsv
[33.516s] -- Up-to-date: C:/Users/SSAFY/Desktop/ros2_ws/install/ssafy_msgs/share/ssafy_msgs/local_setup.bat
[33.516s] -- Up-to-date: C:/Users/SSAFY/Desktop/ros2_ws/install/ssafy_msgs/share/ssafy_msgs/local_setup.dsv
[33.516s] -- Installing: C:/Users/SSAFY/Desktop/ros2_ws/install/ssafy_msgs/share/ssafy_msgs/package.dsv
[33.531s] -- Up-to-date: C:/Users/SSAFY/Desktop/ros2_ws/install/ssafy_msgs/share/ament_index/resource_index/packages/ssafy_msgs
[33.547s] -- Up-to-date: C:/Users/SSAFY/Desktop/ros2_ws/install/ssafy_msgs/share/ssafy_msgs/cmake/rosidl_cmake-extras.cmake
[33.547s] -- Up-to-date: C:/Users/SSAFY/Desktop/ros2_ws/install/ssafy_msgs/share/ssafy_msgs/cmake/ament_cmake_export_dependencies-extras.cmake
[33.547s] -- Up-to-date: C:/Users/SSAFY/Desktop/ros2_ws/install/ssafy_msgs/share/ssafy_msgs/cmake/ament_cmake_export_libraries-extras.cmake
[33.563s] -- Up-to-date: C:/Users/SSAFY/Desktop/ros2_ws/install/ssafy_msgs/share/ssafy_msgs/cmake/ament_cmake_export_include_directories-extras.cmake
[33.563s] -- Up-to-date: C:/Users/SSAFY/Desktop/ros2_ws/install/ssafy_msgs/share/ssafy_msgs/cmake/rosidl_cmake_export_typesupport_libraries-extras.cmake
[33.578s] -- Up-to-date: C:/Users/SSAFY/Desktop/ros2_ws/install/ssafy_msgs/share/ssafy_msgs/cmake/ssafy_msgsConfig.cmake
[33.578s] -- Up-to-date: C:/Users/SSAFY/Desktop/ros2_ws/install/ssafy_msgs/share/ssafy_msgs/cmake/ssafy_msgsConfig-version.cmake
[33.578s] -- Up-to-date: C:/Users/SSAFY/Desktop/ros2_ws/install/ssafy_msgs/share/ssafy_msgs/package.xml
[33.625s] Invoked command in 'C:\Users\SSAFY\Desktop\ros2_ws\build\ssafy_msgs' returned '0': CMAKE_PREFIX_PATH=%CMAKE_PREFIX_PATH%;C:\Users\SSAFY\Desktop\ros2_ws\install\sub3;C:\Users\SSAFY\Desktop\ros2_ws\install\sub2;C:\Users\SSAFY\Desktop\ros2_ws\install\sub1;C:\Users\SSAFY\Desktop\ros2_ws\install\custom_game;C:\Users\SSAFY\Desktop\ros2_ws\install\advanced;C:\Users\SSAFY\Desktop\ros2_ws\install\ssafy_bridge;C:\Users\SSAFY\Desktop\ros2_ws\install\security_service;C:\Users\SSAFY\Desktop\ros2_ws\install\c208_package installDir=%installDir%
IntelliJ IDEA=C:\Program Files\JetBrains\IntelliJ IDEA 2024.1.4\bin; C:\Program Files\CMake\bin\cmake.EXE --install C:\Users\SSAFY\Desktop\ros2_ws\build\ssafy_msgs --config Release
