[5.953s] Invoking command in 'C:\Users\SSAFY\Desktop\ros2_ws\build\ssafy_msgs': CL=/MP CMAKE_PREFIX_PATH=%CMAKE_PREFIX_PATH%;C:\Users\SSAFY\Desktop\ros2_ws\install\sub3;C:\Users\SSAFY\Desktop\ros2_ws\install\sub2;C:\Users\SSAFY\Desktop\ros2_ws\install\sub1;C:\Users\SSAFY\Desktop\ros2_ws\install\custom_game;C:\Users\SSAFY\Desktop\ros2_ws\install\advanced;C:\Users\SSAFY\Desktop\ros2_ws\install\ssafy_bridge;C:\Users\SSAFY\Desktop\ros2_ws\install\security_service;C:\Users\SSAFY\Desktop\ros2_ws\install\c208_package installDir=%installDir%
IntelliJ IDEA=C:\Program Files\JetBrains\IntelliJ IDEA 2024.1.4\bin; C:\Program Files\CMake\bin\cmake.EXE --build C:\Users\SSAFY\Desktop\ros2_ws\build\ssafy_msgs --config Release
[18.218s] msbuild 버전 17.10.4+10fbfbf2e(.NET Framework용)
[18.234s] 
[18.234s]   1>Checking Build System
[18.234s]   Building Custom Rule C:/Users/SSAFY/Desktop/ros2_ws/src/ssafy_msgs/CMakeLists.txt
[18.234s]   Building Custom Rule C:/Users/SSAFY/Desktop/ros2_ws/src/ssafy_msgs/CMakeLists.txt
[18.250s]   ssafy_msgs__rosidl_generator_c.vcxproj -> C:\Users\SSAFY\Desktop\ros2_ws\build\ssafy_msgs\Release\ssafy_msgs__rosidl_generator_c.dll
[18.250s]   Building Custom Rule C:/Users/SSAFY/Desktop/ros2_ws/src/ssafy_msgs/CMakeLists.txt
[18.250s]   ssafy_msgs__rosidl_typesupport_c.vcxproj -> C:\Users\SSAFY\Desktop\ros2_ws\build\ssafy_msgs\Release\ssafy_msgs__rosidl_typesupport_c.dll
[18.250s]   Building Custom Rule C:/Users/SSAFY/Desktop/ros2_ws/src/ssafy_msgs/CMakeLists.txt
[18.250s]   Building Custom Rule C:/Users/SSAFY/Desktop/ros2_ws/src/ssafy_msgs/CMakeLists.txt
[18.250s]   ssafy_msgs__rosidl_typesupport_connext_cpp.vcxproj -> C:\Users\SSAFY\Desktop\ros2_ws\build\ssafy_msgs\Release\ssafy_msgs__rosidl_typesupport_connext_cpp.dll
[18.250s]   Building Custom Rule C:/Users/SSAFY/Desktop/ros2_ws/src/ssafy_msgs/CMakeLists.txt
[18.250s]   ssafy_msgs__rosidl_typesupport_connext_c.vcxproj -> C:\Users\SSAFY\Desktop\ros2_ws\build\ssafy_msgs\Release\ssafy_msgs__rosidl_typesupport_connext_c.dll
[18.250s]   Building Custom Rule C:/Users/SSAFY/Desktop/ros2_ws/src/ssafy_msgs/CMakeLists.txt
[18.250s]   ssafy_msgs__rosidl_typesupport_cpp.vcxproj -> C:\Users\SSAFY\Desktop\ros2_ws\build\ssafy_msgs\Release\ssafy_msgs__rosidl_typesupport_cpp.dll
[18.250s]   Building Custom Rule C:/Users/SSAFY/Desktop/ros2_ws/src/ssafy_msgs/CMakeLists.txt
[18.250s]   ssafy_msgs__rosidl_typesupport_fastrtps_cpp.vcxproj -> C:\Users\SSAFY\Desktop\ros2_ws\build\ssafy_msgs\Release\ssafy_msgs__rosidl_typesupport_fastrtps_cpp.dll
[18.250s]   Building Custom Rule C:/Users/SSAFY/Desktop/ros2_ws/src/ssafy_msgs/CMakeLists.txt
[18.250s]   ssafy_msgs__rosidl_typesupport_fastrtps_c.vcxproj -> C:\Users\SSAFY\Desktop\ros2_ws\build\ssafy_msgs\Release\ssafy_msgs__rosidl_typesupport_fastrtps_c.dll
[18.250s]   Building Custom Rule C:/Users/SSAFY/Desktop/ros2_ws/src/ssafy_msgs/CMakeLists.txt
[18.250s]   ssafy_msgs__rosidl_typesupport_introspection_c.vcxproj -> C:\Users\SSAFY\Desktop\ros2_ws\build\ssafy_msgs\Release\ssafy_msgs__rosidl_typesupport_introspection_c.dll
[18.250s]   Building Custom Rule C:/Users/SSAFY/Desktop/ros2_ws/src/ssafy_msgs/CMakeLists.txt
[21.812s]   ssafy_msgs__rosidl_typesupport_introspection_cpp.vcxproj -> C:\Users\SSAFY\Desktop\ros2_ws\build\ssafy_msgs\Release\ssafy_msgs__rosidl_typesupport_introspection_cpp.dll
[21.812s]   Building Custom Rule C:/Users/SSAFY/Desktop/ros2_ws/src/ssafy_msgs/CMakeLists.txt
[21.812s]   Building Custom Rule C:/Users/SSAFY/Desktop/ros2_ws/src/ssafy_msgs/CMakeLists.txt
[21.812s]   ssafy_msgs__rosidl_typesupport_opensplice_cpp.vcxproj -> C:\Users\SSAFY\Desktop\ros2_ws\build\ssafy_msgs\Release\ssafy_msgs__rosidl_typesupport_opensplice_cpp.dll
[21.828s]   Building Custom Rule C:/Users/SSAFY/Desktop/ros2_ws/src/ssafy_msgs/CMakeLists.txt
[21.828s]   ssafy_msgs__rosidl_typesupport_opensplice_c.vcxproj -> C:\Users\SSAFY\Desktop\ros2_ws\build\ssafy_msgs\Release\ssafy_msgs__rosidl_typesupport_opensplice_c.dll
[21.828s]   Building Custom Rule C:/Users/SSAFY/Desktop/ros2_ws/src/ssafy_msgs/CMakeLists.txt
[23.359s]   Building Custom Rule C:/Users/SSAFY/Desktop/ros2_ws/src/ssafy_msgs/CMakeLists.txt
[24.046s]   ssafy_msgs__python.vcxproj -> C:\Users\SSAFY\Desktop\ros2_ws\build\ssafy_msgs\rosidl_generator_py\ssafy_msgs\ssafy_msgs__python.dll
[24.796s]   Building Custom Rule C:/Users/SSAFY/Desktop/ros2_ws/src/ssafy_msgs/CMakeLists.txt
[25.328s]   ssafy_msgs__rosidl_typesupport_c__pyext.vcxproj -> C:\Users\SSAFY\Desktop\ros2_ws\build\ssafy_msgs\rosidl_generator_py\ssafy_msgs\ssafy_msgs_s__rosidl_typesupport_c.pyd
[25.984s]   Building Custom Rule C:/Users/SSAFY/Desktop/ros2_ws/src/ssafy_msgs/CMakeLists.txt
[26.437s]   ssafy_msgs__rosidl_typesupport_connext_c__pyext.vcxproj -> C:\Users\SSAFY\Desktop\ros2_ws\build\ssafy_msgs\rosidl_generator_py\ssafy_msgs\ssafy_msgs_s__rosidl_typesupport_connext_c.pyd
[27.156s]   Building Custom Rule C:/Users/SSAFY/Desktop/ros2_ws/src/ssafy_msgs/CMakeLists.txt
[27.671s]   ssafy_msgs__rosidl_typesupport_fastrtps_c__pyext.vcxproj -> C:\Users\SSAFY\Desktop\ros2_ws\build\ssafy_msgs\rosidl_generator_py\ssafy_msgs\ssafy_msgs_s__rosidl_typesupport_fastrtps_c.pyd
[28.468s]   Building Custom Rule C:/Users/SSAFY/Desktop/ros2_ws/src/ssafy_msgs/CMakeLists.txt
[29.093s]   ssafy_msgs__rosidl_typesupport_introspection_c__pyext.vcxproj -> C:\Users\SSAFY\Desktop\ros2_ws\build\ssafy_msgs\rosidl_generator_py\ssafy_msgs\ssafy_msgs_s__rosidl_typesupport_introspection_c.pyd
[29.718s]   Building Custom Rule C:/Users/SSAFY/Desktop/ros2_ws/src/ssafy_msgs/CMakeLists.txt
[30.218s]   ssafy_msgs__rosidl_typesupport_opensplice_c__pyext.vcxproj -> C:\Users\SSAFY\Desktop\ros2_ws\build\ssafy_msgs\rosidl_generator_py\ssafy_msgs\ssafy_msgs_s__rosidl_typesupport_opensplice_c.pyd
[30.828s]   Building Custom Rule C:/Users/SSAFY/Desktop/ros2_ws/src/ssafy_msgs/CMakeLists.txt
[31.750s] Invoked command in 'C:\Users\SSAFY\Desktop\ros2_ws\build\ssafy_msgs' returned '0': CL=/MP CMAKE_PREFIX_PATH=%CMAKE_PREFIX_PATH%;C:\Users\SSAFY\Desktop\ros2_ws\install\sub3;C:\Users\SSAFY\Desktop\ros2_ws\install\sub2;C:\Users\SSAFY\Desktop\ros2_ws\install\sub1;C:\Users\SSAFY\Desktop\ros2_ws\install\custom_game;C:\Users\SSAFY\Desktop\ros2_ws\install\advanced;C:\Users\SSAFY\Desktop\ros2_ws\install\ssafy_bridge;C:\Users\SSAFY\Desktop\ros2_ws\install\security_service;C:\Users\SSAFY\Desktop\ros2_ws\install\c208_package installDir=%installDir%
IntelliJ IDEA=C:\Program Files\JetBrains\IntelliJ IDEA 2024.1.4\bin; C:\Program Files\CMake\bin\cmake.EXE --build C:\Users\SSAFY\Desktop\ros2_ws\build\ssafy_msgs --config Release
[32.031s] Invoking command in 'C:\Users\SSAFY\Desktop\ros2_ws\build\ssafy_msgs': CMAKE_PREFIX_PATH=%CMAKE_PREFIX_PATH%;C:\Users\SSAFY\Desktop\ros2_ws\install\sub3;C:\Users\SSAFY\Desktop\ros2_ws\install\sub2;C:\Users\SSAFY\Desktop\ros2_ws\install\sub1;C:\Users\SSAFY\Desktop\ros2_ws\install\custom_game;C:\Users\SSAFY\Desktop\ros2_ws\install\advanced;C:\Users\SSAFY\Desktop\ros2_ws\install\ssafy_bridge;C:\Users\SSAFY\Desktop\ros2_ws\install\security_service;C:\Users\SSAFY\Desktop\ros2_ws\install\c208_package installDir=%installDir%
IntelliJ IDEA=C:\Program Files\JetBrains\IntelliJ IDEA 2024.1.4\bin; C:\Program Files\CMake\bin\cmake.EXE --install C:\Users\SSAFY\Desktop\ros2_ws\build\ssafy_msgs --config Release
[32.500s] -- Up-to-date: C:/Users/SSAFY/Desktop/ros2_ws/install/ssafy_msgs/share/ament_index/resource_index/rosidl_interfaces/ssafy_msgs
[32.500s] -- Up-to-date: C:/Users/SSAFY/Desktop/ros2_ws/install/ssafy_msgs/lib/ssafy_msgs__rosidl_typesupport_c.lib
[32.500s] -- Up-to-date: C:/Users/SSAFY/Desktop/ros2_ws/install/ssafy_msgs/bin/ssafy_msgs__rosidl_typesupport_c.dll
[32.500s] -- Up-to-date: C:/Users/SSAFY/Desktop/ros2_ws/install/ssafy_msgs/lib/ssafy_msgs__rosidl_typesupport_cpp.lib
[32.500s] -- Up-to-date: C:/Users/SSAFY/Desktop/ros2_ws/install/ssafy_msgs/bin/ssafy_msgs__rosidl_typesupport_cpp.dll
[32.515s] -- Up-to-date: C:/Users/SSAFY/Desktop/ros2_ws/install/ssafy_msgs/include/ssafy_msgs
[32.515s] -- Up-to-date: C:/Users/SSAFY/Desktop/ros2_ws/install/ssafy_msgs/include/ssafy_msgs/msg
[32.515s] -- Up-to-date: C:/Users/SSAFY/Desktop/ros2_ws/install/ssafy_msgs/include/ssafy_msgs/msg/b_box__rosidl_typesupport_connext_c.h
[32.515s] -- Up-to-date: C:/Users/SSAFY/Desktop/ros2_ws/install/ssafy_msgs/include/ssafy_msgs/msg/custom_object_info__rosidl_typesupport_connext_c.h
[32.515s] -- Up-to-date: C:/Users/SSAFY/Desktop/ros2_ws/install/ssafy_msgs/include/ssafy_msgs/msg/dds_connext
[32.515s] -- Up-to-date: C:/Users/SSAFY/Desktop/ros2_ws/install/ssafy_msgs/include/ssafy_msgs/msg/enviroment_status__rosidl_typesupport_connext_c.h
[32.515s] -- Up-to-date: C:/Users/SSAFY/Desktop/ros2_ws/install/ssafy_msgs/include/ssafy_msgs/msg/hand_control__rosidl_typesupport_connext_c.h
[32.515s] -- Up-to-date: C:/Users/SSAFY/Desktop/ros2_ws/install/ssafy_msgs/include/ssafy_msgs/msg/num__rosidl_typesupport_connext_c.h
[32.515s] -- Up-to-date: C:/Users/SSAFY/Desktop/ros2_ws/install/ssafy_msgs/include/ssafy_msgs/msg/object_info__rosidl_typesupport_connext_c.h
[32.515s] -- Up-to-date: C:/Users/SSAFY/Desktop/ros2_ws/install/ssafy_msgs/include/ssafy_msgs/msg/rosidl_typesupport_connext_c__visibility_control.h
[32.515s] -- Up-to-date: C:/Users/SSAFY/Desktop/ros2_ws/install/ssafy_msgs/include/ssafy_msgs/msg/turtlebot_status__rosidl_typesupport_connext_c.h
[32.515s] -- Up-to-date: C:/Users/SSAFY/Desktop/ros2_ws/install/ssafy_msgs/lib/ssafy_msgs__rosidl_typesupport_connext_c.lib
[32.515s] -- Up-to-date: C:/Users/SSAFY/Desktop/ros2_ws/install/ssafy_msgs/bin/ssafy_msgs__rosidl_typesupport_connext_c.dll
[32.515s] -- Up-to-date: C:/Users/SSAFY/Desktop/ros2_ws/install/ssafy_msgs/include/ssafy_msgs
[32.531s] -- Up-to-date: C:/Users/SSAFY/Desktop/ros2_ws/install/ssafy_msgs/include/ssafy_msgs/msg
[32.531s] -- Up-to-date: C:/Users/SSAFY/Desktop/ros2_ws/install/ssafy_msgs/include/ssafy_msgs/msg/b_box.h
[32.531s] -- Up-to-date: C:/Users/SSAFY/Desktop/ros2_ws/install/ssafy_msgs/include/ssafy_msgs/msg/b_box__functions.c
[32.531s] -- Up-to-date: C:/Users/SSAFY/Desktop/ros2_ws/install/ssafy_msgs/include/ssafy_msgs/msg/b_box__functions.h
[32.531s] -- Up-to-date: C:/Users/SSAFY/Desktop/ros2_ws/install/ssafy_msgs/include/ssafy_msgs/msg/b_box__struct.h
[32.531s] -- Up-to-date: C:/Users/SSAFY/Desktop/ros2_ws/install/ssafy_msgs/include/ssafy_msgs/msg/b_box__type_support.h
[32.531s] -- Up-to-date: C:/Users/SSAFY/Desktop/ros2_ws/install/ssafy_msgs/include/ssafy_msgs/msg/custom_object_info.h
[32.531s] -- Up-to-date: C:/Users/SSAFY/Desktop/ros2_ws/install/ssafy_msgs/include/ssafy_msgs/msg/custom_object_info__functions.c
[32.531s] -- Up-to-date: C:/Users/SSAFY/Desktop/ros2_ws/install/ssafy_msgs/include/ssafy_msgs/msg/custom_object_info__functions.h
[32.531s] -- Up-to-date: C:/Users/SSAFY/Desktop/ros2_ws/install/ssafy_msgs/include/ssafy_msgs/msg/custom_object_info__struct.h
[32.531s] -- Up-to-date: C:/Users/SSAFY/Desktop/ros2_ws/install/ssafy_msgs/include/ssafy_msgs/msg/custom_object_info__type_support.h
[32.531s] -- Up-to-date: C:/Users/SSAFY/Desktop/ros2_ws/install/ssafy_msgs/include/ssafy_msgs/msg/enviroment_status.h
[32.531s] -- Up-to-date: C:/Users/SSAFY/Desktop/ros2_ws/install/ssafy_msgs/include/ssafy_msgs/msg/enviroment_status__functions.c
[32.531s] -- Up-to-date: C:/Users/SSAFY/Desktop/ros2_ws/install/ssafy_msgs/include/ssafy_msgs/msg/enviroment_status__functions.h
[32.531s] -- Up-to-date: C:/Users/SSAFY/Desktop/ros2_ws/install/ssafy_msgs/include/ssafy_msgs/msg/enviroment_status__struct.h
[32.531s] -- Up-to-date: C:/Users/SSAFY/Desktop/ros2_ws/install/ssafy_msgs/include/ssafy_msgs/msg/enviroment_status__type_support.h
[32.531s] -- Up-to-date: C:/Users/SSAFY/Desktop/ros2_ws/install/ssafy_msgs/include/ssafy_msgs/msg/hand_control.h
[32.531s] -- Up-to-date: C:/Users/SSAFY/Desktop/ros2_ws/install/ssafy_msgs/include/ssafy_msgs/msg/hand_control__functions.c
[32.546s] -- Up-to-date: C:/Users/SSAFY/Desktop/ros2_ws/install/ssafy_msgs/include/ssafy_msgs/msg/hand_control__functions.h
[32.546s] -- Up-to-date: C:/Users/SSAFY/Desktop/ros2_ws/install/ssafy_msgs/include/ssafy_msgs/msg/hand_control__struct.h
[32.546s] -- Up-to-date: C:/Users/SSAFY/Desktop/ros2_ws/install/ssafy_msgs/include/ssafy_msgs/msg/hand_control__type_support.h
[32.546s] -- Up-to-date: C:/Users/SSAFY/Desktop/ros2_ws/install/ssafy_msgs/include/ssafy_msgs/msg/num.h
[32.546s] -- Up-to-date: C:/Users/SSAFY/Desktop/ros2_ws/install/ssafy_msgs/include/ssafy_msgs/msg/num__functions.c
[32.546s] -- Up-to-date: C:/Users/SSAFY/Desktop/ros2_ws/install/ssafy_msgs/include/ssafy_msgs/msg/num__functions.h
[32.546s] -- Up-to-date: C:/Users/SSAFY/Desktop/ros2_ws/install/ssafy_msgs/include/ssafy_msgs/msg/num__struct.h
[32.546s] -- Up-to-date: C:/Users/SSAFY/Desktop/ros2_ws/install/ssafy_msgs/include/ssafy_msgs/msg/num__type_support.h
[32.546s] -- Up-to-date: C:/Users/SSAFY/Desktop/ros2_ws/install/ssafy_msgs/include/ssafy_msgs/msg/object_info.h
[32.562s] -- Up-to-date: C:/Users/SSAFY/Desktop/ros2_ws/install/ssafy_msgs/include/ssafy_msgs/msg/object_info__functions.c
[32.562s] -- Up-to-date: C:/Users/SSAFY/Desktop/ros2_ws/install/ssafy_msgs/include/ssafy_msgs/msg/object_info__functions.h
[32.562s] -- Up-to-date: C:/Users/SSAFY/Desktop/ros2_ws/install/ssafy_msgs/include/ssafy_msgs/msg/object_info__struct.h
[32.562s] -- Up-to-date: C:/Users/SSAFY/Desktop/ros2_ws/install/ssafy_msgs/include/ssafy_msgs/msg/object_info__type_support.h
[32.562s] -- Up-to-date: C:/Users/SSAFY/Desktop/ros2_ws/install/ssafy_msgs/include/ssafy_msgs/msg/rosidl_generator_c__visibility_control.h
[32.562s] -- Up-to-date: C:/Users/SSAFY/Desktop/ros2_ws/install/ssafy_msgs/include/ssafy_msgs/msg/turtlebot_status.h
[32.562s] -- Up-to-date: C:/Users/SSAFY/Desktop/ros2_ws/install/ssafy_msgs/include/ssafy_msgs/msg/turtlebot_status__functions.c
[32.562s] -- Up-to-date: C:/Users/SSAFY/Desktop/ros2_ws/install/ssafy_msgs/include/ssafy_msgs/msg/turtlebot_status__functions.h
[32.562s] -- Up-to-date: C:/Users/SSAFY/Desktop/ros2_ws/install/ssafy_msgs/include/ssafy_msgs/msg/turtlebot_status__struct.h
[32.562s] -- Up-to-date: C:/Users/SSAFY/Desktop/ros2_ws/install/ssafy_msgs/include/ssafy_msgs/msg/turtlebot_status__type_support.h
[32.562s] -- Up-to-date: C:/Users/SSAFY/Desktop/ros2_ws/install/ssafy_msgs/lib/ssafy_msgs__rosidl_generator_c.lib
[32.562s] -- Up-to-date: C:/Users/SSAFY/Desktop/ros2_ws/install/ssafy_msgs/bin/ssafy_msgs__rosidl_generator_c.dll
[32.562s] -- Up-to-date: C:/Users/SSAFY/Desktop/ros2_ws/install/ssafy_msgs/share/ssafy_msgs/msg/dds_connext
[32.578s] -- Up-to-date: C:/Users/SSAFY/Desktop/ros2_ws/install/ssafy_msgs/share/ssafy_msgs/msg/dds_connext/BBox_.idl
[32.578s] -- Up-to-date: C:/Users/SSAFY/Desktop/ros2_ws/install/ssafy_msgs/share/ssafy_msgs/msg/dds_connext/CustomObjectInfo_.idl
[32.578s] -- Up-to-date: C:/Users/SSAFY/Desktop/ros2_ws/install/ssafy_msgs/share/ssafy_msgs/msg/dds_connext/EnviromentStatus_.idl
[32.578s] -- Up-to-date: C:/Users/SSAFY/Desktop/ros2_ws/install/ssafy_msgs/share/ssafy_msgs/msg/dds_connext/HandControl_.idl
[32.578s] -- Up-to-date: C:/Users/SSAFY/Desktop/ros2_ws/install/ssafy_msgs/share/ssafy_msgs/msg/dds_connext/Num_.idl
[32.578s] -- Up-to-date: C:/Users/SSAFY/Desktop/ros2_ws/install/ssafy_msgs/share/ssafy_msgs/msg/dds_connext/ObjectInfo_.idl
[32.578s] -- Up-to-date: C:/Users/SSAFY/Desktop/ros2_ws/install/ssafy_msgs/share/ssafy_msgs/msg/dds_connext/TurtlebotStatus_.idl
[32.578s] -- Up-to-date: C:/Users/SSAFY/Desktop/ros2_ws/install/ssafy_msgs/include/ssafy_msgs
[32.593s] -- Up-to-date: C:/Users/SSAFY/Desktop/ros2_ws/install/ssafy_msgs/include/ssafy_msgs/msg
[32.593s] -- Up-to-date: C:/Users/SSAFY/Desktop/ros2_ws/install/ssafy_msgs/include/ssafy_msgs/msg/b_box__rosidl_typesupport_connext_cpp.hpp
[32.593s] -- Up-to-date: C:/Users/SSAFY/Desktop/ros2_ws/install/ssafy_msgs/include/ssafy_msgs/msg/custom_object_info__rosidl_typesupport_connext_cpp.hpp
[32.593s] -- Up-to-date: C:/Users/SSAFY/Desktop/ros2_ws/install/ssafy_msgs/include/ssafy_msgs/msg/dds_connext
[32.593s] -- Up-to-date: C:/Users/SSAFY/Desktop/ros2_ws/install/ssafy_msgs/include/ssafy_msgs/msg/dds_connext/BBox_.cxx
[32.625s] -- Up-to-date: C:/Users/SSAFY/Desktop/ros2_ws/install/ssafy_msgs/include/ssafy_msgs/msg/dds_connext/BBox_.h
[32.625s] -- Up-to-date: C:/Users/SSAFY/Desktop/ros2_ws/install/ssafy_msgs/include/ssafy_msgs/msg/dds_connext/BBox_Plugin.cxx
[32.625s] -- Up-to-date: C:/Users/SSAFY/Desktop/ros2_ws/install/ssafy_msgs/include/ssafy_msgs/msg/dds_connext/BBox_Plugin.h
[32.625s] -- Up-to-date: C:/Users/SSAFY/Desktop/ros2_ws/install/ssafy_msgs/include/ssafy_msgs/msg/dds_connext/BBox_Support.cxx
[32.625s] -- Up-to-date: C:/Users/SSAFY/Desktop/ros2_ws/install/ssafy_msgs/include/ssafy_msgs/msg/dds_connext/BBox_Support.h
[32.625s] -- Up-to-date: C:/Users/SSAFY/Desktop/ros2_ws/install/ssafy_msgs/include/ssafy_msgs/msg/dds_connext/CustomObjectInfo_.cxx
[32.625s] -- Up-to-date: C:/Users/SSAFY/Desktop/ros2_ws/install/ssafy_msgs/include/ssafy_msgs/msg/dds_connext/CustomObjectInfo_.h
[32.625s] -- Up-to-date: C:/Users/SSAFY/Desktop/ros2_ws/install/ssafy_msgs/include/ssafy_msgs/msg/dds_connext/CustomObjectInfo_Plugin.cxx
[32.625s] -- Up-to-date: C:/Users/SSAFY/Desktop/ros2_ws/install/ssafy_msgs/include/ssafy_msgs/msg/dds_connext/CustomObjectInfo_Plugin.h
[32.640s] -- Up-to-date: C:/Users/SSAFY/Desktop/ros2_ws/install/ssafy_msgs/include/ssafy_msgs/msg/dds_connext/CustomObjectInfo_Support.cxx
[32.640s] -- Up-to-date: C:/Users/SSAFY/Desktop/ros2_ws/install/ssafy_msgs/include/ssafy_msgs/msg/dds_connext/CustomObjectInfo_Support.h
[32.640s] -- Up-to-date: C:/Users/SSAFY/Desktop/ros2_ws/install/ssafy_msgs/include/ssafy_msgs/msg/dds_connext/EnviromentStatus_.cxx
[32.640s] -- Up-to-date: C:/Users/SSAFY/Desktop/ros2_ws/install/ssafy_msgs/include/ssafy_msgs/msg/dds_connext/EnviromentStatus_.h
[32.640s] -- Up-to-date: C:/Users/SSAFY/Desktop/ros2_ws/install/ssafy_msgs/include/ssafy_msgs/msg/dds_connext/EnviromentStatus_Plugin.cxx
[32.640s] -- Up-to-date: C:/Users/SSAFY/Desktop/ros2_ws/install/ssafy_msgs/include/ssafy_msgs/msg/dds_connext/EnviromentStatus_Plugin.h
[32.640s] -- Up-to-date: C:/Users/SSAFY/Desktop/ros2_ws/install/ssafy_msgs/include/ssafy_msgs/msg/dds_connext/EnviromentStatus_Support.cxx
[32.640s] -- Up-to-date: C:/Users/SSAFY/Desktop/ros2_ws/install/ssafy_msgs/include/ssafy_msgs/msg/dds_connext/EnviromentStatus_Support.h
[32.640s] -- Up-to-date: C:/Users/SSAFY/Desktop/ros2_ws/install/ssafy_msgs/include/ssafy_msgs/msg/dds_connext/HandControl_.cxx
[32.640s] -- Up-to-date: C:/Users/SSAFY/Desktop/ros2_ws/install/ssafy_msgs/include/ssafy_msgs/msg/dds_connext/HandControl_.h
[32.640s] -- Up-to-date: C:/Users/SSAFY/Desktop/ros2_ws/install/ssafy_msgs/include/ssafy_msgs/msg/dds_connext/HandControl_Plugin.cxx
[32.640s] -- Up-to-date: C:/Users/SSAFY/Desktop/ros2_ws/install/ssafy_msgs/include/ssafy_msgs/msg/dds_connext/HandControl_Plugin.h
[32.640s] -- Up-to-date: C:/Users/SSAFY/Desktop/ros2_ws/install/ssafy_msgs/include/ssafy_msgs/msg/dds_connext/HandControl_Support.cxx
[32.640s] -- Up-to-date: C:/Users/SSAFY/Desktop/ros2_ws/install/ssafy_msgs/include/ssafy_msgs/msg/dds_connext/HandControl_Support.h
[32.640s] -- Up-to-date: C:/Users/SSAFY/Desktop/ros2_ws/install/ssafy_msgs/include/ssafy_msgs/msg/dds_connext/Num_.cxx
[32.640s] -- Up-to-date: C:/Users/SSAFY/Desktop/ros2_ws/install/ssafy_msgs/include/ssafy_msgs/msg/dds_connext/Num_.h
[32.656s] -- Up-to-date: C:/Users/SSAFY/Desktop/ros2_ws/install/ssafy_msgs/include/ssafy_msgs/msg/dds_connext/Num_Plugin.cxx
[32.656s] -- Up-to-date: C:/Users/SSAFY/Desktop/ros2_ws/install/ssafy_msgs/include/ssafy_msgs/msg/dds_connext/Num_Plugin.h
[32.656s] -- Up-to-date: C:/Users/SSAFY/Desktop/ros2_ws/install/ssafy_msgs/include/ssafy_msgs/msg/dds_connext/Num_Support.cxx
[32.656s] -- Up-to-date: C:/Users/SSAFY/Desktop/ros2_ws/install/ssafy_msgs/include/ssafy_msgs/msg/dds_connext/Num_Support.h
[32.656s] -- Up-to-date: C:/Users/SSAFY/Desktop/ros2_ws/install/ssafy_msgs/include/ssafy_msgs/msg/dds_connext/ObjectInfo_.cxx
[32.656s] -- Up-to-date: C:/Users/SSAFY/Desktop/ros2_ws/install/ssafy_msgs/include/ssafy_msgs/msg/dds_connext/ObjectInfo_.h
[32.656s] -- Up-to-date: C:/Users/SSAFY/Desktop/ros2_ws/install/ssafy_msgs/include/ssafy_msgs/msg/dds_connext/ObjectInfo_Plugin.cxx
[32.656s] -- Up-to-date: C:/Users/SSAFY/Desktop/ros2_ws/install/ssafy_msgs/include/ssafy_msgs/msg/dds_connext/ObjectInfo_Plugin.h
[32.656s] -- Up-to-date: C:/Users/SSAFY/Desktop/ros2_ws/install/ssafy_msgs/include/ssafy_msgs/msg/dds_connext/ObjectInfo_Support.cxx
[32.656s] -- Up-to-date: C:/Users/SSAFY/Desktop/ros2_ws/install/ssafy_msgs/include/ssafy_msgs/msg/dds_connext/ObjectInfo_Support.h
[32.656s] -- Up-to-date: C:/Users/SSAFY/Desktop/ros2_ws/install/ssafy_msgs/include/ssafy_msgs/msg/dds_connext/TurtlebotStatus_.cxx
[32.656s] -- Up-to-date: C:/Users/SSAFY/Desktop/ros2_ws/install/ssafy_msgs/include/ssafy_msgs/msg/dds_connext/TurtlebotStatus_.h
[32.656s] -- Up-to-date: C:/Users/SSAFY/Desktop/ros2_ws/install/ssafy_msgs/include/ssafy_msgs/msg/dds_connext/TurtlebotStatus_Plugin.cxx
[32.656s] -- Up-to-date: C:/Users/SSAFY/Desktop/ros2_ws/install/ssafy_msgs/include/ssafy_msgs/msg/dds_connext/TurtlebotStatus_Plugin.h
[32.656s] -- Up-to-date: C:/Users/SSAFY/Desktop/ros2_ws/install/ssafy_msgs/include/ssafy_msgs/msg/dds_connext/TurtlebotStatus_Support.cxx
[32.656s] -- Up-to-date: C:/Users/SSAFY/Desktop/ros2_ws/install/ssafy_msgs/include/ssafy_msgs/msg/dds_connext/TurtlebotStatus_Support.h
[32.656s] -- Up-to-date: C:/Users/SSAFY/Desktop/ros2_ws/install/ssafy_msgs/include/ssafy_msgs/msg/enviroment_status__rosidl_typesupport_connext_cpp.hpp
[32.656s] -- Up-to-date: C:/Users/SSAFY/Desktop/ros2_ws/install/ssafy_msgs/include/ssafy_msgs/msg/hand_control__rosidl_typesupport_connext_cpp.hpp
[32.671s] -- Up-to-date: C:/Users/SSAFY/Desktop/ros2_ws/install/ssafy_msgs/include/ssafy_msgs/msg/num__rosidl_typesupport_connext_cpp.hpp
[32.671s] -- Up-to-date: C:/Users/SSAFY/Desktop/ros2_ws/install/ssafy_msgs/include/ssafy_msgs/msg/object_info__rosidl_typesupport_connext_cpp.hpp
[32.671s] -- Up-to-date: C:/Users/SSAFY/Desktop/ros2_ws/install/ssafy_msgs/include/ssafy_msgs/msg/rosidl_typesupport_connext_cpp__visibility_control.h
[32.671s] -- Up-to-date: C:/Users/SSAFY/Desktop/ros2_ws/install/ssafy_msgs/include/ssafy_msgs/msg/turtlebot_status__rosidl_typesupport_connext_cpp.hpp
[32.671s] -- Up-to-date: C:/Users/SSAFY/Desktop/ros2_ws/install/ssafy_msgs/lib/ssafy_msgs__rosidl_typesupport_connext_cpp.lib
[32.671s] -- Up-to-date: C:/Users/SSAFY/Desktop/ros2_ws/install/ssafy_msgs/bin/ssafy_msgs__rosidl_typesupport_connext_cpp.dll
[32.671s] -- Up-to-date: C:/Users/SSAFY/Desktop/ros2_ws/install/ssafy_msgs/include/ssafy_msgs
[32.671s] -- Up-to-date: C:/Users/SSAFY/Desktop/ros2_ws/install/ssafy_msgs/include/ssafy_msgs/msg
[32.671s] -- Up-to-date: C:/Users/SSAFY/Desktop/ros2_ws/install/ssafy_msgs/include/ssafy_msgs/msg/b_box.hpp
[32.671s] -- Up-to-date: C:/Users/SSAFY/Desktop/ros2_ws/install/ssafy_msgs/include/ssafy_msgs/msg/b_box__struct.hpp
[32.671s] -- Up-to-date: C:/Users/SSAFY/Desktop/ros2_ws/install/ssafy_msgs/include/ssafy_msgs/msg/b_box__traits.hpp
[32.671s] -- Up-to-date: C:/Users/SSAFY/Desktop/ros2_ws/install/ssafy_msgs/include/ssafy_msgs/msg/custom_object_info.hpp
[32.671s] -- Up-to-date: C:/Users/SSAFY/Desktop/ros2_ws/install/ssafy_msgs/include/ssafy_msgs/msg/custom_object_info__struct.hpp
[32.671s] -- Up-to-date: C:/Users/SSAFY/Desktop/ros2_ws/install/ssafy_msgs/include/ssafy_msgs/msg/custom_object_info__traits.hpp
[32.687s] -- Up-to-date: C:/Users/SSAFY/Desktop/ros2_ws/install/ssafy_msgs/include/ssafy_msgs/msg/enviroment_status.hpp
[32.687s] -- Up-to-date: C:/Users/SSAFY/Desktop/ros2_ws/install/ssafy_msgs/include/ssafy_msgs/msg/enviroment_status__struct.hpp
[32.687s] -- Up-to-date: C:/Users/SSAFY/Desktop/ros2_ws/install/ssafy_msgs/include/ssafy_msgs/msg/enviroment_status__traits.hpp
[32.687s] -- Up-to-date: C:/Users/SSAFY/Desktop/ros2_ws/install/ssafy_msgs/include/ssafy_msgs/msg/hand_control.hpp
[32.687s] -- Up-to-date: C:/Users/SSAFY/Desktop/ros2_ws/install/ssafy_msgs/include/ssafy_msgs/msg/hand_control__struct.hpp
[32.687s] -- Up-to-date: C:/Users/SSAFY/Desktop/ros2_ws/install/ssafy_msgs/include/ssafy_msgs/msg/hand_control__traits.hpp
[32.687s] -- Up-to-date: C:/Users/SSAFY/Desktop/ros2_ws/install/ssafy_msgs/include/ssafy_msgs/msg/num.hpp
[32.687s] -- Up-to-date: C:/Users/SSAFY/Desktop/ros2_ws/install/ssafy_msgs/include/ssafy_msgs/msg/num__struct.hpp
[32.687s] -- Up-to-date: C:/Users/SSAFY/Desktop/ros2_ws/install/ssafy_msgs/include/ssafy_msgs/msg/num__traits.hpp
[32.687s] -- Up-to-date: C:/Users/SSAFY/Desktop/ros2_ws/install/ssafy_msgs/include/ssafy_msgs/msg/object_info.hpp
[32.687s] -- Up-to-date: C:/Users/SSAFY/Desktop/ros2_ws/install/ssafy_msgs/include/ssafy_msgs/msg/object_info__struct.hpp
[32.687s] -- Up-to-date: C:/Users/SSAFY/Desktop/ros2_ws/install/ssafy_msgs/include/ssafy_msgs/msg/object_info__traits.hpp
[32.687s] -- Up-to-date: C:/Users/SSAFY/Desktop/ros2_ws/install/ssafy_msgs/include/ssafy_msgs/msg/turtlebot_status.hpp
[32.687s] -- Up-to-date: C:/Users/SSAFY/Desktop/ros2_ws/install/ssafy_msgs/include/ssafy_msgs/msg/turtlebot_status__struct.hpp
[32.703s] -- Up-to-date: C:/Users/SSAFY/Desktop/ros2_ws/install/ssafy_msgs/include/ssafy_msgs/msg/turtlebot_status__traits.hpp
[32.703s] -- Up-to-date: C:/Users/SSAFY/Desktop/ros2_ws/install/ssafy_msgs/include/ssafy_msgs
[32.703s] -- Up-to-date: C:/Users/SSAFY/Desktop/ros2_ws/install/ssafy_msgs/include/ssafy_msgs/msg
[32.703s] -- Up-to-date: C:/Users/SSAFY/Desktop/ros2_ws/install/ssafy_msgs/include/ssafy_msgs/msg/b_box__rosidl_typesupport_fastrtps_c.h
[32.703s] -- Up-to-date: C:/Users/SSAFY/Desktop/ros2_ws/install/ssafy_msgs/include/ssafy_msgs/msg/custom_object_info__rosidl_typesupport_fastrtps_c.h
[32.703s] -- Up-to-date: C:/Users/SSAFY/Desktop/ros2_ws/install/ssafy_msgs/include/ssafy_msgs/msg/enviroment_status__rosidl_typesupport_fastrtps_c.h
[32.718s] -- Up-to-date: C:/Users/SSAFY/Desktop/ros2_ws/install/ssafy_msgs/include/ssafy_msgs/msg/hand_control__rosidl_typesupport_fastrtps_c.h
[32.718s] -- Up-to-date: C:/Users/SSAFY/Desktop/ros2_ws/install/ssafy_msgs/include/ssafy_msgs/msg/num__rosidl_typesupport_fastrtps_c.h
[32.718s] -- Up-to-date: C:/Users/SSAFY/Desktop/ros2_ws/install/ssafy_msgs/include/ssafy_msgs/msg/object_info__rosidl_typesupport_fastrtps_c.h
[32.718s] -- Up-to-date: C:/Users/SSAFY/Desktop/ros2_ws/install/ssafy_msgs/include/ssafy_msgs/msg/rosidl_typesupport_fastrtps_c__visibility_control.h
[32.718s] -- Up-to-date: C:/Users/SSAFY/Desktop/ros2_ws/install/ssafy_msgs/include/ssafy_msgs/msg/turtlebot_status__rosidl_typesupport_fastrtps_c.h
[32.734s] -- Up-to-date: C:/Users/SSAFY/Desktop/ros2_ws/install/ssafy_msgs/lib/ssafy_msgs__rosidl_typesupport_fastrtps_c.lib
[32.734s] -- Up-to-date: C:/Users/SSAFY/Desktop/ros2_ws/install/ssafy_msgs/bin/ssafy_msgs__rosidl_typesupport_fastrtps_c.dll
[32.734s] -- Up-to-date: C:/Users/SSAFY/Desktop/ros2_ws/install/ssafy_msgs/include/ssafy_msgs
[32.734s] -- Up-to-date: C:/Users/SSAFY/Desktop/ros2_ws/install/ssafy_msgs/include/ssafy_msgs/msg
[32.734s] -- Up-to-date: C:/Users/SSAFY/Desktop/ros2_ws/install/ssafy_msgs/include/ssafy_msgs/msg/b_box__rosidl_typesupport_fastrtps_cpp.hpp
[32.734s] -- Up-to-date: C:/Users/SSAFY/Desktop/ros2_ws/install/ssafy_msgs/include/ssafy_msgs/msg/custom_object_info__rosidl_typesupport_fastrtps_cpp.hpp
[32.750s] -- Up-to-date: C:/Users/SSAFY/Desktop/ros2_ws/install/ssafy_msgs/include/ssafy_msgs/msg/dds_fastrtps
[32.750s] -- Up-to-date: C:/Users/SSAFY/Desktop/ros2_ws/install/ssafy_msgs/include/ssafy_msgs/msg/enviroment_status__rosidl_typesupport_fastrtps_cpp.hpp
[32.750s] -- Up-to-date: C:/Users/SSAFY/Desktop/ros2_ws/install/ssafy_msgs/include/ssafy_msgs/msg/hand_control__rosidl_typesupport_fastrtps_cpp.hpp
[32.750s] -- Up-to-date: C:/Users/SSAFY/Desktop/ros2_ws/install/ssafy_msgs/include/ssafy_msgs/msg/num__rosidl_typesupport_fastrtps_cpp.hpp
[32.750s] -- Up-to-date: C:/Users/SSAFY/Desktop/ros2_ws/install/ssafy_msgs/include/ssafy_msgs/msg/object_info__rosidl_typesupport_fastrtps_cpp.hpp
[32.765s] -- Up-to-date: C:/Users/SSAFY/Desktop/ros2_ws/install/ssafy_msgs/include/ssafy_msgs/msg/rosidl_typesupport_fastrtps_cpp__visibility_control.h
[32.765s] -- Up-to-date: C:/Users/SSAFY/Desktop/ros2_ws/install/ssafy_msgs/include/ssafy_msgs/msg/turtlebot_status__rosidl_typesupport_fastrtps_cpp.hpp
[32.765s] -- Up-to-date: C:/Users/SSAFY/Desktop/ros2_ws/install/ssafy_msgs/lib/ssafy_msgs__rosidl_typesupport_fastrtps_cpp.lib
[32.765s] -- Up-to-date: C:/Users/SSAFY/Desktop/ros2_ws/install/ssafy_msgs/bin/ssafy_msgs__rosidl_typesupport_fastrtps_cpp.dll
[32.765s] -- Up-to-date: C:/Users/SSAFY/Desktop/ros2_ws/install/ssafy_msgs/include/ssafy_msgs
[32.781s] -- Up-to-date: C:/Users/SSAFY/Desktop/ros2_ws/install/ssafy_msgs/include/ssafy_msgs/msg
[32.781s] -- Up-to-date: C:/Users/SSAFY/Desktop/ros2_ws/install/ssafy_msgs/include/ssafy_msgs/msg/b_box__rosidl_typesupport_introspection_c.h
[32.781s] -- Up-to-date: C:/Users/SSAFY/Desktop/ros2_ws/install/ssafy_msgs/include/ssafy_msgs/msg/b_box__type_support.c
[32.781s] -- Up-to-date: C:/Users/SSAFY/Desktop/ros2_ws/install/ssafy_msgs/include/ssafy_msgs/msg/custom_object_info__rosidl_typesupport_introspection_c.h
[32.781s] -- Up-to-date: C:/Users/SSAFY/Desktop/ros2_ws/install/ssafy_msgs/include/ssafy_msgs/msg/custom_object_info__type_support.c
[32.796s] -- Up-to-date: C:/Users/SSAFY/Desktop/ros2_ws/install/ssafy_msgs/include/ssafy_msgs/msg/enviroment_status__rosidl_typesupport_introspection_c.h
[32.796s] -- Up-to-date: C:/Users/SSAFY/Desktop/ros2_ws/install/ssafy_msgs/include/ssafy_msgs/msg/enviroment_status__type_support.c
[32.796s] -- Up-to-date: C:/Users/SSAFY/Desktop/ros2_ws/install/ssafy_msgs/include/ssafy_msgs/msg/hand_control__rosidl_typesupport_introspection_c.h
[32.796s] -- Up-to-date: C:/Users/SSAFY/Desktop/ros2_ws/install/ssafy_msgs/include/ssafy_msgs/msg/hand_control__type_support.c
[32.796s] -- Up-to-date: C:/Users/SSAFY/Desktop/ros2_ws/install/ssafy_msgs/include/ssafy_msgs/msg/num__rosidl_typesupport_introspection_c.h
[32.796s] -- Up-to-date: C:/Users/SSAFY/Desktop/ros2_ws/install/ssafy_msgs/include/ssafy_msgs/msg/num__type_support.c
[32.796s] -- Up-to-date: C:/Users/SSAFY/Desktop/ros2_ws/install/ssafy_msgs/include/ssafy_msgs/msg/object_info__rosidl_typesupport_introspection_c.h
[32.812s] -- Up-to-date: C:/Users/SSAFY/Desktop/ros2_ws/install/ssafy_msgs/include/ssafy_msgs/msg/object_info__type_support.c
[32.812s] -- Up-to-date: C:/Users/SSAFY/Desktop/ros2_ws/install/ssafy_msgs/include/ssafy_msgs/msg/rosidl_typesupport_introspection_c__visibility_control.h
[32.812s] -- Up-to-date: C:/Users/SSAFY/Desktop/ros2_ws/install/ssafy_msgs/include/ssafy_msgs/msg/turtlebot_status__rosidl_typesupport_introspection_c.h
[32.812s] -- Up-to-date: C:/Users/SSAFY/Desktop/ros2_ws/install/ssafy_msgs/include/ssafy_msgs/msg/turtlebot_status__type_support.c
[32.812s] -- Up-to-date: C:/Users/SSAFY/Desktop/ros2_ws/install/ssafy_msgs/lib/ssafy_msgs__rosidl_typesupport_introspection_c.lib
[32.812s] -- Up-to-date: C:/Users/SSAFY/Desktop/ros2_ws/install/ssafy_msgs/bin/ssafy_msgs__rosidl_typesupport_introspection_c.dll
[32.812s] -- Up-to-date: C:/Users/SSAFY/Desktop/ros2_ws/install/ssafy_msgs/include/ssafy_msgs
[32.812s] -- Up-to-date: C:/Users/SSAFY/Desktop/ros2_ws/install/ssafy_msgs/include/ssafy_msgs/msg
[32.828s] -- Up-to-date: C:/Users/SSAFY/Desktop/ros2_ws/install/ssafy_msgs/include/ssafy_msgs/msg/b_box__rosidl_typesupport_opensplice_c.h
[32.828s] -- Up-to-date: C:/Users/SSAFY/Desktop/ros2_ws/install/ssafy_msgs/include/ssafy_msgs/msg/custom_object_info__rosidl_typesupport_opensplice_c.h
[32.828s] -- Up-to-date: C:/Users/SSAFY/Desktop/ros2_ws/install/ssafy_msgs/include/ssafy_msgs/msg/dds_opensplice_c
[32.828s] -- Up-to-date: C:/Users/SSAFY/Desktop/ros2_ws/install/ssafy_msgs/include/ssafy_msgs/msg/enviroment_status__rosidl_typesupport_opensplice_c.h
[32.828s] -- Up-to-date: C:/Users/SSAFY/Desktop/ros2_ws/install/ssafy_msgs/include/ssafy_msgs/msg/hand_control__rosidl_typesupport_opensplice_c.h
[32.843s] -- Up-to-date: C:/Users/SSAFY/Desktop/ros2_ws/install/ssafy_msgs/include/ssafy_msgs/msg/num__rosidl_typesupport_opensplice_c.h
[32.843s] -- Up-to-date: C:/Users/SSAFY/Desktop/ros2_ws/install/ssafy_msgs/include/ssafy_msgs/msg/object_info__rosidl_typesupport_opensplice_c.h
[32.843s] -- Up-to-date: C:/Users/SSAFY/Desktop/ros2_ws/install/ssafy_msgs/include/ssafy_msgs/msg/rosidl_typesupport_opensplice_c__visibility_control.h
[32.843s] -- Up-to-date: C:/Users/SSAFY/Desktop/ros2_ws/install/ssafy_msgs/include/ssafy_msgs/msg/turtlebot_status__rosidl_typesupport_opensplice_c.h
[32.843s] -- Up-to-date: C:/Users/SSAFY/Desktop/ros2_ws/install/ssafy_msgs/lib/ssafy_msgs__rosidl_typesupport_opensplice_c.lib
[32.859s] -- Up-to-date: C:/Users/SSAFY/Desktop/ros2_ws/install/ssafy_msgs/bin/ssafy_msgs__rosidl_typesupport_opensplice_c.dll
[32.859s] -- Up-to-date: C:/Users/SSAFY/Desktop/ros2_ws/install/ssafy_msgs/share/ssafy_msgs/msg/dds_opensplice
[32.859s] -- Up-to-date: C:/Users/SSAFY/Desktop/ros2_ws/install/ssafy_msgs/share/ssafy_msgs/msg/dds_opensplice/BBox_.idl
[32.859s] -- Up-to-date: C:/Users/SSAFY/Desktop/ros2_ws/install/ssafy_msgs/share/ssafy_msgs/msg/dds_opensplice/CustomObjectInfo_.idl
[32.875s] -- Up-to-date: C:/Users/SSAFY/Desktop/ros2_ws/install/ssafy_msgs/share/ssafy_msgs/msg/dds_opensplice/EnviromentStatus_.idl
[32.875s] -- Up-to-date: C:/Users/SSAFY/Desktop/ros2_ws/install/ssafy_msgs/share/ssafy_msgs/msg/dds_opensplice/HandControl_.idl
[32.875s] -- Up-to-date: C:/Users/SSAFY/Desktop/ros2_ws/install/ssafy_msgs/share/ssafy_msgs/msg/dds_opensplice/Num_.idl
[32.875s] -- Up-to-date: C:/Users/SSAFY/Desktop/ros2_ws/install/ssafy_msgs/share/ssafy_msgs/msg/dds_opensplice/ObjectInfo_.idl
[32.875s] -- Up-to-date: C:/Users/SSAFY/Desktop/ros2_ws/install/ssafy_msgs/share/ssafy_msgs/msg/dds_opensplice/TurtlebotStatus_.idl
[32.890s] -- Up-to-date: C:/Users/SSAFY/Desktop/ros2_ws/install/ssafy_msgs/include/ssafy_msgs
[32.890s] -- Up-to-date: C:/Users/SSAFY/Desktop/ros2_ws/install/ssafy_msgs/include/ssafy_msgs/msg
[32.890s] -- Up-to-date: C:/Users/SSAFY/Desktop/ros2_ws/install/ssafy_msgs/include/ssafy_msgs/msg/b_box__rosidl_typesupport_opensplice_cpp.hpp
[32.890s] -- Up-to-date: C:/Users/SSAFY/Desktop/ros2_ws/install/ssafy_msgs/include/ssafy_msgs/msg/custom_object_info__rosidl_typesupport_opensplice_cpp.hpp
[32.906s] -- Up-to-date: C:/Users/SSAFY/Desktop/ros2_ws/install/ssafy_msgs/include/ssafy_msgs/msg/dds_opensplice
[32.906s] -- Up-to-date: C:/Users/SSAFY/Desktop/ros2_ws/install/ssafy_msgs/include/ssafy_msgs/msg/dds_opensplice/BBox_.h
[32.906s] -- Up-to-date: C:/Users/SSAFY/Desktop/ros2_ws/install/ssafy_msgs/include/ssafy_msgs/msg/dds_opensplice/BBox_Dcps.h
[32.906s] -- Up-to-date: C:/Users/SSAFY/Desktop/ros2_ws/install/ssafy_msgs/include/ssafy_msgs/msg/dds_opensplice/BBox_Dcps_impl.h
[32.906s] -- Up-to-date: C:/Users/SSAFY/Desktop/ros2_ws/install/ssafy_msgs/include/ssafy_msgs/msg/dds_opensplice/BBox_SplDcps.h
[32.906s] -- Up-to-date: C:/Users/SSAFY/Desktop/ros2_ws/install/ssafy_msgs/include/ssafy_msgs/msg/dds_opensplice/ccpp_BBox_.h
[32.921s] -- Up-to-date: C:/Users/SSAFY/Desktop/ros2_ws/install/ssafy_msgs/include/ssafy_msgs/msg/dds_opensplice/ccpp_CustomObjectInfo_.h
[32.921s] -- Up-to-date: C:/Users/SSAFY/Desktop/ros2_ws/install/ssafy_msgs/include/ssafy_msgs/msg/dds_opensplice/ccpp_EnviromentStatus_.h
[32.921s] -- Up-to-date: C:/Users/SSAFY/Desktop/ros2_ws/install/ssafy_msgs/include/ssafy_msgs/msg/dds_opensplice/ccpp_HandControl_.h
[32.921s] -- Up-to-date: C:/Users/SSAFY/Desktop/ros2_ws/install/ssafy_msgs/include/ssafy_msgs/msg/dds_opensplice/ccpp_Num_.h
[32.921s] -- Up-to-date: C:/Users/SSAFY/Desktop/ros2_ws/install/ssafy_msgs/include/ssafy_msgs/msg/dds_opensplice/ccpp_ObjectInfo_.h
[32.921s] -- Up-to-date: C:/Users/SSAFY/Desktop/ros2_ws/install/ssafy_msgs/include/ssafy_msgs/msg/dds_opensplice/ccpp_TurtlebotStatus_.h
[32.921s] -- Up-to-date: C:/Users/SSAFY/Desktop/ros2_ws/install/ssafy_msgs/include/ssafy_msgs/msg/dds_opensplice/CustomObjectInfo_.h
[32.921s] -- Up-to-date: C:/Users/SSAFY/Desktop/ros2_ws/install/ssafy_msgs/include/ssafy_msgs/msg/dds_opensplice/CustomObjectInfo_Dcps.h
[32.937s] -- Up-to-date: C:/Users/SSAFY/Desktop/ros2_ws/install/ssafy_msgs/include/ssafy_msgs/msg/dds_opensplice/CustomObjectInfo_Dcps_impl.h
[32.937s] -- Up-to-date: C:/Users/SSAFY/Desktop/ros2_ws/install/ssafy_msgs/include/ssafy_msgs/msg/dds_opensplice/CustomObjectInfo_SplDcps.h
[32.937s] -- Up-to-date: C:/Users/SSAFY/Desktop/ros2_ws/install/ssafy_msgs/include/ssafy_msgs/msg/dds_opensplice/EnviromentStatus_.h
[32.937s] -- Up-to-date: C:/Users/SSAFY/Desktop/ros2_ws/install/ssafy_msgs/include/ssafy_msgs/msg/dds_opensplice/EnviromentStatus_Dcps.h
[32.937s] -- Up-to-date: C:/Users/SSAFY/Desktop/ros2_ws/install/ssafy_msgs/include/ssafy_msgs/msg/dds_opensplice/EnviromentStatus_Dcps_impl.h
[32.937s] -- Up-to-date: C:/Users/SSAFY/Desktop/ros2_ws/install/ssafy_msgs/include/ssafy_msgs/msg/dds_opensplice/EnviromentStatus_SplDcps.h
[32.953s] -- Up-to-date: C:/Users/SSAFY/Desktop/ros2_ws/install/ssafy_msgs/include/ssafy_msgs/msg/dds_opensplice/HandControl_.h
[32.953s] -- Up-to-date: C:/Users/SSAFY/Desktop/ros2_ws/install/ssafy_msgs/include/ssafy_msgs/msg/dds_opensplice/HandControl_Dcps.h
[32.953s] -- Up-to-date: C:/Users/SSAFY/Desktop/ros2_ws/install/ssafy_msgs/include/ssafy_msgs/msg/dds_opensplice/HandControl_Dcps_impl.h
[32.953s] -- Up-to-date: C:/Users/SSAFY/Desktop/ros2_ws/install/ssafy_msgs/include/ssafy_msgs/msg/dds_opensplice/HandControl_SplDcps.h
[32.953s] -- Up-to-date: C:/Users/SSAFY/Desktop/ros2_ws/install/ssafy_msgs/include/ssafy_msgs/msg/dds_opensplice/Num_.h
[32.953s] -- Up-to-date: C:/Users/SSAFY/Desktop/ros2_ws/install/ssafy_msgs/include/ssafy_msgs/msg/dds_opensplice/Num_Dcps.h
[32.953s] -- Up-to-date: C:/Users/SSAFY/Desktop/ros2_ws/install/ssafy_msgs/include/ssafy_msgs/msg/dds_opensplice/Num_Dcps_impl.h
[32.953s] -- Up-to-date: C:/Users/SSAFY/Desktop/ros2_ws/install/ssafy_msgs/include/ssafy_msgs/msg/dds_opensplice/Num_SplDcps.h
[32.968s] -- Up-to-date: C:/Users/SSAFY/Desktop/ros2_ws/install/ssafy_msgs/include/ssafy_msgs/msg/dds_opensplice/ObjectInfo_.h
[32.968s] -- Up-to-date: C:/Users/SSAFY/Desktop/ros2_ws/install/ssafy_msgs/include/ssafy_msgs/msg/dds_opensplice/ObjectInfo_Dcps.h
[32.968s] -- Up-to-date: C:/Users/SSAFY/Desktop/ros2_ws/install/ssafy_msgs/include/ssafy_msgs/msg/dds_opensplice/ObjectInfo_Dcps_impl.h
[32.968s] -- Up-to-date: C:/Users/SSAFY/Desktop/ros2_ws/install/ssafy_msgs/include/ssafy_msgs/msg/dds_opensplice/ObjectInfo_SplDcps.h
[32.968s] -- Up-to-date: C:/Users/SSAFY/Desktop/ros2_ws/install/ssafy_msgs/include/ssafy_msgs/msg/dds_opensplice/TurtlebotStatus_.h
[32.968s] -- Up-to-date: C:/Users/SSAFY/Desktop/ros2_ws/install/ssafy_msgs/include/ssafy_msgs/msg/dds_opensplice/TurtlebotStatus_Dcps.h
[32.968s] -- Up-to-date: C:/Users/SSAFY/Desktop/ros2_ws/install/ssafy_msgs/include/ssafy_msgs/msg/dds_opensplice/TurtlebotStatus_Dcps_impl.h
[32.984s] -- Up-to-date: C:/Users/SSAFY/Desktop/ros2_ws/install/ssafy_msgs/include/ssafy_msgs/msg/dds_opensplice/TurtlebotStatus_SplDcps.h
[32.984s] -- Up-to-date: C:/Users/SSAFY/Desktop/ros2_ws/install/ssafy_msgs/include/ssafy_msgs/msg/enviroment_status__rosidl_typesupport_opensplice_cpp.hpp
[32.984s] -- Up-to-date: C:/Users/SSAFY/Desktop/ros2_ws/install/ssafy_msgs/include/ssafy_msgs/msg/hand_control__rosidl_typesupport_opensplice_cpp.hpp
[32.984s] -- Up-to-date: C:/Users/SSAFY/Desktop/ros2_ws/install/ssafy_msgs/include/ssafy_msgs/msg/num__rosidl_typesupport_opensplice_cpp.hpp
[32.984s] -- Up-to-date: C:/Users/SSAFY/Desktop/ros2_ws/install/ssafy_msgs/include/ssafy_msgs/msg/object_info__rosidl_typesupport_opensplice_cpp.hpp
[33.000s] -- Up-to-date: C:/Users/SSAFY/Desktop/ros2_ws/install/ssafy_msgs/include/ssafy_msgs/msg/rosidl_typesupport_opensplice_cpp__visibility_control.h
[33.000s] -- Up-to-date: C:/Users/SSAFY/Desktop/ros2_ws/install/ssafy_msgs/include/ssafy_msgs/msg/turtlebot_status__rosidl_typesupport_opensplice_cpp.hpp
[33.000s] -- Up-to-date: C:/Users/SSAFY/Desktop/ros2_ws/install/ssafy_msgs/lib/ssafy_msgs__rosidl_typesupport_opensplice_cpp.lib
[33.000s] -- Up-to-date: C:/Users/SSAFY/Desktop/ros2_ws/install/ssafy_msgs/bin/ssafy_msgs__rosidl_typesupport_opensplice_cpp.dll
[33.000s] -- Up-to-date: C:/Users/SSAFY/Desktop/ros2_ws/install/ssafy_msgs/include/ssafy_msgs
[33.015s] -- Up-to-date: C:/Users/SSAFY/Desktop/ros2_ws/install/ssafy_msgs/include/ssafy_msgs/msg
[33.015s] -- Up-to-date: C:/Users/SSAFY/Desktop/ros2_ws/install/ssafy_msgs/include/ssafy_msgs/msg/b_box__rosidl_typesupport_introspection_cpp.hpp
[33.015s] -- Up-to-date: C:/Users/SSAFY/Desktop/ros2_ws/install/ssafy_msgs/include/ssafy_msgs/msg/b_box__type_support.cpp
[33.015s] -- Up-to-date: C:/Users/SSAFY/Desktop/ros2_ws/install/ssafy_msgs/include/ssafy_msgs/msg/custom_object_info__rosidl_typesupport_introspection_cpp.hpp
[33.031s] -- Up-to-date: C:/Users/SSAFY/Desktop/ros2_ws/install/ssafy_msgs/include/ssafy_msgs/msg/custom_object_info__type_support.cpp
[33.031s] -- Up-to-date: C:/Users/SSAFY/Desktop/ros2_ws/install/ssafy_msgs/include/ssafy_msgs/msg/enviroment_status__rosidl_typesupport_introspection_cpp.hpp
[33.031s] -- Up-to-date: C:/Users/SSAFY/Desktop/ros2_ws/install/ssafy_msgs/include/ssafy_msgs/msg/enviroment_status__type_support.cpp
[33.031s] -- Up-to-date: C:/Users/SSAFY/Desktop/ros2_ws/install/ssafy_msgs/include/ssafy_msgs/msg/hand_control__rosidl_typesupport_introspection_cpp.hpp
[33.031s] -- Up-to-date: C:/Users/SSAFY/Desktop/ros2_ws/install/ssafy_msgs/include/ssafy_msgs/msg/hand_control__type_support.cpp
[33.031s] -- Up-to-date: C:/Users/SSAFY/Desktop/ros2_ws/install/ssafy_msgs/include/ssafy_msgs/msg/num__rosidl_typesupport_introspection_cpp.hpp
[33.031s] -- Up-to-date: C:/Users/SSAFY/Desktop/ros2_ws/install/ssafy_msgs/include/ssafy_msgs/msg/num__type_support.cpp
[33.031s] -- Up-to-date: C:/Users/SSAFY/Desktop/ros2_ws/install/ssafy_msgs/include/ssafy_msgs/msg/object_info__rosidl_typesupport_introspection_cpp.hpp
[33.046s] -- Up-to-date: C:/Users/SSAFY/Desktop/ros2_ws/install/ssafy_msgs/include/ssafy_msgs/msg/object_info__type_support.cpp
[33.046s] -- Up-to-date: C:/Users/SSAFY/Desktop/ros2_ws/install/ssafy_msgs/include/ssafy_msgs/msg/turtlebot_status__rosidl_typesupport_introspection_cpp.hpp
[33.046s] -- Up-to-date: C:/Users/SSAFY/Desktop/ros2_ws/install/ssafy_msgs/include/ssafy_msgs/msg/turtlebot_status__type_support.cpp
[33.046s] -- Up-to-date: C:/Users/SSAFY/Desktop/ros2_ws/install/ssafy_msgs/lib/ssafy_msgs__rosidl_typesupport_introspection_cpp.lib
[33.046s] -- Up-to-date: C:/Users/SSAFY/Desktop/ros2_ws/install/ssafy_msgs/bin/ssafy_msgs__rosidl_typesupport_introspection_cpp.dll
[33.046s] -- Up-to-date: C:/Users/SSAFY/Desktop/ros2_ws/install/ssafy_msgs/share/ssafy_msgs/environment/pythonpath.bat
[33.046s] -- Up-to-date: C:/Users/SSAFY/Desktop/ros2_ws/install/ssafy_msgs/share/ssafy_msgs/environment/pythonpath.dsv
[33.062s] -- Up-to-date: C:/Users/SSAFY/Desktop/ros2_ws/install/ssafy_msgs/Lib/site-packages/ssafy_msgs/__init__.py
[33.546s] -- Up-to-date: C:/Users/SSAFY/Desktop/ros2_ws/install/ssafy_msgs/Lib/site-packages/ssafy_msgs/msg
[33.546s] -- Up-to-date: C:/Users/SSAFY/Desktop/ros2_ws/install/ssafy_msgs/Lib/site-packages/ssafy_msgs/msg/_b_box.py
[33.546s] -- Up-to-date: C:/Users/SSAFY/Desktop/ros2_ws/install/ssafy_msgs/Lib/site-packages/ssafy_msgs/msg/_b_box_s.c
[33.546s] -- Up-to-date: C:/Users/SSAFY/Desktop/ros2_ws/install/ssafy_msgs/Lib/site-packages/ssafy_msgs/msg/_custom_object_info.py
[33.546s] -- Up-to-date: C:/Users/SSAFY/Desktop/ros2_ws/install/ssafy_msgs/Lib/site-packages/ssafy_msgs/msg/_custom_object_info_s.c
[33.562s] -- Up-to-date: C:/Users/SSAFY/Desktop/ros2_ws/install/ssafy_msgs/Lib/site-packages/ssafy_msgs/msg/_enviroment_status.py
[33.562s] -- Up-to-date: C:/Users/SSAFY/Desktop/ros2_ws/install/ssafy_msgs/Lib/site-packages/ssafy_msgs/msg/_enviroment_status_s.c
[33.562s] -- Up-to-date: C:/Users/SSAFY/Desktop/ros2_ws/install/ssafy_msgs/Lib/site-packages/ssafy_msgs/msg/_hand_control.py
[33.562s] -- Up-to-date: C:/Users/SSAFY/Desktop/ros2_ws/install/ssafy_msgs/Lib/site-packages/ssafy_msgs/msg/_hand_control_s.c
[33.562s] -- Up-to-date: C:/Users/SSAFY/Desktop/ros2_ws/install/ssafy_msgs/Lib/site-packages/ssafy_msgs/msg/_num.py
[33.562s] -- Up-to-date: C:/Users/SSAFY/Desktop/ros2_ws/install/ssafy_msgs/Lib/site-packages/ssafy_msgs/msg/_num_s.c
[33.578s] -- Up-to-date: C:/Users/SSAFY/Desktop/ros2_ws/install/ssafy_msgs/Lib/site-packages/ssafy_msgs/msg/_object_info.py
[33.578s] -- Up-to-date: C:/Users/SSAFY/Desktop/ros2_ws/install/ssafy_msgs/Lib/site-packages/ssafy_msgs/msg/_object_info_s.c
[33.578s] -- Up-to-date: C:/Users/SSAFY/Desktop/ros2_ws/install/ssafy_msgs/Lib/site-packages/ssafy_msgs/msg/_turtlebot_status.py
[33.578s] -- Up-to-date: C:/Users/SSAFY/Desktop/ros2_ws/install/ssafy_msgs/Lib/site-packages/ssafy_msgs/msg/_turtlebot_status_s.c
[33.578s] -- Up-to-date: C:/Users/SSAFY/Desktop/ros2_ws/install/ssafy_msgs/Lib/site-packages/ssafy_msgs/msg/__init__.py
[33.593s] -- Up-to-date: C:/Users/SSAFY/Desktop/ros2_ws/install/ssafy_msgs/Lib/site-packages/ssafy_msgs/ssafy_msgs_s__rosidl_typesupport_c.lib
[33.593s] -- Up-to-date: C:/Users/SSAFY/Desktop/ros2_ws/install/ssafy_msgs/Lib/site-packages/ssafy_msgs/ssafy_msgs_s__rosidl_typesupport_c.pyd
[33.593s] -- Up-to-date: C:/Users/SSAFY/Desktop/ros2_ws/install/ssafy_msgs/Lib/site-packages/ssafy_msgs/ssafy_msgs_s__rosidl_typesupport_connext_c.lib
[33.609s] -- Up-to-date: C:/Users/SSAFY/Desktop/ros2_ws/install/ssafy_msgs/Lib/site-packages/ssafy_msgs/ssafy_msgs_s__rosidl_typesupport_connext_c.pyd
[33.609s] -- Up-to-date: C:/Users/SSAFY/Desktop/ros2_ws/install/ssafy_msgs/Lib/site-packages/ssafy_msgs/ssafy_msgs_s__rosidl_typesupport_introspection_c.lib
[33.609s] -- Up-to-date: C:/Users/SSAFY/Desktop/ros2_ws/install/ssafy_msgs/Lib/site-packages/ssafy_msgs/ssafy_msgs_s__rosidl_typesupport_introspection_c.pyd
[33.625s] -- Up-to-date: C:/Users/SSAFY/Desktop/ros2_ws/install/ssafy_msgs/Lib/site-packages/ssafy_msgs/ssafy_msgs_s__rosidl_typesupport_fastrtps_c.lib
[33.625s] -- Up-to-date: C:/Users/SSAFY/Desktop/ros2_ws/install/ssafy_msgs/Lib/site-packages/ssafy_msgs/ssafy_msgs_s__rosidl_typesupport_fastrtps_c.pyd
[33.625s] -- Up-to-date: C:/Users/SSAFY/Desktop/ros2_ws/install/ssafy_msgs/Lib/site-packages/ssafy_msgs/ssafy_msgs_s__rosidl_typesupport_opensplice_c.lib
[33.625s] -- Up-to-date: C:/Users/SSAFY/Desktop/ros2_ws/install/ssafy_msgs/Lib/site-packages/ssafy_msgs/ssafy_msgs_s__rosidl_typesupport_opensplice_c.pyd
[33.625s] -- Up-to-date: C:/Users/SSAFY/Desktop/ros2_ws/install/ssafy_msgs/lib/ssafy_msgs__python.lib
[33.640s] -- Up-to-date: C:/Users/SSAFY/Desktop/ros2_ws/install/ssafy_msgs/bin/ssafy_msgs__python.dll
[33.640s] -- Up-to-date: C:/Users/SSAFY/Desktop/ros2_ws/install/ssafy_msgs/share/ssafy_msgs/msg/Num.idl
[33.640s] -- Up-to-date: C:/Users/SSAFY/Desktop/ros2_ws/install/ssafy_msgs/share/ssafy_msgs/msg/EnviromentStatus.idl
[33.640s] -- Up-to-date: C:/Users/SSAFY/Desktop/ros2_ws/install/ssafy_msgs/share/ssafy_msgs/msg/TurtlebotStatus.idl
[33.640s] -- Up-to-date: C:/Users/SSAFY/Desktop/ros2_ws/install/ssafy_msgs/share/ssafy_msgs/msg/BBox.idl
[33.640s] -- Up-to-date: C:/Users/SSAFY/Desktop/ros2_ws/install/ssafy_msgs/share/ssafy_msgs/msg/ObjectInfo.idl
[33.656s] -- Up-to-date: C:/Users/SSAFY/Desktop/ros2_ws/install/ssafy_msgs/share/ssafy_msgs/msg/HandControl.idl
[33.656s] -- Up-to-date: C:/Users/SSAFY/Desktop/ros2_ws/install/ssafy_msgs/share/ssafy_msgs/msg/CustomObjectInfo.idl
[33.656s] -- Up-to-date: C:/Users/SSAFY/Desktop/ros2_ws/install/ssafy_msgs/share/ssafy_msgs/msg/Num.msg
[33.656s] -- Up-to-date: C:/Users/SSAFY/Desktop/ros2_ws/install/ssafy_msgs/share/ssafy_msgs/msg/EnviromentStatus.msg
[33.656s] -- Up-to-date: C:/Users/SSAFY/Desktop/ros2_ws/install/ssafy_msgs/share/ssafy_msgs/msg/TurtlebotStatus.msg
[33.656s] -- Up-to-date: C:/Users/SSAFY/Desktop/ros2_ws/install/ssafy_msgs/share/ssafy_msgs/msg/BBox.msg
[33.656s] -- Up-to-date: C:/Users/SSAFY/Desktop/ros2_ws/install/ssafy_msgs/share/ssafy_msgs/msg/ObjectInfo.msg
[33.671s] -- Up-to-date: C:/Users/SSAFY/Desktop/ros2_ws/install/ssafy_msgs/share/ssafy_msgs/msg/HandControl.msg
[33.671s] -- Up-to-date: C:/Users/SSAFY/Desktop/ros2_ws/install/ssafy_msgs/share/ssafy_msgs/msg/CustomObjectInfo.msg
[33.671s] -- Up-to-date: C:/Users/SSAFY/Desktop/ros2_ws/install/ssafy_msgs/share/ament_index/resource_index/package_run_dependencies/ssafy_msgs
[33.671s] -- Up-to-date: C:/Users/SSAFY/Desktop/ros2_ws/install/ssafy_msgs/share/ament_index/resource_index/parent_prefix_path/ssafy_msgs
[33.687s] -- Up-to-date: C:/Users/SSAFY/Desktop/ros2_ws/install/ssafy_msgs/share/ssafy_msgs/environment/ament_prefix_path.bat
[33.687s] -- Up-to-date: C:/Users/SSAFY/Desktop/ros2_ws/install/ssafy_msgs/share/ssafy_msgs/environment/ament_prefix_path.dsv
[33.687s] -- Up-to-date: C:/Users/SSAFY/Desktop/ros2_ws/install/ssafy_msgs/share/ssafy_msgs/environment/path.bat
[33.687s] -- Up-to-date: C:/Users/SSAFY/Desktop/ros2_ws/install/ssafy_msgs/share/ssafy_msgs/environment/path.dsv
[33.687s] -- Up-to-date: C:/Users/SSAFY/Desktop/ros2_ws/install/ssafy_msgs/share/ssafy_msgs/local_setup.bat
[33.703s] -- Up-to-date: C:/Users/SSAFY/Desktop/ros2_ws/install/ssafy_msgs/share/ssafy_msgs/local_setup.dsv
[33.703s] -- Installing: C:/Users/SSAFY/Desktop/ros2_ws/install/ssafy_msgs/share/ssafy_msgs/package.dsv
[33.718s] -- Up-to-date: C:/Users/SSAFY/Desktop/ros2_ws/install/ssafy_msgs/share/ament_index/resource_index/packages/ssafy_msgs
[33.718s] -- Up-to-date: C:/Users/SSAFY/Desktop/ros2_ws/install/ssafy_msgs/share/ssafy_msgs/cmake/rosidl_cmake-extras.cmake
[33.718s] -- Up-to-date: C:/Users/SSAFY/Desktop/ros2_ws/install/ssafy_msgs/share/ssafy_msgs/cmake/ament_cmake_export_dependencies-extras.cmake
[33.718s] -- Up-to-date: C:/Users/SSAFY/Desktop/ros2_ws/install/ssafy_msgs/share/ssafy_msgs/cmake/ament_cmake_export_libraries-extras.cmake
[33.734s] -- Up-to-date: C:/Users/SSAFY/Desktop/ros2_ws/install/ssafy_msgs/share/ssafy_msgs/cmake/ament_cmake_export_include_directories-extras.cmake
[33.734s] -- Up-to-date: C:/Users/SSAFY/Desktop/ros2_ws/install/ssafy_msgs/share/ssafy_msgs/cmake/rosidl_cmake_export_typesupport_libraries-extras.cmake
[33.734s] -- Up-to-date: C:/Users/SSAFY/Desktop/ros2_ws/install/ssafy_msgs/share/ssafy_msgs/cmake/ssafy_msgsConfig.cmake
[33.750s] -- Up-to-date: C:/Users/SSAFY/Desktop/ros2_ws/install/ssafy_msgs/share/ssafy_msgs/cmake/ssafy_msgsConfig-version.cmake
[33.750s] -- Up-to-date: C:/Users/SSAFY/Desktop/ros2_ws/install/ssafy_msgs/share/ssafy_msgs/package.xml
[33.781s] Invoked command in 'C:\Users\SSAFY\Desktop\ros2_ws\build\ssafy_msgs' returned '0': CMAKE_PREFIX_PATH=%CMAKE_PREFIX_PATH%;C:\Users\SSAFY\Desktop\ros2_ws\install\sub3;C:\Users\SSAFY\Desktop\ros2_ws\install\sub2;C:\Users\SSAFY\Desktop\ros2_ws\install\sub1;C:\Users\SSAFY\Desktop\ros2_ws\install\custom_game;C:\Users\SSAFY\Desktop\ros2_ws\install\advanced;C:\Users\SSAFY\Desktop\ros2_ws\install\ssafy_bridge;C:\Users\SSAFY\Desktop\ros2_ws\install\security_service;C:\Users\SSAFY\Desktop\ros2_ws\install\c208_package installDir=%installDir%
IntelliJ IDEA=C:\Program Files\JetBrains\IntelliJ IDEA 2024.1.4\bin; C:\Program Files\CMake\bin\cmake.EXE --install C:\Users\SSAFY\Desktop\ros2_ws\build\ssafy_msgs --config Release
