[0.312s] Invoking command in 'C:\Users\SSAFY\Desktop\ros2_ws\build\ssafy_msgs': CL=/MP INCLUDE=%INCLUDE%
IntelliJ IDEA=C:\Program Files\JetBrains\IntelliJ IDEA 2024.1.4\bin; C:\Program Files\CMake\bin\cmake.EXE --build C:\Users\SSAFY\Desktop\ros2_ws\build\ssafy_msgs --config Release
[1.281s] msbuild 버전 17.10.4+10fbfbf2e(.NET Framework용)
[1.281s] 
[1.281s]   1>Checking Build System
[1.281s]   Building Custom Rule C:/Users/SSAFY/Desktop/ros2_ws/src/ssafy_msgs/CMakeLists.txt
[1.281s]   Building Custom Rule C:/Users/SSAFY/Desktop/ros2_ws/src/ssafy_msgs/CMakeLists.txt
[1.281s]   ssafy_msgs__rosidl_generator_c.vcxproj -> C:\Users\SSAFY\Desktop\ros2_ws\build\ssafy_msgs\Release\ssafy_msgs__rosidl_generator_c.dll
[1.281s]   Building Custom Rule C:/Users/SSAFY/Desktop/ros2_ws/src/ssafy_msgs/CMakeLists.txt
[1.281s]   ssafy_msgs__rosidl_typesupport_c.vcxproj -> C:\Users\SSAFY\Desktop\ros2_ws\build\ssafy_msgs\Release\ssafy_msgs__rosidl_typesupport_c.dll
[1.562s]   Building Custom Rule C:/Users/SSAFY/Desktop/ros2_ws/src/ssafy_msgs/CMakeLists.txt
[1.578s]   Building Custom Rule C:/Users/SSAFY/Desktop/ros2_ws/src/ssafy_msgs/CMakeLists.txt
[1.578s]   ssafy_msgs__rosidl_typesupport_connext_cpp.vcxproj -> C:\Users\SSAFY\Desktop\ros2_ws\build\ssafy_msgs\Release\ssafy_msgs__rosidl_typesupport_connext_cpp.dll
[1.578s]   Building Custom Rule C:/Users/SSAFY/Desktop/ros2_ws/src/ssafy_msgs/CMakeLists.txt
[1.687s]   ssafy_msgs__rosidl_typesupport_connext_c.vcxproj -> C:\Users\SSAFY\Desktop\ros2_ws\build\ssafy_msgs\Release\ssafy_msgs__rosidl_typesupport_connext_c.dll
[1.797s]   Building Custom Rule C:/Users/SSAFY/Desktop/ros2_ws/src/ssafy_msgs/CMakeLists.txt
[1.875s]   ssafy_msgs__rosidl_typesupport_cpp.vcxproj -> C:\Users\SSAFY\Desktop\ros2_ws\build\ssafy_msgs\Release\ssafy_msgs__rosidl_typesupport_cpp.dll
[1.984s]   Building Custom Rule C:/Users/SSAFY/Desktop/ros2_ws/src/ssafy_msgs/CMakeLists.txt
[2.062s]   ssafy_msgs__rosidl_typesupport_fastrtps_cpp.vcxproj -> C:\Users\SSAFY\Desktop\ros2_ws\build\ssafy_msgs\Release\ssafy_msgs__rosidl_typesupport_fastrtps_cpp.dll
[2.140s]   Building Custom Rule C:/Users/SSAFY/Desktop/ros2_ws/src/ssafy_msgs/CMakeLists.txt
[2.203s]   ssafy_msgs__rosidl_typesupport_fastrtps_c.vcxproj -> C:\Users\SSAFY\Desktop\ros2_ws\build\ssafy_msgs\Release\ssafy_msgs__rosidl_typesupport_fastrtps_c.dll
[2.281s]   Building Custom Rule C:/Users/SSAFY/Desktop/ros2_ws/src/ssafy_msgs/CMakeLists.txt
[2.344s]   ssafy_msgs__rosidl_typesupport_introspection_c.vcxproj -> C:\Users\SSAFY\Desktop\ros2_ws\build\ssafy_msgs\Release\ssafy_msgs__rosidl_typesupport_introspection_c.dll
[2.453s]   Building Custom Rule C:/Users/SSAFY/Desktop/ros2_ws/src/ssafy_msgs/CMakeLists.txt
[2.500s]   ssafy_msgs__rosidl_typesupport_introspection_cpp.vcxproj -> C:\Users\SSAFY\Desktop\ros2_ws\build\ssafy_msgs\Release\ssafy_msgs__rosidl_typesupport_introspection_cpp.dll
[2.609s]   Building Custom Rule C:/Users/SSAFY/Desktop/ros2_ws/src/ssafy_msgs/CMakeLists.txt
[2.703s]   Building Custom Rule C:/Users/SSAFY/Desktop/ros2_ws/src/ssafy_msgs/CMakeLists.txt
[2.781s]   ssafy_msgs__rosidl_typesupport_opensplice_cpp.vcxproj -> C:\Users\SSAFY\Desktop\ros2_ws\build\ssafy_msgs\Release\ssafy_msgs__rosidl_typesupport_opensplice_cpp.dll
[2.844s]   Building Custom Rule C:/Users/SSAFY/Desktop/ros2_ws/src/ssafy_msgs/CMakeLists.txt
[2.922s]   ssafy_msgs__rosidl_typesupport_opensplice_c.vcxproj -> C:\Users\SSAFY\Desktop\ros2_ws\build\ssafy_msgs\Release\ssafy_msgs__rosidl_typesupport_opensplice_c.dll
[2.984s]   Building Custom Rule C:/Users/SSAFY/Desktop/ros2_ws/src/ssafy_msgs/CMakeLists.txt
[3.172s]   Building Custom Rule C:/Users/SSAFY/Desktop/ros2_ws/src/ssafy_msgs/CMakeLists.txt
[3.219s]   ssafy_msgs__python.vcxproj -> C:\Users\SSAFY\Desktop\ros2_ws\build\ssafy_msgs\rosidl_generator_py\ssafy_msgs\ssafy_msgs__python.dll
[3.297s]   Building Custom Rule C:/Users/SSAFY/Desktop/ros2_ws/src/ssafy_msgs/CMakeLists.txt
[3.359s]   ssafy_msgs__rosidl_typesupport_c__pyext.vcxproj -> C:\Users\SSAFY\Desktop\ros2_ws\build\ssafy_msgs\rosidl_generator_py\ssafy_msgs\ssafy_msgs_s__rosidl_typesupport_c.pyd
[3.437s]   Building Custom Rule C:/Users/SSAFY/Desktop/ros2_ws/src/ssafy_msgs/CMakeLists.txt
[3.484s]   ssafy_msgs__rosidl_typesupport_connext_c__pyext.vcxproj -> C:\Users\SSAFY\Desktop\ros2_ws\build\ssafy_msgs\rosidl_generator_py\ssafy_msgs\ssafy_msgs_s__rosidl_typesupport_connext_c.pyd
[3.562s]   Building Custom Rule C:/Users/SSAFY/Desktop/ros2_ws/src/ssafy_msgs/CMakeLists.txt
[3.609s]   ssafy_msgs__rosidl_typesupport_fastrtps_c__pyext.vcxproj -> C:\Users\SSAFY\Desktop\ros2_ws\build\ssafy_msgs\rosidl_generator_py\ssafy_msgs\ssafy_msgs_s__rosidl_typesupport_fastrtps_c.pyd
[3.672s]   Building Custom Rule C:/Users/SSAFY/Desktop/ros2_ws/src/ssafy_msgs/CMakeLists.txt
[3.734s]   ssafy_msgs__rosidl_typesupport_introspection_c__pyext.vcxproj -> C:\Users\SSAFY\Desktop\ros2_ws\build\ssafy_msgs\rosidl_generator_py\ssafy_msgs\ssafy_msgs_s__rosidl_typesupport_introspection_c.pyd
[3.797s]   Building Custom Rule C:/Users/SSAFY/Desktop/ros2_ws/src/ssafy_msgs/CMakeLists.txt
[3.859s]   ssafy_msgs__rosidl_typesupport_opensplice_c__pyext.vcxproj -> C:\Users\SSAFY\Desktop\ros2_ws\build\ssafy_msgs\rosidl_generator_py\ssafy_msgs\ssafy_msgs_s__rosidl_typesupport_opensplice_c.pyd
[3.922s]   Building Custom Rule C:/Users/SSAFY/Desktop/ros2_ws/src/ssafy_msgs/CMakeLists.txt
[4.015s] Invoked command in 'C:\Users\SSAFY\Desktop\ros2_ws\build\ssafy_msgs' returned '0': CL=/MP INCLUDE=%INCLUDE%
IntelliJ IDEA=C:\Program Files\JetBrains\IntelliJ IDEA 2024.1.4\bin; C:\Program Files\CMake\bin\cmake.EXE --build C:\Users\SSAFY\Desktop\ros2_ws\build\ssafy_msgs --config Release
[4.047s] Invoking command in 'C:\Users\SSAFY\Desktop\ros2_ws\build\ssafy_msgs': INCLUDE=%INCLUDE%
IntelliJ IDEA=C:\Program Files\JetBrains\IntelliJ IDEA 2024.1.4\bin; C:\Program Files\CMake\bin\cmake.EXE --install C:\Users\SSAFY\Desktop\ros2_ws\build\ssafy_msgs --config Release
[4.062s] -- Up-to-date: C:/Users/SSAFY/Desktop/ros2_ws/install/ssafy_msgs/share/ament_index/resource_index/rosidl_interfaces/ssafy_msgs
[4.062s] -- Up-to-date: C:/Users/SSAFY/Desktop/ros2_ws/install/ssafy_msgs/lib/ssafy_msgs__rosidl_typesupport_c.lib
[4.062s] -- Up-to-date: C:/Users/SSAFY/Desktop/ros2_ws/install/ssafy_msgs/bin/ssafy_msgs__rosidl_typesupport_c.dll
[4.062s] -- Up-to-date: C:/Users/SSAFY/Desktop/ros2_ws/install/ssafy_msgs/lib/ssafy_msgs__rosidl_typesupport_cpp.lib
[4.062s] -- Up-to-date: C:/Users/SSAFY/Desktop/ros2_ws/install/ssafy_msgs/bin/ssafy_msgs__rosidl_typesupport_cpp.dll
[4.062s] -- Up-to-date: C:/Users/SSAFY/Desktop/ros2_ws/install/ssafy_msgs/include/ssafy_msgs
[4.062s] -- Up-to-date: C:/Users/SSAFY/Desktop/ros2_ws/install/ssafy_msgs/include/ssafy_msgs/msg
[4.062s] -- Up-to-date: C:/Users/SSAFY/Desktop/ros2_ws/install/ssafy_msgs/include/ssafy_msgs/msg/b_box__rosidl_typesupport_connext_c.h
[4.062s] -- Up-to-date: C:/Users/SSAFY/Desktop/ros2_ws/install/ssafy_msgs/include/ssafy_msgs/msg/custom_object_info__rosidl_typesupport_connext_c.h
[4.062s] -- Up-to-date: C:/Users/SSAFY/Desktop/ros2_ws/install/ssafy_msgs/include/ssafy_msgs/msg/dds_connext
[4.062s] -- Up-to-date: C:/Users/SSAFY/Desktop/ros2_ws/install/ssafy_msgs/include/ssafy_msgs/msg/enviroment_status__rosidl_typesupport_connext_c.h
[4.062s] -- Up-to-date: C:/Users/SSAFY/Desktop/ros2_ws/install/ssafy_msgs/include/ssafy_msgs/msg/hand_control__rosidl_typesupport_connext_c.h
[4.062s] -- Up-to-date: C:/Users/SSAFY/Desktop/ros2_ws/install/ssafy_msgs/include/ssafy_msgs/msg/num__rosidl_typesupport_connext_c.h
[4.062s] -- Up-to-date: C:/Users/SSAFY/Desktop/ros2_ws/install/ssafy_msgs/include/ssafy_msgs/msg/object_info__rosidl_typesupport_connext_c.h
[4.062s] -- Up-to-date: C:/Users/SSAFY/Desktop/ros2_ws/install/ssafy_msgs/include/ssafy_msgs/msg/rosidl_typesupport_connext_c__visibility_control.h
[4.062s] -- Up-to-date: C:/Users/SSAFY/Desktop/ros2_ws/install/ssafy_msgs/include/ssafy_msgs/msg/turtlebot_status__rosidl_typesupport_connext_c.h
[4.062s] -- Up-to-date: C:/Users/SSAFY/Desktop/ros2_ws/install/ssafy_msgs/lib/ssafy_msgs__rosidl_typesupport_connext_c.lib
[4.062s] -- Up-to-date: C:/Users/SSAFY/Desktop/ros2_ws/install/ssafy_msgs/bin/ssafy_msgs__rosidl_typesupport_connext_c.dll
[4.062s] -- Up-to-date: C:/Users/SSAFY/Desktop/ros2_ws/install/ssafy_msgs/include/ssafy_msgs
[4.062s] -- Up-to-date: C:/Users/SSAFY/Desktop/ros2_ws/install/ssafy_msgs/include/ssafy_msgs/msg
[4.062s] -- Up-to-date: C:/Users/SSAFY/Desktop/ros2_ws/install/ssafy_msgs/include/ssafy_msgs/msg/b_box.h
[4.062s] -- Up-to-date: C:/Users/SSAFY/Desktop/ros2_ws/install/ssafy_msgs/include/ssafy_msgs/msg/b_box__functions.c
[4.062s] -- Up-to-date: C:/Users/SSAFY/Desktop/ros2_ws/install/ssafy_msgs/include/ssafy_msgs/msg/b_box__functions.h
[4.062s] -- Up-to-date: C:/Users/SSAFY/Desktop/ros2_ws/install/ssafy_msgs/include/ssafy_msgs/msg/b_box__struct.h
[4.062s] -- Up-to-date: C:/Users/SSAFY/Desktop/ros2_ws/install/ssafy_msgs/include/ssafy_msgs/msg/b_box__type_support.h
[4.062s] -- Up-to-date: C:/Users/SSAFY/Desktop/ros2_ws/install/ssafy_msgs/include/ssafy_msgs/msg/custom_object_info.h
[4.062s] -- Up-to-date: C:/Users/SSAFY/Desktop/ros2_ws/install/ssafy_msgs/include/ssafy_msgs/msg/custom_object_info__functions.c
[4.062s] -- Up-to-date: C:/Users/SSAFY/Desktop/ros2_ws/install/ssafy_msgs/include/ssafy_msgs/msg/custom_object_info__functions.h
[4.062s] -- Up-to-date: C:/Users/SSAFY/Desktop/ros2_ws/install/ssafy_msgs/include/ssafy_msgs/msg/custom_object_info__struct.h
[4.062s] -- Up-to-date: C:/Users/SSAFY/Desktop/ros2_ws/install/ssafy_msgs/include/ssafy_msgs/msg/custom_object_info__type_support.h
[4.062s] -- Up-to-date: C:/Users/SSAFY/Desktop/ros2_ws/install/ssafy_msgs/include/ssafy_msgs/msg/enviroment_status.h
[4.062s] -- Up-to-date: C:/Users/SSAFY/Desktop/ros2_ws/install/ssafy_msgs/include/ssafy_msgs/msg/enviroment_status__functions.c
[4.062s] -- Up-to-date: C:/Users/SSAFY/Desktop/ros2_ws/install/ssafy_msgs/include/ssafy_msgs/msg/enviroment_status__functions.h
[4.062s] -- Up-to-date: C:/Users/SSAFY/Desktop/ros2_ws/install/ssafy_msgs/include/ssafy_msgs/msg/enviroment_status__struct.h
[4.062s] -- Up-to-date: C:/Users/SSAFY/Desktop/ros2_ws/install/ssafy_msgs/include/ssafy_msgs/msg/enviroment_status__type_support.h
[4.062s] -- Up-to-date: C:/Users/SSAFY/Desktop/ros2_ws/install/ssafy_msgs/include/ssafy_msgs/msg/hand_control.h
[4.062s] -- Up-to-date: C:/Users/SSAFY/Desktop/ros2_ws/install/ssafy_msgs/include/ssafy_msgs/msg/hand_control__functions.c
[4.062s] -- Up-to-date: C:/Users/SSAFY/Desktop/ros2_ws/install/ssafy_msgs/include/ssafy_msgs/msg/hand_control__functions.h
[4.062s] -- Up-to-date: C:/Users/SSAFY/Desktop/ros2_ws/install/ssafy_msgs/include/ssafy_msgs/msg/hand_control__struct.h
[4.062s] -- Up-to-date: C:/Users/SSAFY/Desktop/ros2_ws/install/ssafy_msgs/include/ssafy_msgs/msg/hand_control__type_support.h
[4.062s] -- Up-to-date: C:/Users/SSAFY/Desktop/ros2_ws/install/ssafy_msgs/include/ssafy_msgs/msg/num.h
[4.062s] -- Up-to-date: C:/Users/SSAFY/Desktop/ros2_ws/install/ssafy_msgs/include/ssafy_msgs/msg/num__functions.c
[4.062s] -- Up-to-date: C:/Users/SSAFY/Desktop/ros2_ws/install/ssafy_msgs/include/ssafy_msgs/msg/num__functions.h
[4.062s] -- Up-to-date: C:/Users/SSAFY/Desktop/ros2_ws/install/ssafy_msgs/include/ssafy_msgs/msg/num__struct.h
[4.062s] -- Up-to-date: C:/Users/SSAFY/Desktop/ros2_ws/install/ssafy_msgs/include/ssafy_msgs/msg/num__type_support.h
[4.062s] -- Up-to-date: C:/Users/SSAFY/Desktop/ros2_ws/install/ssafy_msgs/include/ssafy_msgs/msg/object_info.h
[4.062s] -- Up-to-date: C:/Users/SSAFY/Desktop/ros2_ws/install/ssafy_msgs/include/ssafy_msgs/msg/object_info__functions.c
[4.062s] -- Up-to-date: C:/Users/SSAFY/Desktop/ros2_ws/install/ssafy_msgs/include/ssafy_msgs/msg/object_info__functions.h
[4.062s] -- Up-to-date: C:/Users/SSAFY/Desktop/ros2_ws/install/ssafy_msgs/include/ssafy_msgs/msg/object_info__struct.h
[4.062s] -- Up-to-date: C:/Users/SSAFY/Desktop/ros2_ws/install/ssafy_msgs/include/ssafy_msgs/msg/object_info__type_support.h
[4.062s] -- Up-to-date: C:/Users/SSAFY/Desktop/ros2_ws/install/ssafy_msgs/include/ssafy_msgs/msg/rosidl_generator_c__visibility_control.h
[4.062s] -- Up-to-date: C:/Users/SSAFY/Desktop/ros2_ws/install/ssafy_msgs/include/ssafy_msgs/msg/turtlebot_status.h
[4.062s] -- Up-to-date: C:/Users/SSAFY/Desktop/ros2_ws/install/ssafy_msgs/include/ssafy_msgs/msg/turtlebot_status__functions.c
[4.062s] -- Up-to-date: C:/Users/SSAFY/Desktop/ros2_ws/install/ssafy_msgs/include/ssafy_msgs/msg/turtlebot_status__functions.h
[4.062s] -- Up-to-date: C:/Users/SSAFY/Desktop/ros2_ws/install/ssafy_msgs/include/ssafy_msgs/msg/turtlebot_status__struct.h
[4.062s] -- Up-to-date: C:/Users/SSAFY/Desktop/ros2_ws/install/ssafy_msgs/include/ssafy_msgs/msg/turtlebot_status__type_support.h
[4.062s] -- Up-to-date: C:/Users/SSAFY/Desktop/ros2_ws/install/ssafy_msgs/lib/ssafy_msgs__rosidl_generator_c.lib
[4.062s] -- Up-to-date: C:/Users/SSAFY/Desktop/ros2_ws/install/ssafy_msgs/bin/ssafy_msgs__rosidl_generator_c.dll
[4.078s] -- Up-to-date: C:/Users/SSAFY/Desktop/ros2_ws/install/ssafy_msgs/share/ssafy_msgs/msg/dds_connext
[4.078s] -- Up-to-date: C:/Users/SSAFY/Desktop/ros2_ws/install/ssafy_msgs/share/ssafy_msgs/msg/dds_connext/BBox_.idl
[4.078s] -- Up-to-date: C:/Users/SSAFY/Desktop/ros2_ws/install/ssafy_msgs/share/ssafy_msgs/msg/dds_connext/CustomObjectInfo_.idl
[4.078s] -- Up-to-date: C:/Users/SSAFY/Desktop/ros2_ws/install/ssafy_msgs/share/ssafy_msgs/msg/dds_connext/EnviromentStatus_.idl
[4.078s] -- Up-to-date: C:/Users/SSAFY/Desktop/ros2_ws/install/ssafy_msgs/share/ssafy_msgs/msg/dds_connext/HandControl_.idl
[4.078s] -- Up-to-date: C:/Users/SSAFY/Desktop/ros2_ws/install/ssafy_msgs/share/ssafy_msgs/msg/dds_connext/Num_.idl
[4.078s] -- Up-to-date: C:/Users/SSAFY/Desktop/ros2_ws/install/ssafy_msgs/share/ssafy_msgs/msg/dds_connext/ObjectInfo_.idl
[4.078s] -- Up-to-date: C:/Users/SSAFY/Desktop/ros2_ws/install/ssafy_msgs/share/ssafy_msgs/msg/dds_connext/TurtlebotStatus_.idl
[4.078s] -- Up-to-date: C:/Users/SSAFY/Desktop/ros2_ws/install/ssafy_msgs/include/ssafy_msgs
[4.078s] -- Up-to-date: C:/Users/SSAFY/Desktop/ros2_ws/install/ssafy_msgs/include/ssafy_msgs/msg
[4.078s] -- Up-to-date: C:/Users/SSAFY/Desktop/ros2_ws/install/ssafy_msgs/include/ssafy_msgs/msg/b_box__rosidl_typesupport_connext_cpp.hpp
[4.078s] -- Up-to-date: C:/Users/SSAFY/Desktop/ros2_ws/install/ssafy_msgs/include/ssafy_msgs/msg/custom_object_info__rosidl_typesupport_connext_cpp.hpp
[4.078s] -- Up-to-date: C:/Users/SSAFY/Desktop/ros2_ws/install/ssafy_msgs/include/ssafy_msgs/msg/dds_connext
[4.078s] -- Up-to-date: C:/Users/SSAFY/Desktop/ros2_ws/install/ssafy_msgs/include/ssafy_msgs/msg/dds_connext/BBox_.cxx
[4.078s] -- Up-to-date: C:/Users/SSAFY/Desktop/ros2_ws/install/ssafy_msgs/include/ssafy_msgs/msg/dds_connext/BBox_.h
[4.078s] -- Up-to-date: C:/Users/SSAFY/Desktop/ros2_ws/install/ssafy_msgs/include/ssafy_msgs/msg/dds_connext/BBox_Plugin.cxx
[4.078s] -- Up-to-date: C:/Users/SSAFY/Desktop/ros2_ws/install/ssafy_msgs/include/ssafy_msgs/msg/dds_connext/BBox_Plugin.h
[4.078s] -- Up-to-date: C:/Users/SSAFY/Desktop/ros2_ws/install/ssafy_msgs/include/ssafy_msgs/msg/dds_connext/BBox_Support.cxx
[4.078s] -- Up-to-date: C:/Users/SSAFY/Desktop/ros2_ws/install/ssafy_msgs/include/ssafy_msgs/msg/dds_connext/BBox_Support.h
[4.078s] -- Up-to-date: C:/Users/SSAFY/Desktop/ros2_ws/install/ssafy_msgs/include/ssafy_msgs/msg/dds_connext/CustomObjectInfo_.cxx
[4.078s] -- Up-to-date: C:/Users/SSAFY/Desktop/ros2_ws/install/ssafy_msgs/include/ssafy_msgs/msg/dds_connext/CustomObjectInfo_.h
[4.078s] -- Up-to-date: C:/Users/SSAFY/Desktop/ros2_ws/install/ssafy_msgs/include/ssafy_msgs/msg/dds_connext/CustomObjectInfo_Plugin.cxx
[4.078s] -- Up-to-date: C:/Users/SSAFY/Desktop/ros2_ws/install/ssafy_msgs/include/ssafy_msgs/msg/dds_connext/CustomObjectInfo_Plugin.h
[4.078s] -- Up-to-date: C:/Users/SSAFY/Desktop/ros2_ws/install/ssafy_msgs/include/ssafy_msgs/msg/dds_connext/CustomObjectInfo_Support.cxx
[4.078s] -- Up-to-date: C:/Users/SSAFY/Desktop/ros2_ws/install/ssafy_msgs/include/ssafy_msgs/msg/dds_connext/CustomObjectInfo_Support.h
[4.078s] -- Up-to-date: C:/Users/SSAFY/Desktop/ros2_ws/install/ssafy_msgs/include/ssafy_msgs/msg/dds_connext/EnviromentStatus_.cxx
[4.078s] -- Up-to-date: C:/Users/SSAFY/Desktop/ros2_ws/install/ssafy_msgs/include/ssafy_msgs/msg/dds_connext/EnviromentStatus_.h
[4.078s] -- Up-to-date: C:/Users/SSAFY/Desktop/ros2_ws/install/ssafy_msgs/include/ssafy_msgs/msg/dds_connext/EnviromentStatus_Plugin.cxx
[4.078s] -- Up-to-date: C:/Users/SSAFY/Desktop/ros2_ws/install/ssafy_msgs/include/ssafy_msgs/msg/dds_connext/EnviromentStatus_Plugin.h
[4.078s] -- Up-to-date: C:/Users/SSAFY/Desktop/ros2_ws/install/ssafy_msgs/include/ssafy_msgs/msg/dds_connext/EnviromentStatus_Support.cxx
[4.078s] -- Up-to-date: C:/Users/SSAFY/Desktop/ros2_ws/install/ssafy_msgs/include/ssafy_msgs/msg/dds_connext/EnviromentStatus_Support.h
[4.078s] -- Up-to-date: C:/Users/SSAFY/Desktop/ros2_ws/install/ssafy_msgs/include/ssafy_msgs/msg/dds_connext/HandControl_.cxx
[4.078s] -- Up-to-date: C:/Users/SSAFY/Desktop/ros2_ws/install/ssafy_msgs/include/ssafy_msgs/msg/dds_connext/HandControl_.h
[4.078s] -- Up-to-date: C:/Users/SSAFY/Desktop/ros2_ws/install/ssafy_msgs/include/ssafy_msgs/msg/dds_connext/HandControl_Plugin.cxx
[4.078s] -- Up-to-date: C:/Users/SSAFY/Desktop/ros2_ws/install/ssafy_msgs/include/ssafy_msgs/msg/dds_connext/HandControl_Plugin.h
[4.078s] -- Up-to-date: C:/Users/SSAFY/Desktop/ros2_ws/install/ssafy_msgs/include/ssafy_msgs/msg/dds_connext/HandControl_Support.cxx
[4.078s] -- Up-to-date: C:/Users/SSAFY/Desktop/ros2_ws/install/ssafy_msgs/include/ssafy_msgs/msg/dds_connext/HandControl_Support.h
[4.078s] -- Up-to-date: C:/Users/SSAFY/Desktop/ros2_ws/install/ssafy_msgs/include/ssafy_msgs/msg/dds_connext/Num_.cxx
[4.078s] -- Up-to-date: C:/Users/SSAFY/Desktop/ros2_ws/install/ssafy_msgs/include/ssafy_msgs/msg/dds_connext/Num_.h
[4.078s] -- Up-to-date: C:/Users/SSAFY/Desktop/ros2_ws/install/ssafy_msgs/include/ssafy_msgs/msg/dds_connext/Num_Plugin.cxx
[4.078s] -- Up-to-date: C:/Users/SSAFY/Desktop/ros2_ws/install/ssafy_msgs/include/ssafy_msgs/msg/dds_connext/Num_Plugin.h
[4.078s] -- Up-to-date: C:/Users/SSAFY/Desktop/ros2_ws/install/ssafy_msgs/include/ssafy_msgs/msg/dds_connext/Num_Support.cxx
[4.078s] -- Up-to-date: C:/Users/SSAFY/Desktop/ros2_ws/install/ssafy_msgs/include/ssafy_msgs/msg/dds_connext/Num_Support.h
[4.078s] -- Up-to-date: C:/Users/SSAFY/Desktop/ros2_ws/install/ssafy_msgs/include/ssafy_msgs/msg/dds_connext/ObjectInfo_.cxx
[4.078s] -- Up-to-date: C:/Users/SSAFY/Desktop/ros2_ws/install/ssafy_msgs/include/ssafy_msgs/msg/dds_connext/ObjectInfo_.h
[4.078s] -- Up-to-date: C:/Users/SSAFY/Desktop/ros2_ws/install/ssafy_msgs/include/ssafy_msgs/msg/dds_connext/ObjectInfo_Plugin.cxx
[4.078s] -- Up-to-date: C:/Users/SSAFY/Desktop/ros2_ws/install/ssafy_msgs/include/ssafy_msgs/msg/dds_connext/ObjectInfo_Plugin.h
[4.078s] -- Up-to-date: C:/Users/SSAFY/Desktop/ros2_ws/install/ssafy_msgs/include/ssafy_msgs/msg/dds_connext/ObjectInfo_Support.cxx
[4.078s] -- Up-to-date: C:/Users/SSAFY/Desktop/ros2_ws/install/ssafy_msgs/include/ssafy_msgs/msg/dds_connext/ObjectInfo_Support.h
[4.078s] -- Up-to-date: C:/Users/SSAFY/Desktop/ros2_ws/install/ssafy_msgs/include/ssafy_msgs/msg/dds_connext/TurtlebotStatus_.cxx
[4.078s] -- Up-to-date: C:/Users/SSAFY/Desktop/ros2_ws/install/ssafy_msgs/include/ssafy_msgs/msg/dds_connext/TurtlebotStatus_.h
[4.078s] -- Up-to-date: C:/Users/SSAFY/Desktop/ros2_ws/install/ssafy_msgs/include/ssafy_msgs/msg/dds_connext/TurtlebotStatus_Plugin.cxx
[4.078s] -- Up-to-date: C:/Users/SSAFY/Desktop/ros2_ws/install/ssafy_msgs/include/ssafy_msgs/msg/dds_connext/TurtlebotStatus_Plugin.h
[4.078s] -- Up-to-date: C:/Users/SSAFY/Desktop/ros2_ws/install/ssafy_msgs/include/ssafy_msgs/msg/dds_connext/TurtlebotStatus_Support.cxx
[4.078s] -- Up-to-date: C:/Users/SSAFY/Desktop/ros2_ws/install/ssafy_msgs/include/ssafy_msgs/msg/dds_connext/TurtlebotStatus_Support.h
[4.094s] -- Up-to-date: C:/Users/SSAFY/Desktop/ros2_ws/install/ssafy_msgs/include/ssafy_msgs/msg/enviroment_status__rosidl_typesupport_connext_cpp.hpp
[4.094s] -- Up-to-date: C:/Users/SSAFY/Desktop/ros2_ws/install/ssafy_msgs/include/ssafy_msgs/msg/hand_control__rosidl_typesupport_connext_cpp.hpp
[4.094s] -- Up-to-date: C:/Users/SSAFY/Desktop/ros2_ws/install/ssafy_msgs/include/ssafy_msgs/msg/num__rosidl_typesupport_connext_cpp.hpp
[4.094s] -- Up-to-date: C:/Users/SSAFY/Desktop/ros2_ws/install/ssafy_msgs/include/ssafy_msgs/msg/object_info__rosidl_typesupport_connext_cpp.hpp
[4.094s] -- Up-to-date: C:/Users/SSAFY/Desktop/ros2_ws/install/ssafy_msgs/include/ssafy_msgs/msg/rosidl_typesupport_connext_cpp__visibility_control.h
[4.094s] -- Up-to-date: C:/Users/SSAFY/Desktop/ros2_ws/install/ssafy_msgs/include/ssafy_msgs/msg/turtlebot_status__rosidl_typesupport_connext_cpp.hpp
[4.094s] -- Up-to-date: C:/Users/SSAFY/Desktop/ros2_ws/install/ssafy_msgs/lib/ssafy_msgs__rosidl_typesupport_connext_cpp.lib
[4.094s] -- Up-to-date: C:/Users/SSAFY/Desktop/ros2_ws/install/ssafy_msgs/bin/ssafy_msgs__rosidl_typesupport_connext_cpp.dll
[4.094s] -- Up-to-date: C:/Users/SSAFY/Desktop/ros2_ws/install/ssafy_msgs/include/ssafy_msgs
[4.094s] -- Up-to-date: C:/Users/SSAFY/Desktop/ros2_ws/install/ssafy_msgs/include/ssafy_msgs/msg
[4.094s] -- Up-to-date: C:/Users/SSAFY/Desktop/ros2_ws/install/ssafy_msgs/include/ssafy_msgs/msg/b_box.hpp
[4.094s] -- Up-to-date: C:/Users/SSAFY/Desktop/ros2_ws/install/ssafy_msgs/include/ssafy_msgs/msg/b_box__struct.hpp
[4.094s] -- Up-to-date: C:/Users/SSAFY/Desktop/ros2_ws/install/ssafy_msgs/include/ssafy_msgs/msg/b_box__traits.hpp
[4.094s] -- Up-to-date: C:/Users/SSAFY/Desktop/ros2_ws/install/ssafy_msgs/include/ssafy_msgs/msg/custom_object_info.hpp
[4.094s] -- Up-to-date: C:/Users/SSAFY/Desktop/ros2_ws/install/ssafy_msgs/include/ssafy_msgs/msg/custom_object_info__struct.hpp
[4.094s] -- Up-to-date: C:/Users/SSAFY/Desktop/ros2_ws/install/ssafy_msgs/include/ssafy_msgs/msg/custom_object_info__traits.hpp
[4.094s] -- Up-to-date: C:/Users/SSAFY/Desktop/ros2_ws/install/ssafy_msgs/include/ssafy_msgs/msg/enviroment_status.hpp
[4.094s] -- Up-to-date: C:/Users/SSAFY/Desktop/ros2_ws/install/ssafy_msgs/include/ssafy_msgs/msg/enviroment_status__struct.hpp
[4.094s] -- Up-to-date: C:/Users/SSAFY/Desktop/ros2_ws/install/ssafy_msgs/include/ssafy_msgs/msg/enviroment_status__traits.hpp
[4.094s] -- Up-to-date: C:/Users/SSAFY/Desktop/ros2_ws/install/ssafy_msgs/include/ssafy_msgs/msg/hand_control.hpp
[4.094s] -- Up-to-date: C:/Users/SSAFY/Desktop/ros2_ws/install/ssafy_msgs/include/ssafy_msgs/msg/hand_control__struct.hpp
[4.094s] -- Up-to-date: C:/Users/SSAFY/Desktop/ros2_ws/install/ssafy_msgs/include/ssafy_msgs/msg/hand_control__traits.hpp
[4.094s] -- Up-to-date: C:/Users/SSAFY/Desktop/ros2_ws/install/ssafy_msgs/include/ssafy_msgs/msg/num.hpp
[4.094s] -- Up-to-date: C:/Users/SSAFY/Desktop/ros2_ws/install/ssafy_msgs/include/ssafy_msgs/msg/num__struct.hpp
[4.094s] -- Up-to-date: C:/Users/SSAFY/Desktop/ros2_ws/install/ssafy_msgs/include/ssafy_msgs/msg/num__traits.hpp
[4.094s] -- Up-to-date: C:/Users/SSAFY/Desktop/ros2_ws/install/ssafy_msgs/include/ssafy_msgs/msg/object_info.hpp
[4.094s] -- Up-to-date: C:/Users/SSAFY/Desktop/ros2_ws/install/ssafy_msgs/include/ssafy_msgs/msg/object_info__struct.hpp
[4.094s] -- Up-to-date: C:/Users/SSAFY/Desktop/ros2_ws/install/ssafy_msgs/include/ssafy_msgs/msg/object_info__traits.hpp
[4.094s] -- Up-to-date: C:/Users/SSAFY/Desktop/ros2_ws/install/ssafy_msgs/include/ssafy_msgs/msg/turtlebot_status.hpp
[4.094s] -- Up-to-date: C:/Users/SSAFY/Desktop/ros2_ws/install/ssafy_msgs/include/ssafy_msgs/msg/turtlebot_status__struct.hpp
[4.094s] -- Up-to-date: C:/Users/SSAFY/Desktop/ros2_ws/install/ssafy_msgs/include/ssafy_msgs/msg/turtlebot_status__traits.hpp
[4.094s] -- Up-to-date: C:/Users/SSAFY/Desktop/ros2_ws/install/ssafy_msgs/include/ssafy_msgs
[4.094s] -- Up-to-date: C:/Users/SSAFY/Desktop/ros2_ws/install/ssafy_msgs/include/ssafy_msgs/msg
[4.094s] -- Up-to-date: C:/Users/SSAFY/Desktop/ros2_ws/install/ssafy_msgs/include/ssafy_msgs/msg/b_box__rosidl_typesupport_fastrtps_c.h
[4.094s] -- Up-to-date: C:/Users/SSAFY/Desktop/ros2_ws/install/ssafy_msgs/include/ssafy_msgs/msg/custom_object_info__rosidl_typesupport_fastrtps_c.h
[4.094s] -- Up-to-date: C:/Users/SSAFY/Desktop/ros2_ws/install/ssafy_msgs/include/ssafy_msgs/msg/enviroment_status__rosidl_typesupport_fastrtps_c.h
[4.094s] -- Up-to-date: C:/Users/SSAFY/Desktop/ros2_ws/install/ssafy_msgs/include/ssafy_msgs/msg/hand_control__rosidl_typesupport_fastrtps_c.h
[4.094s] -- Up-to-date: C:/Users/SSAFY/Desktop/ros2_ws/install/ssafy_msgs/include/ssafy_msgs/msg/num__rosidl_typesupport_fastrtps_c.h
[4.094s] -- Up-to-date: C:/Users/SSAFY/Desktop/ros2_ws/install/ssafy_msgs/include/ssafy_msgs/msg/object_info__rosidl_typesupport_fastrtps_c.h
[4.094s] -- Up-to-date: C:/Users/SSAFY/Desktop/ros2_ws/install/ssafy_msgs/include/ssafy_msgs/msg/rosidl_typesupport_fastrtps_c__visibility_control.h
[4.094s] -- Up-to-date: C:/Users/SSAFY/Desktop/ros2_ws/install/ssafy_msgs/include/ssafy_msgs/msg/turtlebot_status__rosidl_typesupport_fastrtps_c.h
[4.094s] -- Up-to-date: C:/Users/SSAFY/Desktop/ros2_ws/install/ssafy_msgs/lib/ssafy_msgs__rosidl_typesupport_fastrtps_c.lib
[4.094s] -- Up-to-date: C:/Users/SSAFY/Desktop/ros2_ws/install/ssafy_msgs/bin/ssafy_msgs__rosidl_typesupport_fastrtps_c.dll
[4.094s] -- Up-to-date: C:/Users/SSAFY/Desktop/ros2_ws/install/ssafy_msgs/include/ssafy_msgs
[4.094s] -- Up-to-date: C:/Users/SSAFY/Desktop/ros2_ws/install/ssafy_msgs/include/ssafy_msgs/msg
[4.094s] -- Up-to-date: C:/Users/SSAFY/Desktop/ros2_ws/install/ssafy_msgs/include/ssafy_msgs/msg/b_box__rosidl_typesupport_fastrtps_cpp.hpp
[4.094s] -- Up-to-date: C:/Users/SSAFY/Desktop/ros2_ws/install/ssafy_msgs/include/ssafy_msgs/msg/custom_object_info__rosidl_typesupport_fastrtps_cpp.hpp
[4.094s] -- Up-to-date: C:/Users/SSAFY/Desktop/ros2_ws/install/ssafy_msgs/include/ssafy_msgs/msg/dds_fastrtps
[4.094s] -- Up-to-date: C:/Users/SSAFY/Desktop/ros2_ws/install/ssafy_msgs/include/ssafy_msgs/msg/enviroment_status__rosidl_typesupport_fastrtps_cpp.hpp
[4.094s] -- Up-to-date: C:/Users/SSAFY/Desktop/ros2_ws/install/ssafy_msgs/include/ssafy_msgs/msg/hand_control__rosidl_typesupport_fastrtps_cpp.hpp
[4.094s] -- Up-to-date: C:/Users/SSAFY/Desktop/ros2_ws/install/ssafy_msgs/include/ssafy_msgs/msg/num__rosidl_typesupport_fastrtps_cpp.hpp
[4.109s] -- Up-to-date: C:/Users/SSAFY/Desktop/ros2_ws/install/ssafy_msgs/include/ssafy_msgs/msg/object_info__rosidl_typesupport_fastrtps_cpp.hpp
[4.109s] -- Up-to-date: C:/Users/SSAFY/Desktop/ros2_ws/install/ssafy_msgs/include/ssafy_msgs/msg/rosidl_typesupport_fastrtps_cpp__visibility_control.h
[4.109s] -- Up-to-date: C:/Users/SSAFY/Desktop/ros2_ws/install/ssafy_msgs/include/ssafy_msgs/msg/turtlebot_status__rosidl_typesupport_fastrtps_cpp.hpp
[4.109s] -- Up-to-date: C:/Users/SSAFY/Desktop/ros2_ws/install/ssafy_msgs/lib/ssafy_msgs__rosidl_typesupport_fastrtps_cpp.lib
[4.109s] -- Up-to-date: C:/Users/SSAFY/Desktop/ros2_ws/install/ssafy_msgs/bin/ssafy_msgs__rosidl_typesupport_fastrtps_cpp.dll
[4.109s] -- Up-to-date: C:/Users/SSAFY/Desktop/ros2_ws/install/ssafy_msgs/include/ssafy_msgs
[4.109s] -- Up-to-date: C:/Users/SSAFY/Desktop/ros2_ws/install/ssafy_msgs/include/ssafy_msgs/msg
[4.109s] -- Up-to-date: C:/Users/SSAFY/Desktop/ros2_ws/install/ssafy_msgs/include/ssafy_msgs/msg/b_box__rosidl_typesupport_introspection_c.h
[4.109s] -- Up-to-date: C:/Users/SSAFY/Desktop/ros2_ws/install/ssafy_msgs/include/ssafy_msgs/msg/b_box__type_support.c
[4.109s] -- Up-to-date: C:/Users/SSAFY/Desktop/ros2_ws/install/ssafy_msgs/include/ssafy_msgs/msg/custom_object_info__rosidl_typesupport_introspection_c.h
[4.109s] -- Up-to-date: C:/Users/SSAFY/Desktop/ros2_ws/install/ssafy_msgs/include/ssafy_msgs/msg/custom_object_info__type_support.c
[4.109s] -- Up-to-date: C:/Users/SSAFY/Desktop/ros2_ws/install/ssafy_msgs/include/ssafy_msgs/msg/enviroment_status__rosidl_typesupport_introspection_c.h
[4.109s] -- Up-to-date: C:/Users/SSAFY/Desktop/ros2_ws/install/ssafy_msgs/include/ssafy_msgs/msg/enviroment_status__type_support.c
[4.109s] -- Up-to-date: C:/Users/SSAFY/Desktop/ros2_ws/install/ssafy_msgs/include/ssafy_msgs/msg/hand_control__rosidl_typesupport_introspection_c.h
[4.109s] -- Up-to-date: C:/Users/SSAFY/Desktop/ros2_ws/install/ssafy_msgs/include/ssafy_msgs/msg/hand_control__type_support.c
[4.109s] -- Up-to-date: C:/Users/SSAFY/Desktop/ros2_ws/install/ssafy_msgs/include/ssafy_msgs/msg/num__rosidl_typesupport_introspection_c.h
[4.109s] -- Up-to-date: C:/Users/SSAFY/Desktop/ros2_ws/install/ssafy_msgs/include/ssafy_msgs/msg/num__type_support.c
[4.109s] -- Up-to-date: C:/Users/SSAFY/Desktop/ros2_ws/install/ssafy_msgs/include/ssafy_msgs/msg/object_info__rosidl_typesupport_introspection_c.h
[4.109s] -- Up-to-date: C:/Users/SSAFY/Desktop/ros2_ws/install/ssafy_msgs/include/ssafy_msgs/msg/object_info__type_support.c
[4.109s] -- Up-to-date: C:/Users/SSAFY/Desktop/ros2_ws/install/ssafy_msgs/include/ssafy_msgs/msg/rosidl_typesupport_introspection_c__visibility_control.h
[4.109s] -- Up-to-date: C:/Users/SSAFY/Desktop/ros2_ws/install/ssafy_msgs/include/ssafy_msgs/msg/turtlebot_status__rosidl_typesupport_introspection_c.h
[4.109s] -- Up-to-date: C:/Users/SSAFY/Desktop/ros2_ws/install/ssafy_msgs/include/ssafy_msgs/msg/turtlebot_status__type_support.c
[4.109s] -- Up-to-date: C:/Users/SSAFY/Desktop/ros2_ws/install/ssafy_msgs/lib/ssafy_msgs__rosidl_typesupport_introspection_c.lib
[4.109s] -- Up-to-date: C:/Users/SSAFY/Desktop/ros2_ws/install/ssafy_msgs/bin/ssafy_msgs__rosidl_typesupport_introspection_c.dll
[4.109s] -- Up-to-date: C:/Users/SSAFY/Desktop/ros2_ws/install/ssafy_msgs/include/ssafy_msgs
[4.109s] -- Up-to-date: C:/Users/SSAFY/Desktop/ros2_ws/install/ssafy_msgs/include/ssafy_msgs/msg
[4.109s] -- Up-to-date: C:/Users/SSAFY/Desktop/ros2_ws/install/ssafy_msgs/include/ssafy_msgs/msg/b_box__rosidl_typesupport_opensplice_c.h
[4.109s] -- Up-to-date: C:/Users/SSAFY/Desktop/ros2_ws/install/ssafy_msgs/include/ssafy_msgs/msg/custom_object_info__rosidl_typesupport_opensplice_c.h
[4.109s] -- Up-to-date: C:/Users/SSAFY/Desktop/ros2_ws/install/ssafy_msgs/include/ssafy_msgs/msg/dds_opensplice_c
[4.109s] -- Up-to-date: C:/Users/SSAFY/Desktop/ros2_ws/install/ssafy_msgs/include/ssafy_msgs/msg/enviroment_status__rosidl_typesupport_opensplice_c.h
[4.109s] -- Up-to-date: C:/Users/SSAFY/Desktop/ros2_ws/install/ssafy_msgs/include/ssafy_msgs/msg/hand_control__rosidl_typesupport_opensplice_c.h
[4.109s] -- Up-to-date: C:/Users/SSAFY/Desktop/ros2_ws/install/ssafy_msgs/include/ssafy_msgs/msg/num__rosidl_typesupport_opensplice_c.h
[4.109s] -- Up-to-date: C:/Users/SSAFY/Desktop/ros2_ws/install/ssafy_msgs/include/ssafy_msgs/msg/object_info__rosidl_typesupport_opensplice_c.h
[4.109s] -- Up-to-date: C:/Users/SSAFY/Desktop/ros2_ws/install/ssafy_msgs/include/ssafy_msgs/msg/rosidl_typesupport_opensplice_c__visibility_control.h
[4.109s] -- Up-to-date: C:/Users/SSAFY/Desktop/ros2_ws/install/ssafy_msgs/include/ssafy_msgs/msg/turtlebot_status__rosidl_typesupport_opensplice_c.h
[4.109s] -- Up-to-date: C:/Users/SSAFY/Desktop/ros2_ws/install/ssafy_msgs/lib/ssafy_msgs__rosidl_typesupport_opensplice_c.lib
[4.109s] -- Up-to-date: C:/Users/SSAFY/Desktop/ros2_ws/install/ssafy_msgs/bin/ssafy_msgs__rosidl_typesupport_opensplice_c.dll
[4.109s] -- Up-to-date: C:/Users/SSAFY/Desktop/ros2_ws/install/ssafy_msgs/share/ssafy_msgs/msg/dds_opensplice
[4.109s] -- Up-to-date: C:/Users/SSAFY/Desktop/ros2_ws/install/ssafy_msgs/share/ssafy_msgs/msg/dds_opensplice/BBox_.idl
[4.109s] -- Up-to-date: C:/Users/SSAFY/Desktop/ros2_ws/install/ssafy_msgs/share/ssafy_msgs/msg/dds_opensplice/CustomObjectInfo_.idl
[4.109s] -- Up-to-date: C:/Users/SSAFY/Desktop/ros2_ws/install/ssafy_msgs/share/ssafy_msgs/msg/dds_opensplice/EnviromentStatus_.idl
[4.109s] -- Up-to-date: C:/Users/SSAFY/Desktop/ros2_ws/install/ssafy_msgs/share/ssafy_msgs/msg/dds_opensplice/HandControl_.idl
[4.109s] -- Up-to-date: C:/Users/SSAFY/Desktop/ros2_ws/install/ssafy_msgs/share/ssafy_msgs/msg/dds_opensplice/Num_.idl
[4.109s] -- Up-to-date: C:/Users/SSAFY/Desktop/ros2_ws/install/ssafy_msgs/share/ssafy_msgs/msg/dds_opensplice/ObjectInfo_.idl
[4.109s] -- Up-to-date: C:/Users/SSAFY/Desktop/ros2_ws/install/ssafy_msgs/share/ssafy_msgs/msg/dds_opensplice/TurtlebotStatus_.idl
[4.109s] -- Up-to-date: C:/Users/SSAFY/Desktop/ros2_ws/install/ssafy_msgs/include/ssafy_msgs
[4.109s] -- Up-to-date: C:/Users/SSAFY/Desktop/ros2_ws/install/ssafy_msgs/include/ssafy_msgs/msg
[4.109s] -- Up-to-date: C:/Users/SSAFY/Desktop/ros2_ws/install/ssafy_msgs/include/ssafy_msgs/msg/b_box__rosidl_typesupport_opensplice_cpp.hpp
[4.109s] -- Up-to-date: C:/Users/SSAFY/Desktop/ros2_ws/install/ssafy_msgs/include/ssafy_msgs/msg/custom_object_info__rosidl_typesupport_opensplice_cpp.hpp
[4.109s] -- Up-to-date: C:/Users/SSAFY/Desktop/ros2_ws/install/ssafy_msgs/include/ssafy_msgs/msg/dds_opensplice
[4.109s] -- Up-to-date: C:/Users/SSAFY/Desktop/ros2_ws/install/ssafy_msgs/include/ssafy_msgs/msg/dds_opensplice/BBox_.h
[4.109s] -- Up-to-date: C:/Users/SSAFY/Desktop/ros2_ws/install/ssafy_msgs/include/ssafy_msgs/msg/dds_opensplice/BBox_Dcps.h
[4.109s] -- Up-to-date: C:/Users/SSAFY/Desktop/ros2_ws/install/ssafy_msgs/include/ssafy_msgs/msg/dds_opensplice/BBox_Dcps_impl.h
[4.109s] -- Up-to-date: C:/Users/SSAFY/Desktop/ros2_ws/install/ssafy_msgs/include/ssafy_msgs/msg/dds_opensplice/BBox_SplDcps.h
[4.109s] -- Up-to-date: C:/Users/SSAFY/Desktop/ros2_ws/install/ssafy_msgs/include/ssafy_msgs/msg/dds_opensplice/ccpp_BBox_.h
[4.125s] -- Up-to-date: C:/Users/SSAFY/Desktop/ros2_ws/install/ssafy_msgs/include/ssafy_msgs/msg/dds_opensplice/ccpp_CustomObjectInfo_.h
[4.125s] -- Up-to-date: C:/Users/SSAFY/Desktop/ros2_ws/install/ssafy_msgs/include/ssafy_msgs/msg/dds_opensplice/ccpp_EnviromentStatus_.h
[4.125s] -- Up-to-date: C:/Users/SSAFY/Desktop/ros2_ws/install/ssafy_msgs/include/ssafy_msgs/msg/dds_opensplice/ccpp_HandControl_.h
[4.125s] -- Up-to-date: C:/Users/SSAFY/Desktop/ros2_ws/install/ssafy_msgs/include/ssafy_msgs/msg/dds_opensplice/ccpp_Num_.h
[4.125s] -- Up-to-date: C:/Users/SSAFY/Desktop/ros2_ws/install/ssafy_msgs/include/ssafy_msgs/msg/dds_opensplice/ccpp_ObjectInfo_.h
[4.125s] -- Up-to-date: C:/Users/SSAFY/Desktop/ros2_ws/install/ssafy_msgs/include/ssafy_msgs/msg/dds_opensplice/ccpp_TurtlebotStatus_.h
[4.125s] -- Up-to-date: C:/Users/SSAFY/Desktop/ros2_ws/install/ssafy_msgs/include/ssafy_msgs/msg/dds_opensplice/CustomObjectInfo_.h
[4.125s] -- Up-to-date: C:/Users/SSAFY/Desktop/ros2_ws/install/ssafy_msgs/include/ssafy_msgs/msg/dds_opensplice/CustomObjectInfo_Dcps.h
[4.125s] -- Up-to-date: C:/Users/SSAFY/Desktop/ros2_ws/install/ssafy_msgs/include/ssafy_msgs/msg/dds_opensplice/CustomObjectInfo_Dcps_impl.h
[4.125s] -- Up-to-date: C:/Users/SSAFY/Desktop/ros2_ws/install/ssafy_msgs/include/ssafy_msgs/msg/dds_opensplice/CustomObjectInfo_SplDcps.h
[4.125s] -- Up-to-date: C:/Users/SSAFY/Desktop/ros2_ws/install/ssafy_msgs/include/ssafy_msgs/msg/dds_opensplice/EnviromentStatus_.h
[4.125s] -- Up-to-date: C:/Users/SSAFY/Desktop/ros2_ws/install/ssafy_msgs/include/ssafy_msgs/msg/dds_opensplice/EnviromentStatus_Dcps.h
[4.125s] -- Up-to-date: C:/Users/SSAFY/Desktop/ros2_ws/install/ssafy_msgs/include/ssafy_msgs/msg/dds_opensplice/EnviromentStatus_Dcps_impl.h
[4.125s] -- Up-to-date: C:/Users/SSAFY/Desktop/ros2_ws/install/ssafy_msgs/include/ssafy_msgs/msg/dds_opensplice/EnviromentStatus_SplDcps.h
[4.125s] -- Up-to-date: C:/Users/SSAFY/Desktop/ros2_ws/install/ssafy_msgs/include/ssafy_msgs/msg/dds_opensplice/HandControl_.h
[4.125s] -- Up-to-date: C:/Users/SSAFY/Desktop/ros2_ws/install/ssafy_msgs/include/ssafy_msgs/msg/dds_opensplice/HandControl_Dcps.h
[4.125s] -- Up-to-date: C:/Users/SSAFY/Desktop/ros2_ws/install/ssafy_msgs/include/ssafy_msgs/msg/dds_opensplice/HandControl_Dcps_impl.h
[4.125s] -- Up-to-date: C:/Users/SSAFY/Desktop/ros2_ws/install/ssafy_msgs/include/ssafy_msgs/msg/dds_opensplice/HandControl_SplDcps.h
[4.125s] -- Up-to-date: C:/Users/SSAFY/Desktop/ros2_ws/install/ssafy_msgs/include/ssafy_msgs/msg/dds_opensplice/Num_.h
[4.125s] -- Up-to-date: C:/Users/SSAFY/Desktop/ros2_ws/install/ssafy_msgs/include/ssafy_msgs/msg/dds_opensplice/Num_Dcps.h
[4.125s] -- Up-to-date: C:/Users/SSAFY/Desktop/ros2_ws/install/ssafy_msgs/include/ssafy_msgs/msg/dds_opensplice/Num_Dcps_impl.h
[4.125s] -- Up-to-date: C:/Users/SSAFY/Desktop/ros2_ws/install/ssafy_msgs/include/ssafy_msgs/msg/dds_opensplice/Num_SplDcps.h
[4.125s] -- Up-to-date: C:/Users/SSAFY/Desktop/ros2_ws/install/ssafy_msgs/include/ssafy_msgs/msg/dds_opensplice/ObjectInfo_.h
[4.125s] -- Up-to-date: C:/Users/SSAFY/Desktop/ros2_ws/install/ssafy_msgs/include/ssafy_msgs/msg/dds_opensplice/ObjectInfo_Dcps.h
[4.125s] -- Up-to-date: C:/Users/SSAFY/Desktop/ros2_ws/install/ssafy_msgs/include/ssafy_msgs/msg/dds_opensplice/ObjectInfo_Dcps_impl.h
[4.125s] -- Up-to-date: C:/Users/SSAFY/Desktop/ros2_ws/install/ssafy_msgs/include/ssafy_msgs/msg/dds_opensplice/ObjectInfo_SplDcps.h
[4.125s] -- Up-to-date: C:/Users/SSAFY/Desktop/ros2_ws/install/ssafy_msgs/include/ssafy_msgs/msg/dds_opensplice/TurtlebotStatus_.h
[4.125s] -- Up-to-date: C:/Users/SSAFY/Desktop/ros2_ws/install/ssafy_msgs/include/ssafy_msgs/msg/dds_opensplice/TurtlebotStatus_Dcps.h
[4.125s] -- Up-to-date: C:/Users/SSAFY/Desktop/ros2_ws/install/ssafy_msgs/include/ssafy_msgs/msg/dds_opensplice/TurtlebotStatus_Dcps_impl.h
[4.125s] -- Up-to-date: C:/Users/SSAFY/Desktop/ros2_ws/install/ssafy_msgs/include/ssafy_msgs/msg/dds_opensplice/TurtlebotStatus_SplDcps.h
[4.125s] -- Up-to-date: C:/Users/SSAFY/Desktop/ros2_ws/install/ssafy_msgs/include/ssafy_msgs/msg/enviroment_status__rosidl_typesupport_opensplice_cpp.hpp
[4.125s] -- Up-to-date: C:/Users/SSAFY/Desktop/ros2_ws/install/ssafy_msgs/include/ssafy_msgs/msg/hand_control__rosidl_typesupport_opensplice_cpp.hpp
[4.125s] -- Up-to-date: C:/Users/SSAFY/Desktop/ros2_ws/install/ssafy_msgs/include/ssafy_msgs/msg/num__rosidl_typesupport_opensplice_cpp.hpp
[4.125s] -- Up-to-date: C:/Users/SSAFY/Desktop/ros2_ws/install/ssafy_msgs/include/ssafy_msgs/msg/object_info__rosidl_typesupport_opensplice_cpp.hpp
[4.125s] -- Up-to-date: C:/Users/SSAFY/Desktop/ros2_ws/install/ssafy_msgs/include/ssafy_msgs/msg/rosidl_typesupport_opensplice_cpp__visibility_control.h
[4.125s] -- Up-to-date: C:/Users/SSAFY/Desktop/ros2_ws/install/ssafy_msgs/include/ssafy_msgs/msg/turtlebot_status__rosidl_typesupport_opensplice_cpp.hpp
[4.125s] -- Up-to-date: C:/Users/SSAFY/Desktop/ros2_ws/install/ssafy_msgs/lib/ssafy_msgs__rosidl_typesupport_opensplice_cpp.lib
[4.125s] -- Up-to-date: C:/Users/SSAFY/Desktop/ros2_ws/install/ssafy_msgs/bin/ssafy_msgs__rosidl_typesupport_opensplice_cpp.dll
[4.125s] -- Up-to-date: C:/Users/SSAFY/Desktop/ros2_ws/install/ssafy_msgs/include/ssafy_msgs
[4.125s] -- Up-to-date: C:/Users/SSAFY/Desktop/ros2_ws/install/ssafy_msgs/include/ssafy_msgs/msg
[4.125s] -- Up-to-date: C:/Users/SSAFY/Desktop/ros2_ws/install/ssafy_msgs/include/ssafy_msgs/msg/b_box__rosidl_typesupport_introspection_cpp.hpp
[4.125s] -- Up-to-date: C:/Users/SSAFY/Desktop/ros2_ws/install/ssafy_msgs/include/ssafy_msgs/msg/b_box__type_support.cpp
[4.125s] -- Up-to-date: C:/Users/SSAFY/Desktop/ros2_ws/install/ssafy_msgs/include/ssafy_msgs/msg/custom_object_info__rosidl_typesupport_introspection_cpp.hpp
[4.125s] -- Up-to-date: C:/Users/SSAFY/Desktop/ros2_ws/install/ssafy_msgs/include/ssafy_msgs/msg/custom_object_info__type_support.cpp
[4.125s] -- Up-to-date: C:/Users/SSAFY/Desktop/ros2_ws/install/ssafy_msgs/include/ssafy_msgs/msg/enviroment_status__rosidl_typesupport_introspection_cpp.hpp
[4.125s] -- Up-to-date: C:/Users/SSAFY/Desktop/ros2_ws/install/ssafy_msgs/include/ssafy_msgs/msg/enviroment_status__type_support.cpp
[4.125s] -- Up-to-date: C:/Users/SSAFY/Desktop/ros2_ws/install/ssafy_msgs/include/ssafy_msgs/msg/hand_control__rosidl_typesupport_introspection_cpp.hpp
[4.125s] -- Up-to-date: C:/Users/SSAFY/Desktop/ros2_ws/install/ssafy_msgs/include/ssafy_msgs/msg/hand_control__type_support.cpp
[4.125s] -- Up-to-date: C:/Users/SSAFY/Desktop/ros2_ws/install/ssafy_msgs/include/ssafy_msgs/msg/num__rosidl_typesupport_introspection_cpp.hpp
[4.125s] -- Up-to-date: C:/Users/SSAFY/Desktop/ros2_ws/install/ssafy_msgs/include/ssafy_msgs/msg/num__type_support.cpp
[4.125s] -- Up-to-date: C:/Users/SSAFY/Desktop/ros2_ws/install/ssafy_msgs/include/ssafy_msgs/msg/object_info__rosidl_typesupport_introspection_cpp.hpp
[4.125s] -- Up-to-date: C:/Users/SSAFY/Desktop/ros2_ws/install/ssafy_msgs/include/ssafy_msgs/msg/object_info__type_support.cpp
[4.125s] -- Up-to-date: C:/Users/SSAFY/Desktop/ros2_ws/install/ssafy_msgs/include/ssafy_msgs/msg/turtlebot_status__rosidl_typesupport_introspection_cpp.hpp
[4.125s] -- Up-to-date: C:/Users/SSAFY/Desktop/ros2_ws/install/ssafy_msgs/include/ssafy_msgs/msg/turtlebot_status__type_support.cpp
[4.125s] -- Up-to-date: C:/Users/SSAFY/Desktop/ros2_ws/install/ssafy_msgs/lib/ssafy_msgs__rosidl_typesupport_introspection_cpp.lib
[4.125s] -- Up-to-date: C:/Users/SSAFY/Desktop/ros2_ws/install/ssafy_msgs/bin/ssafy_msgs__rosidl_typesupport_introspection_cpp.dll
[4.125s] -- Up-to-date: C:/Users/SSAFY/Desktop/ros2_ws/install/ssafy_msgs/share/ssafy_msgs/environment/pythonpath.bat
[4.125s] -- Up-to-date: C:/Users/SSAFY/Desktop/ros2_ws/install/ssafy_msgs/share/ssafy_msgs/environment/pythonpath.dsv
[4.140s] -- Up-to-date: C:/Users/SSAFY/Desktop/ros2_ws/install/ssafy_msgs/Lib/site-packages/ssafy_msgs/__init__.py
[4.187s] -- Up-to-date: C:/Users/SSAFY/Desktop/ros2_ws/install/ssafy_msgs/Lib/site-packages/ssafy_msgs/msg
[4.187s] -- Up-to-date: C:/Users/SSAFY/Desktop/ros2_ws/install/ssafy_msgs/Lib/site-packages/ssafy_msgs/msg/_b_box.py
[4.187s] -- Up-to-date: C:/Users/SSAFY/Desktop/ros2_ws/install/ssafy_msgs/Lib/site-packages/ssafy_msgs/msg/_b_box_s.c
[4.187s] -- Up-to-date: C:/Users/SSAFY/Desktop/ros2_ws/install/ssafy_msgs/Lib/site-packages/ssafy_msgs/msg/_custom_object_info.py
[4.187s] -- Up-to-date: C:/Users/SSAFY/Desktop/ros2_ws/install/ssafy_msgs/Lib/site-packages/ssafy_msgs/msg/_custom_object_info_s.c
[4.187s] -- Up-to-date: C:/Users/SSAFY/Desktop/ros2_ws/install/ssafy_msgs/Lib/site-packages/ssafy_msgs/msg/_enviroment_status.py
[4.187s] -- Up-to-date: C:/Users/SSAFY/Desktop/ros2_ws/install/ssafy_msgs/Lib/site-packages/ssafy_msgs/msg/_enviroment_status_s.c
[4.187s] -- Up-to-date: C:/Users/SSAFY/Desktop/ros2_ws/install/ssafy_msgs/Lib/site-packages/ssafy_msgs/msg/_hand_control.py
[4.187s] -- Up-to-date: C:/Users/SSAFY/Desktop/ros2_ws/install/ssafy_msgs/Lib/site-packages/ssafy_msgs/msg/_hand_control_s.c
[4.187s] -- Up-to-date: C:/Users/SSAFY/Desktop/ros2_ws/install/ssafy_msgs/Lib/site-packages/ssafy_msgs/msg/_num.py
[4.187s] -- Up-to-date: C:/Users/SSAFY/Desktop/ros2_ws/install/ssafy_msgs/Lib/site-packages/ssafy_msgs/msg/_num_s.c
[4.187s] -- Up-to-date: C:/Users/SSAFY/Desktop/ros2_ws/install/ssafy_msgs/Lib/site-packages/ssafy_msgs/msg/_object_info.py
[4.187s] -- Up-to-date: C:/Users/SSAFY/Desktop/ros2_ws/install/ssafy_msgs/Lib/site-packages/ssafy_msgs/msg/_object_info_s.c
[4.187s] -- Up-to-date: C:/Users/SSAFY/Desktop/ros2_ws/install/ssafy_msgs/Lib/site-packages/ssafy_msgs/msg/_turtlebot_status.py
[4.187s] -- Up-to-date: C:/Users/SSAFY/Desktop/ros2_ws/install/ssafy_msgs/Lib/site-packages/ssafy_msgs/msg/_turtlebot_status_s.c
[4.187s] -- Up-to-date: C:/Users/SSAFY/Desktop/ros2_ws/install/ssafy_msgs/Lib/site-packages/ssafy_msgs/msg/__init__.py
[4.187s] -- Up-to-date: C:/Users/SSAFY/Desktop/ros2_ws/install/ssafy_msgs/Lib/site-packages/ssafy_msgs/ssafy_msgs_s__rosidl_typesupport_c.lib
[4.187s] -- Up-to-date: C:/Users/SSAFY/Desktop/ros2_ws/install/ssafy_msgs/Lib/site-packages/ssafy_msgs/ssafy_msgs_s__rosidl_typesupport_c.pyd
[4.187s] -- Up-to-date: C:/Users/SSAFY/Desktop/ros2_ws/install/ssafy_msgs/Lib/site-packages/ssafy_msgs/ssafy_msgs_s__rosidl_typesupport_connext_c.lib
[4.187s] -- Up-to-date: C:/Users/SSAFY/Desktop/ros2_ws/install/ssafy_msgs/Lib/site-packages/ssafy_msgs/ssafy_msgs_s__rosidl_typesupport_connext_c.pyd
[4.187s] -- Up-to-date: C:/Users/SSAFY/Desktop/ros2_ws/install/ssafy_msgs/Lib/site-packages/ssafy_msgs/ssafy_msgs_s__rosidl_typesupport_introspection_c.lib
[4.187s] -- Up-to-date: C:/Users/SSAFY/Desktop/ros2_ws/install/ssafy_msgs/Lib/site-packages/ssafy_msgs/ssafy_msgs_s__rosidl_typesupport_introspection_c.pyd
[4.187s] -- Up-to-date: C:/Users/SSAFY/Desktop/ros2_ws/install/ssafy_msgs/Lib/site-packages/ssafy_msgs/ssafy_msgs_s__rosidl_typesupport_fastrtps_c.lib
[4.187s] -- Up-to-date: C:/Users/SSAFY/Desktop/ros2_ws/install/ssafy_msgs/Lib/site-packages/ssafy_msgs/ssafy_msgs_s__rosidl_typesupport_fastrtps_c.pyd
[4.187s] -- Up-to-date: C:/Users/SSAFY/Desktop/ros2_ws/install/ssafy_msgs/Lib/site-packages/ssafy_msgs/ssafy_msgs_s__rosidl_typesupport_opensplice_c.lib
[4.187s] -- Up-to-date: C:/Users/SSAFY/Desktop/ros2_ws/install/ssafy_msgs/Lib/site-packages/ssafy_msgs/ssafy_msgs_s__rosidl_typesupport_opensplice_c.pyd
[4.187s] -- Up-to-date: C:/Users/SSAFY/Desktop/ros2_ws/install/ssafy_msgs/lib/ssafy_msgs__python.lib
[4.187s] -- Up-to-date: C:/Users/SSAFY/Desktop/ros2_ws/install/ssafy_msgs/bin/ssafy_msgs__python.dll
[4.187s] -- Up-to-date: C:/Users/SSAFY/Desktop/ros2_ws/install/ssafy_msgs/share/ssafy_msgs/msg/Num.idl
[4.187s] -- Up-to-date: C:/Users/SSAFY/Desktop/ros2_ws/install/ssafy_msgs/share/ssafy_msgs/msg/EnviromentStatus.idl
[4.187s] -- Up-to-date: C:/Users/SSAFY/Desktop/ros2_ws/install/ssafy_msgs/share/ssafy_msgs/msg/TurtlebotStatus.idl
[4.187s] -- Up-to-date: C:/Users/SSAFY/Desktop/ros2_ws/install/ssafy_msgs/share/ssafy_msgs/msg/BBox.idl
[4.187s] -- Up-to-date: C:/Users/SSAFY/Desktop/ros2_ws/install/ssafy_msgs/share/ssafy_msgs/msg/ObjectInfo.idl
[4.187s] -- Up-to-date: C:/Users/SSAFY/Desktop/ros2_ws/install/ssafy_msgs/share/ssafy_msgs/msg/HandControl.idl
[4.187s] -- Up-to-date: C:/Users/SSAFY/Desktop/ros2_ws/install/ssafy_msgs/share/ssafy_msgs/msg/CustomObjectInfo.idl
[4.187s] -- Up-to-date: C:/Users/SSAFY/Desktop/ros2_ws/install/ssafy_msgs/share/ssafy_msgs/msg/Num.msg
[4.203s] -- Up-to-date: C:/Users/SSAFY/Desktop/ros2_ws/install/ssafy_msgs/share/ssafy_msgs/msg/EnviromentStatus.msg
[4.203s] -- Up-to-date: C:/Users/SSAFY/Desktop/ros2_ws/install/ssafy_msgs/share/ssafy_msgs/msg/TurtlebotStatus.msg
[4.203s] -- Up-to-date: C:/Users/SSAFY/Desktop/ros2_ws/install/ssafy_msgs/share/ssafy_msgs/msg/BBox.msg
[4.203s] -- Up-to-date: C:/Users/SSAFY/Desktop/ros2_ws/install/ssafy_msgs/share/ssafy_msgs/msg/ObjectInfo.msg
[4.203s] -- Up-to-date: C:/Users/SSAFY/Desktop/ros2_ws/install/ssafy_msgs/share/ssafy_msgs/msg/HandControl.msg
[4.203s] -- Up-to-date: C:/Users/SSAFY/Desktop/ros2_ws/install/ssafy_msgs/share/ssafy_msgs/msg/CustomObjectInfo.msg
[4.203s] -- Up-to-date: C:/Users/SSAFY/Desktop/ros2_ws/install/ssafy_msgs/share/ament_index/resource_index/package_run_dependencies/ssafy_msgs
[4.203s] -- Up-to-date: C:/Users/SSAFY/Desktop/ros2_ws/install/ssafy_msgs/share/ament_index/resource_index/parent_prefix_path/ssafy_msgs
[4.203s] -- Up-to-date: C:/Users/SSAFY/Desktop/ros2_ws/install/ssafy_msgs/share/ssafy_msgs/environment/ament_prefix_path.bat
[4.203s] -- Up-to-date: C:/Users/SSAFY/Desktop/ros2_ws/install/ssafy_msgs/share/ssafy_msgs/environment/ament_prefix_path.dsv
[4.203s] -- Up-to-date: C:/Users/SSAFY/Desktop/ros2_ws/install/ssafy_msgs/share/ssafy_msgs/environment/path.bat
[4.203s] -- Up-to-date: C:/Users/SSAFY/Desktop/ros2_ws/install/ssafy_msgs/share/ssafy_msgs/environment/path.dsv
[4.203s] -- Up-to-date: C:/Users/SSAFY/Desktop/ros2_ws/install/ssafy_msgs/share/ssafy_msgs/local_setup.bat
[4.203s] -- Up-to-date: C:/Users/SSAFY/Desktop/ros2_ws/install/ssafy_msgs/share/ssafy_msgs/local_setup.dsv
[4.203s] -- Installing: C:/Users/SSAFY/Desktop/ros2_ws/install/ssafy_msgs/share/ssafy_msgs/package.dsv
[4.203s] -- Up-to-date: C:/Users/SSAFY/Desktop/ros2_ws/install/ssafy_msgs/share/ament_index/resource_index/packages/ssafy_msgs
[4.203s] -- Up-to-date: C:/Users/SSAFY/Desktop/ros2_ws/install/ssafy_msgs/share/ssafy_msgs/cmake/rosidl_cmake-extras.cmake
[4.203s] -- Up-to-date: C:/Users/SSAFY/Desktop/ros2_ws/install/ssafy_msgs/share/ssafy_msgs/cmake/ament_cmake_export_dependencies-extras.cmake
[4.203s] -- Up-to-date: C:/Users/SSAFY/Desktop/ros2_ws/install/ssafy_msgs/share/ssafy_msgs/cmake/ament_cmake_export_libraries-extras.cmake
[4.203s] -- Up-to-date: C:/Users/SSAFY/Desktop/ros2_ws/install/ssafy_msgs/share/ssafy_msgs/cmake/ament_cmake_export_include_directories-extras.cmake
[4.203s] -- Up-to-date: C:/Users/SSAFY/Desktop/ros2_ws/install/ssafy_msgs/share/ssafy_msgs/cmake/rosidl_cmake_export_typesupport_libraries-extras.cmake
[4.203s] -- Up-to-date: C:/Users/SSAFY/Desktop/ros2_ws/install/ssafy_msgs/share/ssafy_msgs/cmake/ssafy_msgsConfig.cmake
[4.203s] -- Up-to-date: C:/Users/SSAFY/Desktop/ros2_ws/install/ssafy_msgs/share/ssafy_msgs/cmake/ssafy_msgsConfig-version.cmake
[4.203s] -- Up-to-date: C:/Users/SSAFY/Desktop/ros2_ws/install/ssafy_msgs/share/ssafy_msgs/package.xml
[4.203s] Invoked command in 'C:\Users\SSAFY\Desktop\ros2_ws\build\ssafy_msgs' returned '0': INCLUDE=%INCLUDE%
IntelliJ IDEA=C:\Program Files\JetBrains\IntelliJ IDEA 2024.1.4\bin; C:\Program Files\CMake\bin\cmake.EXE --install C:\Users\SSAFY\Desktop\ros2_ws\build\ssafy_msgs --config Release
