[0.754s] [34mcolcon[0m [1;30mDEBUG[0m [32mCommand line arguments: ['C:\\Python37\\Scripts\\colcon', 'build'][0m
[0.755s] [34mcolcon[0m [1;30mDEBUG[0m [32mParsed command line arguments: Namespace(ament_cmake_args=None, base_paths=['.'], build_base='build', catkin_cmake_args=None, catkin_skip_building_tests=False, cmake_args=None, cmake_clean_cache=False, cmake_clean_first=False, cmake_force_configure=False, cmake_target=None, cmake_target_skip_unavailable=False, continue_on_error=False, event_handlers=None, executor='parallel', ignore_user_meta=False, install_base='install', log_base=None, log_level=None, main=<bound method BuildVerb.main of <colcon_core.verb.build.BuildVerb object at 0x0000025110D0A988>>, merge_install=False, metas=['./colcon.meta'], packages_above=None, packages_above_and_dependencies=None, packages_above_depth=None, packages_end=None, packages_ignore=None, packages_ignore_regex=None, packages_select=None, packages_select_build_failed=False, packages_select_by_dep=None, packages_select_regex=None, packages_select_test_failures=False, packages_skip=None, packages_skip_build_finished=False, packages_skip_by_dep=None, packages_skip_regex=None, packages_skip_test_passed=False, packages_skip_up_to=None, packages_start=None, packages_up_to=None, packages_up_to_regex=None, parallel_workers=12, paths=None, symlink_install=False, test_result_base=None, verb_extension=<colcon_core.verb.build.BuildVerb object at 0x0000025110D0A988>, verb_name='build', verb_parser=<colcon_defaults.argument_parser.defaults.DefaultArgumentsDecorator object at 0x0000025110D9F308>)[0m
[1.402s] [34mcolcon.colcon_core.package_discovery[0m [1;30mLevel 1[0m discover_packages(colcon_meta) check parameters
[1.403s] [34mcolcon.colcon_core.package_discovery[0m [1;30mLevel 1[0m discover_packages(recursive) check parameters
[1.403s] [34mcolcon.colcon_core.package_discovery[0m [1;30mLevel 1[0m discover_packages(ignore) check parameters
[1.403s] [34mcolcon.colcon_core.package_discovery[0m [1;30mLevel 1[0m discover_packages(path) check parameters
[1.403s] [34mcolcon.colcon_core.package_discovery[0m [1;30mLevel 1[0m discover_packages(colcon_meta) discover
[1.403s] [34mcolcon.colcon_core.package_discovery[0m [1;30mLevel 1[0m discover_packages(recursive) discover
[1.403s] [34mcolcon.colcon_core.package_discovery[0m [1;30mINFO[0m Crawling recursively for packages in 'C:\Users\SSAFY\Desktop\ros2_ws'
[1.404s] [34mcolcon.colcon_core.package_identification[0m [1;30mLevel 1[0m _identify(.) by extensions ['ignore', 'ignore_ament_install']
[1.404s] [34mcolcon.colcon_core.package_identification[0m [1;30mLevel 1[0m _identify(.) by extension 'ignore'
[1.404s] [34mcolcon.colcon_core.package_identification[0m [1;30mLevel 1[0m _identify(.) by extension 'ignore_ament_install'
[1.404s] [34mcolcon.colcon_core.package_identification[0m [1;30mLevel 1[0m _identify(.) by extensions ['colcon_pkg']
[1.405s] [34mcolcon.colcon_core.package_identification[0m [1;30mLevel 1[0m _identify(.) by extension 'colcon_pkg'
[1.405s] [34mcolcon.colcon_core.package_identification[0m [1;30mLevel 1[0m _identify(.) by extensions ['colcon_meta']
[1.405s] [34mcolcon.colcon_core.package_identification[0m [1;30mLevel 1[0m _identify(.) by extension 'colcon_meta'
[1.405s] [34mcolcon.colcon_core.package_identification[0m [1;30mLevel 1[0m _identify(.) by extensions ['ros']
[1.405s] [34mcolcon.colcon_core.package_identification[0m [1;30mLevel 1[0m _identify(.) by extension 'ros'
[1.484s] [34mcolcon.colcon_core.package_identification[0m [1;30mLevel 1[0m _identify(.) by extensions ['cmake', 'python']
[1.484s] [34mcolcon.colcon_core.package_identification[0m [1;30mLevel 1[0m _identify(.) by extension 'cmake'
[1.484s] [34mcolcon.colcon_core.package_identification[0m [1;30mLevel 1[0m _identify(.) by extension 'python'
[1.485s] [34mcolcon.colcon_core.package_identification[0m [1;30mLevel 1[0m _identify(.) by extensions ['python_setup_py']
[1.485s] [34mcolcon.colcon_core.package_identification[0m [1;30mLevel 1[0m _identify(.) by extension 'python_setup_py'
[1.485s] [34mcolcon.colcon_core.package_identification[0m [1;30mLevel 1[0m _identify(build) by extensions ['ignore', 'ignore_ament_install']
[1.486s] [34mcolcon.colcon_core.package_identification[0m [1;30mLevel 1[0m _identify(build) by extension 'ignore'
[1.486s] [34mcolcon.colcon_core.package_identification[0m [1;30mLevel 1[0m _identify(build) ignored
[1.487s] [34mcolcon.colcon_core.package_identification[0m [1;30mLevel 1[0m _identify(install) by extensions ['ignore', 'ignore_ament_install']
[1.487s] [34mcolcon.colcon_core.package_identification[0m [1;30mLevel 1[0m _identify(install) by extension 'ignore'
[1.487s] [34mcolcon.colcon_core.package_identification[0m [1;30mLevel 1[0m _identify(install) ignored
[1.490s] [34mcolcon.colcon_core.package_identification[0m [1;30mLevel 1[0m _identify(log) by extensions ['ignore', 'ignore_ament_install']
[1.490s] [34mcolcon.colcon_core.package_identification[0m [1;30mLevel 1[0m _identify(log) by extension 'ignore'
[1.491s] [34mcolcon.colcon_core.package_identification[0m [1;30mLevel 1[0m _identify(log) ignored
[1.491s] [34mcolcon.colcon_core.package_identification[0m [1;30mLevel 1[0m _identify(src) by extensions ['ignore', 'ignore_ament_install']
[1.491s] [34mcolcon.colcon_core.package_identification[0m [1;30mLevel 1[0m _identify(src) by extension 'ignore'
[1.492s] [34mcolcon.colcon_core.package_identification[0m [1;30mLevel 1[0m _identify(src) by extension 'ignore_ament_install'
[1.492s] [34mcolcon.colcon_core.package_identification[0m [1;30mLevel 1[0m _identify(src) by extensions ['colcon_pkg']
[1.492s] [34mcolcon.colcon_core.package_identification[0m [1;30mLevel 1[0m _identify(src) by extension 'colcon_pkg'
[1.492s] [34mcolcon.colcon_core.package_identification[0m [1;30mLevel 1[0m _identify(src) by extensions ['colcon_meta']
[1.492s] [34mcolcon.colcon_core.package_identification[0m [1;30mLevel 1[0m _identify(src) by extension 'colcon_meta'
[1.492s] [34mcolcon.colcon_core.package_identification[0m [1;30mLevel 1[0m _identify(src) by extensions ['ros']
[1.493s] [34mcolcon.colcon_core.package_identification[0m [1;30mLevel 1[0m _identify(src) by extension 'ros'
[1.493s] [34mcolcon.colcon_core.package_identification[0m [1;30mLevel 1[0m _identify(src) by extensions ['cmake', 'python']
[1.493s] [34mcolcon.colcon_core.package_identification[0m [1;30mLevel 1[0m _identify(src) by extension 'cmake'
[1.493s] [34mcolcon.colcon_core.package_identification[0m [1;30mLevel 1[0m _identify(src) by extension 'python'
[1.494s] [34mcolcon.colcon_core.package_identification[0m [1;30mLevel 1[0m _identify(src) by extensions ['python_setup_py']
[1.494s] [34mcolcon.colcon_core.package_identification[0m [1;30mLevel 1[0m _identify(src) by extension 'python_setup_py'
[1.494s] [34mcolcon.colcon_core.package_identification[0m [1;30mLevel 1[0m _identify(src\advanced) by extensions ['ignore', 'ignore_ament_install']
[1.495s] [34mcolcon.colcon_core.package_identification[0m [1;30mLevel 1[0m _identify(src\advanced) by extension 'ignore'
[1.495s] [34mcolcon.colcon_core.package_identification[0m [1;30mLevel 1[0m _identify(src\advanced) by extension 'ignore_ament_install'
[1.495s] [34mcolcon.colcon_core.package_identification[0m [1;30mLevel 1[0m _identify(src\advanced) by extensions ['colcon_pkg']
[1.495s] [34mcolcon.colcon_core.package_identification[0m [1;30mLevel 1[0m _identify(src\advanced) by extension 'colcon_pkg'
[1.495s] [34mcolcon.colcon_core.package_identification[0m [1;30mLevel 1[0m _identify(src\advanced) by extensions ['colcon_meta']
[1.496s] [34mcolcon.colcon_core.package_identification[0m [1;30mLevel 1[0m _identify(src\advanced) by extension 'colcon_meta'
[1.496s] [34mcolcon.colcon_core.package_identification[0m [1;30mLevel 1[0m _identify(src\advanced) by extensions ['ros']
[1.496s] [34mcolcon.colcon_core.package_identification[0m [1;30mLevel 1[0m _identify(src\advanced) by extension 'ros'
[1.506s] [34mcolcon.colcon_core.package_identification[0m [1;30mDEBUG[0m [32mPackage 'src\advanced' with type 'ros.ament_python' and name 'advanced'[0m
[1.507s] [34mcolcon.colcon_core.package_identification[0m [1;30mLevel 1[0m _identify(src\c208_package) by extensions ['ignore', 'ignore_ament_install']
[1.507s] [34mcolcon.colcon_core.package_identification[0m [1;30mLevel 1[0m _identify(src\c208_package) by extension 'ignore'
[1.508s] [34mcolcon.colcon_core.package_identification[0m [1;30mLevel 1[0m _identify(src\c208_package) by extension 'ignore_ament_install'
[1.508s] [34mcolcon.colcon_core.package_identification[0m [1;30mLevel 1[0m _identify(src\c208_package) by extensions ['colcon_pkg']
[1.508s] [34mcolcon.colcon_core.package_identification[0m [1;30mLevel 1[0m _identify(src\c208_package) by extension 'colcon_pkg'
[1.508s] [34mcolcon.colcon_core.package_identification[0m [1;30mLevel 1[0m _identify(src\c208_package) by extensions ['colcon_meta']
[1.508s] [34mcolcon.colcon_core.package_identification[0m [1;30mLevel 1[0m _identify(src\c208_package) by extension 'colcon_meta'
[1.508s] [34mcolcon.colcon_core.package_identification[0m [1;30mLevel 1[0m _identify(src\c208_package) by extensions ['ros']
[1.509s] [34mcolcon.colcon_core.package_identification[0m [1;30mLevel 1[0m _identify(src\c208_package) by extension 'ros'
[1.511s] [34mcolcon.colcon_core.package_identification[0m [1;30mDEBUG[0m [32mPackage 'src\c208_package' with type 'ros.ament_python' and name 'c208_package'[0m
[1.512s] [34mcolcon.colcon_core.package_identification[0m [1;30mLevel 1[0m _identify(src\custom_game) by extensions ['ignore', 'ignore_ament_install']
[1.512s] [34mcolcon.colcon_core.package_identification[0m [1;30mLevel 1[0m _identify(src\custom_game) by extension 'ignore'
[1.512s] [34mcolcon.colcon_core.package_identification[0m [1;30mLevel 1[0m _identify(src\custom_game) by extension 'ignore_ament_install'
[1.513s] [34mcolcon.colcon_core.package_identification[0m [1;30mLevel 1[0m _identify(src\custom_game) by extensions ['colcon_pkg']
[1.513s] [34mcolcon.colcon_core.package_identification[0m [1;30mLevel 1[0m _identify(src\custom_game) by extension 'colcon_pkg'
[1.514s] [34mcolcon.colcon_core.package_identification[0m [1;30mLevel 1[0m _identify(src\custom_game) by extensions ['colcon_meta']
[1.514s] [34mcolcon.colcon_core.package_identification[0m [1;30mLevel 1[0m _identify(src\custom_game) by extension 'colcon_meta'
[1.514s] [34mcolcon.colcon_core.package_identification[0m [1;30mLevel 1[0m _identify(src\custom_game) by extensions ['ros']
[1.514s] [34mcolcon.colcon_core.package_identification[0m [1;30mLevel 1[0m _identify(src\custom_game) by extension 'ros'
[1.518s] [34mcolcon.colcon_core.package_identification[0m [1;30mDEBUG[0m [32mPackage 'src\custom_game' with type 'ros.ament_python' and name 'custom_game'[0m
[1.519s] [34mcolcon.colcon_core.package_identification[0m [1;30mLevel 1[0m _identify(src\security_service) by extensions ['ignore', 'ignore_ament_install']
[1.519s] [34mcolcon.colcon_core.package_identification[0m [1;30mLevel 1[0m _identify(src\security_service) by extension 'ignore'
[1.520s] [34mcolcon.colcon_core.package_identification[0m [1;30mLevel 1[0m _identify(src\security_service) by extension 'ignore_ament_install'
[1.520s] [34mcolcon.colcon_core.package_identification[0m [1;30mLevel 1[0m _identify(src\security_service) by extensions ['colcon_pkg']
[1.520s] [34mcolcon.colcon_core.package_identification[0m [1;30mLevel 1[0m _identify(src\security_service) by extension 'colcon_pkg'
[1.520s] [34mcolcon.colcon_core.package_identification[0m [1;30mLevel 1[0m _identify(src\security_service) by extensions ['colcon_meta']
[1.521s] [34mcolcon.colcon_core.package_identification[0m [1;30mLevel 1[0m _identify(src\security_service) by extension 'colcon_meta'
[1.521s] [34mcolcon.colcon_core.package_identification[0m [1;30mLevel 1[0m _identify(src\security_service) by extensions ['ros']
[1.521s] [34mcolcon.colcon_core.package_identification[0m [1;30mLevel 1[0m _identify(src\security_service) by extension 'ros'
[1.523s] [34mcolcon.colcon_core.package_identification[0m [1;30mDEBUG[0m [32mPackage 'src\security_service' with type 'ros.ament_python' and name 'security_service'[0m
[1.524s] [34mcolcon.colcon_core.package_identification[0m [1;30mLevel 1[0m _identify(src\ssafy_bridge) by extensions ['ignore', 'ignore_ament_install']
[1.524s] [34mcolcon.colcon_core.package_identification[0m [1;30mLevel 1[0m _identify(src\ssafy_bridge) by extension 'ignore'
[1.524s] [34mcolcon.colcon_core.package_identification[0m [1;30mLevel 1[0m _identify(src\ssafy_bridge) by extension 'ignore_ament_install'
[1.525s] [34mcolcon.colcon_core.package_identification[0m [1;30mLevel 1[0m _identify(src\ssafy_bridge) by extensions ['colcon_pkg']
[1.525s] [34mcolcon.colcon_core.package_identification[0m [1;30mLevel 1[0m _identify(src\ssafy_bridge) by extension 'colcon_pkg'
[1.525s] [34mcolcon.colcon_core.package_identification[0m [1;30mLevel 1[0m _identify(src\ssafy_bridge) by extensions ['colcon_meta']
[1.525s] [34mcolcon.colcon_core.package_identification[0m [1;30mLevel 1[0m _identify(src\ssafy_bridge) by extension 'colcon_meta'
[1.525s] [34mcolcon.colcon_core.package_identification[0m [1;30mLevel 1[0m _identify(src\ssafy_bridge) by extensions ['ros']
[1.525s] [34mcolcon.colcon_core.package_identification[0m [1;30mLevel 1[0m _identify(src\ssafy_bridge) by extension 'ros'
[1.528s] [34mcolcon.colcon_core.package_identification[0m [1;30mDEBUG[0m [32mPackage 'src\ssafy_bridge' with type 'ros.ament_python' and name 'ssafy_bridge'[0m
[1.529s] [34mcolcon.colcon_core.package_identification[0m [1;30mLevel 1[0m _identify(src\ssafy_msgs) by extensions ['ignore', 'ignore_ament_install']
[1.529s] [34mcolcon.colcon_core.package_identification[0m [1;30mLevel 1[0m _identify(src\ssafy_msgs) by extension 'ignore'
[1.529s] [34mcolcon.colcon_core.package_identification[0m [1;30mLevel 1[0m _identify(src\ssafy_msgs) by extension 'ignore_ament_install'
[1.530s] [34mcolcon.colcon_core.package_identification[0m [1;30mLevel 1[0m _identify(src\ssafy_msgs) by extensions ['colcon_pkg']
[1.530s] [34mcolcon.colcon_core.package_identification[0m [1;30mLevel 1[0m _identify(src\ssafy_msgs) by extension 'colcon_pkg'
[1.531s] [34mcolcon.colcon_core.package_identification[0m [1;30mLevel 1[0m _identify(src\ssafy_msgs) by extensions ['colcon_meta']
[1.531s] [34mcolcon.colcon_core.package_identification[0m [1;30mLevel 1[0m _identify(src\ssafy_msgs) by extension 'colcon_meta'
[1.531s] [34mcolcon.colcon_core.package_identification[0m [1;30mLevel 1[0m _identify(src\ssafy_msgs) by extensions ['ros']
[1.531s] [34mcolcon.colcon_core.package_identification[0m [1;30mLevel 1[0m _identify(src\ssafy_msgs) by extension 'ros'
[1.535s] [34mcolcon.colcon_core.package_identification[0m [1;30mDEBUG[0m [32mPackage 'src\ssafy_msgs' with type 'ros.ament_cmake' and name 'ssafy_msgs'[0m
[1.535s] [34mcolcon.colcon_core.package_identification[0m [1;30mLevel 1[0m _identify(src\sub1) by extensions ['ignore', 'ignore_ament_install']
[1.535s] [34mcolcon.colcon_core.package_identification[0m [1;30mLevel 1[0m _identify(src\sub1) by extension 'ignore'
[1.536s] [34mcolcon.colcon_core.package_identification[0m [1;30mLevel 1[0m _identify(src\sub1) by extension 'ignore_ament_install'
[1.536s] [34mcolcon.colcon_core.package_identification[0m [1;30mLevel 1[0m _identify(src\sub1) by extensions ['colcon_pkg']
[1.536s] [34mcolcon.colcon_core.package_identification[0m [1;30mLevel 1[0m _identify(src\sub1) by extension 'colcon_pkg'
[1.537s] [34mcolcon.colcon_core.package_identification[0m [1;30mLevel 1[0m _identify(src\sub1) by extensions ['colcon_meta']
[1.537s] [34mcolcon.colcon_core.package_identification[0m [1;30mLevel 1[0m _identify(src\sub1) by extension 'colcon_meta'
[1.537s] [34mcolcon.colcon_core.package_identification[0m [1;30mLevel 1[0m _identify(src\sub1) by extensions ['ros']
[1.537s] [34mcolcon.colcon_core.package_identification[0m [1;30mLevel 1[0m _identify(src\sub1) by extension 'ros'
[1.540s] [34mcolcon.colcon_core.package_identification[0m [1;30mDEBUG[0m [32mPackage 'src\sub1' with type 'ros.ament_python' and name 'sub1'[0m
[1.541s] [34mcolcon.colcon_core.package_identification[0m [1;30mLevel 1[0m _identify(src\sub2) by extensions ['ignore', 'ignore_ament_install']
[1.541s] [34mcolcon.colcon_core.package_identification[0m [1;30mLevel 1[0m _identify(src\sub2) by extension 'ignore'
[1.542s] [34mcolcon.colcon_core.package_identification[0m [1;30mLevel 1[0m _identify(src\sub2) by extension 'ignore_ament_install'
[1.543s] [34mcolcon.colcon_core.package_identification[0m [1;30mLevel 1[0m _identify(src\sub2) by extensions ['colcon_pkg']
[1.543s] [34mcolcon.colcon_core.package_identification[0m [1;30mLevel 1[0m _identify(src\sub2) by extension 'colcon_pkg'
[1.543s] [34mcolcon.colcon_core.package_identification[0m [1;30mLevel 1[0m _identify(src\sub2) by extensions ['colcon_meta']
[1.543s] [34mcolcon.colcon_core.package_identification[0m [1;30mLevel 1[0m _identify(src\sub2) by extension 'colcon_meta'
[1.543s] [34mcolcon.colcon_core.package_identification[0m [1;30mLevel 1[0m _identify(src\sub2) by extensions ['ros']
[1.544s] [34mcolcon.colcon_core.package_identification[0m [1;30mLevel 1[0m _identify(src\sub2) by extension 'ros'
[1.547s] [34mcolcon.colcon_core.package_identification[0m [1;30mDEBUG[0m [32mPackage 'src\sub2' with type 'ros.ament_python' and name 'sub2'[0m
[1.548s] [34mcolcon.colcon_core.package_identification[0m [1;30mLevel 1[0m _identify(src\sub3) by extensions ['ignore', 'ignore_ament_install']
[1.548s] [34mcolcon.colcon_core.package_identification[0m [1;30mLevel 1[0m _identify(src\sub3) by extension 'ignore'
[1.548s] [34mcolcon.colcon_core.package_identification[0m [1;30mLevel 1[0m _identify(src\sub3) by extension 'ignore_ament_install'
[1.549s] [34mcolcon.colcon_core.package_identification[0m [1;30mLevel 1[0m _identify(src\sub3) by extensions ['colcon_pkg']
[1.549s] [34mcolcon.colcon_core.package_identification[0m [1;30mLevel 1[0m _identify(src\sub3) by extension 'colcon_pkg'
[1.550s] [34mcolcon.colcon_core.package_identification[0m [1;30mLevel 1[0m _identify(src\sub3) by extensions ['colcon_meta']
[1.550s] [34mcolcon.colcon_core.package_identification[0m [1;30mLevel 1[0m _identify(src\sub3) by extension 'colcon_meta'
[1.550s] [34mcolcon.colcon_core.package_identification[0m [1;30mLevel 1[0m _identify(src\sub3) by extensions ['ros']
[1.551s] [34mcolcon.colcon_core.package_identification[0m [1;30mLevel 1[0m _identify(src\sub3) by extension 'ros'
[1.555s] [34mcolcon.colcon_core.package_identification[0m [1;30mDEBUG[0m [32mPackage 'src\sub3' with type 'ros.ament_python' and name 'sub3'[0m
[1.555s] [34mcolcon.colcon_core.package_discovery[0m [1;30mLevel 1[0m discover_packages(recursive) using defaults
[1.555s] [34mcolcon.colcon_core.package_discovery[0m [1;30mLevel 1[0m discover_packages(ignore) discover
[1.555s] [34mcolcon.colcon_core.package_discovery[0m [1;30mLevel 1[0m discover_packages(ignore) using defaults
[1.555s] [34mcolcon.colcon_core.package_discovery[0m [1;30mLevel 1[0m discover_packages(path) discover
[1.555s] [34mcolcon.colcon_core.package_discovery[0m [1;30mLevel 1[0m discover_packages(path) using defaults
[1.647s] [34mcolcon.colcon_core.verb[0m [1;30mLevel 5[0m set package 'c208_package' build argument 'cmake_args' from command line to 'None'
[1.647s] [34mcolcon.colcon_core.verb[0m [1;30mLevel 5[0m set package 'c208_package' build argument 'cmake_target' from command line to 'None'
[1.647s] [34mcolcon.colcon_core.verb[0m [1;30mLevel 5[0m set package 'c208_package' build argument 'cmake_target_skip_unavailable' from command line to 'False'
[1.648s] [34mcolcon.colcon_core.verb[0m [1;30mLevel 5[0m set package 'c208_package' build argument 'cmake_clean_cache' from command line to 'False'
[1.648s] [34mcolcon.colcon_core.verb[0m [1;30mLevel 5[0m set package 'c208_package' build argument 'cmake_clean_first' from command line to 'False'
[1.648s] [34mcolcon.colcon_core.verb[0m [1;30mLevel 5[0m set package 'c208_package' build argument 'cmake_force_configure' from command line to 'False'
[1.648s] [34mcolcon.colcon_core.verb[0m [1;30mLevel 5[0m set package 'c208_package' build argument 'ament_cmake_args' from command line to 'None'
[1.648s] [34mcolcon.colcon_core.verb[0m [1;30mLevel 5[0m set package 'c208_package' build argument 'catkin_cmake_args' from command line to 'None'
[1.648s] [34mcolcon.colcon_core.verb[0m [1;30mLevel 5[0m set package 'c208_package' build argument 'catkin_skip_building_tests' from command line to 'False'
[1.648s] [34mcolcon.colcon_core.verb[0m [1;30mDEBUG[0m [32mBuilding package 'c208_package' with the following arguments: {'ament_cmake_args': None, 'build_base': 'C:\\Users\\SSAFY\\Desktop\\ros2_ws\\build\\c208_package', 'catkin_cmake_args': None, 'catkin_skip_building_tests': False, 'cmake_args': None, 'cmake_clean_cache': False, 'cmake_clean_first': False, 'cmake_force_configure': False, 'cmake_target': None, 'cmake_target_skip_unavailable': False, 'install_base': 'C:\\Users\\SSAFY\\Desktop\\ros2_ws\\install\\c208_package', 'merge_install': False, 'path': 'C:\\Users\\SSAFY\\Desktop\\ros2_ws\\src\\c208_package', 'symlink_install': False, 'test_result_base': None}[0m
[1.650s] [34mcolcon.colcon_core.verb[0m [1;30mLevel 5[0m set package 'security_service' build argument 'cmake_args' from command line to 'None'
[1.650s] [34mcolcon.colcon_core.verb[0m [1;30mLevel 5[0m set package 'security_service' build argument 'cmake_target' from command line to 'None'
[1.651s] [34mcolcon.colcon_core.verb[0m [1;30mLevel 5[0m set package 'security_service' build argument 'cmake_target_skip_unavailable' from command line to 'False'
[1.651s] [34mcolcon.colcon_core.verb[0m [1;30mLevel 5[0m set package 'security_service' build argument 'cmake_clean_cache' from command line to 'False'
[1.651s] [34mcolcon.colcon_core.verb[0m [1;30mLevel 5[0m set package 'security_service' build argument 'cmake_clean_first' from command line to 'False'
[1.651s] [34mcolcon.colcon_core.verb[0m [1;30mLevel 5[0m set package 'security_service' build argument 'cmake_force_configure' from command line to 'False'
[1.651s] [34mcolcon.colcon_core.verb[0m [1;30mLevel 5[0m set package 'security_service' build argument 'ament_cmake_args' from command line to 'None'
[1.651s] [34mcolcon.colcon_core.verb[0m [1;30mLevel 5[0m set package 'security_service' build argument 'catkin_cmake_args' from command line to 'None'
[1.651s] [34mcolcon.colcon_core.verb[0m [1;30mLevel 5[0m set package 'security_service' build argument 'catkin_skip_building_tests' from command line to 'False'
[1.651s] [34mcolcon.colcon_core.verb[0m [1;30mDEBUG[0m [32mBuilding package 'security_service' with the following arguments: {'ament_cmake_args': None, 'build_base': 'C:\\Users\\SSAFY\\Desktop\\ros2_ws\\build\\security_service', 'catkin_cmake_args': None, 'catkin_skip_building_tests': False, 'cmake_args': None, 'cmake_clean_cache': False, 'cmake_clean_first': False, 'cmake_force_configure': False, 'cmake_target': None, 'cmake_target_skip_unavailable': False, 'install_base': 'C:\\Users\\SSAFY\\Desktop\\ros2_ws\\install\\security_service', 'merge_install': False, 'path': 'C:\\Users\\SSAFY\\Desktop\\ros2_ws\\src\\security_service', 'symlink_install': False, 'test_result_base': None}[0m
[1.652s] [34mcolcon.colcon_core.verb[0m [1;30mLevel 5[0m set package 'ssafy_bridge' build argument 'cmake_args' from command line to 'None'
[1.652s] [34mcolcon.colcon_core.verb[0m [1;30mLevel 5[0m set package 'ssafy_bridge' build argument 'cmake_target' from command line to 'None'
[1.653s] [34mcolcon.colcon_core.verb[0m [1;30mLevel 5[0m set package 'ssafy_bridge' build argument 'cmake_target_skip_unavailable' from command line to 'False'
[1.653s] [34mcolcon.colcon_core.verb[0m [1;30mLevel 5[0m set package 'ssafy_bridge' build argument 'cmake_clean_cache' from command line to 'False'
[1.653s] [34mcolcon.colcon_core.verb[0m [1;30mLevel 5[0m set package 'ssafy_bridge' build argument 'cmake_clean_first' from command line to 'False'
[1.653s] [34mcolcon.colcon_core.verb[0m [1;30mLevel 5[0m set package 'ssafy_bridge' build argument 'cmake_force_configure' from command line to 'False'
[1.653s] [34mcolcon.colcon_core.verb[0m [1;30mLevel 5[0m set package 'ssafy_bridge' build argument 'ament_cmake_args' from command line to 'None'
[1.653s] [34mcolcon.colcon_core.verb[0m [1;30mLevel 5[0m set package 'ssafy_bridge' build argument 'catkin_cmake_args' from command line to 'None'
[1.653s] [34mcolcon.colcon_core.verb[0m [1;30mLevel 5[0m set package 'ssafy_bridge' build argument 'catkin_skip_building_tests' from command line to 'False'
[1.653s] [34mcolcon.colcon_core.verb[0m [1;30mDEBUG[0m [32mBuilding package 'ssafy_bridge' with the following arguments: {'ament_cmake_args': None, 'build_base': 'C:\\Users\\SSAFY\\Desktop\\ros2_ws\\build\\ssafy_bridge', 'catkin_cmake_args': None, 'catkin_skip_building_tests': False, 'cmake_args': None, 'cmake_clean_cache': False, 'cmake_clean_first': False, 'cmake_force_configure': False, 'cmake_target': None, 'cmake_target_skip_unavailable': False, 'install_base': 'C:\\Users\\SSAFY\\Desktop\\ros2_ws\\install\\ssafy_bridge', 'merge_install': False, 'path': 'C:\\Users\\SSAFY\\Desktop\\ros2_ws\\src\\ssafy_bridge', 'symlink_install': False, 'test_result_base': None}[0m
[1.654s] [34mcolcon.colcon_core.verb[0m [1;30mLevel 5[0m set package 'ssafy_msgs' build argument 'cmake_args' from command line to 'None'
[1.654s] [34mcolcon.colcon_core.verb[0m [1;30mLevel 5[0m set package 'ssafy_msgs' build argument 'cmake_target' from command line to 'None'
[1.654s] [34mcolcon.colcon_core.verb[0m [1;30mLevel 5[0m set package 'ssafy_msgs' build argument 'cmake_target_skip_unavailable' from command line to 'False'
[1.654s] [34mcolcon.colcon_core.verb[0m [1;30mLevel 5[0m set package 'ssafy_msgs' build argument 'cmake_clean_cache' from command line to 'False'
[1.654s] [34mcolcon.colcon_core.verb[0m [1;30mLevel 5[0m set package 'ssafy_msgs' build argument 'cmake_clean_first' from command line to 'False'
[1.654s] [34mcolcon.colcon_core.verb[0m [1;30mLevel 5[0m set package 'ssafy_msgs' build argument 'cmake_force_configure' from command line to 'False'
[1.654s] [34mcolcon.colcon_core.verb[0m [1;30mLevel 5[0m set package 'ssafy_msgs' build argument 'ament_cmake_args' from command line to 'None'
[1.654s] [34mcolcon.colcon_core.verb[0m [1;30mLevel 5[0m set package 'ssafy_msgs' build argument 'catkin_cmake_args' from command line to 'None'
[1.655s] [34mcolcon.colcon_core.verb[0m [1;30mLevel 5[0m set package 'ssafy_msgs' build argument 'catkin_skip_building_tests' from command line to 'False'
[1.655s] [34mcolcon.colcon_core.verb[0m [1;30mDEBUG[0m [32mBuilding package 'ssafy_msgs' with the following arguments: {'ament_cmake_args': None, 'build_base': 'C:\\Users\\SSAFY\\Desktop\\ros2_ws\\build\\ssafy_msgs', 'catkin_cmake_args': None, 'catkin_skip_building_tests': False, 'cmake_args': None, 'cmake_clean_cache': False, 'cmake_clean_first': False, 'cmake_force_configure': False, 'cmake_target': None, 'cmake_target_skip_unavailable': False, 'install_base': 'C:\\Users\\SSAFY\\Desktop\\ros2_ws\\install\\ssafy_msgs', 'merge_install': False, 'path': 'C:\\Users\\SSAFY\\Desktop\\ros2_ws\\src\\ssafy_msgs', 'symlink_install': False, 'test_result_base': None}[0m
[1.656s] [34mcolcon.colcon_core.verb[0m [1;30mLevel 5[0m set package 'sub1' build argument 'cmake_args' from command line to 'None'
[1.656s] [34mcolcon.colcon_core.verb[0m [1;30mLevel 5[0m set package 'sub1' build argument 'cmake_target' from command line to 'None'
[1.656s] [34mcolcon.colcon_core.verb[0m [1;30mLevel 5[0m set package 'sub1' build argument 'cmake_target_skip_unavailable' from command line to 'False'
[1.656s] [34mcolcon.colcon_core.verb[0m [1;30mLevel 5[0m set package 'sub1' build argument 'cmake_clean_cache' from command line to 'False'
[1.656s] [34mcolcon.colcon_core.verb[0m [1;30mLevel 5[0m set package 'sub1' build argument 'cmake_clean_first' from command line to 'False'
[1.656s] [34mcolcon.colcon_core.verb[0m [1;30mLevel 5[0m set package 'sub1' build argument 'cmake_force_configure' from command line to 'False'
[1.656s] [34mcolcon.colcon_core.verb[0m [1;30mLevel 5[0m set package 'sub1' build argument 'ament_cmake_args' from command line to 'None'
[1.656s] [34mcolcon.colcon_core.verb[0m [1;30mLevel 5[0m set package 'sub1' build argument 'catkin_cmake_args' from command line to 'None'
[1.656s] [34mcolcon.colcon_core.verb[0m [1;30mLevel 5[0m set package 'sub1' build argument 'catkin_skip_building_tests' from command line to 'False'
[1.657s] [34mcolcon.colcon_core.verb[0m [1;30mDEBUG[0m [32mBuilding package 'sub1' with the following arguments: {'ament_cmake_args': None, 'build_base': 'C:\\Users\\SSAFY\\Desktop\\ros2_ws\\build\\sub1', 'catkin_cmake_args': None, 'catkin_skip_building_tests': False, 'cmake_args': None, 'cmake_clean_cache': False, 'cmake_clean_first': False, 'cmake_force_configure': False, 'cmake_target': None, 'cmake_target_skip_unavailable': False, 'install_base': 'C:\\Users\\SSAFY\\Desktop\\ros2_ws\\install\\sub1', 'merge_install': False, 'path': 'C:\\Users\\SSAFY\\Desktop\\ros2_ws\\src\\sub1', 'symlink_install': False, 'test_result_base': None}[0m
[1.658s] [34mcolcon.colcon_core.verb[0m [1;30mLevel 5[0m set package 'sub2' build argument 'cmake_args' from command line to 'None'
[1.658s] [34mcolcon.colcon_core.verb[0m [1;30mLevel 5[0m set package 'sub2' build argument 'cmake_target' from command line to 'None'
[1.658s] [34mcolcon.colcon_core.verb[0m [1;30mLevel 5[0m set package 'sub2' build argument 'cmake_target_skip_unavailable' from command line to 'False'
[1.658s] [34mcolcon.colcon_core.verb[0m [1;30mLevel 5[0m set package 'sub2' build argument 'cmake_clean_cache' from command line to 'False'
[1.658s] [34mcolcon.colcon_core.verb[0m [1;30mLevel 5[0m set package 'sub2' build argument 'cmake_clean_first' from command line to 'False'
[1.658s] [34mcolcon.colcon_core.verb[0m [1;30mLevel 5[0m set package 'sub2' build argument 'cmake_force_configure' from command line to 'False'
[1.658s] [34mcolcon.colcon_core.verb[0m [1;30mLevel 5[0m set package 'sub2' build argument 'ament_cmake_args' from command line to 'None'
[1.658s] [34mcolcon.colcon_core.verb[0m [1;30mLevel 5[0m set package 'sub2' build argument 'catkin_cmake_args' from command line to 'None'
[1.658s] [34mcolcon.colcon_core.verb[0m [1;30mLevel 5[0m set package 'sub2' build argument 'catkin_skip_building_tests' from command line to 'False'
[1.658s] [34mcolcon.colcon_core.verb[0m [1;30mDEBUG[0m [32mBuilding package 'sub2' with the following arguments: {'ament_cmake_args': None, 'build_base': 'C:\\Users\\SSAFY\\Desktop\\ros2_ws\\build\\sub2', 'catkin_cmake_args': None, 'catkin_skip_building_tests': False, 'cmake_args': None, 'cmake_clean_cache': False, 'cmake_clean_first': False, 'cmake_force_configure': False, 'cmake_target': None, 'cmake_target_skip_unavailable': False, 'install_base': 'C:\\Users\\SSAFY\\Desktop\\ros2_ws\\install\\sub2', 'merge_install': False, 'path': 'C:\\Users\\SSAFY\\Desktop\\ros2_ws\\src\\sub2', 'symlink_install': False, 'test_result_base': None}[0m
[1.660s] [34mcolcon.colcon_core.verb[0m [1;30mLevel 5[0m set package 'sub3' build argument 'cmake_args' from command line to 'None'
[1.660s] [34mcolcon.colcon_core.verb[0m [1;30mLevel 5[0m set package 'sub3' build argument 'cmake_target' from command line to 'None'
[1.660s] [34mcolcon.colcon_core.verb[0m [1;30mLevel 5[0m set package 'sub3' build argument 'cmake_target_skip_unavailable' from command line to 'False'
[1.661s] [34mcolcon.colcon_core.verb[0m [1;30mLevel 5[0m set package 'sub3' build argument 'cmake_clean_cache' from command line to 'False'
[1.661s] [34mcolcon.colcon_core.verb[0m [1;30mLevel 5[0m set package 'sub3' build argument 'cmake_clean_first' from command line to 'False'
[1.661s] [34mcolcon.colcon_core.verb[0m [1;30mLevel 5[0m set package 'sub3' build argument 'cmake_force_configure' from command line to 'False'
[1.661s] [34mcolcon.colcon_core.verb[0m [1;30mLevel 5[0m set package 'sub3' build argument 'ament_cmake_args' from command line to 'None'
[1.661s] [34mcolcon.colcon_core.verb[0m [1;30mLevel 5[0m set package 'sub3' build argument 'catkin_cmake_args' from command line to 'None'
[1.661s] [34mcolcon.colcon_core.verb[0m [1;30mLevel 5[0m set package 'sub3' build argument 'catkin_skip_building_tests' from command line to 'False'
[1.661s] [34mcolcon.colcon_core.verb[0m [1;30mDEBUG[0m [32mBuilding package 'sub3' with the following arguments: {'ament_cmake_args': None, 'build_base': 'C:\\Users\\SSAFY\\Desktop\\ros2_ws\\build\\sub3', 'catkin_cmake_args': None, 'catkin_skip_building_tests': False, 'cmake_args': None, 'cmake_clean_cache': False, 'cmake_clean_first': False, 'cmake_force_configure': False, 'cmake_target': None, 'cmake_target_skip_unavailable': False, 'install_base': 'C:\\Users\\SSAFY\\Desktop\\ros2_ws\\install\\sub3', 'merge_install': False, 'path': 'C:\\Users\\SSAFY\\Desktop\\ros2_ws\\src\\sub3', 'symlink_install': False, 'test_result_base': None}[0m
[1.662s] [34mcolcon.colcon_core.verb[0m [1;30mLevel 5[0m set package 'advanced' build argument 'cmake_args' from command line to 'None'
[1.663s] [34mcolcon.colcon_core.verb[0m [1;30mLevel 5[0m set package 'advanced' build argument 'cmake_target' from command line to 'None'
[1.663s] [34mcolcon.colcon_core.verb[0m [1;30mLevel 5[0m set package 'advanced' build argument 'cmake_target_skip_unavailable' from command line to 'False'
[1.663s] [34mcolcon.colcon_core.verb[0m [1;30mLevel 5[0m set package 'advanced' build argument 'cmake_clean_cache' from command line to 'False'
[1.663s] [34mcolcon.colcon_core.verb[0m [1;30mLevel 5[0m set package 'advanced' build argument 'cmake_clean_first' from command line to 'False'
[1.663s] [34mcolcon.colcon_core.verb[0m [1;30mLevel 5[0m set package 'advanced' build argument 'cmake_force_configure' from command line to 'False'
[1.663s] [34mcolcon.colcon_core.verb[0m [1;30mLevel 5[0m set package 'advanced' build argument 'ament_cmake_args' from command line to 'None'
[1.663s] [34mcolcon.colcon_core.verb[0m [1;30mLevel 5[0m set package 'advanced' build argument 'catkin_cmake_args' from command line to 'None'
[1.663s] [34mcolcon.colcon_core.verb[0m [1;30mLevel 5[0m set package 'advanced' build argument 'catkin_skip_building_tests' from command line to 'False'
[1.663s] [34mcolcon.colcon_core.verb[0m [1;30mDEBUG[0m [32mBuilding package 'advanced' with the following arguments: {'ament_cmake_args': None, 'build_base': 'C:\\Users\\SSAFY\\Desktop\\ros2_ws\\build\\advanced', 'catkin_cmake_args': None, 'catkin_skip_building_tests': False, 'cmake_args': None, 'cmake_clean_cache': False, 'cmake_clean_first': False, 'cmake_force_configure': False, 'cmake_target': None, 'cmake_target_skip_unavailable': False, 'install_base': 'C:\\Users\\SSAFY\\Desktop\\ros2_ws\\install\\advanced', 'merge_install': False, 'path': 'C:\\Users\\SSAFY\\Desktop\\ros2_ws\\src\\advanced', 'symlink_install': False, 'test_result_base': None}[0m
[1.664s] [34mcolcon.colcon_core.verb[0m [1;30mLevel 5[0m set package 'custom_game' build argument 'cmake_args' from command line to 'None'
[1.665s] [34mcolcon.colcon_core.verb[0m [1;30mLevel 5[0m set package 'custom_game' build argument 'cmake_target' from command line to 'None'
[1.665s] [34mcolcon.colcon_core.verb[0m [1;30mLevel 5[0m set package 'custom_game' build argument 'cmake_target_skip_unavailable' from command line to 'False'
[1.665s] [34mcolcon.colcon_core.verb[0m [1;30mLevel 5[0m set package 'custom_game' build argument 'cmake_clean_cache' from command line to 'False'
[1.665s] [34mcolcon.colcon_core.verb[0m [1;30mLevel 5[0m set package 'custom_game' build argument 'cmake_clean_first' from command line to 'False'
[1.665s] [34mcolcon.colcon_core.verb[0m [1;30mLevel 5[0m set package 'custom_game' build argument 'cmake_force_configure' from command line to 'False'
[1.665s] [34mcolcon.colcon_core.verb[0m [1;30mLevel 5[0m set package 'custom_game' build argument 'ament_cmake_args' from command line to 'None'
[1.665s] [34mcolcon.colcon_core.verb[0m [1;30mLevel 5[0m set package 'custom_game' build argument 'catkin_cmake_args' from command line to 'None'
[1.667s] [34mcolcon.colcon_core.verb[0m [1;30mLevel 5[0m set package 'custom_game' build argument 'catkin_skip_building_tests' from command line to 'False'
[1.667s] [34mcolcon.colcon_core.verb[0m [1;30mDEBUG[0m [32mBuilding package 'custom_game' with the following arguments: {'ament_cmake_args': None, 'build_base': 'C:\\Users\\SSAFY\\Desktop\\ros2_ws\\build\\custom_game', 'catkin_cmake_args': None, 'catkin_skip_building_tests': False, 'cmake_args': None, 'cmake_clean_cache': False, 'cmake_clean_first': False, 'cmake_force_configure': False, 'cmake_target': None, 'cmake_target_skip_unavailable': False, 'install_base': 'C:\\Users\\SSAFY\\Desktop\\ros2_ws\\install\\custom_game', 'merge_install': False, 'path': 'C:\\Users\\SSAFY\\Desktop\\ros2_ws\\src\\custom_game', 'symlink_install': False, 'test_result_base': None}[0m
[1.668s] [34mcolcon.colcon_core.executor[0m [1;30mINFO[0m Executing jobs using 'parallel' executor
[1.673s] [34mcolcon.colcon_parallel_executor.executor.parallel[0m [1;30mDEBUG[0m [32mrun_until_complete[0m
[1.674s] [34mcolcon.colcon_ros.task.ament_cmake.build[0m [1;30mINFO[0m Building ROS package in 'C:\Users\SSAFY\Desktop\ros2_ws\src\ssafy_msgs' with build type 'ament_cmake'
[1.675s] [34mcolcon.colcon_cmake.task.cmake.build[0m [1;30mINFO[0m Building CMake package in 'C:\Users\SSAFY\Desktop\ros2_ws\src\ssafy_msgs'
[1.695s] [34mcolcon.colcon_core.plugin_system[0m [1;30mINFO[0m Skipping extension 'colcon_core.shell.sh': Not used on Windows systems
[1.696s] [34mcolcon.colcon_core.shell[0m [1;30mINFO[0m Skip shell extension 'powershell' for command environment: Not usable outside of PowerShell
[2.059s] [34mcolcon.colcon_ros.task.ament_python.build[0m [1;30mINFO[0m Building ROS package in 'C:\Users\SSAFY\Desktop\ros2_ws\src\c208_package' with build type 'ament_python'
[2.059s] [34mcolcon.colcon_core.shell[0m [1;30mLevel 1[0m create_environment_hook('c208_package', 'ament_prefix_path')
[2.060s] [34mcolcon.colcon_core.shell[0m [1;30mINFO[0m Creating environment hook 'C:\Users\SSAFY\Desktop\ros2_ws\install\c208_package\share\c208_package\hook\ament_prefix_path.ps1'
[2.063s] [34mcolcon.colcon_core.shell[0m [1;30mINFO[0m Creating environment hook 'C:\Users\SSAFY\Desktop\ros2_ws\install\c208_package\share\c208_package\hook\ament_prefix_path.bat'
[2.066s] [34mcolcon.colcon_core.shell[0m [1;30mINFO[0m Creating environment descriptor 'C:\Users\SSAFY\Desktop\ros2_ws\install\c208_package\share\c208_package\hook\ament_prefix_path.dsv'
[2.070s] [34mcolcon.colcon_core.shell[0m [1;30mINFO[0m Skip shell extension 'powershell' for command environment: Not usable outside of PowerShell
[2.438s] [34mcolcon.colcon_ros.task.ament_python.build[0m [1;30mINFO[0m Building ROS package in 'C:\Users\SSAFY\Desktop\ros2_ws\src\security_service' with build type 'ament_python'
[2.439s] [34mcolcon.colcon_core.shell[0m [1;30mLevel 1[0m create_environment_hook('security_service', 'ament_prefix_path')
[2.440s] [34mcolcon.colcon_core.shell[0m [1;30mINFO[0m Creating environment hook 'C:\Users\SSAFY\Desktop\ros2_ws\install\security_service\share\security_service\hook\ament_prefix_path.ps1'
[2.446s] [34mcolcon.colcon_core.shell[0m [1;30mINFO[0m Creating environment hook 'C:\Users\SSAFY\Desktop\ros2_ws\install\security_service\share\security_service\hook\ament_prefix_path.bat'
[2.450s] [34mcolcon.colcon_core.shell[0m [1;30mINFO[0m Creating environment descriptor 'C:\Users\SSAFY\Desktop\ros2_ws\install\security_service\share\security_service\hook\ament_prefix_path.dsv'
[2.454s] [34mcolcon.colcon_core.shell[0m [1;30mINFO[0m Skip shell extension 'powershell' for command environment: Not usable outside of PowerShell
[2.819s] [34mcolcon.colcon_ros.task.ament_python.build[0m [1;30mINFO[0m Building ROS package in 'C:\Users\SSAFY\Desktop\ros2_ws\src\ssafy_bridge' with build type 'ament_python'
[2.820s] [34mcolcon.colcon_core.shell[0m [1;30mLevel 1[0m create_environment_hook('ssafy_bridge', 'ament_prefix_path')
[2.821s] [34mcolcon.colcon_core.shell[0m [1;30mINFO[0m Creating environment hook 'C:\Users\SSAFY\Desktop\ros2_ws\install\ssafy_bridge\share\ssafy_bridge\hook\ament_prefix_path.ps1'
[2.823s] [34mcolcon.colcon_core.shell[0m [1;30mINFO[0m Creating environment hook 'C:\Users\SSAFY\Desktop\ros2_ws\install\ssafy_bridge\share\ssafy_bridge\hook\ament_prefix_path.bat'
[2.826s] [34mcolcon.colcon_core.shell[0m [1;30mINFO[0m Creating environment descriptor 'C:\Users\SSAFY\Desktop\ros2_ws\install\ssafy_bridge\share\ssafy_bridge\hook\ament_prefix_path.dsv'
[2.829s] [34mcolcon.colcon_core.shell[0m [1;30mINFO[0m Skip shell extension 'powershell' for command environment: Not usable outside of PowerShell
[3.295s] [34mcolcon.colcon_ros.task.ament_python.build[0m [1;30mINFO[0m Building ROS package in 'C:\Users\SSAFY\Desktop\ros2_ws\src\sub1' with build type 'ament_python'
[3.296s] [34mcolcon.colcon_core.shell[0m [1;30mLevel 1[0m create_environment_hook('sub1', 'ament_prefix_path')
[3.297s] [34mcolcon.colcon_core.shell[0m [1;30mINFO[0m Creating environment hook 'C:\Users\SSAFY\Desktop\ros2_ws\install\sub1\share\sub1\hook\ament_prefix_path.ps1'
[3.302s] [34mcolcon.colcon_core.shell[0m [1;30mINFO[0m Creating environment hook 'C:\Users\SSAFY\Desktop\ros2_ws\install\sub1\share\sub1\hook\ament_prefix_path.bat'
[3.307s] [34mcolcon.colcon_core.shell[0m [1;30mINFO[0m Creating environment descriptor 'C:\Users\SSAFY\Desktop\ros2_ws\install\sub1\share\sub1\hook\ament_prefix_path.dsv'
[3.312s] [34mcolcon.colcon_core.shell[0m [1;30mINFO[0m Skip shell extension 'powershell' for command environment: Not usable outside of PowerShell
[3.721s] [34mcolcon.colcon_ros.task.ament_python.build[0m [1;30mINFO[0m Building ROS package in 'C:\Users\SSAFY\Desktop\ros2_ws\src\sub2' with build type 'ament_python'
[3.722s] [34mcolcon.colcon_core.shell[0m [1;30mLevel 1[0m create_environment_hook('sub2', 'ament_prefix_path')
[3.723s] [34mcolcon.colcon_core.shell[0m [1;30mINFO[0m Creating environment hook 'C:\Users\SSAFY\Desktop\ros2_ws\install\sub2\share\sub2\hook\ament_prefix_path.ps1'
[3.727s] [34mcolcon.colcon_core.shell[0m [1;30mINFO[0m Creating environment hook 'C:\Users\SSAFY\Desktop\ros2_ws\install\sub2\share\sub2\hook\ament_prefix_path.bat'
[3.730s] [34mcolcon.colcon_core.shell[0m [1;30mINFO[0m Creating environment descriptor 'C:\Users\SSAFY\Desktop\ros2_ws\install\sub2\share\sub2\hook\ament_prefix_path.dsv'
[3.733s] [34mcolcon.colcon_core.shell[0m [1;30mINFO[0m Skip shell extension 'powershell' for command environment: Not usable outside of PowerShell
[4.117s] [34mcolcon.colcon_ros.task.ament_python.build[0m [1;30mINFO[0m Building ROS package in 'C:\Users\SSAFY\Desktop\ros2_ws\src\sub3' with build type 'ament_python'
[4.118s] [34mcolcon.colcon_core.shell[0m [1;30mLevel 1[0m create_environment_hook('sub3', 'ament_prefix_path')
[4.119s] [34mcolcon.colcon_core.shell[0m [1;30mINFO[0m Creating environment hook 'C:\Users\SSAFY\Desktop\ros2_ws\install\sub3\share\sub3\hook\ament_prefix_path.ps1'
[4.123s] [34mcolcon.colcon_core.shell[0m [1;30mINFO[0m Creating environment hook 'C:\Users\SSAFY\Desktop\ros2_ws\install\sub3\share\sub3\hook\ament_prefix_path.bat'
[4.126s] [34mcolcon.colcon_core.shell[0m [1;30mINFO[0m Creating environment descriptor 'C:\Users\SSAFY\Desktop\ros2_ws\install\sub3\share\sub3\hook\ament_prefix_path.dsv'
[4.130s] [34mcolcon.colcon_core.shell[0m [1;30mINFO[0m Skip shell extension 'powershell' for command environment: Not usable outside of PowerShell
[6.220s] [34mcolcon.colcon_core.task.python.build[0m [1;30mINFO[0m Building Python package in 'C:\Users\SSAFY\Desktop\ros2_ws\src\sub1'
[6.221s] [34mcolcon.colcon_core.shell[0m [1;30mINFO[0m Skip shell extension 'powershell' for command environment: Not usable outside of PowerShell
[6.773s] [34mcolcon.colcon_core.event_handler.log_command[0m [1;30mDEBUG[0m [32mInvoking command in 'C:\Users\SSAFY\Desktop\ros2_ws\build\ssafy_msgs': CL=/MP CMAKE_PREFIX_PATH=%CMAKE_PREFIX_PATH%;C:\Users\SSAFY\Desktop\ros2_ws\install\sub3;C:\Users\SSAFY\Desktop\ros2_ws\install\sub2;C:\Users\SSAFY\Desktop\ros2_ws\install\sub1;C:\Users\SSAFY\Desktop\ros2_ws\install\custom_game;C:\Users\SSAFY\Desktop\ros2_ws\install\advanced;C:\Users\SSAFY\Desktop\ros2_ws\install\ssafy_bridge;C:\Users\SSAFY\Desktop\ros2_ws\install\security_service;C:\Users\SSAFY\Desktop\ros2_ws\install\c208_package installDir=%installDir%
IntelliJ IDEA=C:\Program Files\JetBrains\IntelliJ IDEA 2024.1.4\bin; C:\Program Files\CMake\bin\cmake.EXE --build C:\Users\SSAFY\Desktop\ros2_ws\build\ssafy_msgs --config Release[0m
[9.104s] [34mcolcon.colcon_core.task.python.build[0m [1;30mINFO[0m Building Python package in 'C:\Users\SSAFY\Desktop\ros2_ws\src\c208_package'
[9.105s] [34mcolcon.colcon_core.shell[0m [1;30mINFO[0m Skip shell extension 'powershell' for command environment: Not usable outside of PowerShell
[11.474s] [34mcolcon.colcon_core.task.python.build[0m [1;30mINFO[0m Building Python package in 'C:\Users\SSAFY\Desktop\ros2_ws\src\ssafy_bridge'
[11.476s] [34mcolcon.colcon_core.shell[0m [1;30mINFO[0m Skip shell extension 'powershell' for command environment: Not usable outside of PowerShell
[14.026s] [34mcolcon.colcon_core.task.python.build[0m [1;30mINFO[0m Building Python package in 'C:\Users\SSAFY\Desktop\ros2_ws\src\sub2'
[14.027s] [34mcolcon.colcon_core.shell[0m [1;30mINFO[0m Skip shell extension 'powershell' for command environment: Not usable outside of PowerShell
[16.734s] [34mcolcon.colcon_core.task.python.build[0m [1;30mINFO[0m Building Python package in 'C:\Users\SSAFY\Desktop\ros2_ws\src\security_service'
[16.734s] [34mcolcon.colcon_core.shell[0m [1;30mINFO[0m Skip shell extension 'powershell' for command environment: Not usable outside of PowerShell
[19.336s] [34mcolcon.colcon_core.task.python.build[0m [1;30mINFO[0m Building Python package in 'C:\Users\SSAFY\Desktop\ros2_ws\src\sub3'
[19.337s] [34mcolcon.colcon_core.shell[0m [1;30mINFO[0m Skip shell extension 'powershell' for command environment: Not usable outside of PowerShell
[24.584s] [34mcolcon.colcon_core.event_handler.log_command[0m [1;30mDEBUG[0m [32mInvoking command in 'C:\Users\SSAFY\Desktop\ros2_ws\src\sub1': PYTHONPATH=C:\Users\SSAFY\Desktop\ros2_ws\build\sub1\prefix_override;c:\python37\lib\site-packages\colcon_core\task\python\colcon_distutils_commands;C:\Users\SSAFY\Desktop\ros2_ws\install\sub1\Lib\site-packages;%PYTHONPATH% installDir=%installDir%
IntelliJ IDEA=C:\Program Files\JetBrains\IntelliJ IDEA 2024.1.4\bin; c:\python37\python.exe -W ignore:setup.py install is deprecated setup.py egg_info --egg-base ..\..\build\sub1 build --build-base C:\Users\SSAFY\Desktop\ros2_ws\build\sub1\build install --record C:\Users\SSAFY\Desktop\ros2_ws\build\sub1\install.log --install-scripts $base/lib/sub1 --single-version-externally-managed install_data[0m
[24.604s] [34mcolcon.colcon_core.event_handler.log_command[0m [1;30mDEBUG[0m [32mInvoking command in 'C:\Users\SSAFY\Desktop\ros2_ws\src\c208_package': PYTHONPATH=C:\Users\SSAFY\Desktop\ros2_ws\build\c208_package\prefix_override;c:\python37\lib\site-packages\colcon_core\task\python\colcon_distutils_commands;C:\Users\SSAFY\Desktop\ros2_ws\install\c208_package\Lib\site-packages;%PYTHONPATH% installDir=%installDir%
IntelliJ IDEA=C:\Program Files\JetBrains\IntelliJ IDEA 2024.1.4\bin; c:\python37\python.exe -W ignore:setup.py install is deprecated setup.py egg_info --egg-base ..\..\build\c208_package build --build-base C:\Users\SSAFY\Desktop\ros2_ws\build\c208_package\build install --record C:\Users\SSAFY\Desktop\ros2_ws\build\c208_package\install.log --install-scripts $base/lib/c208_package --single-version-externally-managed install_data[0m
[24.656s] [34mcolcon.colcon_core.event_handler.log_command[0m [1;30mDEBUG[0m [32mInvoking command in 'C:\Users\SSAFY\Desktop\ros2_ws\src\sub2': PYTHONPATH=C:\Users\SSAFY\Desktop\ros2_ws\build\sub2\prefix_override;c:\python37\lib\site-packages\colcon_core\task\python\colcon_distutils_commands;C:\Users\SSAFY\Desktop\ros2_ws\install\sub2\Lib\site-packages;%PYTHONPATH% installDir=%installDir%
IntelliJ IDEA=C:\Program Files\JetBrains\IntelliJ IDEA 2024.1.4\bin; c:\python37\python.exe -W ignore:setup.py install is deprecated setup.py egg_info --egg-base ..\..\build\sub2 build --build-base C:\Users\SSAFY\Desktop\ros2_ws\build\sub2\build install --record C:\Users\SSAFY\Desktop\ros2_ws\build\sub2\install.log --install-scripts $base/lib/sub2 --single-version-externally-managed install_data[0m
[24.756s] [34mcolcon.colcon_core.event_handler.log_command[0m [1;30mDEBUG[0m [32mInvoking command in 'C:\Users\SSAFY\Desktop\ros2_ws\src\ssafy_bridge': PYTHONPATH=C:\Users\SSAFY\Desktop\ros2_ws\build\ssafy_bridge\prefix_override;c:\python37\lib\site-packages\colcon_core\task\python\colcon_distutils_commands;C:\Users\SSAFY\Desktop\ros2_ws\install\ssafy_bridge\Lib\site-packages;%PYTHONPATH% installDir=%installDir%
IntelliJ IDEA=C:\Program Files\JetBrains\IntelliJ IDEA 2024.1.4\bin; c:\python37\python.exe -W ignore:setup.py install is deprecated setup.py egg_info --egg-base ..\..\build\ssafy_bridge build --build-base C:\Users\SSAFY\Desktop\ros2_ws\build\ssafy_bridge\build install --record C:\Users\SSAFY\Desktop\ros2_ws\build\ssafy_bridge\install.log --install-scripts $base/lib/ssafy_bridge --single-version-externally-managed install_data[0m
[24.791s] [34mcolcon.colcon_core.event_handler.log_command[0m [1;30mDEBUG[0m [32mInvoking command in 'C:\Users\SSAFY\Desktop\ros2_ws\src\sub3': PYTHONPATH=C:\Users\SSAFY\Desktop\ros2_ws\build\sub3\prefix_override;c:\python37\lib\site-packages\colcon_core\task\python\colcon_distutils_commands;C:\Users\SSAFY\Desktop\ros2_ws\install\sub3\Lib\site-packages;%PYTHONPATH% installDir=%installDir%
IntelliJ IDEA=C:\Program Files\JetBrains\IntelliJ IDEA 2024.1.4\bin; c:\python37\python.exe -W ignore:setup.py install is deprecated setup.py egg_info --egg-base ..\..\build\sub3 build --build-base C:\Users\SSAFY\Desktop\ros2_ws\build\sub3\build install --record C:\Users\SSAFY\Desktop\ros2_ws\build\sub3\install.log --install-scripts $base/lib/sub3 --single-version-externally-managed install_data[0m
[24.822s] [34mcolcon.colcon_core.event_handler.log_command[0m [1;30mDEBUG[0m [32mInvoking command in 'C:\Users\SSAFY\Desktop\ros2_ws\src\security_service': PYTHONPATH=C:\Users\SSAFY\Desktop\ros2_ws\build\security_service\prefix_override;c:\python37\lib\site-packages\colcon_core\task\python\colcon_distutils_commands;C:\Users\SSAFY\Desktop\ros2_ws\install\security_service\Lib\site-packages;%PYTHONPATH% installDir=%installDir%
IntelliJ IDEA=C:\Program Files\JetBrains\IntelliJ IDEA 2024.1.4\bin; c:\python37\python.exe -W ignore:setup.py install is deprecated setup.py egg_info --egg-base ..\..\build\security_service build --build-base C:\Users\SSAFY\Desktop\ros2_ws\build\security_service\build install --record C:\Users\SSAFY\Desktop\ros2_ws\build\security_service\install.log --install-scripts $base/lib/security_service --single-version-externally-managed install_data[0m
[28.771s] [34mcolcon.colcon_core.event_handler.log_command[0m [1;30mDEBUG[0m [32mInvoked command in 'C:\Users\SSAFY\Desktop\ros2_ws\build\ssafy_msgs' returned '0': CL=/MP CMAKE_PREFIX_PATH=%CMAKE_PREFIX_PATH%;C:\Users\SSAFY\Desktop\ros2_ws\install\sub3;C:\Users\SSAFY\Desktop\ros2_ws\install\sub2;C:\Users\SSAFY\Desktop\ros2_ws\install\sub1;C:\Users\SSAFY\Desktop\ros2_ws\install\custom_game;C:\Users\SSAFY\Desktop\ros2_ws\install\advanced;C:\Users\SSAFY\Desktop\ros2_ws\install\ssafy_bridge;C:\Users\SSAFY\Desktop\ros2_ws\install\security_service;C:\Users\SSAFY\Desktop\ros2_ws\install\c208_package installDir=%installDir%
IntelliJ IDEA=C:\Program Files\JetBrains\IntelliJ IDEA 2024.1.4\bin; C:\Program Files\CMake\bin\cmake.EXE --build C:\Users\SSAFY\Desktop\ros2_ws\build\ssafy_msgs --config Release[0m
[28.999s] [34mcolcon.colcon_core.event_handler.log_command[0m [1;30mDEBUG[0m [32mInvoking command in 'C:\Users\SSAFY\Desktop\ros2_ws\build\ssafy_msgs': CMAKE_PREFIX_PATH=%CMAKE_PREFIX_PATH%;C:\Users\SSAFY\Desktop\ros2_ws\install\sub3;C:\Users\SSAFY\Desktop\ros2_ws\install\sub2;C:\Users\SSAFY\Desktop\ros2_ws\install\sub1;C:\Users\SSAFY\Desktop\ros2_ws\install\custom_game;C:\Users\SSAFY\Desktop\ros2_ws\install\advanced;C:\Users\SSAFY\Desktop\ros2_ws\install\ssafy_bridge;C:\Users\SSAFY\Desktop\ros2_ws\install\security_service;C:\Users\SSAFY\Desktop\ros2_ws\install\c208_package installDir=%installDir%
IntelliJ IDEA=C:\Program Files\JetBrains\IntelliJ IDEA 2024.1.4\bin; C:\Program Files\CMake\bin\cmake.EXE --install C:\Users\SSAFY\Desktop\ros2_ws\build\ssafy_msgs --config Release[0m
[29.106s] [34mcolcon.colcon_core.event_handler.log_command[0m [1;30mDEBUG[0m [32mInvoked command in 'C:\Users\SSAFY\Desktop\ros2_ws\src\c208_package' returned '0': PYTHONPATH=C:\Users\SSAFY\Desktop\ros2_ws\build\c208_package\prefix_override;c:\python37\lib\site-packages\colcon_core\task\python\colcon_distutils_commands;C:\Users\SSAFY\Desktop\ros2_ws\install\c208_package\Lib\site-packages;%PYTHONPATH% installDir=%installDir%
IntelliJ IDEA=C:\Program Files\JetBrains\IntelliJ IDEA 2024.1.4\bin; c:\python37\python.exe -W ignore:setup.py install is deprecated setup.py egg_info --egg-base ..\..\build\c208_package build --build-base C:\Users\SSAFY\Desktop\ros2_ws\build\c208_package\build install --record C:\Users\SSAFY\Desktop\ros2_ws\build\c208_package\install.log --install-scripts $base/lib/c208_package --single-version-externally-managed install_data[0m
[29.147s] [34mcolcon.colcon_core.environment[0m [1;30mLevel 1[0m checking 'C:\Users\SSAFY\Desktop\ros2_ws\install\c208_package' for CMake module files
[29.163s] [34mcolcon.colcon_core.environment[0m [1;30mLevel 1[0m checking 'C:\Users\SSAFY\Desktop\ros2_ws\install\c208_package' for CMake config files
[29.188s] [34mcolcon.colcon_core.environment[0m [1;30mLevel 1[0m checking 'C:\Users\SSAFY\Desktop\ros2_ws\install\c208_package\bin'
[29.191s] [34mcolcon.colcon_core.environment[0m [1;30mLevel 1[0m checking 'C:\Users\SSAFY\Desktop\ros2_ws\install\c208_package\bin'
[29.192s] [34mcolcon.colcon_core.environment[0m [1;30mLevel 1[0m checking 'C:\Users\SSAFY\Desktop\ros2_ws\install\c208_package\lib\pkgconfig\c208_package.pc'
[29.194s] [34mcolcon.colcon_core.environment[0m [1;30mLevel 1[0m checking 'C:\Users\SSAFY\Desktop\ros2_ws\install\c208_package\Lib\site-packages'
[29.195s] [34mcolcon.colcon_core.shell[0m [1;30mLevel 1[0m create_environment_hook('c208_package', 'pythonpath')
[29.197s] [34mcolcon.colcon_core.shell[0m [1;30mINFO[0m Creating environment hook 'C:\Users\SSAFY\Desktop\ros2_ws\install\c208_package\share\c208_package\hook\pythonpath.ps1'
[29.205s] [34mcolcon.colcon_core.shell[0m [1;30mINFO[0m Creating environment hook 'C:\Users\SSAFY\Desktop\ros2_ws\install\c208_package\share\c208_package\hook\pythonpath.bat'
[29.213s] [34mcolcon.colcon_core.shell[0m [1;30mINFO[0m Creating environment descriptor 'C:\Users\SSAFY\Desktop\ros2_ws\install\c208_package\share\c208_package\hook\pythonpath.dsv'
[29.221s] [34mcolcon.colcon_core.environment[0m [1;30mLevel 1[0m checking 'C:\Users\SSAFY\Desktop\ros2_ws\install\c208_package\Scripts'
[29.221s] [34mcolcon.colcon_core.environment[0m [1;30mLevel 1[0m create_environment_scripts_only(c208_package)
[29.225s] [34mcolcon.colcon_core.shell[0m [1;30mINFO[0m Creating package script 'C:\Users\SSAFY\Desktop\ros2_ws\install\c208_package\share\c208_package\package.ps1'
[29.236s] [34mcolcon.colcon_core.shell[0m [1;30mINFO[0m Creating package script 'C:\Users\SSAFY\Desktop\ros2_ws\install\c208_package\share\c208_package\package.bat'
[29.247s] [34mcolcon.colcon_core.shell[0m [1;30mINFO[0m Creating package descriptor 'C:\Users\SSAFY\Desktop\ros2_ws\install\c208_package\share\c208_package\package.dsv'
[29.257s] [34mcolcon.colcon_core.environment[0m [1;30mLevel 1[0m create_file_with_runtime_dependencies(C:\Users\SSAFY\Desktop\ros2_ws\install\c208_package\share\colcon-core\packages\c208_package)
[29.483s] [34mcolcon.colcon_core.event_handler.log_command[0m [1;30mDEBUG[0m [32mInvoked command in 'C:\Users\SSAFY\Desktop\ros2_ws\src\sub1' returned '1': PYTHONPATH=C:\Users\SSAFY\Desktop\ros2_ws\build\sub1\prefix_override;c:\python37\lib\site-packages\colcon_core\task\python\colcon_distutils_commands;C:\Users\SSAFY\Desktop\ros2_ws\install\sub1\Lib\site-packages;%PYTHONPATH% installDir=%installDir%
IntelliJ IDEA=C:\Program Files\JetBrains\IntelliJ IDEA 2024.1.4\bin; c:\python37\python.exe -W ignore:setup.py install is deprecated setup.py egg_info --egg-base ..\..\build\sub1 build --build-base C:\Users\SSAFY\Desktop\ros2_ws\build\sub1\build install --record C:\Users\SSAFY\Desktop\ros2_ws\build\sub1\install.log --install-scripts $base/lib/sub1 --single-version-externally-managed install_data[0m
[31.262s] [34mcolcon.colcon_parallel_executor.executor.parallel[0m [1;30mDEBUG[0m [32mskipping loop closure[0m
[31.262s] [34mcolcon.colcon_parallel_executor.executor.parallel[0m [1;30mDEBUG[0m [32mrun_until_complete finished with '1'[0m
[31.262s] [34mcolcon.colcon_core.event_reactor[0m [1;30mDEBUG[0m [32mjoining thread[0m
[31.311s] [34mcolcon.colcon_core.plugin_system[0m [1;30mINFO[0m Skipping extension 'colcon_notification.desktop_notification.notify2': 'notify2' not found
[31.313s] [34mcolcon.colcon_core.plugin_system[0m [1;30mINFO[0m Skipping extension 'colcon_notification.desktop_notification.notify_send': Not used on non-Linux systems
[31.313s] [34mcolcon.colcon_core.plugin_system[0m [1;30mINFO[0m Skipping extension 'colcon_notification.desktop_notification.terminal_notifier': Not used on non-Darwin systems
[31.313s] [34mcolcon.colcon_notification.desktop_notification[0m [1;30mINFO[0m Sending desktop notification using 'win32'
[36.506s] [34mcolcon.colcon_core.event_reactor[0m [1;30mDEBUG[0m [32mjoined thread[0m
[36.508s] [34mcolcon.colcon_core.shell[0m [1;30mINFO[0m Creating prefix script 'C:\Users\SSAFY\Desktop\ros2_ws\install\local_setup.ps1'
[36.512s] [34mcolcon.colcon_core.shell[0m [1;30mINFO[0m Creating prefix util module 'C:\Users\SSAFY\Desktop\ros2_ws\install\_local_setup_util_ps1.py'
[36.517s] [34mcolcon.colcon_core.shell[0m [1;30mINFO[0m Creating prefix chain script 'C:\Users\SSAFY\Desktop\ros2_ws\install\setup.ps1'
[36.524s] [34mcolcon.colcon_core.shell[0m [1;30mINFO[0m Creating prefix script 'C:\Users\SSAFY\Desktop\ros2_ws\install\local_setup.bat'
[36.526s] [34mcolcon.colcon_core.shell[0m [1;30mINFO[0m Creating prefix util module 'C:\Users\SSAFY\Desktop\ros2_ws\install\_local_setup_util_bat.py'
[36.528s] [34mcolcon.colcon_core.shell[0m [1;30mINFO[0m Creating prefix chain script 'C:\Users\SSAFY\Desktop\ros2_ws\install\setup.bat'
