running egg_info
creating ..\..\build\custom_game\custom_game.egg-info
writing ..\..\build\custom_game\custom_game.egg-info\PKG-INFO
writing dependency_links to ..\..\build\custom_game\custom_game.egg-info\dependency_links.txt
writing entry points to ..\..\build\custom_game\custom_game.egg-info\entry_points.txt
writing requirements to ..\..\build\custom_game\custom_game.egg-info\requires.txt
writing top-level names to ..\..\build\custom_game\custom_game.egg-info\top_level.txt
writing manifest file '..\..\build\custom_game\custom_game.egg-info\SOURCES.txt'
reading manifest file '..\..\build\custom_game\custom_game.egg-info\SOURCES.txt'
writing manifest file '..\..\build\custom_game\custom_game.egg-info\SOURCES.txt'
running build
running build_py
creating C:\Users\SSAFY\Desktop\ros2_ws\build\custom_game\build
creating C:\Users\SSAFY\Desktop\ros2_ws\build\custom_game\build\lib
creating C:\Users\SSAFY\Desktop\ros2_ws\build\custom_game\build\lib\custom_game
copying custom_game\game.py -> C:\Users\SSAFY\Desktop\ros2_ws\build\custom_game\build\lib\custom_game
copying custom_game\__init__.py -> C:\Users\SSAFY\Desktop\ros2_ws\build\custom_game\build\lib\custom_game
running install
running install_lib
creating C:\Users\SSAFY\Desktop\ros2_ws\install\custom_game\Lib\site-packages\custom_game
copying C:\Users\SSAFY\Desktop\ros2_ws\build\custom_game\build\lib\custom_game\game.py -> C:\Users\SSAFY\Desktop\ros2_ws\install\custom_game\Lib\site-packages\custom_game
copying C:\Users\SSAFY\Desktop\ros2_ws\build\custom_game\build\lib\custom_game\__init__.py -> C:\Users\SSAFY\Desktop\ros2_ws\install\custom_game\Lib\site-packages\custom_game
byte-compiling C:\Users\SSAFY\Desktop\ros2_ws\install\custom_game\Lib\site-packages\custom_game\game.py to game.cpython-37.pyc
byte-compiling C:\Users\SSAFY\Desktop\ros2_ws\install\custom_game\Lib\site-packages\custom_game\__init__.py to __init__.cpython-37.pyc
running install_data
creating C:\Users\SSAFY\Desktop\ros2_ws\install\custom_game\share\ament_index
creating C:\Users\SSAFY\Desktop\ros2_ws\install\custom_game\share\ament_index\resource_index
creating C:\Users\SSAFY\Desktop\ros2_ws\install\custom_game\share\ament_index\resource_index\packages
copying resource\custom_game -> C:\Users\SSAFY\Desktop\ros2_ws\install\custom_game\share\ament_index\resource_index\packages
copying package.xml -> C:\Users\SSAFY\Desktop\ros2_ws\install\custom_game\share\custom_game
running install_egg_info
Copying ..\..\build\custom_game\custom_game.egg-info to C:\Users\SSAFY\Desktop\ros2_ws\install\custom_game\Lib\site-packages\custom_game-0.0.0-py3.7.egg-info
running install_scripts
Installing game-script.py script to C:\Users\SSAFY\Desktop\ros2_ws\install\custom_game\lib\custom_game
Installing game.exe script to C:\Users\SSAFY\Desktop\ros2_ws\install\custom_game\lib\custom_game
Installing odom-script.py script to C:\Users\SSAFY\Desktop\ros2_ws\install\custom_game\lib\custom_game
Installing odom.exe script to C:\Users\SSAFY\Desktop\ros2_ws\install\custom_game\lib\custom_game
writing list of installed files to 'C:\Users\SSAFY\Desktop\ros2_ws\build\custom_game\install.log'
