[4.890s] Invoking command in 'C:\Users\SSAFY\Desktop\ros2_ws\build\ssafy_msgs': CL=/MP CMAKE_PREFIX_PATH=%CMAKE_PREFIX_PATH%;C:\Users\SSAFY\Desktop\ros2_ws\install\sub3;C:\Users\SSAFY\Desktop\ros2_ws\install\sub2;C:\Users\SSAFY\Desktop\ros2_ws\install\sub1;C:\Users\SSAFY\Desktop\ros2_ws\install\custom_game;C:\Users\SSAFY\Desktop\ros2_ws\install\advanced;C:\Users\SSAFY\Desktop\ros2_ws\install\ssafy_bridge;C:\Users\SSAFY\Desktop\ros2_ws\install\security_service;C:\Users\SSAFY\Desktop\ros2_ws\install\c208_package installDir=%installDir%
IntelliJ IDEA=C:\Program Files\JetBrains\IntelliJ IDEA 2024.1.4\bin; C:\Program Files\CMake\bin\cmake.EXE --build C:\Users\SSAFY\Desktop\ros2_ws\build\ssafy_msgs --config Release
[23.531s] msbuild 버전 17.10.4+10fbfbf2e(.NET Framework용)
[23.546s] 
[23.546s]   1>Checking Build System
[23.546s]   Building Custom Rule C:/Users/SSAFY/Desktop/ros2_ws/src/ssafy_msgs/CMakeLists.txt
[23.546s]   Building Custom Rule C:/Users/SSAFY/Desktop/ros2_ws/src/ssafy_msgs/CMakeLists.txt
[23.546s]   ssafy_msgs__rosidl_generator_c.vcxproj -> C:\Users\SSAFY\Desktop\ros2_ws\build\ssafy_msgs\Release\ssafy_msgs__rosidl_generator_c.dll
[23.546s]   Building Custom Rule C:/Users/SSAFY/Desktop/ros2_ws/src/ssafy_msgs/CMakeLists.txt
[23.546s]   ssafy_msgs__rosidl_typesupport_c.vcxproj -> C:\Users\SSAFY\Desktop\ros2_ws\build\ssafy_msgs\Release\ssafy_msgs__rosidl_typesupport_c.dll
[23.546s]   Building Custom Rule C:/Users/SSAFY/Desktop/ros2_ws/src/ssafy_msgs/CMakeLists.txt
[23.562s]   Building Custom Rule C:/Users/SSAFY/Desktop/ros2_ws/src/ssafy_msgs/CMakeLists.txt
[23.562s]   ssafy_msgs__rosidl_typesupport_connext_cpp.vcxproj -> C:\Users\SSAFY\Desktop\ros2_ws\build\ssafy_msgs\Release\ssafy_msgs__rosidl_typesupport_connext_cpp.dll
[23.562s]   Building Custom Rule C:/Users/SSAFY/Desktop/ros2_ws/src/ssafy_msgs/CMakeLists.txt
[23.562s]   ssafy_msgs__rosidl_typesupport_connext_c.vcxproj -> C:\Users\SSAFY\Desktop\ros2_ws\build\ssafy_msgs\Release\ssafy_msgs__rosidl_typesupport_connext_c.dll
[23.562s]   Building Custom Rule C:/Users/SSAFY/Desktop/ros2_ws/src/ssafy_msgs/CMakeLists.txt
[23.562s]   ssafy_msgs__rosidl_typesupport_cpp.vcxproj -> C:\Users\SSAFY\Desktop\ros2_ws\build\ssafy_msgs\Release\ssafy_msgs__rosidl_typesupport_cpp.dll
[23.562s]   Building Custom Rule C:/Users/SSAFY/Desktop/ros2_ws/src/ssafy_msgs/CMakeLists.txt
[23.562s]   ssafy_msgs__rosidl_typesupport_fastrtps_cpp.vcxproj -> C:\Users\SSAFY\Desktop\ros2_ws\build\ssafy_msgs\Release\ssafy_msgs__rosidl_typesupport_fastrtps_cpp.dll
[23.562s]   Building Custom Rule C:/Users/SSAFY/Desktop/ros2_ws/src/ssafy_msgs/CMakeLists.txt
[23.562s]   ssafy_msgs__rosidl_typesupport_fastrtps_c.vcxproj -> C:\Users\SSAFY\Desktop\ros2_ws\build\ssafy_msgs\Release\ssafy_msgs__rosidl_typesupport_fastrtps_c.dll
[23.562s]   Building Custom Rule C:/Users/SSAFY/Desktop/ros2_ws/src/ssafy_msgs/CMakeLists.txt
[23.562s]   ssafy_msgs__rosidl_typesupport_introspection_c.vcxproj -> C:\Users\SSAFY\Desktop\ros2_ws\build\ssafy_msgs\Release\ssafy_msgs__rosidl_typesupport_introspection_c.dll
[23.562s]   Building Custom Rule C:/Users/SSAFY/Desktop/ros2_ws/src/ssafy_msgs/CMakeLists.txt
[23.562s]   ssafy_msgs__rosidl_typesupport_introspection_cpp.vcxproj -> C:\Users\SSAFY\Desktop\ros2_ws\build\ssafy_msgs\Release\ssafy_msgs__rosidl_typesupport_introspection_cpp.dll
[23.562s]   Building Custom Rule C:/Users/SSAFY/Desktop/ros2_ws/src/ssafy_msgs/CMakeLists.txt
[23.562s]   Building Custom Rule C:/Users/SSAFY/Desktop/ros2_ws/src/ssafy_msgs/CMakeLists.txt
[23.562s]   ssafy_msgs__rosidl_typesupport_opensplice_cpp.vcxproj -> C:\Users\SSAFY\Desktop\ros2_ws\build\ssafy_msgs\Release\ssafy_msgs__rosidl_typesupport_opensplice_cpp.dll
[27.437s]   Building Custom Rule C:/Users/SSAFY/Desktop/ros2_ws/src/ssafy_msgs/CMakeLists.txt
[27.437s]   ssafy_msgs__rosidl_typesupport_opensplice_c.vcxproj -> C:\Users\SSAFY\Desktop\ros2_ws\build\ssafy_msgs\Release\ssafy_msgs__rosidl_typesupport_opensplice_c.dll
[27.437s]   Building Custom Rule C:/Users/SSAFY/Desktop/ros2_ws/src/ssafy_msgs/CMakeLists.txt
[27.437s]   Building Custom Rule C:/Users/SSAFY/Desktop/ros2_ws/src/ssafy_msgs/CMakeLists.txt
[27.437s]   ssafy_msgs__python.vcxproj -> C:\Users\SSAFY\Desktop\ros2_ws\build\ssafy_msgs\rosidl_generator_py\ssafy_msgs\ssafy_msgs__python.dll
[27.656s]   Building Custom Rule C:/Users/SSAFY/Desktop/ros2_ws/src/ssafy_msgs/CMakeLists.txt
[28.281s]   ssafy_msgs__rosidl_typesupport_c__pyext.vcxproj -> C:\Users\SSAFY\Desktop\ros2_ws\build\ssafy_msgs\rosidl_generator_py\ssafy_msgs\ssafy_msgs_s__rosidl_typesupport_c.pyd
[29.187s]   Building Custom Rule C:/Users/SSAFY/Desktop/ros2_ws/src/ssafy_msgs/CMakeLists.txt
[30.031s]   ssafy_msgs__rosidl_typesupport_connext_c__pyext.vcxproj -> C:\Users\SSAFY\Desktop\ros2_ws\build\ssafy_msgs\rosidl_generator_py\ssafy_msgs\ssafy_msgs_s__rosidl_typesupport_connext_c.pyd
[30.921s]   Building Custom Rule C:/Users/SSAFY/Desktop/ros2_ws/src/ssafy_msgs/CMakeLists.txt
[31.593s]   ssafy_msgs__rosidl_typesupport_fastrtps_c__pyext.vcxproj -> C:\Users\SSAFY\Desktop\ros2_ws\build\ssafy_msgs\rosidl_generator_py\ssafy_msgs\ssafy_msgs_s__rosidl_typesupport_fastrtps_c.pyd
[32.406s]   Building Custom Rule C:/Users/SSAFY/Desktop/ros2_ws/src/ssafy_msgs/CMakeLists.txt
[32.968s]   ssafy_msgs__rosidl_typesupport_introspection_c__pyext.vcxproj -> C:\Users\SSAFY\Desktop\ros2_ws\build\ssafy_msgs\rosidl_generator_py\ssafy_msgs\ssafy_msgs_s__rosidl_typesupport_introspection_c.pyd
[33.937s]   Building Custom Rule C:/Users/SSAFY/Desktop/ros2_ws/src/ssafy_msgs/CMakeLists.txt
[34.671s]   ssafy_msgs__rosidl_typesupport_opensplice_c__pyext.vcxproj -> C:\Users\SSAFY\Desktop\ros2_ws\build\ssafy_msgs\rosidl_generator_py\ssafy_msgs\ssafy_msgs_s__rosidl_typesupport_opensplice_c.pyd
[35.281s]   Building Custom Rule C:/Users/SSAFY/Desktop/ros2_ws/src/ssafy_msgs/CMakeLists.txt
[36.171s] Invoked command in 'C:\Users\SSAFY\Desktop\ros2_ws\build\ssafy_msgs' returned '0': CL=/MP CMAKE_PREFIX_PATH=%CMAKE_PREFIX_PATH%;C:\Users\SSAFY\Desktop\ros2_ws\install\sub3;C:\Users\SSAFY\Desktop\ros2_ws\install\sub2;C:\Users\SSAFY\Desktop\ros2_ws\install\sub1;C:\Users\SSAFY\Desktop\ros2_ws\install\custom_game;C:\Users\SSAFY\Desktop\ros2_ws\install\advanced;C:\Users\SSAFY\Desktop\ros2_ws\install\ssafy_bridge;C:\Users\SSAFY\Desktop\ros2_ws\install\security_service;C:\Users\SSAFY\Desktop\ros2_ws\install\c208_package installDir=%installDir%
IntelliJ IDEA=C:\Program Files\JetBrains\IntelliJ IDEA 2024.1.4\bin; C:\Program Files\CMake\bin\cmake.EXE --build C:\Users\SSAFY\Desktop\ros2_ws\build\ssafy_msgs --config Release
[36.468s] Invoking command in 'C:\Users\SSAFY\Desktop\ros2_ws\build\ssafy_msgs': CMAKE_PREFIX_PATH=%CMAKE_PREFIX_PATH%;C:\Users\SSAFY\Desktop\ros2_ws\install\sub3;C:\Users\SSAFY\Desktop\ros2_ws\install\sub2;C:\Users\SSAFY\Desktop\ros2_ws\install\sub1;C:\Users\SSAFY\Desktop\ros2_ws\install\custom_game;C:\Users\SSAFY\Desktop\ros2_ws\install\advanced;C:\Users\SSAFY\Desktop\ros2_ws\install\ssafy_bridge;C:\Users\SSAFY\Desktop\ros2_ws\install\security_service;C:\Users\SSAFY\Desktop\ros2_ws\install\c208_package installDir=%installDir%
IntelliJ IDEA=C:\Program Files\JetBrains\IntelliJ IDEA 2024.1.4\bin; C:\Program Files\CMake\bin\cmake.EXE --install C:\Users\SSAFY\Desktop\ros2_ws\build\ssafy_msgs --config Release
[36.765s] -- Up-to-date: C:/Users/SSAFY/Desktop/ros2_ws/install/ssafy_msgs/share/ament_index/resource_index/rosidl_interfaces/ssafy_msgs
[36.781s] -- Up-to-date: C:/Users/SSAFY/Desktop/ros2_ws/install/ssafy_msgs/lib/ssafy_msgs__rosidl_typesupport_c.lib
[36.890s] -- Up-to-date: C:/Users/SSAFY/Desktop/ros2_ws/install/ssafy_msgs/bin/ssafy_msgs__rosidl_typesupport_c.dll
[36.921s] -- Up-to-date: C:/Users/SSAFY/Desktop/ros2_ws/install/ssafy_msgs/lib/ssafy_msgs__rosidl_typesupport_cpp.lib
[37.140s] -- Up-to-date: C:/Users/SSAFY/Desktop/ros2_ws/install/ssafy_msgs/bin/ssafy_msgs__rosidl_typesupport_cpp.dll
[37.140s] -- Up-to-date: C:/Users/SSAFY/Desktop/ros2_ws/install/ssafy_msgs/include/ssafy_msgs
[37.156s] -- Up-to-date: C:/Users/SSAFY/Desktop/ros2_ws/install/ssafy_msgs/include/ssafy_msgs/msg
[37.187s] -- Up-to-date: C:/Users/SSAFY/Desktop/ros2_ws/install/ssafy_msgs/include/ssafy_msgs/msg/b_box__rosidl_typesupport_connext_c.h
[37.203s] -- Up-to-date: C:/Users/SSAFY/Desktop/ros2_ws/install/ssafy_msgs/include/ssafy_msgs/msg/custom_object_info__rosidl_typesupport_connext_c.h
[37.218s] -- Up-to-date: C:/Users/SSAFY/Desktop/ros2_ws/install/ssafy_msgs/include/ssafy_msgs/msg/dds_connext
[37.250s] -- Up-to-date: C:/Users/SSAFY/Desktop/ros2_ws/install/ssafy_msgs/include/ssafy_msgs/msg/enviroment_status__rosidl_typesupport_connext_c.h
[37.281s] -- Up-to-date: C:/Users/SSAFY/Desktop/ros2_ws/install/ssafy_msgs/include/ssafy_msgs/msg/hand_control__rosidl_typesupport_connext_c.h
[37.296s] -- Up-to-date: C:/Users/SSAFY/Desktop/ros2_ws/install/ssafy_msgs/include/ssafy_msgs/msg/num__rosidl_typesupport_connext_c.h
[37.328s] -- Up-to-date: C:/Users/SSAFY/Desktop/ros2_ws/install/ssafy_msgs/include/ssafy_msgs/msg/object_info__rosidl_typesupport_connext_c.h
[37.343s] -- Up-to-date: C:/Users/SSAFY/Desktop/ros2_ws/install/ssafy_msgs/include/ssafy_msgs/msg/rosidl_typesupport_connext_c__visibility_control.h
[37.375s] -- Up-to-date: C:/Users/SSAFY/Desktop/ros2_ws/install/ssafy_msgs/include/ssafy_msgs/msg/turtlebot_status__rosidl_typesupport_connext_c.h
[37.390s] -- Up-to-date: C:/Users/SSAFY/Desktop/ros2_ws/install/ssafy_msgs/lib/ssafy_msgs__rosidl_typesupport_connext_c.lib
[37.687s] -- Up-to-date: C:/Users/SSAFY/Desktop/ros2_ws/install/ssafy_msgs/bin/ssafy_msgs__rosidl_typesupport_connext_c.dll
[37.687s] -- Up-to-date: C:/Users/SSAFY/Desktop/ros2_ws/install/ssafy_msgs/include/ssafy_msgs
[37.703s] -- Up-to-date: C:/Users/SSAFY/Desktop/ros2_ws/install/ssafy_msgs/include/ssafy_msgs/msg
[37.718s] -- Up-to-date: C:/Users/SSAFY/Desktop/ros2_ws/install/ssafy_msgs/include/ssafy_msgs/msg/b_box.h
[37.781s] -- Up-to-date: C:/Users/SSAFY/Desktop/ros2_ws/install/ssafy_msgs/include/ssafy_msgs/msg/b_box__functions.c
[37.859s] -- Up-to-date: C:/Users/SSAFY/Desktop/ros2_ws/install/ssafy_msgs/include/ssafy_msgs/msg/b_box__functions.h
[37.890s] -- Up-to-date: C:/Users/SSAFY/Desktop/ros2_ws/install/ssafy_msgs/include/ssafy_msgs/msg/b_box__struct.h
[37.921s] -- Up-to-date: C:/Users/SSAFY/Desktop/ros2_ws/install/ssafy_msgs/include/ssafy_msgs/msg/b_box__type_support.h
[37.937s] -- Up-to-date: C:/Users/SSAFY/Desktop/ros2_ws/install/ssafy_msgs/include/ssafy_msgs/msg/custom_object_info.h
[38.046s] -- Up-to-date: C:/Users/SSAFY/Desktop/ros2_ws/install/ssafy_msgs/include/ssafy_msgs/msg/custom_object_info__functions.c
[38.140s] -- Up-to-date: C:/Users/SSAFY/Desktop/ros2_ws/install/ssafy_msgs/include/ssafy_msgs/msg/custom_object_info__functions.h
[38.156s] -- Up-to-date: C:/Users/SSAFY/Desktop/ros2_ws/install/ssafy_msgs/include/ssafy_msgs/msg/custom_object_info__struct.h
[38.171s] -- Up-to-date: C:/Users/SSAFY/Desktop/ros2_ws/install/ssafy_msgs/include/ssafy_msgs/msg/custom_object_info__type_support.h
[38.187s] -- Up-to-date: C:/Users/SSAFY/Desktop/ros2_ws/install/ssafy_msgs/include/ssafy_msgs/msg/enviroment_status.h
[38.281s] -- Up-to-date: C:/Users/SSAFY/Desktop/ros2_ws/install/ssafy_msgs/include/ssafy_msgs/msg/enviroment_status__functions.c
[38.328s] -- Up-to-date: C:/Users/SSAFY/Desktop/ros2_ws/install/ssafy_msgs/include/ssafy_msgs/msg/enviroment_status__functions.h
[38.343s] -- Up-to-date: C:/Users/SSAFY/Desktop/ros2_ws/install/ssafy_msgs/include/ssafy_msgs/msg/enviroment_status__struct.h
[38.375s] -- Up-to-date: C:/Users/SSAFY/Desktop/ros2_ws/install/ssafy_msgs/include/ssafy_msgs/msg/enviroment_status__type_support.h
[38.390s] -- Up-to-date: C:/Users/SSAFY/Desktop/ros2_ws/install/ssafy_msgs/include/ssafy_msgs/msg/hand_control.h
[38.484s] -- Up-to-date: C:/Users/SSAFY/Desktop/ros2_ws/install/ssafy_msgs/include/ssafy_msgs/msg/hand_control__functions.c
[38.531s] -- Up-to-date: C:/Users/SSAFY/Desktop/ros2_ws/install/ssafy_msgs/include/ssafy_msgs/msg/hand_control__functions.h
[38.546s] -- Up-to-date: C:/Users/SSAFY/Desktop/ros2_ws/install/ssafy_msgs/include/ssafy_msgs/msg/hand_control__struct.h
[38.578s] -- Up-to-date: C:/Users/SSAFY/Desktop/ros2_ws/install/ssafy_msgs/include/ssafy_msgs/msg/hand_control__type_support.h
[38.578s] -- Up-to-date: C:/Users/SSAFY/Desktop/ros2_ws/install/ssafy_msgs/include/ssafy_msgs/msg/num.h
[38.625s] -- Up-to-date: C:/Users/SSAFY/Desktop/ros2_ws/install/ssafy_msgs/include/ssafy_msgs/msg/num__functions.c
[38.671s] -- Up-to-date: C:/Users/SSAFY/Desktop/ros2_ws/install/ssafy_msgs/include/ssafy_msgs/msg/num__functions.h
[38.687s] -- Up-to-date: C:/Users/SSAFY/Desktop/ros2_ws/install/ssafy_msgs/include/ssafy_msgs/msg/num__struct.h
[38.718s] -- Up-to-date: C:/Users/SSAFY/Desktop/ros2_ws/install/ssafy_msgs/include/ssafy_msgs/msg/num__type_support.h
[38.718s] -- Up-to-date: C:/Users/SSAFY/Desktop/ros2_ws/install/ssafy_msgs/include/ssafy_msgs/msg/object_info.h
[38.796s] -- Up-to-date: C:/Users/SSAFY/Desktop/ros2_ws/install/ssafy_msgs/include/ssafy_msgs/msg/object_info__functions.c
[38.828s] -- Up-to-date: C:/Users/SSAFY/Desktop/ros2_ws/install/ssafy_msgs/include/ssafy_msgs/msg/object_info__functions.h
[38.843s] -- Up-to-date: C:/Users/SSAFY/Desktop/ros2_ws/install/ssafy_msgs/include/ssafy_msgs/msg/object_info__struct.h
[38.875s] -- Up-to-date: C:/Users/SSAFY/Desktop/ros2_ws/install/ssafy_msgs/include/ssafy_msgs/msg/object_info__type_support.h
[38.890s] -- Up-to-date: C:/Users/SSAFY/Desktop/ros2_ws/install/ssafy_msgs/include/ssafy_msgs/msg/rosidl_generator_c__visibility_control.h
[38.890s] -- Up-to-date: C:/Users/SSAFY/Desktop/ros2_ws/install/ssafy_msgs/include/ssafy_msgs/msg/turtlebot_status.h
[38.968s] -- Up-to-date: C:/Users/SSAFY/Desktop/ros2_ws/install/ssafy_msgs/include/ssafy_msgs/msg/turtlebot_status__functions.c
[38.984s] -- Up-to-date: C:/Users/SSAFY/Desktop/ros2_ws/install/ssafy_msgs/include/ssafy_msgs/msg/turtlebot_status__functions.h
[39.000s] -- Up-to-date: C:/Users/SSAFY/Desktop/ros2_ws/install/ssafy_msgs/include/ssafy_msgs/msg/turtlebot_status__struct.h
[39.031s] -- Up-to-date: C:/Users/SSAFY/Desktop/ros2_ws/install/ssafy_msgs/include/ssafy_msgs/msg/turtlebot_status__type_support.h
[39.046s] -- Up-to-date: C:/Users/SSAFY/Desktop/ros2_ws/install/ssafy_msgs/lib/ssafy_msgs__rosidl_generator_c.lib
[39.156s] -- Up-to-date: C:/Users/SSAFY/Desktop/ros2_ws/install/ssafy_msgs/bin/ssafy_msgs__rosidl_generator_c.dll
[39.156s] -- Up-to-date: C:/Users/SSAFY/Desktop/ros2_ws/install/ssafy_msgs/share/ssafy_msgs/msg/dds_connext
[39.171s] -- Up-to-date: C:/Users/SSAFY/Desktop/ros2_ws/install/ssafy_msgs/share/ssafy_msgs/msg/dds_connext/BBox_.idl
[39.187s] -- Up-to-date: C:/Users/SSAFY/Desktop/ros2_ws/install/ssafy_msgs/share/ssafy_msgs/msg/dds_connext/CustomObjectInfo_.idl
[39.203s] -- Up-to-date: C:/Users/SSAFY/Desktop/ros2_ws/install/ssafy_msgs/share/ssafy_msgs/msg/dds_connext/EnviromentStatus_.idl
[39.203s] -- Up-to-date: C:/Users/SSAFY/Desktop/ros2_ws/install/ssafy_msgs/share/ssafy_msgs/msg/dds_connext/HandControl_.idl
[39.218s] -- Up-to-date: C:/Users/SSAFY/Desktop/ros2_ws/install/ssafy_msgs/share/ssafy_msgs/msg/dds_connext/Num_.idl
[39.234s] -- Up-to-date: C:/Users/SSAFY/Desktop/ros2_ws/install/ssafy_msgs/share/ssafy_msgs/msg/dds_connext/ObjectInfo_.idl
[39.234s] -- Up-to-date: C:/Users/SSAFY/Desktop/ros2_ws/install/ssafy_msgs/share/ssafy_msgs/msg/dds_connext/TurtlebotStatus_.idl
[39.250s] -- Up-to-date: C:/Users/SSAFY/Desktop/ros2_ws/install/ssafy_msgs/include/ssafy_msgs
[39.250s] -- Up-to-date: C:/Users/SSAFY/Desktop/ros2_ws/install/ssafy_msgs/include/ssafy_msgs/msg
[39.312s] -- Up-to-date: C:/Users/SSAFY/Desktop/ros2_ws/install/ssafy_msgs/include/ssafy_msgs/msg/b_box__rosidl_typesupport_connext_cpp.hpp
[39.390s] -- Up-to-date: C:/Users/SSAFY/Desktop/ros2_ws/install/ssafy_msgs/include/ssafy_msgs/msg/custom_object_info__rosidl_typesupport_connext_cpp.hpp
[39.390s] -- Up-to-date: C:/Users/SSAFY/Desktop/ros2_ws/install/ssafy_msgs/include/ssafy_msgs/msg/dds_connext
[39.453s] -- Up-to-date: C:/Users/SSAFY/Desktop/ros2_ws/install/ssafy_msgs/include/ssafy_msgs/msg/dds_connext/BBox_.cxx
[39.500s] -- Up-to-date: C:/Users/SSAFY/Desktop/ros2_ws/install/ssafy_msgs/include/ssafy_msgs/msg/dds_connext/BBox_.h
[39.656s] -- Up-to-date: C:/Users/SSAFY/Desktop/ros2_ws/install/ssafy_msgs/include/ssafy_msgs/msg/dds_connext/BBox_Plugin.cxx
[39.718s] -- Up-to-date: C:/Users/SSAFY/Desktop/ros2_ws/install/ssafy_msgs/include/ssafy_msgs/msg/dds_connext/BBox_Plugin.h
[39.765s] -- Up-to-date: C:/Users/SSAFY/Desktop/ros2_ws/install/ssafy_msgs/include/ssafy_msgs/msg/dds_connext/BBox_Support.cxx
[39.843s] -- Up-to-date: C:/Users/SSAFY/Desktop/ros2_ws/install/ssafy_msgs/include/ssafy_msgs/msg/dds_connext/BBox_Support.h
[39.890s] -- Up-to-date: C:/Users/SSAFY/Desktop/ros2_ws/install/ssafy_msgs/include/ssafy_msgs/msg/dds_connext/CustomObjectInfo_.cxx
[40.250s] -- Up-to-date: C:/Users/SSAFY/Desktop/ros2_ws/install/ssafy_msgs/include/ssafy_msgs/msg/dds_connext/CustomObjectInfo_.h
[40.281s] -- Up-to-date: C:/Users/SSAFY/Desktop/ros2_ws/install/ssafy_msgs/include/ssafy_msgs/msg/dds_connext/CustomObjectInfo_Plugin.cxx
[40.281s] -- Up-to-date: C:/Users/SSAFY/Desktop/ros2_ws/install/ssafy_msgs/include/ssafy_msgs/msg/dds_connext/CustomObjectInfo_Plugin.h
[40.281s] -- Up-to-date: C:/Users/SSAFY/Desktop/ros2_ws/install/ssafy_msgs/include/ssafy_msgs/msg/dds_connext/CustomObjectInfo_Support.cxx
[40.281s] -- Up-to-date: C:/Users/SSAFY/Desktop/ros2_ws/install/ssafy_msgs/include/ssafy_msgs/msg/dds_connext/CustomObjectInfo_Support.h
[40.687s] -- Up-to-date: C:/Users/SSAFY/Desktop/ros2_ws/install/ssafy_msgs/include/ssafy_msgs/msg/dds_connext/EnviromentStatus_.cxx
[40.687s] -- Up-to-date: C:/Users/SSAFY/Desktop/ros2_ws/install/ssafy_msgs/include/ssafy_msgs/msg/dds_connext/EnviromentStatus_.h
[40.687s] -- Up-to-date: C:/Users/SSAFY/Desktop/ros2_ws/install/ssafy_msgs/include/ssafy_msgs/msg/dds_connext/EnviromentStatus_Plugin.cxx
[40.687s] -- Up-to-date: C:/Users/SSAFY/Desktop/ros2_ws/install/ssafy_msgs/include/ssafy_msgs/msg/dds_connext/EnviromentStatus_Plugin.h
[40.687s] -- Up-to-date: C:/Users/SSAFY/Desktop/ros2_ws/install/ssafy_msgs/include/ssafy_msgs/msg/dds_connext/EnviromentStatus_Support.cxx
[40.703s] -- Up-to-date: C:/Users/SSAFY/Desktop/ros2_ws/install/ssafy_msgs/include/ssafy_msgs/msg/dds_connext/EnviromentStatus_Support.h
[40.703s] -- Up-to-date: C:/Users/SSAFY/Desktop/ros2_ws/install/ssafy_msgs/include/ssafy_msgs/msg/dds_connext/HandControl_.cxx
[40.703s] -- Up-to-date: C:/Users/SSAFY/Desktop/ros2_ws/install/ssafy_msgs/include/ssafy_msgs/msg/dds_connext/HandControl_.h
[40.703s] -- Up-to-date: C:/Users/SSAFY/Desktop/ros2_ws/install/ssafy_msgs/include/ssafy_msgs/msg/dds_connext/HandControl_Plugin.cxx
[40.703s] -- Up-to-date: C:/Users/SSAFY/Desktop/ros2_ws/install/ssafy_msgs/include/ssafy_msgs/msg/dds_connext/HandControl_Plugin.h
[40.734s] -- Up-to-date: C:/Users/SSAFY/Desktop/ros2_ws/install/ssafy_msgs/include/ssafy_msgs/msg/dds_connext/HandControl_Support.cxx
[40.765s] -- Up-to-date: C:/Users/SSAFY/Desktop/ros2_ws/install/ssafy_msgs/include/ssafy_msgs/msg/dds_connext/HandControl_Support.h
[40.796s] -- Up-to-date: C:/Users/SSAFY/Desktop/ros2_ws/install/ssafy_msgs/include/ssafy_msgs/msg/dds_connext/Num_.cxx
[40.828s] -- Up-to-date: C:/Users/SSAFY/Desktop/ros2_ws/install/ssafy_msgs/include/ssafy_msgs/msg/dds_connext/Num_.h
[40.937s] -- Up-to-date: C:/Users/SSAFY/Desktop/ros2_ws/install/ssafy_msgs/include/ssafy_msgs/msg/dds_connext/Num_Plugin.cxx
[41.015s] -- Up-to-date: C:/Users/SSAFY/Desktop/ros2_ws/install/ssafy_msgs/include/ssafy_msgs/msg/dds_connext/Num_Plugin.h
[41.062s] -- Up-to-date: C:/Users/SSAFY/Desktop/ros2_ws/install/ssafy_msgs/include/ssafy_msgs/msg/dds_connext/Num_Support.cxx
[41.109s] -- Up-to-date: C:/Users/SSAFY/Desktop/ros2_ws/install/ssafy_msgs/include/ssafy_msgs/msg/dds_connext/Num_Support.h
[41.156s] -- Up-to-date: C:/Users/SSAFY/Desktop/ros2_ws/install/ssafy_msgs/include/ssafy_msgs/msg/dds_connext/ObjectInfo_.cxx
[41.203s] -- Up-to-date: C:/Users/SSAFY/Desktop/ros2_ws/install/ssafy_msgs/include/ssafy_msgs/msg/dds_connext/ObjectInfo_.h
[41.328s] -- Up-to-date: C:/Users/SSAFY/Desktop/ros2_ws/install/ssafy_msgs/include/ssafy_msgs/msg/dds_connext/ObjectInfo_Plugin.cxx
[41.390s] -- Up-to-date: C:/Users/SSAFY/Desktop/ros2_ws/install/ssafy_msgs/include/ssafy_msgs/msg/dds_connext/ObjectInfo_Plugin.h
[41.421s] -- Up-to-date: C:/Users/SSAFY/Desktop/ros2_ws/install/ssafy_msgs/include/ssafy_msgs/msg/dds_connext/ObjectInfo_Support.cxx
[41.453s] -- Up-to-date: C:/Users/SSAFY/Desktop/ros2_ws/install/ssafy_msgs/include/ssafy_msgs/msg/dds_connext/ObjectInfo_Support.h
[41.515s] -- Up-to-date: C:/Users/SSAFY/Desktop/ros2_ws/install/ssafy_msgs/include/ssafy_msgs/msg/dds_connext/TurtlebotStatus_.cxx
[41.546s] -- Up-to-date: C:/Users/SSAFY/Desktop/ros2_ws/install/ssafy_msgs/include/ssafy_msgs/msg/dds_connext/TurtlebotStatus_.h
[41.640s] -- Up-to-date: C:/Users/SSAFY/Desktop/ros2_ws/install/ssafy_msgs/include/ssafy_msgs/msg/dds_connext/TurtlebotStatus_Plugin.cxx
[41.671s] -- Up-to-date: C:/Users/SSAFY/Desktop/ros2_ws/install/ssafy_msgs/include/ssafy_msgs/msg/dds_connext/TurtlebotStatus_Plugin.h
[41.703s] -- Up-to-date: C:/Users/SSAFY/Desktop/ros2_ws/install/ssafy_msgs/include/ssafy_msgs/msg/dds_connext/TurtlebotStatus_Support.cxx
[41.734s] -- Up-to-date: C:/Users/SSAFY/Desktop/ros2_ws/install/ssafy_msgs/include/ssafy_msgs/msg/dds_connext/TurtlebotStatus_Support.h
[41.765s] -- Up-to-date: C:/Users/SSAFY/Desktop/ros2_ws/install/ssafy_msgs/include/ssafy_msgs/msg/enviroment_status__rosidl_typesupport_connext_cpp.hpp
[41.812s] -- Up-to-date: C:/Users/SSAFY/Desktop/ros2_ws/install/ssafy_msgs/include/ssafy_msgs/msg/hand_control__rosidl_typesupport_connext_cpp.hpp
[41.843s] -- Up-to-date: C:/Users/SSAFY/Desktop/ros2_ws/install/ssafy_msgs/include/ssafy_msgs/msg/num__rosidl_typesupport_connext_cpp.hpp
[41.875s] -- Up-to-date: C:/Users/SSAFY/Desktop/ros2_ws/install/ssafy_msgs/include/ssafy_msgs/msg/object_info__rosidl_typesupport_connext_cpp.hpp
[41.890s] -- Up-to-date: C:/Users/SSAFY/Desktop/ros2_ws/install/ssafy_msgs/include/ssafy_msgs/msg/rosidl_typesupport_connext_cpp__visibility_control.h
[41.921s] -- Up-to-date: C:/Users/SSAFY/Desktop/ros2_ws/install/ssafy_msgs/include/ssafy_msgs/msg/turtlebot_status__rosidl_typesupport_connext_cpp.hpp
[41.937s] -- Up-to-date: C:/Users/SSAFY/Desktop/ros2_ws/install/ssafy_msgs/lib/ssafy_msgs__rosidl_typesupport_connext_cpp.lib
[42.078s] -- Up-to-date: C:/Users/SSAFY/Desktop/ros2_ws/install/ssafy_msgs/bin/ssafy_msgs__rosidl_typesupport_connext_cpp.dll
[42.078s] -- Up-to-date: C:/Users/SSAFY/Desktop/ros2_ws/install/ssafy_msgs/include/ssafy_msgs
[42.078s] -- Up-to-date: C:/Users/SSAFY/Desktop/ros2_ws/install/ssafy_msgs/include/ssafy_msgs/msg
[42.093s] -- Up-to-date: C:/Users/SSAFY/Desktop/ros2_ws/install/ssafy_msgs/include/ssafy_msgs/msg/b_box.hpp
[42.140s] -- Up-to-date: C:/Users/SSAFY/Desktop/ros2_ws/install/ssafy_msgs/include/ssafy_msgs/msg/b_box__struct.hpp
[42.156s] -- Up-to-date: C:/Users/SSAFY/Desktop/ros2_ws/install/ssafy_msgs/include/ssafy_msgs/msg/b_box__traits.hpp
[42.156s] -- Up-to-date: C:/Users/SSAFY/Desktop/ros2_ws/install/ssafy_msgs/include/ssafy_msgs/msg/custom_object_info.hpp
[42.187s] -- Up-to-date: C:/Users/SSAFY/Desktop/ros2_ws/install/ssafy_msgs/include/ssafy_msgs/msg/custom_object_info__struct.hpp
[42.203s] -- Up-to-date: C:/Users/SSAFY/Desktop/ros2_ws/install/ssafy_msgs/include/ssafy_msgs/msg/custom_object_info__traits.hpp
[42.218s] -- Up-to-date: C:/Users/SSAFY/Desktop/ros2_ws/install/ssafy_msgs/include/ssafy_msgs/msg/enviroment_status.hpp
[42.265s] -- Up-to-date: C:/Users/SSAFY/Desktop/ros2_ws/install/ssafy_msgs/include/ssafy_msgs/msg/enviroment_status__struct.hpp
[42.281s] -- Up-to-date: C:/Users/SSAFY/Desktop/ros2_ws/install/ssafy_msgs/include/ssafy_msgs/msg/enviroment_status__traits.hpp
[42.281s] -- Up-to-date: C:/Users/SSAFY/Desktop/ros2_ws/install/ssafy_msgs/include/ssafy_msgs/msg/hand_control.hpp
[42.328s] -- Up-to-date: C:/Users/SSAFY/Desktop/ros2_ws/install/ssafy_msgs/include/ssafy_msgs/msg/hand_control__struct.hpp
[42.328s] -- Up-to-date: C:/Users/SSAFY/Desktop/ros2_ws/install/ssafy_msgs/include/ssafy_msgs/msg/hand_control__traits.hpp
[42.343s] -- Up-to-date: C:/Users/SSAFY/Desktop/ros2_ws/install/ssafy_msgs/include/ssafy_msgs/msg/num.hpp
[42.390s] -- Up-to-date: C:/Users/SSAFY/Desktop/ros2_ws/install/ssafy_msgs/include/ssafy_msgs/msg/num__struct.hpp
[42.406s] -- Up-to-date: C:/Users/SSAFY/Desktop/ros2_ws/install/ssafy_msgs/include/ssafy_msgs/msg/num__traits.hpp
[42.421s] -- Up-to-date: C:/Users/SSAFY/Desktop/ros2_ws/install/ssafy_msgs/include/ssafy_msgs/msg/object_info.hpp
[42.453s] -- Up-to-date: C:/Users/SSAFY/Desktop/ros2_ws/install/ssafy_msgs/include/ssafy_msgs/msg/object_info__struct.hpp
[42.468s] -- Up-to-date: C:/Users/SSAFY/Desktop/ros2_ws/install/ssafy_msgs/include/ssafy_msgs/msg/object_info__traits.hpp
[42.484s] -- Up-to-date: C:/Users/SSAFY/Desktop/ros2_ws/install/ssafy_msgs/include/ssafy_msgs/msg/turtlebot_status.hpp
[42.515s] -- Up-to-date: C:/Users/SSAFY/Desktop/ros2_ws/install/ssafy_msgs/include/ssafy_msgs/msg/turtlebot_status__struct.hpp
[42.531s] -- Up-to-date: C:/Users/SSAFY/Desktop/ros2_ws/install/ssafy_msgs/include/ssafy_msgs/msg/turtlebot_status__traits.hpp
[42.531s] -- Up-to-date: C:/Users/SSAFY/Desktop/ros2_ws/install/ssafy_msgs/include/ssafy_msgs
[42.531s] -- Up-to-date: C:/Users/SSAFY/Desktop/ros2_ws/install/ssafy_msgs/include/ssafy_msgs/msg
[42.546s] -- Up-to-date: C:/Users/SSAFY/Desktop/ros2_ws/install/ssafy_msgs/include/ssafy_msgs/msg/b_box__rosidl_typesupport_fastrtps_c.h
[42.578s] -- Up-to-date: C:/Users/SSAFY/Desktop/ros2_ws/install/ssafy_msgs/include/ssafy_msgs/msg/custom_object_info__rosidl_typesupport_fastrtps_c.h
[42.593s] -- Up-to-date: C:/Users/SSAFY/Desktop/ros2_ws/install/ssafy_msgs/include/ssafy_msgs/msg/enviroment_status__rosidl_typesupport_fastrtps_c.h
[42.609s] -- Up-to-date: C:/Users/SSAFY/Desktop/ros2_ws/install/ssafy_msgs/include/ssafy_msgs/msg/hand_control__rosidl_typesupport_fastrtps_c.h
[42.640s] -- Up-to-date: C:/Users/SSAFY/Desktop/ros2_ws/install/ssafy_msgs/include/ssafy_msgs/msg/num__rosidl_typesupport_fastrtps_c.h
[42.656s] -- Up-to-date: C:/Users/SSAFY/Desktop/ros2_ws/install/ssafy_msgs/include/ssafy_msgs/msg/object_info__rosidl_typesupport_fastrtps_c.h
[42.671s] -- Up-to-date: C:/Users/SSAFY/Desktop/ros2_ws/install/ssafy_msgs/include/ssafy_msgs/msg/rosidl_typesupport_fastrtps_c__visibility_control.h
[42.687s] -- Up-to-date: C:/Users/SSAFY/Desktop/ros2_ws/install/ssafy_msgs/include/ssafy_msgs/msg/turtlebot_status__rosidl_typesupport_fastrtps_c.h
[42.703s] -- Up-to-date: C:/Users/SSAFY/Desktop/ros2_ws/install/ssafy_msgs/lib/ssafy_msgs__rosidl_typesupport_fastrtps_c.lib
[42.765s] -- Up-to-date: C:/Users/SSAFY/Desktop/ros2_ws/install/ssafy_msgs/bin/ssafy_msgs__rosidl_typesupport_fastrtps_c.dll
[42.765s] -- Up-to-date: C:/Users/SSAFY/Desktop/ros2_ws/install/ssafy_msgs/include/ssafy_msgs
[42.765s] -- Up-to-date: C:/Users/SSAFY/Desktop/ros2_ws/install/ssafy_msgs/include/ssafy_msgs/msg
[42.812s] -- Up-to-date: C:/Users/SSAFY/Desktop/ros2_ws/install/ssafy_msgs/include/ssafy_msgs/msg/b_box__rosidl_typesupport_fastrtps_cpp.hpp
[42.859s] -- Up-to-date: C:/Users/SSAFY/Desktop/ros2_ws/install/ssafy_msgs/include/ssafy_msgs/msg/custom_object_info__rosidl_typesupport_fastrtps_cpp.hpp
[42.859s] -- Up-to-date: C:/Users/SSAFY/Desktop/ros2_ws/install/ssafy_msgs/include/ssafy_msgs/msg/dds_fastrtps
[42.906s] -- Up-to-date: C:/Users/SSAFY/Desktop/ros2_ws/install/ssafy_msgs/include/ssafy_msgs/msg/enviroment_status__rosidl_typesupport_fastrtps_cpp.hpp
[42.953s] -- Up-to-date: C:/Users/SSAFY/Desktop/ros2_ws/install/ssafy_msgs/include/ssafy_msgs/msg/hand_control__rosidl_typesupport_fastrtps_cpp.hpp
[43.000s] -- Up-to-date: C:/Users/SSAFY/Desktop/ros2_ws/install/ssafy_msgs/include/ssafy_msgs/msg/num__rosidl_typesupport_fastrtps_cpp.hpp
[43.031s] -- Up-to-date: C:/Users/SSAFY/Desktop/ros2_ws/install/ssafy_msgs/include/ssafy_msgs/msg/object_info__rosidl_typesupport_fastrtps_cpp.hpp
[43.046s] -- Up-to-date: C:/Users/SSAFY/Desktop/ros2_ws/install/ssafy_msgs/include/ssafy_msgs/msg/rosidl_typesupport_fastrtps_cpp__visibility_control.h
[43.078s] -- Up-to-date: C:/Users/SSAFY/Desktop/ros2_ws/install/ssafy_msgs/include/ssafy_msgs/msg/turtlebot_status__rosidl_typesupport_fastrtps_cpp.hpp
[43.093s] -- Up-to-date: C:/Users/SSAFY/Desktop/ros2_ws/install/ssafy_msgs/lib/ssafy_msgs__rosidl_typesupport_fastrtps_cpp.lib
[43.234s] -- Up-to-date: C:/Users/SSAFY/Desktop/ros2_ws/install/ssafy_msgs/bin/ssafy_msgs__rosidl_typesupport_fastrtps_cpp.dll
[43.234s] -- Up-to-date: C:/Users/SSAFY/Desktop/ros2_ws/install/ssafy_msgs/include/ssafy_msgs
[43.234s] -- Up-to-date: C:/Users/SSAFY/Desktop/ros2_ws/install/ssafy_msgs/include/ssafy_msgs/msg
[43.265s] -- Up-to-date: C:/Users/SSAFY/Desktop/ros2_ws/install/ssafy_msgs/include/ssafy_msgs/msg/b_box__rosidl_typesupport_introspection_c.h
[43.312s] -- Up-to-date: C:/Users/SSAFY/Desktop/ros2_ws/install/ssafy_msgs/include/ssafy_msgs/msg/b_box__type_support.c
[43.328s] -- Up-to-date: C:/Users/SSAFY/Desktop/ros2_ws/install/ssafy_msgs/include/ssafy_msgs/msg/custom_object_info__rosidl_typesupport_introspection_c.h
[43.375s] -- Up-to-date: C:/Users/SSAFY/Desktop/ros2_ws/install/ssafy_msgs/include/ssafy_msgs/msg/custom_object_info__type_support.c
[43.390s] -- Up-to-date: C:/Users/SSAFY/Desktop/ros2_ws/install/ssafy_msgs/include/ssafy_msgs/msg/enviroment_status__rosidl_typesupport_introspection_c.h
[43.437s] -- Up-to-date: C:/Users/SSAFY/Desktop/ros2_ws/install/ssafy_msgs/include/ssafy_msgs/msg/enviroment_status__type_support.c
[43.453s] -- Up-to-date: C:/Users/SSAFY/Desktop/ros2_ws/install/ssafy_msgs/include/ssafy_msgs/msg/hand_control__rosidl_typesupport_introspection_c.h
[43.484s] -- Up-to-date: C:/Users/SSAFY/Desktop/ros2_ws/install/ssafy_msgs/include/ssafy_msgs/msg/hand_control__type_support.c
[43.515s] -- Up-to-date: C:/Users/SSAFY/Desktop/ros2_ws/install/ssafy_msgs/include/ssafy_msgs/msg/num__rosidl_typesupport_introspection_c.h
[43.546s] -- Up-to-date: C:/Users/SSAFY/Desktop/ros2_ws/install/ssafy_msgs/include/ssafy_msgs/msg/num__type_support.c
[43.562s] -- Up-to-date: C:/Users/SSAFY/Desktop/ros2_ws/install/ssafy_msgs/include/ssafy_msgs/msg/object_info__rosidl_typesupport_introspection_c.h
[43.609s] -- Up-to-date: C:/Users/SSAFY/Desktop/ros2_ws/install/ssafy_msgs/include/ssafy_msgs/msg/object_info__type_support.c
[43.625s] -- Up-to-date: C:/Users/SSAFY/Desktop/ros2_ws/install/ssafy_msgs/include/ssafy_msgs/msg/rosidl_typesupport_introspection_c__visibility_control.h
[43.640s] -- Up-to-date: C:/Users/SSAFY/Desktop/ros2_ws/install/ssafy_msgs/include/ssafy_msgs/msg/turtlebot_status__rosidl_typesupport_introspection_c.h
[43.687s] -- Up-to-date: C:/Users/SSAFY/Desktop/ros2_ws/install/ssafy_msgs/include/ssafy_msgs/msg/turtlebot_status__type_support.c
[43.703s] -- Up-to-date: C:/Users/SSAFY/Desktop/ros2_ws/install/ssafy_msgs/lib/ssafy_msgs__rosidl_typesupport_introspection_c.lib
[43.859s] -- Up-to-date: C:/Users/SSAFY/Desktop/ros2_ws/install/ssafy_msgs/bin/ssafy_msgs__rosidl_typesupport_introspection_c.dll
[43.859s] -- Up-to-date: C:/Users/SSAFY/Desktop/ros2_ws/install/ssafy_msgs/include/ssafy_msgs
[43.859s] -- Up-to-date: C:/Users/SSAFY/Desktop/ros2_ws/install/ssafy_msgs/include/ssafy_msgs/msg
[43.875s] -- Up-to-date: C:/Users/SSAFY/Desktop/ros2_ws/install/ssafy_msgs/include/ssafy_msgs/msg/b_box__rosidl_typesupport_opensplice_c.h
[43.906s] -- Up-to-date: C:/Users/SSAFY/Desktop/ros2_ws/install/ssafy_msgs/include/ssafy_msgs/msg/custom_object_info__rosidl_typesupport_opensplice_c.h
[43.906s] -- Up-to-date: C:/Users/SSAFY/Desktop/ros2_ws/install/ssafy_msgs/include/ssafy_msgs/msg/dds_opensplice_c
[43.937s] -- Up-to-date: C:/Users/SSAFY/Desktop/ros2_ws/install/ssafy_msgs/include/ssafy_msgs/msg/enviroment_status__rosidl_typesupport_opensplice_c.h
[43.953s] -- Up-to-date: C:/Users/SSAFY/Desktop/ros2_ws/install/ssafy_msgs/include/ssafy_msgs/msg/hand_control__rosidl_typesupport_opensplice_c.h
[43.968s] -- Up-to-date: C:/Users/SSAFY/Desktop/ros2_ws/install/ssafy_msgs/include/ssafy_msgs/msg/num__rosidl_typesupport_opensplice_c.h
[43.984s] -- Up-to-date: C:/Users/SSAFY/Desktop/ros2_ws/install/ssafy_msgs/include/ssafy_msgs/msg/object_info__rosidl_typesupport_opensplice_c.h
[44.000s] -- Up-to-date: C:/Users/SSAFY/Desktop/ros2_ws/install/ssafy_msgs/include/ssafy_msgs/msg/rosidl_typesupport_opensplice_c__visibility_control.h
[44.015s] -- Up-to-date: C:/Users/SSAFY/Desktop/ros2_ws/install/ssafy_msgs/include/ssafy_msgs/msg/turtlebot_status__rosidl_typesupport_opensplice_c.h
[44.031s] -- Up-to-date: C:/Users/SSAFY/Desktop/ros2_ws/install/ssafy_msgs/lib/ssafy_msgs__rosidl_typesupport_opensplice_c.lib
[44.171s] -- Up-to-date: C:/Users/SSAFY/Desktop/ros2_ws/install/ssafy_msgs/bin/ssafy_msgs__rosidl_typesupport_opensplice_c.dll
[44.171s] -- Up-to-date: C:/Users/SSAFY/Desktop/ros2_ws/install/ssafy_msgs/share/ssafy_msgs/msg/dds_opensplice
[44.187s] -- Up-to-date: C:/Users/SSAFY/Desktop/ros2_ws/install/ssafy_msgs/share/ssafy_msgs/msg/dds_opensplice/BBox_.idl
[44.187s] -- Up-to-date: C:/Users/SSAFY/Desktop/ros2_ws/install/ssafy_msgs/share/ssafy_msgs/msg/dds_opensplice/CustomObjectInfo_.idl
[44.203s] -- Up-to-date: C:/Users/SSAFY/Desktop/ros2_ws/install/ssafy_msgs/share/ssafy_msgs/msg/dds_opensplice/EnviromentStatus_.idl
[44.218s] -- Up-to-date: C:/Users/SSAFY/Desktop/ros2_ws/install/ssafy_msgs/share/ssafy_msgs/msg/dds_opensplice/HandControl_.idl
[44.218s] -- Up-to-date: C:/Users/SSAFY/Desktop/ros2_ws/install/ssafy_msgs/share/ssafy_msgs/msg/dds_opensplice/Num_.idl
[44.234s] -- Up-to-date: C:/Users/SSAFY/Desktop/ros2_ws/install/ssafy_msgs/share/ssafy_msgs/msg/dds_opensplice/ObjectInfo_.idl
[44.234s] -- Up-to-date: C:/Users/SSAFY/Desktop/ros2_ws/install/ssafy_msgs/share/ssafy_msgs/msg/dds_opensplice/TurtlebotStatus_.idl
[44.250s] -- Up-to-date: C:/Users/SSAFY/Desktop/ros2_ws/install/ssafy_msgs/include/ssafy_msgs
[44.250s] -- Up-to-date: C:/Users/SSAFY/Desktop/ros2_ws/install/ssafy_msgs/include/ssafy_msgs/msg
[44.281s] -- Up-to-date: C:/Users/SSAFY/Desktop/ros2_ws/install/ssafy_msgs/include/ssafy_msgs/msg/b_box__rosidl_typesupport_opensplice_cpp.hpp
[44.312s] -- Up-to-date: C:/Users/SSAFY/Desktop/ros2_ws/install/ssafy_msgs/include/ssafy_msgs/msg/custom_object_info__rosidl_typesupport_opensplice_cpp.hpp
[44.312s] -- Up-to-date: C:/Users/SSAFY/Desktop/ros2_ws/install/ssafy_msgs/include/ssafy_msgs/msg/dds_opensplice
[44.328s] -- Up-to-date: C:/Users/SSAFY/Desktop/ros2_ws/install/ssafy_msgs/include/ssafy_msgs/msg/dds_opensplice/BBox_.h
[44.359s] -- Up-to-date: C:/Users/SSAFY/Desktop/ros2_ws/install/ssafy_msgs/include/ssafy_msgs/msg/dds_opensplice/BBox_Dcps.h
[44.375s] -- Up-to-date: C:/Users/SSAFY/Desktop/ros2_ws/install/ssafy_msgs/include/ssafy_msgs/msg/dds_opensplice/BBox_Dcps_impl.h
[44.390s] -- Up-to-date: C:/Users/SSAFY/Desktop/ros2_ws/install/ssafy_msgs/include/ssafy_msgs/msg/dds_opensplice/BBox_SplDcps.h
[44.390s] -- Up-to-date: C:/Users/SSAFY/Desktop/ros2_ws/install/ssafy_msgs/include/ssafy_msgs/msg/dds_opensplice/ccpp_BBox_.h
[44.406s] -- Up-to-date: C:/Users/SSAFY/Desktop/ros2_ws/install/ssafy_msgs/include/ssafy_msgs/msg/dds_opensplice/ccpp_CustomObjectInfo_.h
[44.406s] -- Up-to-date: C:/Users/SSAFY/Desktop/ros2_ws/install/ssafy_msgs/include/ssafy_msgs/msg/dds_opensplice/ccpp_EnviromentStatus_.h
[44.421s] -- Up-to-date: C:/Users/SSAFY/Desktop/ros2_ws/install/ssafy_msgs/include/ssafy_msgs/msg/dds_opensplice/ccpp_HandControl_.h
[44.421s] -- Up-to-date: C:/Users/SSAFY/Desktop/ros2_ws/install/ssafy_msgs/include/ssafy_msgs/msg/dds_opensplice/ccpp_Num_.h
[44.437s] -- Up-to-date: C:/Users/SSAFY/Desktop/ros2_ws/install/ssafy_msgs/include/ssafy_msgs/msg/dds_opensplice/ccpp_ObjectInfo_.h
[44.437s] -- Up-to-date: C:/Users/SSAFY/Desktop/ros2_ws/install/ssafy_msgs/include/ssafy_msgs/msg/dds_opensplice/ccpp_TurtlebotStatus_.h
[44.453s] -- Up-to-date: C:/Users/SSAFY/Desktop/ros2_ws/install/ssafy_msgs/include/ssafy_msgs/msg/dds_opensplice/CustomObjectInfo_.h
[44.468s] -- Up-to-date: C:/Users/SSAFY/Desktop/ros2_ws/install/ssafy_msgs/include/ssafy_msgs/msg/dds_opensplice/CustomObjectInfo_Dcps.h
[44.484s] -- Up-to-date: C:/Users/SSAFY/Desktop/ros2_ws/install/ssafy_msgs/include/ssafy_msgs/msg/dds_opensplice/CustomObjectInfo_Dcps_impl.h
[44.500s] -- Up-to-date: C:/Users/SSAFY/Desktop/ros2_ws/install/ssafy_msgs/include/ssafy_msgs/msg/dds_opensplice/CustomObjectInfo_SplDcps.h
[44.515s] -- Up-to-date: C:/Users/SSAFY/Desktop/ros2_ws/install/ssafy_msgs/include/ssafy_msgs/msg/dds_opensplice/EnviromentStatus_.h
[44.531s] -- Up-to-date: C:/Users/SSAFY/Desktop/ros2_ws/install/ssafy_msgs/include/ssafy_msgs/msg/dds_opensplice/EnviromentStatus_Dcps.h
[44.546s] -- Up-to-date: C:/Users/SSAFY/Desktop/ros2_ws/install/ssafy_msgs/include/ssafy_msgs/msg/dds_opensplice/EnviromentStatus_Dcps_impl.h
[44.562s] -- Up-to-date: C:/Users/SSAFY/Desktop/ros2_ws/install/ssafy_msgs/include/ssafy_msgs/msg/dds_opensplice/EnviromentStatus_SplDcps.h
[44.578s] -- Up-to-date: C:/Users/SSAFY/Desktop/ros2_ws/install/ssafy_msgs/include/ssafy_msgs/msg/dds_opensplice/HandControl_.h
[44.593s] -- Up-to-date: C:/Users/SSAFY/Desktop/ros2_ws/install/ssafy_msgs/include/ssafy_msgs/msg/dds_opensplice/HandControl_Dcps.h
[44.625s] -- Up-to-date: C:/Users/SSAFY/Desktop/ros2_ws/install/ssafy_msgs/include/ssafy_msgs/msg/dds_opensplice/HandControl_Dcps_impl.h
[44.640s] -- Up-to-date: C:/Users/SSAFY/Desktop/ros2_ws/install/ssafy_msgs/include/ssafy_msgs/msg/dds_opensplice/HandControl_SplDcps.h
[44.640s] -- Up-to-date: C:/Users/SSAFY/Desktop/ros2_ws/install/ssafy_msgs/include/ssafy_msgs/msg/dds_opensplice/Num_.h
[44.656s] -- Up-to-date: C:/Users/SSAFY/Desktop/ros2_ws/install/ssafy_msgs/include/ssafy_msgs/msg/dds_opensplice/Num_Dcps.h
[44.687s] -- Up-to-date: C:/Users/SSAFY/Desktop/ros2_ws/install/ssafy_msgs/include/ssafy_msgs/msg/dds_opensplice/Num_Dcps_impl.h
[44.687s] -- Up-to-date: C:/Users/SSAFY/Desktop/ros2_ws/install/ssafy_msgs/include/ssafy_msgs/msg/dds_opensplice/Num_SplDcps.h
[44.703s] -- Up-to-date: C:/Users/SSAFY/Desktop/ros2_ws/install/ssafy_msgs/include/ssafy_msgs/msg/dds_opensplice/ObjectInfo_.h
[44.718s] -- Up-to-date: C:/Users/SSAFY/Desktop/ros2_ws/install/ssafy_msgs/include/ssafy_msgs/msg/dds_opensplice/ObjectInfo_Dcps.h
[44.734s] -- Up-to-date: C:/Users/SSAFY/Desktop/ros2_ws/install/ssafy_msgs/include/ssafy_msgs/msg/dds_opensplice/ObjectInfo_Dcps_impl.h
[44.750s] -- Up-to-date: C:/Users/SSAFY/Desktop/ros2_ws/install/ssafy_msgs/include/ssafy_msgs/msg/dds_opensplice/ObjectInfo_SplDcps.h
[44.765s] -- Up-to-date: C:/Users/SSAFY/Desktop/ros2_ws/install/ssafy_msgs/include/ssafy_msgs/msg/dds_opensplice/TurtlebotStatus_.h
[44.781s] -- Up-to-date: C:/Users/SSAFY/Desktop/ros2_ws/install/ssafy_msgs/include/ssafy_msgs/msg/dds_opensplice/TurtlebotStatus_Dcps.h
[44.812s] -- Up-to-date: C:/Users/SSAFY/Desktop/ros2_ws/install/ssafy_msgs/include/ssafy_msgs/msg/dds_opensplice/TurtlebotStatus_Dcps_impl.h
[44.828s] -- Up-to-date: C:/Users/SSAFY/Desktop/ros2_ws/install/ssafy_msgs/include/ssafy_msgs/msg/dds_opensplice/TurtlebotStatus_SplDcps.h
[44.859s] -- Up-to-date: C:/Users/SSAFY/Desktop/ros2_ws/install/ssafy_msgs/include/ssafy_msgs/msg/enviroment_status__rosidl_typesupport_opensplice_cpp.hpp
[44.890s] -- Up-to-date: C:/Users/SSAFY/Desktop/ros2_ws/install/ssafy_msgs/include/ssafy_msgs/msg/hand_control__rosidl_typesupport_opensplice_cpp.hpp
[44.937s] -- Up-to-date: C:/Users/SSAFY/Desktop/ros2_ws/install/ssafy_msgs/include/ssafy_msgs/msg/num__rosidl_typesupport_opensplice_cpp.hpp
[44.968s] -- Up-to-date: C:/Users/SSAFY/Desktop/ros2_ws/install/ssafy_msgs/include/ssafy_msgs/msg/object_info__rosidl_typesupport_opensplice_cpp.hpp
[44.984s] -- Up-to-date: C:/Users/SSAFY/Desktop/ros2_ws/install/ssafy_msgs/include/ssafy_msgs/msg/rosidl_typesupport_opensplice_cpp__visibility_control.h
[45.015s] -- Up-to-date: C:/Users/SSAFY/Desktop/ros2_ws/install/ssafy_msgs/include/ssafy_msgs/msg/turtlebot_status__rosidl_typesupport_opensplice_cpp.hpp
[45.031s] -- Up-to-date: C:/Users/SSAFY/Desktop/ros2_ws/install/ssafy_msgs/lib/ssafy_msgs__rosidl_typesupport_opensplice_cpp.lib
[45.171s] -- Up-to-date: C:/Users/SSAFY/Desktop/ros2_ws/install/ssafy_msgs/bin/ssafy_msgs__rosidl_typesupport_opensplice_cpp.dll
[45.171s] -- Up-to-date: C:/Users/SSAFY/Desktop/ros2_ws/install/ssafy_msgs/include/ssafy_msgs
[45.171s] -- Up-to-date: C:/Users/SSAFY/Desktop/ros2_ws/install/ssafy_msgs/include/ssafy_msgs/msg
[45.187s] -- Up-to-date: C:/Users/SSAFY/Desktop/ros2_ws/install/ssafy_msgs/include/ssafy_msgs/msg/b_box__rosidl_typesupport_introspection_cpp.hpp
[45.234s] -- Up-to-date: C:/Users/SSAFY/Desktop/ros2_ws/install/ssafy_msgs/include/ssafy_msgs/msg/b_box__type_support.cpp
[45.250s] -- Up-to-date: C:/Users/SSAFY/Desktop/ros2_ws/install/ssafy_msgs/include/ssafy_msgs/msg/custom_object_info__rosidl_typesupport_introspection_cpp.hpp
[45.296s] -- Up-to-date: C:/Users/SSAFY/Desktop/ros2_ws/install/ssafy_msgs/include/ssafy_msgs/msg/custom_object_info__type_support.cpp
[45.312s] -- Up-to-date: C:/Users/SSAFY/Desktop/ros2_ws/install/ssafy_msgs/include/ssafy_msgs/msg/enviroment_status__rosidl_typesupport_introspection_cpp.hpp
[45.343s] -- Up-to-date: C:/Users/SSAFY/Desktop/ros2_ws/install/ssafy_msgs/include/ssafy_msgs/msg/enviroment_status__type_support.cpp
[45.375s] -- Up-to-date: C:/Users/SSAFY/Desktop/ros2_ws/install/ssafy_msgs/include/ssafy_msgs/msg/hand_control__rosidl_typesupport_introspection_cpp.hpp
[45.406s] -- Up-to-date: C:/Users/SSAFY/Desktop/ros2_ws/install/ssafy_msgs/include/ssafy_msgs/msg/hand_control__type_support.cpp
[45.421s] -- Up-to-date: C:/Users/SSAFY/Desktop/ros2_ws/install/ssafy_msgs/include/ssafy_msgs/msg/num__rosidl_typesupport_introspection_cpp.hpp
[45.468s] -- Up-to-date: C:/Users/SSAFY/Desktop/ros2_ws/install/ssafy_msgs/include/ssafy_msgs/msg/num__type_support.cpp
[45.484s] -- Up-to-date: C:/Users/SSAFY/Desktop/ros2_ws/install/ssafy_msgs/include/ssafy_msgs/msg/object_info__rosidl_typesupport_introspection_cpp.hpp
[45.515s] -- Up-to-date: C:/Users/SSAFY/Desktop/ros2_ws/install/ssafy_msgs/include/ssafy_msgs/msg/object_info__type_support.cpp
[45.546s] -- Up-to-date: C:/Users/SSAFY/Desktop/ros2_ws/install/ssafy_msgs/include/ssafy_msgs/msg/turtlebot_status__rosidl_typesupport_introspection_cpp.hpp
[45.593s] -- Up-to-date: C:/Users/SSAFY/Desktop/ros2_ws/install/ssafy_msgs/include/ssafy_msgs/msg/turtlebot_status__type_support.cpp
[45.593s] -- Up-to-date: C:/Users/SSAFY/Desktop/ros2_ws/install/ssafy_msgs/lib/ssafy_msgs__rosidl_typesupport_introspection_cpp.lib
[45.734s] -- Up-to-date: C:/Users/SSAFY/Desktop/ros2_ws/install/ssafy_msgs/bin/ssafy_msgs__rosidl_typesupport_introspection_cpp.dll
[45.750s] -- Up-to-date: C:/Users/SSAFY/Desktop/ros2_ws/install/ssafy_msgs/share/ssafy_msgs/environment/pythonpath.bat
[45.765s] -- Up-to-date: C:/Users/SSAFY/Desktop/ros2_ws/install/ssafy_msgs/share/ssafy_msgs/environment/pythonpath.dsv
[45.765s] -- Up-to-date: C:/Users/SSAFY/Desktop/ros2_ws/install/ssafy_msgs/Lib/site-packages/ssafy_msgs/__init__.py
[46.265s] -- Up-to-date: C:/Users/SSAFY/Desktop/ros2_ws/install/ssafy_msgs/Lib/site-packages/ssafy_msgs/msg
[46.296s] -- Up-to-date: C:/Users/SSAFY/Desktop/ros2_ws/install/ssafy_msgs/Lib/site-packages/ssafy_msgs/msg/_b_box.py
[46.312s] -- Up-to-date: C:/Users/SSAFY/Desktop/ros2_ws/install/ssafy_msgs/Lib/site-packages/ssafy_msgs/msg/_b_box_s.c
[46.343s] -- Up-to-date: C:/Users/SSAFY/Desktop/ros2_ws/install/ssafy_msgs/Lib/site-packages/ssafy_msgs/msg/_custom_object_info.py
[46.390s] -- Up-to-date: C:/Users/SSAFY/Desktop/ros2_ws/install/ssafy_msgs/Lib/site-packages/ssafy_msgs/msg/_custom_object_info_s.c
[46.421s] -- Up-to-date: C:/Users/SSAFY/Desktop/ros2_ws/install/ssafy_msgs/Lib/site-packages/ssafy_msgs/msg/_enviroment_status.py
[46.468s] -- Up-to-date: C:/Users/SSAFY/Desktop/ros2_ws/install/ssafy_msgs/Lib/site-packages/ssafy_msgs/msg/_enviroment_status_s.c
[46.484s] -- Up-to-date: C:/Users/SSAFY/Desktop/ros2_ws/install/ssafy_msgs/Lib/site-packages/ssafy_msgs/msg/_hand_control.py
[46.531s] -- Up-to-date: C:/Users/SSAFY/Desktop/ros2_ws/install/ssafy_msgs/Lib/site-packages/ssafy_msgs/msg/_hand_control_s.c
[46.546s] -- Up-to-date: C:/Users/SSAFY/Desktop/ros2_ws/install/ssafy_msgs/Lib/site-packages/ssafy_msgs/msg/_num.py
[46.578s] -- Up-to-date: C:/Users/SSAFY/Desktop/ros2_ws/install/ssafy_msgs/Lib/site-packages/ssafy_msgs/msg/_num_s.c
[46.593s] -- Up-to-date: C:/Users/SSAFY/Desktop/ros2_ws/install/ssafy_msgs/Lib/site-packages/ssafy_msgs/msg/_object_info.py
[46.671s] -- Up-to-date: C:/Users/SSAFY/Desktop/ros2_ws/install/ssafy_msgs/Lib/site-packages/ssafy_msgs/msg/_object_info_s.c
[46.687s] -- Up-to-date: C:/Users/SSAFY/Desktop/ros2_ws/install/ssafy_msgs/Lib/site-packages/ssafy_msgs/msg/_turtlebot_status.py
[46.734s] -- Up-to-date: C:/Users/SSAFY/Desktop/ros2_ws/install/ssafy_msgs/Lib/site-packages/ssafy_msgs/msg/_turtlebot_status_s.c
[46.750s] -- Up-to-date: C:/Users/SSAFY/Desktop/ros2_ws/install/ssafy_msgs/Lib/site-packages/ssafy_msgs/msg/__init__.py
[46.750s] -- Up-to-date: C:/Users/SSAFY/Desktop/ros2_ws/install/ssafy_msgs/Lib/site-packages/ssafy_msgs/ssafy_msgs_s__rosidl_typesupport_c.lib
[46.828s] -- Up-to-date: C:/Users/SSAFY/Desktop/ros2_ws/install/ssafy_msgs/Lib/site-packages/ssafy_msgs/ssafy_msgs_s__rosidl_typesupport_c.pyd
[46.828s] -- Up-to-date: C:/Users/SSAFY/Desktop/ros2_ws/install/ssafy_msgs/Lib/site-packages/ssafy_msgs/ssafy_msgs_s__rosidl_typesupport_connext_c.lib
[46.968s] -- Up-to-date: C:/Users/SSAFY/Desktop/ros2_ws/install/ssafy_msgs/Lib/site-packages/ssafy_msgs/ssafy_msgs_s__rosidl_typesupport_connext_c.pyd
[46.968s] -- Up-to-date: C:/Users/SSAFY/Desktop/ros2_ws/install/ssafy_msgs/Lib/site-packages/ssafy_msgs/ssafy_msgs_s__rosidl_typesupport_introspection_c.lib
[47.093s] -- Up-to-date: C:/Users/SSAFY/Desktop/ros2_ws/install/ssafy_msgs/Lib/site-packages/ssafy_msgs/ssafy_msgs_s__rosidl_typesupport_introspection_c.pyd
[47.109s] -- Up-to-date: C:/Users/SSAFY/Desktop/ros2_ws/install/ssafy_msgs/Lib/site-packages/ssafy_msgs/ssafy_msgs_s__rosidl_typesupport_fastrtps_c.lib
[47.234s] -- Up-to-date: C:/Users/SSAFY/Desktop/ros2_ws/install/ssafy_msgs/Lib/site-packages/ssafy_msgs/ssafy_msgs_s__rosidl_typesupport_fastrtps_c.pyd
[47.234s] -- Up-to-date: C:/Users/SSAFY/Desktop/ros2_ws/install/ssafy_msgs/Lib/site-packages/ssafy_msgs/ssafy_msgs_s__rosidl_typesupport_opensplice_c.lib
[47.375s] -- Up-to-date: C:/Users/SSAFY/Desktop/ros2_ws/install/ssafy_msgs/Lib/site-packages/ssafy_msgs/ssafy_msgs_s__rosidl_typesupport_opensplice_c.pyd
[47.375s] -- Up-to-date: C:/Users/SSAFY/Desktop/ros2_ws/install/ssafy_msgs/lib/ssafy_msgs__python.lib
[47.437s] -- Up-to-date: C:/Users/SSAFY/Desktop/ros2_ws/install/ssafy_msgs/bin/ssafy_msgs__python.dll
[47.453s] -- Up-to-date: C:/Users/SSAFY/Desktop/ros2_ws/install/ssafy_msgs/share/ssafy_msgs/msg/Num.idl
[47.468s] -- Up-to-date: C:/Users/SSAFY/Desktop/ros2_ws/install/ssafy_msgs/share/ssafy_msgs/msg/EnviromentStatus.idl
[47.484s] -- Up-to-date: C:/Users/SSAFY/Desktop/ros2_ws/install/ssafy_msgs/share/ssafy_msgs/msg/TurtlebotStatus.idl
[47.500s] -- Up-to-date: C:/Users/SSAFY/Desktop/ros2_ws/install/ssafy_msgs/share/ssafy_msgs/msg/BBox.idl
[47.515s] -- Up-to-date: C:/Users/SSAFY/Desktop/ros2_ws/install/ssafy_msgs/share/ssafy_msgs/msg/ObjectInfo.idl
[47.531s] -- Up-to-date: C:/Users/SSAFY/Desktop/ros2_ws/install/ssafy_msgs/share/ssafy_msgs/msg/HandControl.idl
[47.531s] -- Up-to-date: C:/Users/SSAFY/Desktop/ros2_ws/install/ssafy_msgs/share/ssafy_msgs/msg/CustomObjectInfo.idl
[47.546s] -- Up-to-date: C:/Users/SSAFY/Desktop/ros2_ws/install/ssafy_msgs/share/ssafy_msgs/msg/Num.msg
[47.562s] -- Up-to-date: C:/Users/SSAFY/Desktop/ros2_ws/install/ssafy_msgs/share/ssafy_msgs/msg/EnviromentStatus.msg
[47.578s] -- Up-to-date: C:/Users/SSAFY/Desktop/ros2_ws/install/ssafy_msgs/share/ssafy_msgs/msg/TurtlebotStatus.msg
[47.578s] -- Up-to-date: C:/Users/SSAFY/Desktop/ros2_ws/install/ssafy_msgs/share/ssafy_msgs/msg/BBox.msg
[47.593s] -- Up-to-date: C:/Users/SSAFY/Desktop/ros2_ws/install/ssafy_msgs/share/ssafy_msgs/msg/ObjectInfo.msg
[47.609s] -- Up-to-date: C:/Users/SSAFY/Desktop/ros2_ws/install/ssafy_msgs/share/ssafy_msgs/msg/HandControl.msg
[47.609s] -- Up-to-date: C:/Users/SSAFY/Desktop/ros2_ws/install/ssafy_msgs/share/ssafy_msgs/msg/CustomObjectInfo.msg
[47.625s] -- Up-to-date: C:/Users/SSAFY/Desktop/ros2_ws/install/ssafy_msgs/share/ament_index/resource_index/package_run_dependencies/ssafy_msgs
[47.640s] -- Up-to-date: C:/Users/SSAFY/Desktop/ros2_ws/install/ssafy_msgs/share/ament_index/resource_index/parent_prefix_path/ssafy_msgs
[47.656s] -- Up-to-date: C:/Users/SSAFY/Desktop/ros2_ws/install/ssafy_msgs/share/ssafy_msgs/environment/ament_prefix_path.bat
[47.671s] -- Up-to-date: C:/Users/SSAFY/Desktop/ros2_ws/install/ssafy_msgs/share/ssafy_msgs/environment/ament_prefix_path.dsv
[47.703s] -- Up-to-date: C:/Users/SSAFY/Desktop/ros2_ws/install/ssafy_msgs/share/ssafy_msgs/environment/path.bat
[47.703s] -- Up-to-date: C:/Users/SSAFY/Desktop/ros2_ws/install/ssafy_msgs/share/ssafy_msgs/environment/path.dsv
[47.734s] -- Up-to-date: C:/Users/SSAFY/Desktop/ros2_ws/install/ssafy_msgs/share/ssafy_msgs/local_setup.bat
[47.734s] -- Up-to-date: C:/Users/SSAFY/Desktop/ros2_ws/install/ssafy_msgs/share/ssafy_msgs/local_setup.dsv
[47.734s] -- Installing: C:/Users/SSAFY/Desktop/ros2_ws/install/ssafy_msgs/share/ssafy_msgs/package.dsv
[47.750s] -- Up-to-date: C:/Users/SSAFY/Desktop/ros2_ws/install/ssafy_msgs/share/ament_index/resource_index/packages/ssafy_msgs
[47.765s] -- Up-to-date: C:/Users/SSAFY/Desktop/ros2_ws/install/ssafy_msgs/share/ssafy_msgs/cmake/rosidl_cmake-extras.cmake
[47.781s] -- Up-to-date: C:/Users/SSAFY/Desktop/ros2_ws/install/ssafy_msgs/share/ssafy_msgs/cmake/ament_cmake_export_dependencies-extras.cmake
[47.812s] -- Up-to-date: C:/Users/SSAFY/Desktop/ros2_ws/install/ssafy_msgs/share/ssafy_msgs/cmake/ament_cmake_export_libraries-extras.cmake
[47.828s] -- Up-to-date: C:/Users/SSAFY/Desktop/ros2_ws/install/ssafy_msgs/share/ssafy_msgs/cmake/ament_cmake_export_include_directories-extras.cmake
[47.843s] -- Up-to-date: C:/Users/SSAFY/Desktop/ros2_ws/install/ssafy_msgs/share/ssafy_msgs/cmake/rosidl_cmake_export_typesupport_libraries-extras.cmake
[47.859s] -- Up-to-date: C:/Users/SSAFY/Desktop/ros2_ws/install/ssafy_msgs/share/ssafy_msgs/cmake/ssafy_msgsConfig.cmake
[47.875s] -- Up-to-date: C:/Users/SSAFY/Desktop/ros2_ws/install/ssafy_msgs/share/ssafy_msgs/cmake/ssafy_msgsConfig-version.cmake
[47.890s] -- Up-to-date: C:/Users/SSAFY/Desktop/ros2_ws/install/ssafy_msgs/share/ssafy_msgs/package.xml
[47.921s] Invoked command in 'C:\Users\SSAFY\Desktop\ros2_ws\build\ssafy_msgs' returned '0': CMAKE_PREFIX_PATH=%CMAKE_PREFIX_PATH%;C:\Users\SSAFY\Desktop\ros2_ws\install\sub3;C:\Users\SSAFY\Desktop\ros2_ws\install\sub2;C:\Users\SSAFY\Desktop\ros2_ws\install\sub1;C:\Users\SSAFY\Desktop\ros2_ws\install\custom_game;C:\Users\SSAFY\Desktop\ros2_ws\install\advanced;C:\Users\SSAFY\Desktop\ros2_ws\install\ssafy_bridge;C:\Users\SSAFY\Desktop\ros2_ws\install\security_service;C:\Users\SSAFY\Desktop\ros2_ws\install\c208_package installDir=%installDir%
IntelliJ IDEA=C:\Program Files\JetBrains\IntelliJ IDEA 2024.1.4\bin; C:\Program Files\CMake\bin\cmake.EXE --install C:\Users\SSAFY\Desktop\ros2_ws\build\ssafy_msgs --config Release
