[21.594s] Invoking command in 'C:\Users\SSAFY\Desktop\ros2_ws\src\security_service': PYTHONPATH=C:\Users\SSAFY\Desktop\ros2_ws\build\security_service\prefix_override;c:\python37\lib\site-packages\colcon_core\task\python\colcon_distutils_commands;C:\Users\SSAFY\Desktop\ros2_ws\install\security_service\Lib\site-packages;%PYTHONPATH% installDir=%installDir%
IntelliJ IDEA=C:\Program Files\JetBrains\IntelliJ IDEA 2024.1.4\bin; c:\python37\python.exe -W ignore:setup.py install is deprecated setup.py egg_info --egg-base ..\..\build\security_service build --build-base C:\Users\SSAFY\Desktop\ros2_ws\build\security_service\build install --record C:\Users\SSAFY\Desktop\ros2_ws\build\security_service\install.log --install-scripts $base/lib/security_service --single-version-externally-managed install_data
[25.329s] running egg_info
[25.329s] writing ..\..\build\security_service\security_service.egg-info\PKG-INFO
[25.329s] writing dependency_links to ..\..\build\security_service\security_service.egg-info\dependency_links.txt
[25.329s] writing entry points to ..\..\build\security_service\security_service.egg-info\entry_points.txt
[25.344s] writing requirements to ..\..\build\security_service\security_service.egg-info\requires.txt
[25.344s] writing top-level names to ..\..\build\security_service\security_service.egg-info\top_level.txt
[25.516s] reading manifest file '..\..\build\security_service\security_service.egg-info\SOURCES.txt'
[25.563s] writing manifest file '..\..\build\security_service\security_service.egg-info\SOURCES.txt'
[25.563s] running build
[25.563s] running build_py
[25.579s] running install
[25.579s] running install_lib
[25.625s] running install_data
[25.625s] running install_egg_info
[25.688s] removing 'C:\Users\SSAFY\Desktop\ros2_ws\install\security_service\Lib\site-packages\security_service-0.0.0-py3.7.egg-info' (and everything under it)
[25.719s] Copying ..\..\build\security_service\security_service.egg-info to C:\Users\SSAFY\Desktop\ros2_ws\install\security_service\Lib\site-packages\security_service-0.0.0-py3.7.egg-info
[25.797s] running install_scripts
[26.016s] Installing intruder_detector_client-script.py script to C:\Users\SSAFY\Desktop\ros2_ws\install\security_service\lib\security_service
[26.016s] Installing intruder_detector_client.exe script to C:\Users\SSAFY\Desktop\ros2_ws\install\security_service\lib\security_service
[26.032s] Installing make_path-script.py script to C:\Users\SSAFY\Desktop\ros2_ws\install\security_service\lib\security_service
[26.047s] Installing make_path.exe script to C:\Users\SSAFY\Desktop\ros2_ws\install\security_service\lib\security_service
[26.047s] Installing odom-script.py script to C:\Users\SSAFY\Desktop\ros2_ws\install\security_service\lib\security_service
[26.047s] Installing odom.exe script to C:\Users\SSAFY\Desktop\ros2_ws\install\security_service\lib\security_service
[26.063s] Installing path_pub-script.py script to C:\Users\SSAFY\Desktop\ros2_ws\install\security_service\lib\security_service
[26.391s] Installing path_pub.exe script to C:\Users\SSAFY\Desktop\ros2_ws\install\security_service\lib\security_service
[26.391s] Installing path_tracking-script.py script to C:\Users\SSAFY\Desktop\ros2_ws\install\security_service\lib\security_service
[26.391s] Installing path_tracking.exe script to C:\Users\SSAFY\Desktop\ros2_ws\install\security_service\lib\security_service
[26.391s] Installing patrol_client-script.py script to C:\Users\SSAFY\Desktop\ros2_ws\install\security_service\lib\security_service
[26.407s] Installing patrol_client.exe script to C:\Users\SSAFY\Desktop\ros2_ws\install\security_service\lib\security_service
[26.407s] writing list of installed files to 'C:\Users\SSAFY\Desktop\ros2_ws\build\security_service\install.log'
[26.704s] Invoked command in 'C:\Users\SSAFY\Desktop\ros2_ws\src\security_service' returned '0': PYTHONPATH=C:\Users\SSAFY\Desktop\ros2_ws\build\security_service\prefix_override;c:\python37\lib\site-packages\colcon_core\task\python\colcon_distutils_commands;C:\Users\SSAFY\Desktop\ros2_ws\install\security_service\Lib\site-packages;%PYTHONPATH% installDir=%installDir%
IntelliJ IDEA=C:\Program Files\JetBrains\IntelliJ IDEA 2024.1.4\bin; c:\python37\python.exe -W ignore:setup.py install is deprecated setup.py egg_info --egg-base ..\..\build\security_service build --build-base C:\Users\SSAFY\Desktop\ros2_ws\build\security_service\build install --record C:\Users\SSAFY\Desktop\ros2_ws\build\security_service\install.log --install-scripts $base/lib/security_service --single-version-externally-managed install_data
