[5.907s] Invoking command in 'C:\Users\SSAFY\Desktop\ros2_ws\src\security_service': PYTHONPATH=C:\Users\SSAFY\Desktop\ros2_ws\build\security_service\prefix_override;c:\python37\lib\site-packages\colcon_core\task\python\colcon_distutils_commands;C:\Users\SSAFY\Desktop\ros2_ws\install\security_service\Lib\site-packages;%PYTHONPATH% installDir=%installDir%
IntelliJ IDEA=C:\Program Files\JetBrains\IntelliJ IDEA 2024.1.4\bin; c:\python37\python.exe -W ignore:setup.py install is deprecated setup.py egg_info --egg-base ..\..\build\security_service build --build-base C:\Users\SSAFY\Desktop\ros2_ws\build\security_service\build install --record C:\Users\SSAFY\Desktop\ros2_ws\build\security_service\install.log --install-scripts $base/lib/security_service --single-version-externally-managed install_data
[9.453s] running egg_info
[9.453s] writing ..\..\build\security_service\security_service.egg-info\PKG-INFO
[9.453s] writing dependency_links to ..\..\build\security_service\security_service.egg-info\dependency_links.txt
[9.469s] writing entry points to ..\..\build\security_service\security_service.egg-info\entry_points.txt
[9.469s] writing requirements to ..\..\build\security_service\security_service.egg-info\requires.txt
[9.469s] writing top-level names to ..\..\build\security_service\security_service.egg-info\top_level.txt
[9.688s] reading manifest file '..\..\build\security_service\security_service.egg-info\SOURCES.txt'
[9.719s] writing manifest file '..\..\build\security_service\security_service.egg-info\SOURCES.txt'
[9.719s] running build
[9.719s] running build_py
[9.719s] running install
[9.735s] running install_lib
[9.750s] running install_data
[9.766s] running install_egg_info
[9.782s] removing 'C:\Users\SSAFY\Desktop\ros2_ws\install\security_service\Lib\site-packages\security_service-0.0.0-py3.7.egg-info' (and everything under it)
[9.797s] Copying ..\..\build\security_service\security_service.egg-info to C:\Users\SSAFY\Desktop\ros2_ws\install\security_service\Lib\site-packages\security_service-0.0.0-py3.7.egg-info
[9.875s] running install_scripts
[10.016s] Installing intruder_detector_client-script.py script to C:\Users\SSAFY\Desktop\ros2_ws\install\security_service\lib\security_service
[10.032s] Installing intruder_detector_client.exe script to C:\Users\SSAFY\Desktop\ros2_ws\install\security_service\lib\security_service
[10.032s] Installing make_path-script.py script to C:\Users\SSAFY\Desktop\ros2_ws\install\security_service\lib\security_service
[10.032s] Installing make_path.exe script to C:\Users\SSAFY\Desktop\ros2_ws\install\security_service\lib\security_service
[10.047s] Installing odom-script.py script to C:\Users\SSAFY\Desktop\ros2_ws\install\security_service\lib\security_service
[10.047s] Installing odom.exe script to C:\Users\SSAFY\Desktop\ros2_ws\install\security_service\lib\security_service
[10.047s] Installing path_pub-script.py script to C:\Users\SSAFY\Desktop\ros2_ws\install\security_service\lib\security_service
[10.047s] Installing path_pub.exe script to C:\Users\SSAFY\Desktop\ros2_ws\install\security_service\lib\security_service
[10.063s] Installing path_tracking-script.py script to C:\Users\SSAFY\Desktop\ros2_ws\install\security_service\lib\security_service
[10.063s] Installing path_tracking.exe script to C:\Users\SSAFY\Desktop\ros2_ws\install\security_service\lib\security_service
[10.063s] Installing patrol_client-script.py script to C:\Users\SSAFY\Desktop\ros2_ws\install\security_service\lib\security_service
[10.078s] Installing patrol_client.exe script to C:\Users\SSAFY\Desktop\ros2_ws\install\security_service\lib\security_service
[10.078s] writing list of installed files to 'C:\Users\SSAFY\Desktop\ros2_ws\build\security_service\install.log'
[10.407s] Invoked command in 'C:\Users\SSAFY\Desktop\ros2_ws\src\security_service' returned '0': PYTHONPATH=C:\Users\SSAFY\Desktop\ros2_ws\build\security_service\prefix_override;c:\python37\lib\site-packages\colcon_core\task\python\colcon_distutils_commands;C:\Users\SSAFY\Desktop\ros2_ws\install\security_service\Lib\site-packages;%PYTHONPATH% installDir=%installDir%
IntelliJ IDEA=C:\Program Files\JetBrains\IntelliJ IDEA 2024.1.4\bin; c:\python37\python.exe -W ignore:setup.py install is deprecated setup.py egg_info --egg-base ..\..\build\security_service build --build-base C:\Users\SSAFY\Desktop\ros2_ws\build\security_service\build install --record C:\Users\SSAFY\Desktop\ros2_ws\build\security_service\install.log --install-scripts $base/lib/security_service --single-version-externally-managed install_data
