running egg_info
writing ..\..\build\security_service\security_service.egg-info\PKG-INFO
writing dependency_links to ..\..\build\security_service\security_service.egg-info\dependency_links.txt
writing entry points to ..\..\build\security_service\security_service.egg-info\entry_points.txt
writing requirements to ..\..\build\security_service\security_service.egg-info\requires.txt
writing top-level names to ..\..\build\security_service\security_service.egg-info\top_level.txt
reading manifest file '..\..\build\security_service\security_service.egg-info\SOURCES.txt'
writing manifest file '..\..\build\security_service\security_service.egg-info\SOURCES.txt'
running build
running build_py
running install
running install_lib
running install_data
running install_egg_info
removing 'C:\Users\SSAFY\Desktop\ros2_ws\install\security_service\Lib\site-packages\security_service-0.0.0-py3.7.egg-info' (and everything under it)
Copying ..\..\build\security_service\security_service.egg-info to C:\Users\SSAFY\Desktop\ros2_ws\install\security_service\Lib\site-packages\security_service-0.0.0-py3.7.egg-info
running install_scripts
Installing intruder_detector_client-script.py script to C:\Users\SSAFY\Desktop\ros2_ws\install\security_service\lib\security_service
Installing intruder_detector_client.exe script to C:\Users\SSAFY\Desktop\ros2_ws\install\security_service\lib\security_service
Installing make_path-script.py script to C:\Users\SSAFY\Desktop\ros2_ws\install\security_service\lib\security_service
Installing make_path.exe script to C:\Users\SSAFY\Desktop\ros2_ws\install\security_service\lib\security_service
Installing odom-script.py script to C:\Users\SSAFY\Desktop\ros2_ws\install\security_service\lib\security_service
Installing odom.exe script to C:\Users\SSAFY\Desktop\ros2_ws\install\security_service\lib\security_service
Installing path_pub-script.py script to C:\Users\SSAFY\Desktop\ros2_ws\install\security_service\lib\security_service
Installing path_pub.exe script to C:\Users\SSAFY\Desktop\ros2_ws\install\security_service\lib\security_service
Installing path_tracking-script.py script to C:\Users\SSAFY\Desktop\ros2_ws\install\security_service\lib\security_service
Installing path_tracking.exe script to C:\Users\SSAFY\Desktop\ros2_ws\install\security_service\lib\security_service
Installing patrol_client-script.py script to C:\Users\SSAFY\Desktop\ros2_ws\install\security_service\lib\security_service
Installing patrol_client.exe script to C:\Users\SSAFY\Desktop\ros2_ws\install\security_service\lib\security_service
writing list of installed files to 'C:\Users\SSAFY\Desktop\ros2_ws\build\security_service\install.log'
