[22.890s] Invoking command in 'C:\Users\SSAFY\Desktop\ros2_ws\src\ssafy_bridge': PYTHONPATH=C:\Users\SSAFY\Desktop\ros2_ws\build\ssafy_bridge\prefix_override;c:\python37\lib\site-packages\colcon_core\task\python\colcon_distutils_commands;C:\Users\SSAFY\Desktop\ros2_ws\install\ssafy_bridge\Lib\site-packages;%PYTHONPATH% installDir=%installDir%
IntelliJ IDEA=C:\Program Files\JetBrains\IntelliJ IDEA 2024.1.4\bin; c:\python37\python.exe -W ignore:setup.py install is deprecated setup.py egg_info --egg-base ..\..\build\ssafy_bridge build --build-base C:\Users\SSAFY\Desktop\ros2_ws\build\ssafy_bridge\build install --record C:\Users\SSAFY\Desktop\ros2_ws\build\ssafy_bridge\install.log --install-scripts $base/lib/ssafy_bridge --single-version-externally-managed install_data
[27.718s] running egg_info
[27.718s] writing ..\..\build\ssafy_bridge\ssafy_bridge.egg-info\PKG-INFO
[27.718s] writing dependency_links to ..\..\build\ssafy_bridge\ssafy_bridge.egg-info\dependency_links.txt
[27.718s] writing entry points to ..\..\build\ssafy_bridge\ssafy_bridge.egg-info\entry_points.txt
[27.718s] writing requirements to ..\..\build\ssafy_bridge\ssafy_bridge.egg-info\requires.txt
[27.718s] writing top-level names to ..\..\build\ssafy_bridge\ssafy_bridge.egg-info\top_level.txt
[27.718s] reading manifest file '..\..\build\ssafy_bridge\ssafy_bridge.egg-info\SOURCES.txt'
[27.718s] writing manifest file '..\..\build\ssafy_bridge\ssafy_bridge.egg-info\SOURCES.txt'
[27.718s] running build
[27.718s] running build_py
[27.734s] running install
[27.734s] running install_lib
[27.734s] running install_data
[27.734s] running install_egg_info
[27.734s] removing 'C:\Users\SSAFY\Desktop\ros2_ws\install\ssafy_bridge\Lib\site-packages\ssafy_bridge-0.0.0-py3.7.egg-info' (and everything under it)
[27.734s] Copying ..\..\build\ssafy_bridge\ssafy_bridge.egg-info to C:\Users\SSAFY\Desktop\ros2_ws\install\ssafy_bridge\Lib\site-packages\ssafy_bridge-0.0.0-py3.7.egg-info
[27.734s] running install_scripts
[27.750s] Installing cam_viewer-script.py script to C:\Users\SSAFY\Desktop\ros2_ws\install\ssafy_bridge\lib\ssafy_bridge
[27.750s] Installing cam_viewer.exe script to C:\Users\SSAFY\Desktop\ros2_ws\install\ssafy_bridge\lib\ssafy_bridge
[27.750s] Installing sub_to_udp-script.py script to C:\Users\SSAFY\Desktop\ros2_ws\install\ssafy_bridge\lib\ssafy_bridge
[27.750s] Installing sub_to_udp.exe script to C:\Users\SSAFY\Desktop\ros2_ws\install\ssafy_bridge\lib\ssafy_bridge
[27.750s] Installing udp_to_cam-script.py script to C:\Users\SSAFY\Desktop\ros2_ws\install\ssafy_bridge\lib\ssafy_bridge
[27.750s] Installing udp_to_cam.exe script to C:\Users\SSAFY\Desktop\ros2_ws\install\ssafy_bridge\lib\ssafy_bridge
[27.750s] Installing udp_to_laser-script.py script to C:\Users\SSAFY\Desktop\ros2_ws\install\ssafy_bridge\lib\ssafy_bridge
[27.750s] Installing udp_to_laser.exe script to C:\Users\SSAFY\Desktop\ros2_ws\install\ssafy_bridge\lib\ssafy_bridge
[27.750s] Installing udp_to_pub-script.py script to C:\Users\SSAFY\Desktop\ros2_ws\install\ssafy_bridge\lib\ssafy_bridge
[27.750s] Installing udp_to_pub.exe script to C:\Users\SSAFY\Desktop\ros2_ws\install\ssafy_bridge\lib\ssafy_bridge
[27.750s] writing list of installed files to 'C:\Users\SSAFY\Desktop\ros2_ws\build\ssafy_bridge\install.log'
[28.015s] Invoked command in 'C:\Users\SSAFY\Desktop\ros2_ws\src\ssafy_bridge' returned '0': PYTHONPATH=C:\Users\SSAFY\Desktop\ros2_ws\build\ssafy_bridge\prefix_override;c:\python37\lib\site-packages\colcon_core\task\python\colcon_distutils_commands;C:\Users\SSAFY\Desktop\ros2_ws\install\ssafy_bridge\Lib\site-packages;%PYTHONPATH% installDir=%installDir%
IntelliJ IDEA=C:\Program Files\JetBrains\IntelliJ IDEA 2024.1.4\bin; c:\python37\python.exe -W ignore:setup.py install is deprecated setup.py egg_info --egg-base ..\..\build\ssafy_bridge build --build-base C:\Users\SSAFY\Desktop\ros2_ws\build\ssafy_bridge\build install --record C:\Users\SSAFY\Desktop\ros2_ws\build\ssafy_bridge\install.log --install-scripts $base/lib/ssafy_bridge --single-version-externally-managed install_data
