[4.391s] Invoking command in 'C:\Users\SSAFY\Desktop\ros2_ws\build\ssafy_msgs': CL=/MP CMAKE_PREFIX_PATH=%CMAKE_PREFIX_PATH%;C:\Users\SSAFY\Desktop\ros2_ws\install\sub3;C:\Users\SSAFY\Desktop\ros2_ws\install\sub2;C:\Users\SSAFY\Desktop\ros2_ws\install\sub1;C:\Users\SSAFY\Desktop\ros2_ws\install\custom_game;C:\Users\SSAFY\Desktop\ros2_ws\install\advanced;C:\Users\SSAFY\Desktop\ros2_ws\install\ssafy_bridge;C:\Users\SSAFY\Desktop\ros2_ws\install\security_service;C:\Users\SSAFY\Desktop\ros2_ws\install\c208_package installDir=%installDir%
IntelliJ IDEA=C:\Program Files\JetBrains\IntelliJ IDEA 2024.1.4\bin; C:\Program Files\CMake\bin\cmake.EXE --build C:\Users\SSAFY\Desktop\ros2_ws\build\ssafy_msgs --config Release
[14.891s] msbuild 버전 17.10.4+10fbfbf2e(.NET Framework용)
[14.907s] 
[14.907s]   1>Checking Build System
[14.907s]   Building Custom Rule C:/Users/SSAFY/Desktop/ros2_ws/src/ssafy_msgs/CMakeLists.txt
[14.907s]   Building Custom Rule C:/Users/SSAFY/Desktop/ros2_ws/src/ssafy_msgs/CMakeLists.txt
[14.907s]   ssafy_msgs__rosidl_generator_c.vcxproj -> C:\Users\SSAFY\Desktop\ros2_ws\build\ssafy_msgs\Release\ssafy_msgs__rosidl_generator_c.dll
[14.907s]   Building Custom Rule C:/Users/SSAFY/Desktop/ros2_ws/src/ssafy_msgs/CMakeLists.txt
[14.907s]   ssafy_msgs__rosidl_typesupport_c.vcxproj -> C:\Users\SSAFY\Desktop\ros2_ws\build\ssafy_msgs\Release\ssafy_msgs__rosidl_typesupport_c.dll
[14.907s]   Building Custom Rule C:/Users/SSAFY/Desktop/ros2_ws/src/ssafy_msgs/CMakeLists.txt
[14.907s]   Building Custom Rule C:/Users/SSAFY/Desktop/ros2_ws/src/ssafy_msgs/CMakeLists.txt
[14.907s]   ssafy_msgs__rosidl_typesupport_connext_cpp.vcxproj -> C:\Users\SSAFY\Desktop\ros2_ws\build\ssafy_msgs\Release\ssafy_msgs__rosidl_typesupport_connext_cpp.dll
[14.907s]   Building Custom Rule C:/Users/SSAFY/Desktop/ros2_ws/src/ssafy_msgs/CMakeLists.txt
[14.907s]   ssafy_msgs__rosidl_typesupport_connext_c.vcxproj -> C:\Users\SSAFY\Desktop\ros2_ws\build\ssafy_msgs\Release\ssafy_msgs__rosidl_typesupport_connext_c.dll
[14.907s]   Building Custom Rule C:/Users/SSAFY/Desktop/ros2_ws/src/ssafy_msgs/CMakeLists.txt
[14.907s]   ssafy_msgs__rosidl_typesupport_cpp.vcxproj -> C:\Users\SSAFY\Desktop\ros2_ws\build\ssafy_msgs\Release\ssafy_msgs__rosidl_typesupport_cpp.dll
[14.922s]   Building Custom Rule C:/Users/SSAFY/Desktop/ros2_ws/src/ssafy_msgs/CMakeLists.txt
[14.922s]   ssafy_msgs__rosidl_typesupport_fastrtps_cpp.vcxproj -> C:\Users\SSAFY\Desktop\ros2_ws\build\ssafy_msgs\Release\ssafy_msgs__rosidl_typesupport_fastrtps_cpp.dll
[14.922s]   Building Custom Rule C:/Users/SSAFY/Desktop/ros2_ws/src/ssafy_msgs/CMakeLists.txt
[14.922s]   ssafy_msgs__rosidl_typesupport_fastrtps_c.vcxproj -> C:\Users\SSAFY\Desktop\ros2_ws\build\ssafy_msgs\Release\ssafy_msgs__rosidl_typesupport_fastrtps_c.dll
[14.922s]   Building Custom Rule C:/Users/SSAFY/Desktop/ros2_ws/src/ssafy_msgs/CMakeLists.txt
[14.922s]   ssafy_msgs__rosidl_typesupport_introspection_c.vcxproj -> C:\Users\SSAFY\Desktop\ros2_ws\build\ssafy_msgs\Release\ssafy_msgs__rosidl_typesupport_introspection_c.dll
[14.922s]   Building Custom Rule C:/Users/SSAFY/Desktop/ros2_ws/src/ssafy_msgs/CMakeLists.txt
[17.953s]   ssafy_msgs__rosidl_typesupport_introspection_cpp.vcxproj -> C:\Users\SSAFY\Desktop\ros2_ws\build\ssafy_msgs\Release\ssafy_msgs__rosidl_typesupport_introspection_cpp.dll
[17.953s]   Building Custom Rule C:/Users/SSAFY/Desktop/ros2_ws/src/ssafy_msgs/CMakeLists.txt
[17.969s]   Building Custom Rule C:/Users/SSAFY/Desktop/ros2_ws/src/ssafy_msgs/CMakeLists.txt
[17.969s]   ssafy_msgs__rosidl_typesupport_opensplice_cpp.vcxproj -> C:\Users\SSAFY\Desktop\ros2_ws\build\ssafy_msgs\Release\ssafy_msgs__rosidl_typesupport_opensplice_cpp.dll
[17.969s]   Building Custom Rule C:/Users/SSAFY/Desktop/ros2_ws/src/ssafy_msgs/CMakeLists.txt
[17.969s]   ssafy_msgs__rosidl_typesupport_opensplice_c.vcxproj -> C:\Users\SSAFY\Desktop\ros2_ws\build\ssafy_msgs\Release\ssafy_msgs__rosidl_typesupport_opensplice_c.dll
[17.985s]   Building Custom Rule C:/Users/SSAFY/Desktop/ros2_ws/src/ssafy_msgs/CMakeLists.txt
[19.438s]   Building Custom Rule C:/Users/SSAFY/Desktop/ros2_ws/src/ssafy_msgs/CMakeLists.txt
[19.953s]   ssafy_msgs__python.vcxproj -> C:\Users\SSAFY\Desktop\ros2_ws\build\ssafy_msgs\rosidl_generator_py\ssafy_msgs\ssafy_msgs__python.dll
[20.750s]   Building Custom Rule C:/Users/SSAFY/Desktop/ros2_ws/src/ssafy_msgs/CMakeLists.txt
[21.375s]   ssafy_msgs__rosidl_typesupport_c__pyext.vcxproj -> C:\Users\SSAFY\Desktop\ros2_ws\build\ssafy_msgs\rosidl_generator_py\ssafy_msgs\ssafy_msgs_s__rosidl_typesupport_c.pyd
[21.985s]   Building Custom Rule C:/Users/SSAFY/Desktop/ros2_ws/src/ssafy_msgs/CMakeLists.txt
[22.422s]   ssafy_msgs__rosidl_typesupport_connext_c__pyext.vcxproj -> C:\Users\SSAFY\Desktop\ros2_ws\build\ssafy_msgs\rosidl_generator_py\ssafy_msgs\ssafy_msgs_s__rosidl_typesupport_connext_c.pyd
[23.016s]   Building Custom Rule C:/Users/SSAFY/Desktop/ros2_ws/src/ssafy_msgs/CMakeLists.txt
[23.516s]   ssafy_msgs__rosidl_typesupport_fastrtps_c__pyext.vcxproj -> C:\Users\SSAFY\Desktop\ros2_ws\build\ssafy_msgs\rosidl_generator_py\ssafy_msgs\ssafy_msgs_s__rosidl_typesupport_fastrtps_c.pyd
[24.235s]   Building Custom Rule C:/Users/SSAFY/Desktop/ros2_ws/src/ssafy_msgs/CMakeLists.txt
[24.719s]   ssafy_msgs__rosidl_typesupport_introspection_c__pyext.vcxproj -> C:\Users\SSAFY\Desktop\ros2_ws\build\ssafy_msgs\rosidl_generator_py\ssafy_msgs\ssafy_msgs_s__rosidl_typesupport_introspection_c.pyd
[25.282s]   Building Custom Rule C:/Users/SSAFY/Desktop/ros2_ws/src/ssafy_msgs/CMakeLists.txt
[25.735s]   ssafy_msgs__rosidl_typesupport_opensplice_c__pyext.vcxproj -> C:\Users\SSAFY\Desktop\ros2_ws\build\ssafy_msgs\rosidl_generator_py\ssafy_msgs\ssafy_msgs_s__rosidl_typesupport_opensplice_c.pyd
[26.203s]   Building Custom Rule C:/Users/SSAFY/Desktop/ros2_ws/src/ssafy_msgs/CMakeLists.txt
[27.266s] Invoked command in 'C:\Users\SSAFY\Desktop\ros2_ws\build\ssafy_msgs' returned '0': CL=/MP CMAKE_PREFIX_PATH=%CMAKE_PREFIX_PATH%;C:\Users\SSAFY\Desktop\ros2_ws\install\sub3;C:\Users\SSAFY\Desktop\ros2_ws\install\sub2;C:\Users\SSAFY\Desktop\ros2_ws\install\sub1;C:\Users\SSAFY\Desktop\ros2_ws\install\custom_game;C:\Users\SSAFY\Desktop\ros2_ws\install\advanced;C:\Users\SSAFY\Desktop\ros2_ws\install\ssafy_bridge;C:\Users\SSAFY\Desktop\ros2_ws\install\security_service;C:\Users\SSAFY\Desktop\ros2_ws\install\c208_package installDir=%installDir%
IntelliJ IDEA=C:\Program Files\JetBrains\IntelliJ IDEA 2024.1.4\bin; C:\Program Files\CMake\bin\cmake.EXE --build C:\Users\SSAFY\Desktop\ros2_ws\build\ssafy_msgs --config Release
[27.453s] Invoking command in 'C:\Users\SSAFY\Desktop\ros2_ws\build\ssafy_msgs': CMAKE_PREFIX_PATH=%CMAKE_PREFIX_PATH%;C:\Users\SSAFY\Desktop\ros2_ws\install\sub3;C:\Users\SSAFY\Desktop\ros2_ws\install\sub2;C:\Users\SSAFY\Desktop\ros2_ws\install\sub1;C:\Users\SSAFY\Desktop\ros2_ws\install\custom_game;C:\Users\SSAFY\Desktop\ros2_ws\install\advanced;C:\Users\SSAFY\Desktop\ros2_ws\install\ssafy_bridge;C:\Users\SSAFY\Desktop\ros2_ws\install\security_service;C:\Users\SSAFY\Desktop\ros2_ws\install\c208_package installDir=%installDir%
IntelliJ IDEA=C:\Program Files\JetBrains\IntelliJ IDEA 2024.1.4\bin; C:\Program Files\CMake\bin\cmake.EXE --install C:\Users\SSAFY\Desktop\ros2_ws\build\ssafy_msgs --config Release
[27.563s] -- Up-to-date: C:/Users/SSAFY/Desktop/ros2_ws/install/ssafy_msgs/share/ament_index/resource_index/rosidl_interfaces/ssafy_msgs
[27.563s] -- Up-to-date: C:/Users/SSAFY/Desktop/ros2_ws/install/ssafy_msgs/lib/ssafy_msgs__rosidl_typesupport_c.lib
[27.563s] -- Up-to-date: C:/Users/SSAFY/Desktop/ros2_ws/install/ssafy_msgs/bin/ssafy_msgs__rosidl_typesupport_c.dll
[27.578s] -- Up-to-date: C:/Users/SSAFY/Desktop/ros2_ws/install/ssafy_msgs/lib/ssafy_msgs__rosidl_typesupport_cpp.lib
[27.578s] -- Up-to-date: C:/Users/SSAFY/Desktop/ros2_ws/install/ssafy_msgs/bin/ssafy_msgs__rosidl_typesupport_cpp.dll
[27.578s] -- Up-to-date: C:/Users/SSAFY/Desktop/ros2_ws/install/ssafy_msgs/include/ssafy_msgs
[27.578s] -- Up-to-date: C:/Users/SSAFY/Desktop/ros2_ws/install/ssafy_msgs/include/ssafy_msgs/msg
[27.578s] -- Up-to-date: C:/Users/SSAFY/Desktop/ros2_ws/install/ssafy_msgs/include/ssafy_msgs/msg/b_box__rosidl_typesupport_connext_c.h
[27.578s] -- Up-to-date: C:/Users/SSAFY/Desktop/ros2_ws/install/ssafy_msgs/include/ssafy_msgs/msg/custom_object_info__rosidl_typesupport_connext_c.h
[27.578s] -- Up-to-date: C:/Users/SSAFY/Desktop/ros2_ws/install/ssafy_msgs/include/ssafy_msgs/msg/dds_connext
[27.578s] -- Up-to-date: C:/Users/SSAFY/Desktop/ros2_ws/install/ssafy_msgs/include/ssafy_msgs/msg/enviroment_status__rosidl_typesupport_connext_c.h
[27.594s] -- Up-to-date: C:/Users/SSAFY/Desktop/ros2_ws/install/ssafy_msgs/include/ssafy_msgs/msg/hand_control__rosidl_typesupport_connext_c.h
[27.594s] -- Up-to-date: C:/Users/SSAFY/Desktop/ros2_ws/install/ssafy_msgs/include/ssafy_msgs/msg/num__rosidl_typesupport_connext_c.h
[27.594s] -- Up-to-date: C:/Users/SSAFY/Desktop/ros2_ws/install/ssafy_msgs/include/ssafy_msgs/msg/object_info__rosidl_typesupport_connext_c.h
[27.594s] -- Up-to-date: C:/Users/SSAFY/Desktop/ros2_ws/install/ssafy_msgs/include/ssafy_msgs/msg/rosidl_typesupport_connext_c__visibility_control.h
[27.594s] -- Up-to-date: C:/Users/SSAFY/Desktop/ros2_ws/install/ssafy_msgs/include/ssafy_msgs/msg/turtlebot_status__rosidl_typesupport_connext_c.h
[27.594s] -- Up-to-date: C:/Users/SSAFY/Desktop/ros2_ws/install/ssafy_msgs/lib/ssafy_msgs__rosidl_typesupport_connext_c.lib
[27.594s] -- Up-to-date: C:/Users/SSAFY/Desktop/ros2_ws/install/ssafy_msgs/bin/ssafy_msgs__rosidl_typesupport_connext_c.dll
[27.594s] -- Up-to-date: C:/Users/SSAFY/Desktop/ros2_ws/install/ssafy_msgs/include/ssafy_msgs
[27.610s] -- Up-to-date: C:/Users/SSAFY/Desktop/ros2_ws/install/ssafy_msgs/include/ssafy_msgs/msg
[27.610s] -- Up-to-date: C:/Users/SSAFY/Desktop/ros2_ws/install/ssafy_msgs/include/ssafy_msgs/msg/b_box.h
[27.610s] -- Up-to-date: C:/Users/SSAFY/Desktop/ros2_ws/install/ssafy_msgs/include/ssafy_msgs/msg/b_box__functions.c
[27.610s] -- Up-to-date: C:/Users/SSAFY/Desktop/ros2_ws/install/ssafy_msgs/include/ssafy_msgs/msg/b_box__functions.h
[27.610s] -- Up-to-date: C:/Users/SSAFY/Desktop/ros2_ws/install/ssafy_msgs/include/ssafy_msgs/msg/b_box__struct.h
[27.610s] -- Up-to-date: C:/Users/SSAFY/Desktop/ros2_ws/install/ssafy_msgs/include/ssafy_msgs/msg/b_box__type_support.h
[27.610s] -- Up-to-date: C:/Users/SSAFY/Desktop/ros2_ws/install/ssafy_msgs/include/ssafy_msgs/msg/custom_object_info.h
[27.610s] -- Up-to-date: C:/Users/SSAFY/Desktop/ros2_ws/install/ssafy_msgs/include/ssafy_msgs/msg/custom_object_info__functions.c
[27.625s] -- Up-to-date: C:/Users/SSAFY/Desktop/ros2_ws/install/ssafy_msgs/include/ssafy_msgs/msg/custom_object_info__functions.h
[27.625s] -- Up-to-date: C:/Users/SSAFY/Desktop/ros2_ws/install/ssafy_msgs/include/ssafy_msgs/msg/custom_object_info__struct.h
[27.625s] -- Up-to-date: C:/Users/SSAFY/Desktop/ros2_ws/install/ssafy_msgs/include/ssafy_msgs/msg/custom_object_info__type_support.h
[27.625s] -- Up-to-date: C:/Users/SSAFY/Desktop/ros2_ws/install/ssafy_msgs/include/ssafy_msgs/msg/enviroment_status.h
[27.625s] -- Up-to-date: C:/Users/SSAFY/Desktop/ros2_ws/install/ssafy_msgs/include/ssafy_msgs/msg/enviroment_status__functions.c
[27.625s] -- Up-to-date: C:/Users/SSAFY/Desktop/ros2_ws/install/ssafy_msgs/include/ssafy_msgs/msg/enviroment_status__functions.h
[27.625s] -- Up-to-date: C:/Users/SSAFY/Desktop/ros2_ws/install/ssafy_msgs/include/ssafy_msgs/msg/enviroment_status__struct.h
[27.625s] -- Up-to-date: C:/Users/SSAFY/Desktop/ros2_ws/install/ssafy_msgs/include/ssafy_msgs/msg/enviroment_status__type_support.h
[27.641s] -- Up-to-date: C:/Users/SSAFY/Desktop/ros2_ws/install/ssafy_msgs/include/ssafy_msgs/msg/hand_control.h
[27.641s] -- Up-to-date: C:/Users/SSAFY/Desktop/ros2_ws/install/ssafy_msgs/include/ssafy_msgs/msg/hand_control__functions.c
[27.641s] -- Up-to-date: C:/Users/SSAFY/Desktop/ros2_ws/install/ssafy_msgs/include/ssafy_msgs/msg/hand_control__functions.h
[27.641s] -- Up-to-date: C:/Users/SSAFY/Desktop/ros2_ws/install/ssafy_msgs/include/ssafy_msgs/msg/hand_control__struct.h
[27.641s] -- Up-to-date: C:/Users/SSAFY/Desktop/ros2_ws/install/ssafy_msgs/include/ssafy_msgs/msg/hand_control__type_support.h
[27.641s] -- Up-to-date: C:/Users/SSAFY/Desktop/ros2_ws/install/ssafy_msgs/include/ssafy_msgs/msg/num.h
[27.657s] -- Up-to-date: C:/Users/SSAFY/Desktop/ros2_ws/install/ssafy_msgs/include/ssafy_msgs/msg/num__functions.c
[27.657s] -- Up-to-date: C:/Users/SSAFY/Desktop/ros2_ws/install/ssafy_msgs/include/ssafy_msgs/msg/num__functions.h
[27.657s] -- Up-to-date: C:/Users/SSAFY/Desktop/ros2_ws/install/ssafy_msgs/include/ssafy_msgs/msg/num__struct.h
[27.657s] -- Up-to-date: C:/Users/SSAFY/Desktop/ros2_ws/install/ssafy_msgs/include/ssafy_msgs/msg/num__type_support.h
[27.657s] -- Up-to-date: C:/Users/SSAFY/Desktop/ros2_ws/install/ssafy_msgs/include/ssafy_msgs/msg/object_info.h
[27.657s] -- Up-to-date: C:/Users/SSAFY/Desktop/ros2_ws/install/ssafy_msgs/include/ssafy_msgs/msg/object_info__functions.c
[27.657s] -- Up-to-date: C:/Users/SSAFY/Desktop/ros2_ws/install/ssafy_msgs/include/ssafy_msgs/msg/object_info__functions.h
[27.657s] -- Up-to-date: C:/Users/SSAFY/Desktop/ros2_ws/install/ssafy_msgs/include/ssafy_msgs/msg/object_info__struct.h
[27.672s] -- Up-to-date: C:/Users/SSAFY/Desktop/ros2_ws/install/ssafy_msgs/include/ssafy_msgs/msg/object_info__type_support.h
[27.672s] -- Up-to-date: C:/Users/SSAFY/Desktop/ros2_ws/install/ssafy_msgs/include/ssafy_msgs/msg/rosidl_generator_c__visibility_control.h
[27.672s] -- Up-to-date: C:/Users/SSAFY/Desktop/ros2_ws/install/ssafy_msgs/include/ssafy_msgs/msg/turtlebot_status.h
[27.672s] -- Up-to-date: C:/Users/SSAFY/Desktop/ros2_ws/install/ssafy_msgs/include/ssafy_msgs/msg/turtlebot_status__functions.c
[27.672s] -- Up-to-date: C:/Users/SSAFY/Desktop/ros2_ws/install/ssafy_msgs/include/ssafy_msgs/msg/turtlebot_status__functions.h
[27.672s] -- Up-to-date: C:/Users/SSAFY/Desktop/ros2_ws/install/ssafy_msgs/include/ssafy_msgs/msg/turtlebot_status__struct.h
[27.672s] -- Up-to-date: C:/Users/SSAFY/Desktop/ros2_ws/install/ssafy_msgs/include/ssafy_msgs/msg/turtlebot_status__type_support.h
[27.672s] -- Up-to-date: C:/Users/SSAFY/Desktop/ros2_ws/install/ssafy_msgs/lib/ssafy_msgs__rosidl_generator_c.lib
[27.688s] -- Up-to-date: C:/Users/SSAFY/Desktop/ros2_ws/install/ssafy_msgs/bin/ssafy_msgs__rosidl_generator_c.dll
[27.688s] -- Up-to-date: C:/Users/SSAFY/Desktop/ros2_ws/install/ssafy_msgs/share/ssafy_msgs/msg/dds_connext
[27.688s] -- Up-to-date: C:/Users/SSAFY/Desktop/ros2_ws/install/ssafy_msgs/share/ssafy_msgs/msg/dds_connext/BBox_.idl
[27.688s] -- Up-to-date: C:/Users/SSAFY/Desktop/ros2_ws/install/ssafy_msgs/share/ssafy_msgs/msg/dds_connext/CustomObjectInfo_.idl
[27.688s] -- Up-to-date: C:/Users/SSAFY/Desktop/ros2_ws/install/ssafy_msgs/share/ssafy_msgs/msg/dds_connext/EnviromentStatus_.idl
[27.688s] -- Up-to-date: C:/Users/SSAFY/Desktop/ros2_ws/install/ssafy_msgs/share/ssafy_msgs/msg/dds_connext/HandControl_.idl
[27.688s] -- Up-to-date: C:/Users/SSAFY/Desktop/ros2_ws/install/ssafy_msgs/share/ssafy_msgs/msg/dds_connext/Num_.idl
[27.703s] -- Up-to-date: C:/Users/SSAFY/Desktop/ros2_ws/install/ssafy_msgs/share/ssafy_msgs/msg/dds_connext/ObjectInfo_.idl
[27.782s] -- Up-to-date: C:/Users/SSAFY/Desktop/ros2_ws/install/ssafy_msgs/share/ssafy_msgs/msg/dds_connext/TurtlebotStatus_.idl
[27.782s] -- Up-to-date: C:/Users/SSAFY/Desktop/ros2_ws/install/ssafy_msgs/include/ssafy_msgs
[27.782s] -- Up-to-date: C:/Users/SSAFY/Desktop/ros2_ws/install/ssafy_msgs/include/ssafy_msgs/msg
[27.782s] -- Up-to-date: C:/Users/SSAFY/Desktop/ros2_ws/install/ssafy_msgs/include/ssafy_msgs/msg/b_box__rosidl_typesupport_connext_cpp.hpp
[27.782s] -- Up-to-date: C:/Users/SSAFY/Desktop/ros2_ws/install/ssafy_msgs/include/ssafy_msgs/msg/custom_object_info__rosidl_typesupport_connext_cpp.hpp
[27.782s] -- Up-to-date: C:/Users/SSAFY/Desktop/ros2_ws/install/ssafy_msgs/include/ssafy_msgs/msg/dds_connext
[27.797s] -- Up-to-date: C:/Users/SSAFY/Desktop/ros2_ws/install/ssafy_msgs/include/ssafy_msgs/msg/dds_connext/BBox_.cxx
[27.797s] -- Up-to-date: C:/Users/SSAFY/Desktop/ros2_ws/install/ssafy_msgs/include/ssafy_msgs/msg/dds_connext/BBox_.h
[27.797s] -- Up-to-date: C:/Users/SSAFY/Desktop/ros2_ws/install/ssafy_msgs/include/ssafy_msgs/msg/dds_connext/BBox_Plugin.cxx
[27.797s] -- Up-to-date: C:/Users/SSAFY/Desktop/ros2_ws/install/ssafy_msgs/include/ssafy_msgs/msg/dds_connext/BBox_Plugin.h
[27.797s] -- Up-to-date: C:/Users/SSAFY/Desktop/ros2_ws/install/ssafy_msgs/include/ssafy_msgs/msg/dds_connext/BBox_Support.cxx
[27.797s] -- Up-to-date: C:/Users/SSAFY/Desktop/ros2_ws/install/ssafy_msgs/include/ssafy_msgs/msg/dds_connext/BBox_Support.h
[27.797s] -- Up-to-date: C:/Users/SSAFY/Desktop/ros2_ws/install/ssafy_msgs/include/ssafy_msgs/msg/dds_connext/CustomObjectInfo_.cxx
[27.797s] -- Up-to-date: C:/Users/SSAFY/Desktop/ros2_ws/install/ssafy_msgs/include/ssafy_msgs/msg/dds_connext/CustomObjectInfo_.h
[27.797s] -- Up-to-date: C:/Users/SSAFY/Desktop/ros2_ws/install/ssafy_msgs/include/ssafy_msgs/msg/dds_connext/CustomObjectInfo_Plugin.cxx
[27.813s] -- Up-to-date: C:/Users/SSAFY/Desktop/ros2_ws/install/ssafy_msgs/include/ssafy_msgs/msg/dds_connext/CustomObjectInfo_Plugin.h
[27.813s] -- Up-to-date: C:/Users/SSAFY/Desktop/ros2_ws/install/ssafy_msgs/include/ssafy_msgs/msg/dds_connext/CustomObjectInfo_Support.cxx
[27.813s] -- Up-to-date: C:/Users/SSAFY/Desktop/ros2_ws/install/ssafy_msgs/include/ssafy_msgs/msg/dds_connext/CustomObjectInfo_Support.h
[27.813s] -- Up-to-date: C:/Users/SSAFY/Desktop/ros2_ws/install/ssafy_msgs/include/ssafy_msgs/msg/dds_connext/EnviromentStatus_.cxx
[27.813s] -- Up-to-date: C:/Users/SSAFY/Desktop/ros2_ws/install/ssafy_msgs/include/ssafy_msgs/msg/dds_connext/EnviromentStatus_.h
[27.813s] -- Up-to-date: C:/Users/SSAFY/Desktop/ros2_ws/install/ssafy_msgs/include/ssafy_msgs/msg/dds_connext/EnviromentStatus_Plugin.cxx
[27.813s] -- Up-to-date: C:/Users/SSAFY/Desktop/ros2_ws/install/ssafy_msgs/include/ssafy_msgs/msg/dds_connext/EnviromentStatus_Plugin.h
[27.828s] -- Up-to-date: C:/Users/SSAFY/Desktop/ros2_ws/install/ssafy_msgs/include/ssafy_msgs/msg/dds_connext/EnviromentStatus_Support.cxx
[27.828s] -- Up-to-date: C:/Users/SSAFY/Desktop/ros2_ws/install/ssafy_msgs/include/ssafy_msgs/msg/dds_connext/EnviromentStatus_Support.h
[27.828s] -- Up-to-date: C:/Users/SSAFY/Desktop/ros2_ws/install/ssafy_msgs/include/ssafy_msgs/msg/dds_connext/HandControl_.cxx
[27.828s] -- Up-to-date: C:/Users/SSAFY/Desktop/ros2_ws/install/ssafy_msgs/include/ssafy_msgs/msg/dds_connext/HandControl_.h
[27.828s] -- Up-to-date: C:/Users/SSAFY/Desktop/ros2_ws/install/ssafy_msgs/include/ssafy_msgs/msg/dds_connext/HandControl_Plugin.cxx
[27.828s] -- Up-to-date: C:/Users/SSAFY/Desktop/ros2_ws/install/ssafy_msgs/include/ssafy_msgs/msg/dds_connext/HandControl_Plugin.h
[27.844s] -- Up-to-date: C:/Users/SSAFY/Desktop/ros2_ws/install/ssafy_msgs/include/ssafy_msgs/msg/dds_connext/HandControl_Support.cxx
[27.844s] -- Up-to-date: C:/Users/SSAFY/Desktop/ros2_ws/install/ssafy_msgs/include/ssafy_msgs/msg/dds_connext/HandControl_Support.h
[27.844s] -- Up-to-date: C:/Users/SSAFY/Desktop/ros2_ws/install/ssafy_msgs/include/ssafy_msgs/msg/dds_connext/Num_.cxx
[27.844s] -- Up-to-date: C:/Users/SSAFY/Desktop/ros2_ws/install/ssafy_msgs/include/ssafy_msgs/msg/dds_connext/Num_.h
[27.844s] -- Up-to-date: C:/Users/SSAFY/Desktop/ros2_ws/install/ssafy_msgs/include/ssafy_msgs/msg/dds_connext/Num_Plugin.cxx
[27.844s] -- Up-to-date: C:/Users/SSAFY/Desktop/ros2_ws/install/ssafy_msgs/include/ssafy_msgs/msg/dds_connext/Num_Plugin.h
[27.844s] -- Up-to-date: C:/Users/SSAFY/Desktop/ros2_ws/install/ssafy_msgs/include/ssafy_msgs/msg/dds_connext/Num_Support.cxx
[27.844s] -- Up-to-date: C:/Users/SSAFY/Desktop/ros2_ws/install/ssafy_msgs/include/ssafy_msgs/msg/dds_connext/Num_Support.h
[27.860s] -- Up-to-date: C:/Users/SSAFY/Desktop/ros2_ws/install/ssafy_msgs/include/ssafy_msgs/msg/dds_connext/ObjectInfo_.cxx
[27.860s] -- Up-to-date: C:/Users/SSAFY/Desktop/ros2_ws/install/ssafy_msgs/include/ssafy_msgs/msg/dds_connext/ObjectInfo_.h
[27.860s] -- Up-to-date: C:/Users/SSAFY/Desktop/ros2_ws/install/ssafy_msgs/include/ssafy_msgs/msg/dds_connext/ObjectInfo_Plugin.cxx
[27.860s] -- Up-to-date: C:/Users/SSAFY/Desktop/ros2_ws/install/ssafy_msgs/include/ssafy_msgs/msg/dds_connext/ObjectInfo_Plugin.h
[27.860s] -- Up-to-date: C:/Users/SSAFY/Desktop/ros2_ws/install/ssafy_msgs/include/ssafy_msgs/msg/dds_connext/ObjectInfo_Support.cxx
[27.860s] -- Up-to-date: C:/Users/SSAFY/Desktop/ros2_ws/install/ssafy_msgs/include/ssafy_msgs/msg/dds_connext/ObjectInfo_Support.h
[27.860s] -- Up-to-date: C:/Users/SSAFY/Desktop/ros2_ws/install/ssafy_msgs/include/ssafy_msgs/msg/dds_connext/TurtlebotStatus_.cxx
[27.875s] -- Up-to-date: C:/Users/SSAFY/Desktop/ros2_ws/install/ssafy_msgs/include/ssafy_msgs/msg/dds_connext/TurtlebotStatus_.h
[27.875s] -- Up-to-date: C:/Users/SSAFY/Desktop/ros2_ws/install/ssafy_msgs/include/ssafy_msgs/msg/dds_connext/TurtlebotStatus_Plugin.cxx
[27.875s] -- Up-to-date: C:/Users/SSAFY/Desktop/ros2_ws/install/ssafy_msgs/include/ssafy_msgs/msg/dds_connext/TurtlebotStatus_Plugin.h
[27.875s] -- Up-to-date: C:/Users/SSAFY/Desktop/ros2_ws/install/ssafy_msgs/include/ssafy_msgs/msg/dds_connext/TurtlebotStatus_Support.cxx
[27.875s] -- Up-to-date: C:/Users/SSAFY/Desktop/ros2_ws/install/ssafy_msgs/include/ssafy_msgs/msg/dds_connext/TurtlebotStatus_Support.h
[27.875s] -- Up-to-date: C:/Users/SSAFY/Desktop/ros2_ws/install/ssafy_msgs/include/ssafy_msgs/msg/enviroment_status__rosidl_typesupport_connext_cpp.hpp
[27.875s] -- Up-to-date: C:/Users/SSAFY/Desktop/ros2_ws/install/ssafy_msgs/include/ssafy_msgs/msg/hand_control__rosidl_typesupport_connext_cpp.hpp
[27.875s] -- Up-to-date: C:/Users/SSAFY/Desktop/ros2_ws/install/ssafy_msgs/include/ssafy_msgs/msg/num__rosidl_typesupport_connext_cpp.hpp
[27.891s] -- Up-to-date: C:/Users/SSAFY/Desktop/ros2_ws/install/ssafy_msgs/include/ssafy_msgs/msg/object_info__rosidl_typesupport_connext_cpp.hpp
[27.891s] -- Up-to-date: C:/Users/SSAFY/Desktop/ros2_ws/install/ssafy_msgs/include/ssafy_msgs/msg/rosidl_typesupport_connext_cpp__visibility_control.h
[27.891s] -- Up-to-date: C:/Users/SSAFY/Desktop/ros2_ws/install/ssafy_msgs/include/ssafy_msgs/msg/turtlebot_status__rosidl_typesupport_connext_cpp.hpp
[27.891s] -- Up-to-date: C:/Users/SSAFY/Desktop/ros2_ws/install/ssafy_msgs/lib/ssafy_msgs__rosidl_typesupport_connext_cpp.lib
[27.891s] -- Up-to-date: C:/Users/SSAFY/Desktop/ros2_ws/install/ssafy_msgs/bin/ssafy_msgs__rosidl_typesupport_connext_cpp.dll
[27.891s] -- Up-to-date: C:/Users/SSAFY/Desktop/ros2_ws/install/ssafy_msgs/include/ssafy_msgs
[27.891s] -- Up-to-date: C:/Users/SSAFY/Desktop/ros2_ws/install/ssafy_msgs/include/ssafy_msgs/msg
[27.891s] -- Up-to-date: C:/Users/SSAFY/Desktop/ros2_ws/install/ssafy_msgs/include/ssafy_msgs/msg/b_box.hpp
[27.907s] -- Up-to-date: C:/Users/SSAFY/Desktop/ros2_ws/install/ssafy_msgs/include/ssafy_msgs/msg/b_box__struct.hpp
[27.907s] -- Up-to-date: C:/Users/SSAFY/Desktop/ros2_ws/install/ssafy_msgs/include/ssafy_msgs/msg/b_box__traits.hpp
[27.907s] -- Up-to-date: C:/Users/SSAFY/Desktop/ros2_ws/install/ssafy_msgs/include/ssafy_msgs/msg/custom_object_info.hpp
[27.907s] -- Up-to-date: C:/Users/SSAFY/Desktop/ros2_ws/install/ssafy_msgs/include/ssafy_msgs/msg/custom_object_info__struct.hpp
[27.907s] -- Up-to-date: C:/Users/SSAFY/Desktop/ros2_ws/install/ssafy_msgs/include/ssafy_msgs/msg/custom_object_info__traits.hpp
[27.907s] -- Up-to-date: C:/Users/SSAFY/Desktop/ros2_ws/install/ssafy_msgs/include/ssafy_msgs/msg/enviroment_status.hpp
[27.907s] -- Up-to-date: C:/Users/SSAFY/Desktop/ros2_ws/install/ssafy_msgs/include/ssafy_msgs/msg/enviroment_status__struct.hpp
[27.907s] -- Up-to-date: C:/Users/SSAFY/Desktop/ros2_ws/install/ssafy_msgs/include/ssafy_msgs/msg/enviroment_status__traits.hpp
[27.907s] -- Up-to-date: C:/Users/SSAFY/Desktop/ros2_ws/install/ssafy_msgs/include/ssafy_msgs/msg/hand_control.hpp
[27.922s] -- Up-to-date: C:/Users/SSAFY/Desktop/ros2_ws/install/ssafy_msgs/include/ssafy_msgs/msg/hand_control__struct.hpp
[27.922s] -- Up-to-date: C:/Users/SSAFY/Desktop/ros2_ws/install/ssafy_msgs/include/ssafy_msgs/msg/hand_control__traits.hpp
[27.922s] -- Up-to-date: C:/Users/SSAFY/Desktop/ros2_ws/install/ssafy_msgs/include/ssafy_msgs/msg/num.hpp
[27.922s] -- Up-to-date: C:/Users/SSAFY/Desktop/ros2_ws/install/ssafy_msgs/include/ssafy_msgs/msg/num__struct.hpp
[27.922s] -- Up-to-date: C:/Users/SSAFY/Desktop/ros2_ws/install/ssafy_msgs/include/ssafy_msgs/msg/num__traits.hpp
[27.922s] -- Up-to-date: C:/Users/SSAFY/Desktop/ros2_ws/install/ssafy_msgs/include/ssafy_msgs/msg/object_info.hpp
[27.922s] -- Up-to-date: C:/Users/SSAFY/Desktop/ros2_ws/install/ssafy_msgs/include/ssafy_msgs/msg/object_info__struct.hpp
[27.922s] -- Up-to-date: C:/Users/SSAFY/Desktop/ros2_ws/install/ssafy_msgs/include/ssafy_msgs/msg/object_info__traits.hpp
[27.938s] -- Up-to-date: C:/Users/SSAFY/Desktop/ros2_ws/install/ssafy_msgs/include/ssafy_msgs/msg/turtlebot_status.hpp
[27.938s] -- Up-to-date: C:/Users/SSAFY/Desktop/ros2_ws/install/ssafy_msgs/include/ssafy_msgs/msg/turtlebot_status__struct.hpp
[27.938s] -- Up-to-date: C:/Users/SSAFY/Desktop/ros2_ws/install/ssafy_msgs/include/ssafy_msgs/msg/turtlebot_status__traits.hpp
[27.938s] -- Up-to-date: C:/Users/SSAFY/Desktop/ros2_ws/install/ssafy_msgs/include/ssafy_msgs
[27.938s] -- Up-to-date: C:/Users/SSAFY/Desktop/ros2_ws/install/ssafy_msgs/include/ssafy_msgs/msg
[27.938s] -- Up-to-date: C:/Users/SSAFY/Desktop/ros2_ws/install/ssafy_msgs/include/ssafy_msgs/msg/b_box__rosidl_typesupport_fastrtps_c.h
[27.938s] -- Up-to-date: C:/Users/SSAFY/Desktop/ros2_ws/install/ssafy_msgs/include/ssafy_msgs/msg/custom_object_info__rosidl_typesupport_fastrtps_c.h
[27.938s] -- Up-to-date: C:/Users/SSAFY/Desktop/ros2_ws/install/ssafy_msgs/include/ssafy_msgs/msg/enviroment_status__rosidl_typesupport_fastrtps_c.h
[27.953s] -- Up-to-date: C:/Users/SSAFY/Desktop/ros2_ws/install/ssafy_msgs/include/ssafy_msgs/msg/hand_control__rosidl_typesupport_fastrtps_c.h
[27.953s] -- Up-to-date: C:/Users/SSAFY/Desktop/ros2_ws/install/ssafy_msgs/include/ssafy_msgs/msg/num__rosidl_typesupport_fastrtps_c.h
[27.953s] -- Up-to-date: C:/Users/SSAFY/Desktop/ros2_ws/install/ssafy_msgs/include/ssafy_msgs/msg/object_info__rosidl_typesupport_fastrtps_c.h
[27.953s] -- Up-to-date: C:/Users/SSAFY/Desktop/ros2_ws/install/ssafy_msgs/include/ssafy_msgs/msg/rosidl_typesupport_fastrtps_c__visibility_control.h
[27.953s] -- Up-to-date: C:/Users/SSAFY/Desktop/ros2_ws/install/ssafy_msgs/include/ssafy_msgs/msg/turtlebot_status__rosidl_typesupport_fastrtps_c.h
[27.953s] -- Up-to-date: C:/Users/SSAFY/Desktop/ros2_ws/install/ssafy_msgs/lib/ssafy_msgs__rosidl_typesupport_fastrtps_c.lib
[27.953s] -- Up-to-date: C:/Users/SSAFY/Desktop/ros2_ws/install/ssafy_msgs/bin/ssafy_msgs__rosidl_typesupport_fastrtps_c.dll
[27.969s] -- Up-to-date: C:/Users/SSAFY/Desktop/ros2_ws/install/ssafy_msgs/include/ssafy_msgs
[27.969s] -- Up-to-date: C:/Users/SSAFY/Desktop/ros2_ws/install/ssafy_msgs/include/ssafy_msgs/msg
[27.969s] -- Up-to-date: C:/Users/SSAFY/Desktop/ros2_ws/install/ssafy_msgs/include/ssafy_msgs/msg/b_box__rosidl_typesupport_fastrtps_cpp.hpp
[27.969s] -- Up-to-date: C:/Users/SSAFY/Desktop/ros2_ws/install/ssafy_msgs/include/ssafy_msgs/msg/custom_object_info__rosidl_typesupport_fastrtps_cpp.hpp
[27.969s] -- Up-to-date: C:/Users/SSAFY/Desktop/ros2_ws/install/ssafy_msgs/include/ssafy_msgs/msg/dds_fastrtps
[27.969s] -- Up-to-date: C:/Users/SSAFY/Desktop/ros2_ws/install/ssafy_msgs/include/ssafy_msgs/msg/enviroment_status__rosidl_typesupport_fastrtps_cpp.hpp
[27.969s] -- Up-to-date: C:/Users/SSAFY/Desktop/ros2_ws/install/ssafy_msgs/include/ssafy_msgs/msg/hand_control__rosidl_typesupport_fastrtps_cpp.hpp
[27.969s] -- Up-to-date: C:/Users/SSAFY/Desktop/ros2_ws/install/ssafy_msgs/include/ssafy_msgs/msg/num__rosidl_typesupport_fastrtps_cpp.hpp
[27.969s] -- Up-to-date: C:/Users/SSAFY/Desktop/ros2_ws/install/ssafy_msgs/include/ssafy_msgs/msg/object_info__rosidl_typesupport_fastrtps_cpp.hpp
[27.985s] -- Up-to-date: C:/Users/SSAFY/Desktop/ros2_ws/install/ssafy_msgs/include/ssafy_msgs/msg/rosidl_typesupport_fastrtps_cpp__visibility_control.h
[27.985s] -- Up-to-date: C:/Users/SSAFY/Desktop/ros2_ws/install/ssafy_msgs/include/ssafy_msgs/msg/turtlebot_status__rosidl_typesupport_fastrtps_cpp.hpp
[27.985s] -- Up-to-date: C:/Users/SSAFY/Desktop/ros2_ws/install/ssafy_msgs/lib/ssafy_msgs__rosidl_typesupport_fastrtps_cpp.lib
[27.985s] -- Up-to-date: C:/Users/SSAFY/Desktop/ros2_ws/install/ssafy_msgs/bin/ssafy_msgs__rosidl_typesupport_fastrtps_cpp.dll
[27.985s] -- Up-to-date: C:/Users/SSAFY/Desktop/ros2_ws/install/ssafy_msgs/include/ssafy_msgs
[27.985s] -- Up-to-date: C:/Users/SSAFY/Desktop/ros2_ws/install/ssafy_msgs/include/ssafy_msgs/msg
[27.985s] -- Up-to-date: C:/Users/SSAFY/Desktop/ros2_ws/install/ssafy_msgs/include/ssafy_msgs/msg/b_box__rosidl_typesupport_introspection_c.h
[27.985s] -- Up-to-date: C:/Users/SSAFY/Desktop/ros2_ws/install/ssafy_msgs/include/ssafy_msgs/msg/b_box__type_support.c
[27.985s] -- Up-to-date: C:/Users/SSAFY/Desktop/ros2_ws/install/ssafy_msgs/include/ssafy_msgs/msg/custom_object_info__rosidl_typesupport_introspection_c.h
[27.985s] -- Up-to-date: C:/Users/SSAFY/Desktop/ros2_ws/install/ssafy_msgs/include/ssafy_msgs/msg/custom_object_info__type_support.c
[28.000s] -- Up-to-date: C:/Users/SSAFY/Desktop/ros2_ws/install/ssafy_msgs/include/ssafy_msgs/msg/enviroment_status__rosidl_typesupport_introspection_c.h
[28.000s] -- Up-to-date: C:/Users/SSAFY/Desktop/ros2_ws/install/ssafy_msgs/include/ssafy_msgs/msg/enviroment_status__type_support.c
[28.000s] -- Up-to-date: C:/Users/SSAFY/Desktop/ros2_ws/install/ssafy_msgs/include/ssafy_msgs/msg/hand_control__rosidl_typesupport_introspection_c.h
[28.000s] -- Up-to-date: C:/Users/SSAFY/Desktop/ros2_ws/install/ssafy_msgs/include/ssafy_msgs/msg/hand_control__type_support.c
[28.000s] -- Up-to-date: C:/Users/SSAFY/Desktop/ros2_ws/install/ssafy_msgs/include/ssafy_msgs/msg/num__rosidl_typesupport_introspection_c.h
[28.000s] -- Up-to-date: C:/Users/SSAFY/Desktop/ros2_ws/install/ssafy_msgs/include/ssafy_msgs/msg/num__type_support.c
[28.016s] -- Up-to-date: C:/Users/SSAFY/Desktop/ros2_ws/install/ssafy_msgs/include/ssafy_msgs/msg/object_info__rosidl_typesupport_introspection_c.h
[28.016s] -- Up-to-date: C:/Users/SSAFY/Desktop/ros2_ws/install/ssafy_msgs/include/ssafy_msgs/msg/object_info__type_support.c
[28.016s] -- Up-to-date: C:/Users/SSAFY/Desktop/ros2_ws/install/ssafy_msgs/include/ssafy_msgs/msg/rosidl_typesupport_introspection_c__visibility_control.h
[28.016s] -- Up-to-date: C:/Users/SSAFY/Desktop/ros2_ws/install/ssafy_msgs/include/ssafy_msgs/msg/turtlebot_status__rosidl_typesupport_introspection_c.h
[28.016s] -- Up-to-date: C:/Users/SSAFY/Desktop/ros2_ws/install/ssafy_msgs/include/ssafy_msgs/msg/turtlebot_status__type_support.c
[28.016s] -- Up-to-date: C:/Users/SSAFY/Desktop/ros2_ws/install/ssafy_msgs/lib/ssafy_msgs__rosidl_typesupport_introspection_c.lib
[28.032s] -- Up-to-date: C:/Users/SSAFY/Desktop/ros2_ws/install/ssafy_msgs/bin/ssafy_msgs__rosidl_typesupport_introspection_c.dll
[28.032s] -- Up-to-date: C:/Users/SSAFY/Desktop/ros2_ws/install/ssafy_msgs/include/ssafy_msgs
[28.032s] -- Up-to-date: C:/Users/SSAFY/Desktop/ros2_ws/install/ssafy_msgs/include/ssafy_msgs/msg
[28.032s] -- Up-to-date: C:/Users/SSAFY/Desktop/ros2_ws/install/ssafy_msgs/include/ssafy_msgs/msg/b_box__rosidl_typesupport_opensplice_c.h
[28.032s] -- Up-to-date: C:/Users/SSAFY/Desktop/ros2_ws/install/ssafy_msgs/include/ssafy_msgs/msg/custom_object_info__rosidl_typesupport_opensplice_c.h
[28.032s] -- Up-to-date: C:/Users/SSAFY/Desktop/ros2_ws/install/ssafy_msgs/include/ssafy_msgs/msg/dds_opensplice_c
[28.047s] -- Up-to-date: C:/Users/SSAFY/Desktop/ros2_ws/install/ssafy_msgs/include/ssafy_msgs/msg/enviroment_status__rosidl_typesupport_opensplice_c.h
[28.047s] -- Up-to-date: C:/Users/SSAFY/Desktop/ros2_ws/install/ssafy_msgs/include/ssafy_msgs/msg/hand_control__rosidl_typesupport_opensplice_c.h
[28.047s] -- Up-to-date: C:/Users/SSAFY/Desktop/ros2_ws/install/ssafy_msgs/include/ssafy_msgs/msg/num__rosidl_typesupport_opensplice_c.h
[28.047s] -- Up-to-date: C:/Users/SSAFY/Desktop/ros2_ws/install/ssafy_msgs/include/ssafy_msgs/msg/object_info__rosidl_typesupport_opensplice_c.h
[28.047s] -- Up-to-date: C:/Users/SSAFY/Desktop/ros2_ws/install/ssafy_msgs/include/ssafy_msgs/msg/rosidl_typesupport_opensplice_c__visibility_control.h
[28.047s] -- Up-to-date: C:/Users/SSAFY/Desktop/ros2_ws/install/ssafy_msgs/include/ssafy_msgs/msg/turtlebot_status__rosidl_typesupport_opensplice_c.h
[28.047s] -- Up-to-date: C:/Users/SSAFY/Desktop/ros2_ws/install/ssafy_msgs/lib/ssafy_msgs__rosidl_typesupport_opensplice_c.lib
[28.063s] -- Up-to-date: C:/Users/SSAFY/Desktop/ros2_ws/install/ssafy_msgs/bin/ssafy_msgs__rosidl_typesupport_opensplice_c.dll
[28.063s] -- Up-to-date: C:/Users/SSAFY/Desktop/ros2_ws/install/ssafy_msgs/share/ssafy_msgs/msg/dds_opensplice
[28.063s] -- Up-to-date: C:/Users/SSAFY/Desktop/ros2_ws/install/ssafy_msgs/share/ssafy_msgs/msg/dds_opensplice/BBox_.idl
[28.063s] -- Up-to-date: C:/Users/SSAFY/Desktop/ros2_ws/install/ssafy_msgs/share/ssafy_msgs/msg/dds_opensplice/CustomObjectInfo_.idl
[28.063s] -- Up-to-date: C:/Users/SSAFY/Desktop/ros2_ws/install/ssafy_msgs/share/ssafy_msgs/msg/dds_opensplice/EnviromentStatus_.idl
[28.063s] -- Up-to-date: C:/Users/SSAFY/Desktop/ros2_ws/install/ssafy_msgs/share/ssafy_msgs/msg/dds_opensplice/HandControl_.idl
[28.063s] -- Up-to-date: C:/Users/SSAFY/Desktop/ros2_ws/install/ssafy_msgs/share/ssafy_msgs/msg/dds_opensplice/Num_.idl
[28.063s] -- Up-to-date: C:/Users/SSAFY/Desktop/ros2_ws/install/ssafy_msgs/share/ssafy_msgs/msg/dds_opensplice/ObjectInfo_.idl
[28.063s] -- Up-to-date: C:/Users/SSAFY/Desktop/ros2_ws/install/ssafy_msgs/share/ssafy_msgs/msg/dds_opensplice/TurtlebotStatus_.idl
[28.078s] -- Up-to-date: C:/Users/SSAFY/Desktop/ros2_ws/install/ssafy_msgs/include/ssafy_msgs
[28.078s] -- Up-to-date: C:/Users/SSAFY/Desktop/ros2_ws/install/ssafy_msgs/include/ssafy_msgs/msg
[28.078s] -- Up-to-date: C:/Users/SSAFY/Desktop/ros2_ws/install/ssafy_msgs/include/ssafy_msgs/msg/b_box__rosidl_typesupport_opensplice_cpp.hpp
[28.078s] -- Up-to-date: C:/Users/SSAFY/Desktop/ros2_ws/install/ssafy_msgs/include/ssafy_msgs/msg/custom_object_info__rosidl_typesupport_opensplice_cpp.hpp
[28.078s] -- Up-to-date: C:/Users/SSAFY/Desktop/ros2_ws/install/ssafy_msgs/include/ssafy_msgs/msg/dds_opensplice
[28.078s] -- Up-to-date: C:/Users/SSAFY/Desktop/ros2_ws/install/ssafy_msgs/include/ssafy_msgs/msg/dds_opensplice/BBox_.h
[28.078s] -- Up-to-date: C:/Users/SSAFY/Desktop/ros2_ws/install/ssafy_msgs/include/ssafy_msgs/msg/dds_opensplice/BBox_Dcps.h
[28.078s] -- Up-to-date: C:/Users/SSAFY/Desktop/ros2_ws/install/ssafy_msgs/include/ssafy_msgs/msg/dds_opensplice/BBox_Dcps_impl.h
[28.078s] -- Up-to-date: C:/Users/SSAFY/Desktop/ros2_ws/install/ssafy_msgs/include/ssafy_msgs/msg/dds_opensplice/BBox_SplDcps.h
[28.078s] -- Up-to-date: C:/Users/SSAFY/Desktop/ros2_ws/install/ssafy_msgs/include/ssafy_msgs/msg/dds_opensplice/ccpp_BBox_.h
[28.094s] -- Up-to-date: C:/Users/SSAFY/Desktop/ros2_ws/install/ssafy_msgs/include/ssafy_msgs/msg/dds_opensplice/ccpp_CustomObjectInfo_.h
[28.094s] -- Up-to-date: C:/Users/SSAFY/Desktop/ros2_ws/install/ssafy_msgs/include/ssafy_msgs/msg/dds_opensplice/ccpp_EnviromentStatus_.h
[28.094s] -- Up-to-date: C:/Users/SSAFY/Desktop/ros2_ws/install/ssafy_msgs/include/ssafy_msgs/msg/dds_opensplice/ccpp_HandControl_.h
[28.094s] -- Up-to-date: C:/Users/SSAFY/Desktop/ros2_ws/install/ssafy_msgs/include/ssafy_msgs/msg/dds_opensplice/ccpp_Num_.h
[28.094s] -- Up-to-date: C:/Users/SSAFY/Desktop/ros2_ws/install/ssafy_msgs/include/ssafy_msgs/msg/dds_opensplice/ccpp_ObjectInfo_.h
[28.094s] -- Up-to-date: C:/Users/SSAFY/Desktop/ros2_ws/install/ssafy_msgs/include/ssafy_msgs/msg/dds_opensplice/ccpp_TurtlebotStatus_.h
[28.094s] -- Up-to-date: C:/Users/SSAFY/Desktop/ros2_ws/install/ssafy_msgs/include/ssafy_msgs/msg/dds_opensplice/CustomObjectInfo_.h
[28.110s] -- Up-to-date: C:/Users/SSAFY/Desktop/ros2_ws/install/ssafy_msgs/include/ssafy_msgs/msg/dds_opensplice/CustomObjectInfo_Dcps.h
[28.110s] -- Up-to-date: C:/Users/SSAFY/Desktop/ros2_ws/install/ssafy_msgs/include/ssafy_msgs/msg/dds_opensplice/CustomObjectInfo_Dcps_impl.h
[28.110s] -- Up-to-date: C:/Users/SSAFY/Desktop/ros2_ws/install/ssafy_msgs/include/ssafy_msgs/msg/dds_opensplice/CustomObjectInfo_SplDcps.h
[28.110s] -- Up-to-date: C:/Users/SSAFY/Desktop/ros2_ws/install/ssafy_msgs/include/ssafy_msgs/msg/dds_opensplice/EnviromentStatus_.h
[28.110s] -- Up-to-date: C:/Users/SSAFY/Desktop/ros2_ws/install/ssafy_msgs/include/ssafy_msgs/msg/dds_opensplice/EnviromentStatus_Dcps.h
[28.110s] -- Up-to-date: C:/Users/SSAFY/Desktop/ros2_ws/install/ssafy_msgs/include/ssafy_msgs/msg/dds_opensplice/EnviromentStatus_Dcps_impl.h
[28.110s] -- Up-to-date: C:/Users/SSAFY/Desktop/ros2_ws/install/ssafy_msgs/include/ssafy_msgs/msg/dds_opensplice/EnviromentStatus_SplDcps.h
[28.110s] -- Up-to-date: C:/Users/SSAFY/Desktop/ros2_ws/install/ssafy_msgs/include/ssafy_msgs/msg/dds_opensplice/HandControl_.h
[28.125s] -- Up-to-date: C:/Users/SSAFY/Desktop/ros2_ws/install/ssafy_msgs/include/ssafy_msgs/msg/dds_opensplice/HandControl_Dcps.h
[28.125s] -- Up-to-date: C:/Users/SSAFY/Desktop/ros2_ws/install/ssafy_msgs/include/ssafy_msgs/msg/dds_opensplice/HandControl_Dcps_impl.h
[28.125s] -- Up-to-date: C:/Users/SSAFY/Desktop/ros2_ws/install/ssafy_msgs/include/ssafy_msgs/msg/dds_opensplice/HandControl_SplDcps.h
[28.125s] -- Up-to-date: C:/Users/SSAFY/Desktop/ros2_ws/install/ssafy_msgs/include/ssafy_msgs/msg/dds_opensplice/Num_.h
[28.125s] -- Up-to-date: C:/Users/SSAFY/Desktop/ros2_ws/install/ssafy_msgs/include/ssafy_msgs/msg/dds_opensplice/Num_Dcps.h
[28.125s] -- Up-to-date: C:/Users/SSAFY/Desktop/ros2_ws/install/ssafy_msgs/include/ssafy_msgs/msg/dds_opensplice/Num_Dcps_impl.h
[28.125s] -- Up-to-date: C:/Users/SSAFY/Desktop/ros2_ws/install/ssafy_msgs/include/ssafy_msgs/msg/dds_opensplice/Num_SplDcps.h
[28.125s] -- Up-to-date: C:/Users/SSAFY/Desktop/ros2_ws/install/ssafy_msgs/include/ssafy_msgs/msg/dds_opensplice/ObjectInfo_.h
[28.125s] -- Up-to-date: C:/Users/SSAFY/Desktop/ros2_ws/install/ssafy_msgs/include/ssafy_msgs/msg/dds_opensplice/ObjectInfo_Dcps.h
[28.125s] -- Up-to-date: C:/Users/SSAFY/Desktop/ros2_ws/install/ssafy_msgs/include/ssafy_msgs/msg/dds_opensplice/ObjectInfo_Dcps_impl.h
[28.141s] -- Up-to-date: C:/Users/SSAFY/Desktop/ros2_ws/install/ssafy_msgs/include/ssafy_msgs/msg/dds_opensplice/ObjectInfo_SplDcps.h
[28.141s] -- Up-to-date: C:/Users/SSAFY/Desktop/ros2_ws/install/ssafy_msgs/include/ssafy_msgs/msg/dds_opensplice/TurtlebotStatus_.h
[28.141s] -- Up-to-date: C:/Users/SSAFY/Desktop/ros2_ws/install/ssafy_msgs/include/ssafy_msgs/msg/dds_opensplice/TurtlebotStatus_Dcps.h
[28.141s] -- Up-to-date: C:/Users/SSAFY/Desktop/ros2_ws/install/ssafy_msgs/include/ssafy_msgs/msg/dds_opensplice/TurtlebotStatus_Dcps_impl.h
[28.141s] -- Up-to-date: C:/Users/SSAFY/Desktop/ros2_ws/install/ssafy_msgs/include/ssafy_msgs/msg/dds_opensplice/TurtlebotStatus_SplDcps.h
[28.141s] -- Up-to-date: C:/Users/SSAFY/Desktop/ros2_ws/install/ssafy_msgs/include/ssafy_msgs/msg/enviroment_status__rosidl_typesupport_opensplice_cpp.hpp
[28.141s] -- Up-to-date: C:/Users/SSAFY/Desktop/ros2_ws/install/ssafy_msgs/include/ssafy_msgs/msg/hand_control__rosidl_typesupport_opensplice_cpp.hpp
[28.141s] -- Up-to-date: C:/Users/SSAFY/Desktop/ros2_ws/install/ssafy_msgs/include/ssafy_msgs/msg/num__rosidl_typesupport_opensplice_cpp.hpp
[28.141s] -- Up-to-date: C:/Users/SSAFY/Desktop/ros2_ws/install/ssafy_msgs/include/ssafy_msgs/msg/object_info__rosidl_typesupport_opensplice_cpp.hpp
[28.157s] -- Up-to-date: C:/Users/SSAFY/Desktop/ros2_ws/install/ssafy_msgs/include/ssafy_msgs/msg/rosidl_typesupport_opensplice_cpp__visibility_control.h
[28.157s] -- Up-to-date: C:/Users/SSAFY/Desktop/ros2_ws/install/ssafy_msgs/include/ssafy_msgs/msg/turtlebot_status__rosidl_typesupport_opensplice_cpp.hpp
[28.157s] -- Up-to-date: C:/Users/SSAFY/Desktop/ros2_ws/install/ssafy_msgs/lib/ssafy_msgs__rosidl_typesupport_opensplice_cpp.lib
[28.157s] -- Up-to-date: C:/Users/SSAFY/Desktop/ros2_ws/install/ssafy_msgs/bin/ssafy_msgs__rosidl_typesupport_opensplice_cpp.dll
[28.157s] -- Up-to-date: C:/Users/SSAFY/Desktop/ros2_ws/install/ssafy_msgs/include/ssafy_msgs
[28.157s] -- Up-to-date: C:/Users/SSAFY/Desktop/ros2_ws/install/ssafy_msgs/include/ssafy_msgs/msg
[28.157s] -- Up-to-date: C:/Users/SSAFY/Desktop/ros2_ws/install/ssafy_msgs/include/ssafy_msgs/msg/b_box__rosidl_typesupport_introspection_cpp.hpp
[28.172s] -- Up-to-date: C:/Users/SSAFY/Desktop/ros2_ws/install/ssafy_msgs/include/ssafy_msgs/msg/b_box__type_support.cpp
[28.172s] -- Up-to-date: C:/Users/SSAFY/Desktop/ros2_ws/install/ssafy_msgs/include/ssafy_msgs/msg/custom_object_info__rosidl_typesupport_introspection_cpp.hpp
[28.172s] -- Up-to-date: C:/Users/SSAFY/Desktop/ros2_ws/install/ssafy_msgs/include/ssafy_msgs/msg/custom_object_info__type_support.cpp
[28.172s] -- Up-to-date: C:/Users/SSAFY/Desktop/ros2_ws/install/ssafy_msgs/include/ssafy_msgs/msg/enviroment_status__rosidl_typesupport_introspection_cpp.hpp
[28.172s] -- Up-to-date: C:/Users/SSAFY/Desktop/ros2_ws/install/ssafy_msgs/include/ssafy_msgs/msg/enviroment_status__type_support.cpp
[28.188s] -- Up-to-date: C:/Users/SSAFY/Desktop/ros2_ws/install/ssafy_msgs/include/ssafy_msgs/msg/hand_control__rosidl_typesupport_introspection_cpp.hpp
[28.188s] -- Up-to-date: C:/Users/SSAFY/Desktop/ros2_ws/install/ssafy_msgs/include/ssafy_msgs/msg/hand_control__type_support.cpp
[28.188s] -- Up-to-date: C:/Users/SSAFY/Desktop/ros2_ws/install/ssafy_msgs/include/ssafy_msgs/msg/num__rosidl_typesupport_introspection_cpp.hpp
[28.188s] -- Up-to-date: C:/Users/SSAFY/Desktop/ros2_ws/install/ssafy_msgs/include/ssafy_msgs/msg/num__type_support.cpp
[28.188s] -- Up-to-date: C:/Users/SSAFY/Desktop/ros2_ws/install/ssafy_msgs/include/ssafy_msgs/msg/object_info__rosidl_typesupport_introspection_cpp.hpp
[28.188s] -- Up-to-date: C:/Users/SSAFY/Desktop/ros2_ws/install/ssafy_msgs/include/ssafy_msgs/msg/object_info__type_support.cpp
[28.188s] -- Up-to-date: C:/Users/SSAFY/Desktop/ros2_ws/install/ssafy_msgs/include/ssafy_msgs/msg/turtlebot_status__rosidl_typesupport_introspection_cpp.hpp
[28.203s] -- Up-to-date: C:/Users/SSAFY/Desktop/ros2_ws/install/ssafy_msgs/include/ssafy_msgs/msg/turtlebot_status__type_support.cpp
[28.203s] -- Up-to-date: C:/Users/SSAFY/Desktop/ros2_ws/install/ssafy_msgs/lib/ssafy_msgs__rosidl_typesupport_introspection_cpp.lib
[28.203s] -- Up-to-date: C:/Users/SSAFY/Desktop/ros2_ws/install/ssafy_msgs/bin/ssafy_msgs__rosidl_typesupport_introspection_cpp.dll
[28.203s] -- Up-to-date: C:/Users/SSAFY/Desktop/ros2_ws/install/ssafy_msgs/share/ssafy_msgs/environment/pythonpath.bat
[28.203s] -- Up-to-date: C:/Users/SSAFY/Desktop/ros2_ws/install/ssafy_msgs/share/ssafy_msgs/environment/pythonpath.dsv
[28.203s] -- Up-to-date: C:/Users/SSAFY/Desktop/ros2_ws/install/ssafy_msgs/Lib/site-packages/ssafy_msgs/__init__.py
[28.610s] -- Up-to-date: C:/Users/SSAFY/Desktop/ros2_ws/install/ssafy_msgs/Lib/site-packages/ssafy_msgs/msg
[28.625s] -- Up-to-date: C:/Users/SSAFY/Desktop/ros2_ws/install/ssafy_msgs/Lib/site-packages/ssafy_msgs/msg/_b_box.py
[28.625s] -- Up-to-date: C:/Users/SSAFY/Desktop/ros2_ws/install/ssafy_msgs/Lib/site-packages/ssafy_msgs/msg/_b_box_s.c
[28.625s] -- Up-to-date: C:/Users/SSAFY/Desktop/ros2_ws/install/ssafy_msgs/Lib/site-packages/ssafy_msgs/msg/_custom_object_info.py
[28.625s] -- Up-to-date: C:/Users/SSAFY/Desktop/ros2_ws/install/ssafy_msgs/Lib/site-packages/ssafy_msgs/msg/_custom_object_info_s.c
[28.625s] -- Up-to-date: C:/Users/SSAFY/Desktop/ros2_ws/install/ssafy_msgs/Lib/site-packages/ssafy_msgs/msg/_enviroment_status.py
[28.625s] -- Up-to-date: C:/Users/SSAFY/Desktop/ros2_ws/install/ssafy_msgs/Lib/site-packages/ssafy_msgs/msg/_enviroment_status_s.c
[28.625s] -- Up-to-date: C:/Users/SSAFY/Desktop/ros2_ws/install/ssafy_msgs/Lib/site-packages/ssafy_msgs/msg/_hand_control.py
[28.641s] -- Up-to-date: C:/Users/SSAFY/Desktop/ros2_ws/install/ssafy_msgs/Lib/site-packages/ssafy_msgs/msg/_hand_control_s.c
[28.641s] -- Up-to-date: C:/Users/SSAFY/Desktop/ros2_ws/install/ssafy_msgs/Lib/site-packages/ssafy_msgs/msg/_num.py
[28.641s] -- Up-to-date: C:/Users/SSAFY/Desktop/ros2_ws/install/ssafy_msgs/Lib/site-packages/ssafy_msgs/msg/_num_s.c
[28.641s] -- Up-to-date: C:/Users/SSAFY/Desktop/ros2_ws/install/ssafy_msgs/Lib/site-packages/ssafy_msgs/msg/_object_info.py
[28.641s] -- Up-to-date: C:/Users/SSAFY/Desktop/ros2_ws/install/ssafy_msgs/Lib/site-packages/ssafy_msgs/msg/_object_info_s.c
[28.641s] -- Up-to-date: C:/Users/SSAFY/Desktop/ros2_ws/install/ssafy_msgs/Lib/site-packages/ssafy_msgs/msg/_turtlebot_status.py
[28.641s] -- Up-to-date: C:/Users/SSAFY/Desktop/ros2_ws/install/ssafy_msgs/Lib/site-packages/ssafy_msgs/msg/_turtlebot_status_s.c
[28.657s] -- Up-to-date: C:/Users/SSAFY/Desktop/ros2_ws/install/ssafy_msgs/Lib/site-packages/ssafy_msgs/msg/__init__.py
[28.657s] -- Up-to-date: C:/Users/SSAFY/Desktop/ros2_ws/install/ssafy_msgs/Lib/site-packages/ssafy_msgs/ssafy_msgs_s__rosidl_typesupport_c.lib
[28.657s] -- Up-to-date: C:/Users/SSAFY/Desktop/ros2_ws/install/ssafy_msgs/Lib/site-packages/ssafy_msgs/ssafy_msgs_s__rosidl_typesupport_c.pyd
[28.657s] -- Up-to-date: C:/Users/SSAFY/Desktop/ros2_ws/install/ssafy_msgs/Lib/site-packages/ssafy_msgs/ssafy_msgs_s__rosidl_typesupport_connext_c.lib
[28.672s] -- Up-to-date: C:/Users/SSAFY/Desktop/ros2_ws/install/ssafy_msgs/Lib/site-packages/ssafy_msgs/ssafy_msgs_s__rosidl_typesupport_connext_c.pyd
[28.672s] -- Up-to-date: C:/Users/SSAFY/Desktop/ros2_ws/install/ssafy_msgs/Lib/site-packages/ssafy_msgs/ssafy_msgs_s__rosidl_typesupport_introspection_c.lib
[28.688s] -- Up-to-date: C:/Users/SSAFY/Desktop/ros2_ws/install/ssafy_msgs/Lib/site-packages/ssafy_msgs/ssafy_msgs_s__rosidl_typesupport_introspection_c.pyd
[28.703s] -- Up-to-date: C:/Users/SSAFY/Desktop/ros2_ws/install/ssafy_msgs/Lib/site-packages/ssafy_msgs/ssafy_msgs_s__rosidl_typesupport_fastrtps_c.lib
[28.703s] -- Up-to-date: C:/Users/SSAFY/Desktop/ros2_ws/install/ssafy_msgs/Lib/site-packages/ssafy_msgs/ssafy_msgs_s__rosidl_typesupport_fastrtps_c.pyd
[28.719s] -- Up-to-date: C:/Users/SSAFY/Desktop/ros2_ws/install/ssafy_msgs/Lib/site-packages/ssafy_msgs/ssafy_msgs_s__rosidl_typesupport_opensplice_c.lib
[28.719s] -- Up-to-date: C:/Users/SSAFY/Desktop/ros2_ws/install/ssafy_msgs/Lib/site-packages/ssafy_msgs/ssafy_msgs_s__rosidl_typesupport_opensplice_c.pyd
[28.719s] -- Up-to-date: C:/Users/SSAFY/Desktop/ros2_ws/install/ssafy_msgs/lib/ssafy_msgs__python.lib
[28.719s] -- Up-to-date: C:/Users/SSAFY/Desktop/ros2_ws/install/ssafy_msgs/bin/ssafy_msgs__python.dll
[28.719s] -- Up-to-date: C:/Users/SSAFY/Desktop/ros2_ws/install/ssafy_msgs/share/ssafy_msgs/msg/Num.idl
[28.735s] -- Up-to-date: C:/Users/SSAFY/Desktop/ros2_ws/install/ssafy_msgs/share/ssafy_msgs/msg/EnviromentStatus.idl
[28.735s] -- Up-to-date: C:/Users/SSAFY/Desktop/ros2_ws/install/ssafy_msgs/share/ssafy_msgs/msg/TurtlebotStatus.idl
[28.735s] -- Up-to-date: C:/Users/SSAFY/Desktop/ros2_ws/install/ssafy_msgs/share/ssafy_msgs/msg/BBox.idl
[28.735s] -- Up-to-date: C:/Users/SSAFY/Desktop/ros2_ws/install/ssafy_msgs/share/ssafy_msgs/msg/ObjectInfo.idl
[28.735s] -- Up-to-date: C:/Users/SSAFY/Desktop/ros2_ws/install/ssafy_msgs/share/ssafy_msgs/msg/HandControl.idl
[28.735s] -- Up-to-date: C:/Users/SSAFY/Desktop/ros2_ws/install/ssafy_msgs/share/ssafy_msgs/msg/CustomObjectInfo.idl
[28.735s] -- Up-to-date: C:/Users/SSAFY/Desktop/ros2_ws/install/ssafy_msgs/share/ssafy_msgs/msg/Num.msg
[28.750s] -- Up-to-date: C:/Users/SSAFY/Desktop/ros2_ws/install/ssafy_msgs/share/ssafy_msgs/msg/EnviromentStatus.msg
[28.750s] -- Up-to-date: C:/Users/SSAFY/Desktop/ros2_ws/install/ssafy_msgs/share/ssafy_msgs/msg/TurtlebotStatus.msg
[28.750s] -- Up-to-date: C:/Users/SSAFY/Desktop/ros2_ws/install/ssafy_msgs/share/ssafy_msgs/msg/BBox.msg
[28.750s] -- Up-to-date: C:/Users/SSAFY/Desktop/ros2_ws/install/ssafy_msgs/share/ssafy_msgs/msg/ObjectInfo.msg
[28.750s] -- Up-to-date: C:/Users/SSAFY/Desktop/ros2_ws/install/ssafy_msgs/share/ssafy_msgs/msg/HandControl.msg
[28.750s] -- Up-to-date: C:/Users/SSAFY/Desktop/ros2_ws/install/ssafy_msgs/share/ssafy_msgs/msg/CustomObjectInfo.msg
[28.750s] -- Up-to-date: C:/Users/SSAFY/Desktop/ros2_ws/install/ssafy_msgs/share/ament_index/resource_index/package_run_dependencies/ssafy_msgs
[28.750s] -- Up-to-date: C:/Users/SSAFY/Desktop/ros2_ws/install/ssafy_msgs/share/ament_index/resource_index/parent_prefix_path/ssafy_msgs
[28.766s] -- Up-to-date: C:/Users/SSAFY/Desktop/ros2_ws/install/ssafy_msgs/share/ssafy_msgs/environment/ament_prefix_path.bat
[28.766s] -- Up-to-date: C:/Users/SSAFY/Desktop/ros2_ws/install/ssafy_msgs/share/ssafy_msgs/environment/ament_prefix_path.dsv
[28.766s] -- Up-to-date: C:/Users/SSAFY/Desktop/ros2_ws/install/ssafy_msgs/share/ssafy_msgs/environment/path.bat
[28.766s] -- Up-to-date: C:/Users/SSAFY/Desktop/ros2_ws/install/ssafy_msgs/share/ssafy_msgs/environment/path.dsv
[28.766s] -- Up-to-date: C:/Users/SSAFY/Desktop/ros2_ws/install/ssafy_msgs/share/ssafy_msgs/local_setup.bat
[28.766s] -- Up-to-date: C:/Users/SSAFY/Desktop/ros2_ws/install/ssafy_msgs/share/ssafy_msgs/local_setup.dsv
[28.782s] -- Installing: C:/Users/SSAFY/Desktop/ros2_ws/install/ssafy_msgs/share/ssafy_msgs/package.dsv
[28.782s] -- Up-to-date: C:/Users/SSAFY/Desktop/ros2_ws/install/ssafy_msgs/share/ament_index/resource_index/packages/ssafy_msgs
[28.782s] -- Up-to-date: C:/Users/SSAFY/Desktop/ros2_ws/install/ssafy_msgs/share/ssafy_msgs/cmake/rosidl_cmake-extras.cmake
[28.782s] -- Up-to-date: C:/Users/SSAFY/Desktop/ros2_ws/install/ssafy_msgs/share/ssafy_msgs/cmake/ament_cmake_export_dependencies-extras.cmake
[28.782s] -- Up-to-date: C:/Users/SSAFY/Desktop/ros2_ws/install/ssafy_msgs/share/ssafy_msgs/cmake/ament_cmake_export_libraries-extras.cmake
[28.782s] -- Up-to-date: C:/Users/SSAFY/Desktop/ros2_ws/install/ssafy_msgs/share/ssafy_msgs/cmake/ament_cmake_export_include_directories-extras.cmake
[28.797s] -- Up-to-date: C:/Users/SSAFY/Desktop/ros2_ws/install/ssafy_msgs/share/ssafy_msgs/cmake/rosidl_cmake_export_typesupport_libraries-extras.cmake
[28.797s] -- Up-to-date: C:/Users/SSAFY/Desktop/ros2_ws/install/ssafy_msgs/share/ssafy_msgs/cmake/ssafy_msgsConfig.cmake
[28.797s] -- Up-to-date: C:/Users/SSAFY/Desktop/ros2_ws/install/ssafy_msgs/share/ssafy_msgs/cmake/ssafy_msgsConfig-version.cmake
[28.797s] -- Up-to-date: C:/Users/SSAFY/Desktop/ros2_ws/install/ssafy_msgs/share/ssafy_msgs/package.xml
[28.828s] Invoked command in 'C:\Users\SSAFY\Desktop\ros2_ws\build\ssafy_msgs' returned '0': CMAKE_PREFIX_PATH=%CMAKE_PREFIX_PATH%;C:\Users\SSAFY\Desktop\ros2_ws\install\sub3;C:\Users\SSAFY\Desktop\ros2_ws\install\sub2;C:\Users\SSAFY\Desktop\ros2_ws\install\sub1;C:\Users\SSAFY\Desktop\ros2_ws\install\custom_game;C:\Users\SSAFY\Desktop\ros2_ws\install\advanced;C:\Users\SSAFY\Desktop\ros2_ws\install\ssafy_bridge;C:\Users\SSAFY\Desktop\ros2_ws\install\security_service;C:\Users\SSAFY\Desktop\ros2_ws\install\c208_package installDir=%installDir%
IntelliJ IDEA=C:\Program Files\JetBrains\IntelliJ IDEA 2024.1.4\bin; C:\Program Files\CMake\bin\cmake.EXE --install C:\Users\SSAFY\Desktop\ros2_ws\build\ssafy_msgs --config Release
